#
# There is insufficient memory for the Java Runtime Environment to continue.
# Native memory allocation (mmap) failed to map 62623744 bytes for committing reserved memory.
# Possible reasons:
#   The system is out of physical RAM or swap space
#   The process is running with CompressedOops enabled, and the Java Heap may be blocking the growth of the native heap
# Possible solutions:
#   Reduce memory load on the system
#   Increase physical memory or swap space
#   Check if swap backing store is full
#   Decrease Java heap size (-Xmx/-Xms)
#   Decrease number of Java threads
#   Decrease Java thread stack sizes (-Xss)
#   Set larger code cache with -XX:ReservedCodeCacheSize=
#   JVM is running with Unscaled Compressed Oops mode in which the Java heap is
#     placed in the first 4GB address space. The Java Heap base address is the
#     maximum limit for the native heap growth. Please use -XX:HeapBaseMinAddress
#     to set the Java Heap base and to place the Java Heap above 4GB virtual address.
# This output file may be truncated or incomplete.
#
#  Out of Memory Error (os_linux.cpp:2922), pid=1693, tid=1696
#
# JRE version: OpenJDK Runtime Environment (11.0.9+11) (build 11.0.9+11-Ubuntu-0ubuntu1.18.04.1)
# Java VM: OpenJDK 64-Bit Server VM (11.0.9+11-Ubuntu-0ubuntu1.18.04.1, mixed mode, sharing, tiered, compressed oops, serial gc, linux-amd64)
# Core dump will be written. Default location: Core dumps may be processed with "/usr/share/apport/apport %p %s %c %d %P %E" (or dumping to /root/AUTO_GIT/open-data/COVID-19/core.1693)
#

---------------  S U M M A R Y ------------

Command Line: org.apache.tika.server.TikaServerCli --port 9998 --host localhost

Host: Intel(R) Xeon(R) CPU E5-2650 v4 @ 2.20GHz, 1 cores, 985M, Ubuntu 18.04.4 LTS
Time: Sat Nov  7 18:07:59 2020 EET elapsed time: 21.848500 seconds (0d 0h 0m 21s)

---------------  T H R E A D  ---------------

Current thread (0x00007f6e7004e800):  VMThread "VM Thread" [stack: 0x00007f6e7429e000,0x00007f6e7439e000] [id=1696]

Stack: [0x00007f6e7429e000,0x00007f6e7439e000],  sp=0x00007f6e7439bff0,  free space=1015k
Native frames: (J=compiled Java code, A=aot compiled Java code, j=interpreted, Vv=VM code, C=native code)
V  [libjvm.so+0xe1a8f9]
V  [libjvm.so+0xe1b58b]
V  [libjvm.so+0x65f7f5]
V  [libjvm.so+0xbf0ce2]
V  [libjvm.so+0xbe761f]
V  [libjvm.so+0xe12017]
V  [libjvm.so+0x523ca1]
V  [libjvm.so+0x523e44]
V  [libjvm.so+0xd9fca7]
V  [libjvm.so+0x5245e9]
V  [libjvm.so+0x7bfb60]
V  [libjvm.so+0x7c07d8]
V  [libjvm.so+0xe1c91f]
V  [libjvm.so+0xe1df18]
V  [libjvm.so+0xe241a6]
V  [libjvm.so+0xe246b0]
V  [libjvm.so+0xe24b33]
V  [libjvm.so+0xda815f]
V  [libjvm.so+0xbf6ace]

VM_Operation (0x00007f6e4a17e270): GenCollectForAllocation, mode: safepoint, requested by thread 0x00007f6e705c0800


---------------  P R O C E S S  ---------------

Threads class SMR info:
_java_thread_list=0x00007f6e540e4530, length=19, elements={
0x00007f6e70051800, 0x00007f6e70053800, 0x00007f6e7005c000, 0x00007f6e7005e800,
0x00007f6e70060800, 0x00007f6e70062800, 0x00007f6e7009e000, 0x00007f6e700a4000,
0x00007f6e705b9800, 0x00007f6e705bb000, 0x00007f6e705bd000, 0x00007f6e705bf000,
0x00007f6e705c0800, 0x00007f6e705c2800, 0x00007f6e705c4000, 0x00007f6e705c6000,
0x00007f6e70016000, 0x00007f6e50016800, 0x00007f6e540e3800
}

Java Threads: ( => current thread )
  0x00007f6e70051800 JavaThread "Reference Handler" daemon [_thread_blocked, id=1698, stack(0x00007f6e7419b000,0x00007f6e7429c000)]
  0x00007f6e70053800 JavaThread "Finalizer" daemon [_thread_blocked, id=1700, stack(0x00007f6e7409a000,0x00007f6e7419b000)]
  0x00007f6e7005c000 JavaThread "Signal Dispatcher" daemon [_thread_blocked, id=1703, stack(0x00007f6e4bbf1000,0x00007f6e4bcf2000)]
  0x00007f6e7005e800 JavaThread "C2 CompilerThread0" daemon [_thread_blocked, id=1705, stack(0x00007f6e4baf0000,0x00007f6e4bbf1000)]
  0x00007f6e70060800 JavaThread "C1 CompilerThread0" daemon [_thread_blocked, id=1707, stack(0x00007f6e4b9ef000,0x00007f6e4baf0000)]
  0x00007f6e70062800 JavaThread "Sweeper thread" daemon [_thread_blocked, id=1709, stack(0x00007f6e4b8ee000,0x00007f6e4b9ef000)]
  0x00007f6e7009e000 JavaThread "Service Thread" daemon [_thread_blocked, id=1711, stack(0x00007f6e4b7ed000,0x00007f6e4b8ee000)]
  0x00007f6e700a4000 JavaThread "Common-Cleaner" daemon [_thread_blocked, id=1714, stack(0x00007f6e4b5ea000,0x00007f6e4b6eb000)]
  0x00007f6e705b9800 JavaThread "qtp2000469839-11" [_thread_blocked, id=1724, stack(0x00007f6e4a485000,0x00007f6e4a586000)]
  0x00007f6e705bb000 JavaThread "qtp2000469839-12-acceptor-0@7653b6f2-ServerConnector@36b0fcd5{HTTP/1.1,[http/1.1]}{localhost:9998}" [_thread_in_native, id=1725, stack(0x00007f6e4a384000,0x00007f6e4a485000)]
  0x00007f6e705bd000 JavaThread "qtp2000469839-13" [_thread_blocked, id=1726, stack(0x00007f6e4a283000,0x00007f6e4a384000)]
  0x00007f6e705bf000 JavaThread "qtp2000469839-14" [_thread_blocked, id=1727, stack(0x00007f6e4a182000,0x00007f6e4a283000)]
  0x00007f6e705c0800 JavaThread "qtp2000469839-15" [_thread_blocked, id=1728, stack(0x00007f6e4a081000,0x00007f6e4a182000)]
  0x00007f6e705c2800 JavaThread "qtp2000469839-16" [_thread_blocked, id=1729, stack(0x00007f6e49f80000,0x00007f6e4a081000)]
  0x00007f6e705c4000 JavaThread "qtp2000469839-17" [_thread_blocked, id=1730, stack(0x00007f6e49e7f000,0x00007f6e49f80000)]
  0x00007f6e705c6000 JavaThread "qtp2000469839-18" [_thread_in_native, id=1731, stack(0x00007f6e49d7e000,0x00007f6e49e7f000)]
  0x00007f6e70016000 JavaThread "DestroyJavaVM" [_thread_blocked, id=1695, stack(0x00007f6e78436000,0x00007f6e78537000)]
  0x00007f6e50016800 JavaThread "Connector-Scheduler-36b0fcd5-1" [_thread_blocked, id=1734, stack(0x00007f6e4987a000,0x00007f6e4997b000)]
  0x00007f6e540e3800 JavaThread "Java2D Disposer" daemon [_thread_blocked, id=1735, stack(0x00007f6e48c44000,0x00007f6e48d45000)]

Other Threads:
=>0x00007f6e7004e800 VMThread "VM Thread" [stack: 0x00007f6e7429e000,0x00007f6e7439e000] [id=1696]
  0x00007f6e700a0000 WatcherThread [stack: 0x00007f6e4b6ed000,0x00007f6e4b7ed000] [id=1713]

Threads with active compile tasks:

VM state:at safepoint (normal execution)

VM Mutex/Monitor currently owned by a thread:  ([mutex/lock_event])
[0x00007f6e700125b0] Threads_lock - owner thread: 0x00007f6e7004e800
[0x00007f6e70012d90] Heap_lock - owner thread: 0x00007f6e705c0800

Heap address: 0x00000000f0800000, size: 248 MB, Compressed Oops mode: 32-bit
Narrow klass base: 0x0000000800000000, Narrow klass shift: 3
Compressed class space size: 1073741824 Address: 0x0000000840000000

Heap:
 def new generation   total 40064K, used 4398K [0x00000000f0800000, 0x00000000f3370000, 0x00000000f5aa0000)
  eden space 35648K,  12% used [0x00000000f0800000, 0x00000000f0c4b8f8, 0x00000000f2ad0000)
  from space 4416K,   0% used [0x00000000f2f20000, 0x00000000f2f20000, 0x00000000f3370000)
  to   space 4416K,   0% used [0x00000000f2ad0000, 0x00000000f2ad0000, 0x00000000f2f20000)
 tenured generation   total 91732K, used 91730K [0x00000000f5aa0000, 0x00000000fb435000, 0x0000000100000000)
   the space 91732K,  99% used [0x00000000f5aa0000, 0x00000000fb434b20, 0x00000000fb434c00, 0x00000000fb435000)
 Metaspace       used 22428K, capacity 23004K, committed 23296K, reserved 1069056K
  class space    used 2523K, capacity 2777K, committed 2816K, reserved 1048576K

Card table byte_map: [0x00007f6e783ab000,0x00007f6e78428000] _byte_map_base: 0x00007f6e77c27000

Polling page: 0x00007f6e78541000

Metaspace:

Usage:
  Non-class:     19.75 MB capacity,    19.44 MB ( 98%) used,   266.58 KB (  1%) free+waste,    55.00 KB ( <1%) overhead. 
      Class:      2.71 MB capacity,     2.46 MB ( 91%) used,   222.84 KB (  8%) free+waste,    30.69 KB (  1%) overhead. 
       Both:     22.46 MB capacity,    21.90 MB ( 97%) used,   489.42 KB (  2%) free+waste,    85.69 KB ( <1%) overhead. 

Virtual space:
  Non-class space:       20.00 MB reserved,      20.00 MB (100%) committed 
      Class space:        1.00 GB reserved,       2.75 MB ( <1%) committed 
             Both:        1.02 GB reserved,      22.75 MB (  2%) committed 

Chunk freelists:
   Non-Class:  109.00 KB
       Class:  7.00 KB
        Both:  116.00 KB

MaxMetaspaceSize: unlimited
CompressedClassSpaceSize: 1.00 GB

CodeHeap 'non-profiled nmethods': size=120036Kb used=1156Kb max_used=1156Kb free=118879Kb
 bounds [0x00007f6e60360000, 0x00007f6e605d0000, 0x00007f6e67899000]
CodeHeap 'profiled nmethods': size=120032Kb used=6409Kb max_used=6409Kb free=113622Kb
 bounds [0x00007f6e58e28000, 0x00007f6e59478000, 0x00007f6e60360000]
CodeHeap 'non-nmethods': size=5692Kb used=1172Kb max_used=1198Kb free=4519Kb
 bounds [0x00007f6e58899000, 0x00007f6e58b09000, 0x00007f6e58e28000]
 total_blobs=3499 nmethods=2972 adapters=440
 compilation: enabled
              stopped_count=0, restarted_count=0
 full_count=0

Compilation events (20 events):
Event: 21.037 Thread 0x00007f6e70060800 nmethod 3020 0x00007f6e5945d410 code [0x00007f6e5945d940, 0x00007f6e59460340]
Event: 21.037 Thread 0x00007f6e70060800 3010       3       org.apache.tika.parser.pdf.AbstractPDF2XHTML::showGlyph (45 bytes)
Event: 21.050 Thread 0x00007f6e70060800 nmethod 3010 0x00007f6e59461210 code [0x00007f6e594613e0, 0x00007f6e594616a0]
Event: 21.050 Thread 0x00007f6e70060800 3011       3       org.apache.pdfbox.util.Matrix::getScalingFactorY (63 bytes)
Event: 21.050 Thread 0x00007f6e70060800 nmethod 3011 0x00007f6e59461810 code [0x00007f6e59461a00, 0x00007f6e59461cd0]
Event: 21.050 Thread 0x00007f6e70060800 3012   !   3       org.apache.pdfbox.pdmodel.font.PDFont::getSpaceWidth (129 bytes)
Event: 21.051 Thread 0x00007f6e70060800 nmethod 3012 0x00007f6e59461e10 code [0x00007f6e594620a0, 0x00007f6e59462bc0]
Event: 21.051 Thread 0x00007f6e70060800 3014       3       org.apache.pdfbox.text.TextPosition::<init> (161 bytes)
Event: 21.052 Thread 0x00007f6e70060800 nmethod 3014 0x00007f6e59462f90 code [0x00007f6e59463180, 0x00007f6e594635e0]
Event: 21.052 Thread 0x00007f6e70060800 3015       3       org.apache.pdfbox.text.PDFTextStripper::processTextPosition (655 bytes)
Event: 21.057 Thread 0x00007f6e7005e800 nmethod 3027 0x00007f6e6047f990 code [0x00007f6e6047fb40, 0x00007f6e6047ffd8]
Event: 21.058 Thread 0x00007f6e7005e800 3026       4       java.lang.String::checkIndex (46 bytes)
Event: 21.061 Thread 0x00007f6e7005e800 nmethod 3026 0x00007f6e60480290 code [0x00007f6e60480420, 0x00007f6e60480498]
Event: 21.062 Thread 0x00007f6e7005e800 3017       4       org.apache.fontbox.cmap.CMapParser::isDelimiter (96 bytes)
Event: 21.067 Thread 0x00007f6e7005e800 nmethod 3017 0x00007f6e60480590 code [0x00007f6e60480720, 0x00007f6e60480838]
Event: 21.071 Thread 0x00007f6e70060800 nmethod 3015 0x00007f6e59463790 code [0x00007f6e59463f00, 0x00007f6e59468f30]
Event: 21.188 Thread 0x00007f6e7005e800 3028       4       java.io.InputStream::read (9 bytes)
Event: 21.189 Thread 0x00007f6e7005e800 nmethod 3028 0x00007f6e60480910 code [0x00007f6e60480aa0, 0x00007f6e60480b38]
Event: 21.192 Thread 0x00007f6e7005e800 3029   !   4       java.util.zip.Inflater::setInput (69 bytes)
Event: 21.195 Thread 0x00007f6e7005e800 nmethod 3029 0x00007f6e60480c10 code [0x00007f6e60480dc0, 0x00007f6e604810b8]

GC Heap History (20 events):
Event: 19.833 GC heap after
{Heap after GC invocations=27 (full 4):
 def new generation   total 40064K, used 4416K [0x00000000f0800000, 0x00000000f3370000, 0x00000000f5aa0000)
  eden space 35648K,   0% used [0x00000000f0800000, 0x00000000f0800000, 0x00000000f2ad0000)
  from space 4416K, 100% used [0x00000000f2f20000, 0x00000000f3370000, 0x00000000f3370000)
  to   space 4416K,   0% used [0x00000000f2ad0000, 0x00000000f2ad0000, 0x00000000f2f20000)
 tenured generation   total 88852K, used 69217K [0x00000000f5aa0000, 0x00000000fb165000, 0x0000000100000000)
   the space 88852K,  77% used [0x00000000f5aa0000, 0x00000000f9e386b8, 0x00000000f9e38800, 0x00000000fb165000)
 Metaspace       used 22361K, capacity 22876K, committed 23040K, reserved 1069056K
  class space    used 2523K, capacity 2777K, committed 2816K, reserved 1048576K
}
Event: 20.095 GC heap before
{Heap before GC invocations=27 (full 4):
 def new generation   total 40064K, used 40064K [0x00000000f0800000, 0x00000000f3370000, 0x00000000f5aa0000)
  eden space 35648K, 100% used [0x00000000f0800000, 0x00000000f2ad0000, 0x00000000f2ad0000)
  from space 4416K, 100% used [0x00000000f2f20000, 0x00000000f3370000, 0x00000000f3370000)
  to   space 4416K,   0% used [0x00000000f2ad0000, 0x00000000f2ad0000, 0x00000000f2f20000)
 tenured generation   total 88852K, used 69217K [0x00000000f5aa0000, 0x00000000fb165000, 0x0000000100000000)
   the space 88852K,  77% used [0x00000000f5aa0000, 0x00000000f9e386b8, 0x00000000f9e38800, 0x00000000fb165000)
 Metaspace       used 22418K, capacity 22940K, committed 23296K, reserved 1069056K
  class space    used 2523K, capacity 2777K, committed 2816K, reserved 1048576K
}
Event: 20.108 GC heap after
{Heap after GC invocations=28 (full 4):
 def new generation   total 40064K, used 1164K [0x00000000f0800000, 0x00000000f3370000, 0x00000000f5aa0000)
  eden space 35648K,   0% used [0x00000000f0800000, 0x00000000f0800000, 0x00000000f2ad0000)
  from space 4416K,  26% used [0x00000000f2ad0000, 0x00000000f2bf3158, 0x00000000f2f20000)
  to   space 4416K,   0% used [0x00000000f2f20000, 0x00000000f2f20000, 0x00000000f3370000)
 tenured generation   total 88852K, used 73621K [0x00000000f5aa0000, 0x00000000fb165000, 0x0000000100000000)
   the space 88852K,  82% used [0x00000000f5aa0000, 0x00000000fa2856d0, 0x00000000fa285800, 0x00000000fb165000)
 Metaspace       used 22418K, capacity 22940K, committed 23296K, reserved 1069056K
  class space    used 2523K, capacity 2777K, committed 2816K, reserved 1048576K
}
Event: 20.348 GC heap before
{Heap before GC invocations=28 (full 4):
 def new generation   total 40064K, used 36812K [0x00000000f0800000, 0x00000000f3370000, 0x00000000f5aa0000)
  eden space 35648K, 100% used [0x00000000f0800000, 0x00000000f2ad0000, 0x00000000f2ad0000)
  from space 4416K,  26% used [0x00000000f2ad0000, 0x00000000f2bf3158, 0x00000000f2f20000)
  to   space 4416K,   0% used [0x00000000f2f20000, 0x00000000f2f20000, 0x00000000f3370000)
 tenured generation   total 88852K, used 73621K [0x00000000f5aa0000, 0x00000000fb165000, 0x0000000100000000)
   the space 88852K,  82% used [0x00000000f5aa0000, 0x00000000fa2856d0, 0x00000000fa285800, 0x00000000fb165000)
 Metaspace       used 22425K, capacity 23004K, committed 23296K, reserved 1069056K
  class space    used 2523K, capacity 2777K, committed 2816K, reserved 1048576K
}
Event: 20.354 GC heap after
{Heap after GC invocations=29 (full 4):
 def new generation   total 40064K, used 4416K [0x00000000f0800000, 0x00000000f3370000, 0x00000000f5aa0000)
  eden space 35648K,   0% used [0x00000000f0800000, 0x00000000f0800000, 0x00000000f2ad0000)
  from space 4416K, 100% used [0x00000000f2f20000, 0x00000000f3370000, 0x00000000f3370000)
  to   space 4416K,   0% used [0x00000000f2ad0000, 0x00000000f2ad0000, 0x00000000f2f20000)
 tenured generation   total 88852K, used 76114K [0x00000000f5aa0000, 0x00000000fb165000, 0x0000000100000000)
   the space 88852K,  85% used [0x00000000f5aa0000, 0x00000000fa4f4838, 0x00000000fa4f4a00, 0x00000000fb165000)
 Metaspace       used 22425K, capacity 23004K, committed 23296K, reserved 1069056K
  class space    used 2523K, capacity 2777K, committed 2816K, reserved 1048576K
}
Event: 20.520 GC heap before
{Heap before GC invocations=29 (full 4):
 def new generation   total 40064K, used 40064K [0x00000000f0800000, 0x00000000f3370000, 0x00000000f5aa0000)
  eden space 35648K, 100% used [0x00000000f0800000, 0x00000000f2ad0000, 0x00000000f2ad0000)
  from space 4416K, 100% used [0x00000000f2f20000, 0x00000000f3370000, 0x00000000f3370000)
  to   space 4416K,   0% used [0x00000000f2ad0000, 0x00000000f2ad0000, 0x00000000f2f20000)
 tenured generation   total 88852K, used 76114K [0x00000000f5aa0000, 0x00000000fb165000, 0x0000000100000000)
   the space 88852K,  85% used [0x00000000f5aa0000, 0x00000000fa4f4838, 0x00000000fa4f4a00, 0x00000000fb165000)
 Metaspace       used 22425K, capacity 23004K, committed 23296K, reserved 1069056K
  class space    used 2523K, capacity 2777K, committed 2816K, reserved 1048576K
}
Event: 20.530 GC heap after
{Heap after GC invocations=30 (full 4):
 def new generation   total 40064K, used 4414K [0x00000000f0800000, 0x00000000f3370000, 0x00000000f5aa0000)
  eden space 35648K,   0% used [0x00000000f0800000, 0x00000000f0800000, 0x00000000f2ad0000)
  from space 4416K,  99% used [0x00000000f2ad0000, 0x00000000f2f1fa78, 0x00000000f2f20000)
  to   space 4416K,   0% used [0x00000000f2f20000, 0x00000000f2f20000, 0x00000000f3370000)
 tenured generation   total 88852K, used 80948K [0x00000000f5aa0000, 0x00000000fb165000, 0x0000000100000000)
   the space 88852K,  91% used [0x00000000f5aa0000, 0x00000000fa9ad0f0, 0x00000000fa9ad200, 0x00000000fb165000)
 Metaspace       used 22425K, capacity 23004K, committed 23296K, reserved 1069056K
  class space    used 2523K, capacity 2777K, committed 2816K, reserved 1048576K
}
Event: 20.602 GC heap before
{Heap before GC invocations=30 (full 4):
 def new generation   total 40064K, used 40062K [0x00000000f0800000, 0x00000000f3370000, 0x00000000f5aa0000)
  eden space 35648K, 100% used [0x00000000f0800000, 0x00000000f2ad0000, 0x00000000f2ad0000)
  from space 4416K,  99% used [0x00000000f2ad0000, 0x00000000f2f1fa78, 0x00000000f2f20000)
  to   space 4416K,   0% used [0x00000000f2f20000, 0x00000000f2f20000, 0x00000000f3370000)
 tenured generation   total 88852K, used 80948K [0x00000000f5aa0000, 0x00000000fb165000, 0x0000000100000000)
   the space 88852K,  91% used [0x00000000f5aa0000, 0x00000000fa9ad0f0, 0x00000000fa9ad200, 0x00000000fb165000)
 Metaspace       used 22425K, capacity 23004K, committed 23296K, reserved 1069056K
  class space    used 2523K, capacity 2777K, committed 2816K, reserved 1048576K
}
Event: 20.613 GC heap after
{Heap after GC invocations=31 (full 4):
 def new generation   total 40064K, used 0K [0x00000000f0800000, 0x00000000f3370000, 0x00000000f5aa0000)
  eden space 35648K,   0% used [0x00000000f0800000, 0x00000000f0800000, 0x00000000f2ad0000)
  from space 4416K,   0% used [0x00000000f2f20000, 0x00000000f2f200b0, 0x00000000f3370000)
  to   space 4416K,   0% used [0x00000000f2ad0000, 0x00000000f2ad0000, 0x00000000f2f20000)
 tenured generation   total 88852K, used 85362K [0x00000000f5aa0000, 0x00000000fb165000, 0x0000000100000000)
   the space 88852K,  96% used [0x00000000f5aa0000, 0x00000000fadfca10, 0x00000000fadfcc00, 0x00000000fb165000)
 Metaspace       used 22425K, capacity 23004K, committed 23296K, reserved 1069056K
  class space    used 2523K, capacity 2777K, committed 2816K, reserved 1048576K
}
Event: 20.687 GC heap before
{Heap before GC invocations=31 (full 4):
 def new generation   total 40064K, used 35648K [0x00000000f0800000, 0x00000000f3370000, 0x00000000f5aa0000)
  eden space 35648K, 100% used [0x00000000f0800000, 0x00000000f2ad0000, 0x00000000f2ad0000)
  from space 4416K,   0% used [0x00000000f2f20000, 0x00000000f2f200b0, 0x00000000f3370000)
  to   space 4416K,   0% used [0x00000000f2ad0000, 0x00000000f2ad0000, 0x00000000f2f20000)
 tenured generation   total 88852K, used 85362K [0x00000000f5aa0000, 0x00000000fb165000, 0x0000000100000000)
   the space 88852K,  96% used [0x00000000f5aa0000, 0x00000000fadfca10, 0x00000000fadfcc00, 0x00000000fb165000)
 Metaspace       used 22425K, capacity 23004K, committed 23296K, reserved 1069056K
  class space    used 2523K, capacity 2777K, committed 2816K, reserved 1048576K
}
Event: 20.687 GC heap after
{Heap after GC invocations=32 (full 4):
 def new generation   total 40064K, used 0K [0x00000000f0800000, 0x00000000f3370000, 0x00000000f5aa0000)
  eden space 35648K,   0% used [0x00000000f0800000, 0x00000000f0800000, 0x00000000f2ad0000)
  from space 4416K,   0% used [0x00000000f2ad0000, 0x00000000f2ad01b0, 0x00000000f2f20000)
  to   space 4416K,   0% used [0x00000000f2f20000, 0x00000000f2f20000, 0x00000000f3370000)
 tenured generation   total 88852K, used 85362K [0x00000000f5aa0000, 0x00000000fb165000, 0x0000000100000000)
   the space 88852K,  96% used [0x00000000f5aa0000, 0x00000000fadfca10, 0x00000000fadfcc00, 0x00000000fb165000)
 Metaspace       used 22425K, capacity 23004K, committed 23296K, reserved 1069056K
  class space    used 2523K, capacity 2777K, committed 2816K, reserved 1048576K
}
Event: 20.764 GC heap before
{Heap before GC invocations=32 (full 4):
 def new generation   total 40064K, used 35648K [0x00000000f0800000, 0x00000000f3370000, 0x00000000f5aa0000)
  eden space 35648K, 100% used [0x00000000f0800000, 0x00000000f2ad0000, 0x00000000f2ad0000)
  from space 4416K,   0% used [0x00000000f2ad0000, 0x00000000f2ad01b0, 0x00000000f2f20000)
  to   space 4416K,   0% used [0x00000000f2f20000, 0x00000000f2f20000, 0x00000000f3370000)
 tenured generation   total 88852K, used 85362K [0x00000000f5aa0000, 0x00000000fb165000, 0x0000000100000000)
   the space 88852K,  96% used [0x00000000f5aa0000, 0x00000000fadfca10, 0x00000000fadfcc00, 0x00000000fb165000)
 Metaspace       used 22425K, capacity 23004K, committed 23296K, reserved 1069056K
  class space    used 2523K, capacity 2777K, committed 2816K, reserved 1048576K
}
Event: 20.764 GC heap after
{Heap after GC invocations=33 (full 4):
 def new generation   total 40064K, used 0K [0x00000000f0800000, 0x00000000f3370000, 0x00000000f5aa0000)
  eden space 35648K,   0% used [0x00000000f0800000, 0x00000000f0800000, 0x00000000f2ad0000)
  from space 4416K,   0% used [0x00000000f2f20000, 0x00000000f2f202d8, 0x00000000f3370000)
  to   space 4416K,   0% used [0x00000000f2ad0000, 0x00000000f2ad0000, 0x00000000f2f20000)
 tenured generation   total 88852K, used 85362K [0x00000000f5aa0000, 0x00000000fb165000, 0x0000000100000000)
   the space 88852K,  96% used [0x00000000f5aa0000, 0x00000000fadfca10, 0x00000000fadfcc00, 0x00000000fb165000)
 Metaspace       used 22425K, capacity 23004K, committed 23296K, reserved 1069056K
  class space    used 2523K, capacity 2777K, committed 2816K, reserved 1048576K
}
Event: 20.837 GC heap before
{Heap before GC invocations=33 (full 4):
 def new generation   total 40064K, used 35648K [0x00000000f0800000, 0x00000000f3370000, 0x00000000f5aa0000)
  eden space 35648K, 100% used [0x00000000f0800000, 0x00000000f2ad0000, 0x00000000f2ad0000)
  from space 4416K,   0% used [0x00000000f2f20000, 0x00000000f2f202d8, 0x00000000f3370000)
  to   space 4416K,   0% used [0x00000000f2ad0000, 0x00000000f2ad0000, 0x00000000f2f20000)
 tenured generation   total 88852K, used 85362K [0x00000000f5aa0000, 0x00000000fb165000, 0x0000000100000000)
   the space 88852K,  96% used [0x00000000f5aa0000, 0x00000000fadfca10, 0x00000000fadfcc00, 0x00000000fb165000)
 Metaspace       used 22425K, capacity 23004K, committed 23296K, reserved 1069056K
  class space    used 2523K, capacity 2777K, committed 2816K, reserved 1048576K
}
Event: 20.838 GC heap after
{Heap after GC invocations=34 (full 4):
 def new generation   total 40064K, used 0K [0x00000000f0800000, 0x00000000f3370000, 0x00000000f5aa0000)
  eden space 35648K,   0% used [0x00000000f0800000, 0x00000000f0800000, 0x00000000f2ad0000)
  from space 4416K,   0% used [0x00000000f2ad0000, 0x00000000f2ad0090, 0x00000000f2f20000)
  to   space 4416K,   0% used [0x00000000f2f20000, 0x00000000f2f20000, 0x00000000f3370000)
 tenured generation   total 88852K, used 85362K [0x00000000f5aa0000, 0x00000000fb165000, 0x0000000100000000)
   the space 88852K,  96% used [0x00000000f5aa0000, 0x00000000fadfca10, 0x00000000fadfcc00, 0x00000000fb165000)
 Metaspace       used 22425K, capacity 23004K, committed 23296K, reserved 1069056K
  class space    used 2523K, capacity 2777K, committed 2816K, reserved 1048576K
}
Event: 20.953 GC heap before
{Heap before GC invocations=34 (full 4):
 def new generation   total 40064K, used 35648K [0x00000000f0800000, 0x00000000f3370000, 0x00000000f5aa0000)
  eden space 35648K, 100% used [0x00000000f0800000, 0x00000000f2ad0000, 0x00000000f2ad0000)
  from space 4416K,   0% used [0x00000000f2ad0000, 0x00000000f2ad0090, 0x00000000f2f20000)
  to   space 4416K,   0% used [0x00000000f2f20000, 0x00000000f2f20000, 0x00000000f3370000)
 tenured generation   total 88852K, used 85362K [0x00000000f5aa0000, 0x00000000fb165000, 0x0000000100000000)
   the space 88852K,  96% used [0x00000000f5aa0000, 0x00000000fadfca10, 0x00000000fadfcc00, 0x00000000fb165000)
 Metaspace       used 22425K, capacity 23004K, committed 23296K, reserved 1069056K
  class space    used 2523K, capacity 2777K, committed 2816K, reserved 1048576K
}
Event: 20.954 GC heap after
{Heap after GC invocations=35 (full 4):
 def new generation   total 40064K, used 0K [0x00000000f0800000, 0x00000000f3370000, 0x00000000f5aa0000)
  eden space 35648K,   0% used [0x00000000f0800000, 0x00000000f0800000, 0x00000000f2ad0000)
  from space 4416K,   0% used [0x00000000f2f20000, 0x00000000f2f20288, 0x00000000f3370000)
  to   space 4416K,   0% used [0x00000000f2ad0000, 0x00000000f2ad0000, 0x00000000f2f20000)
 tenured generation   total 88852K, used 85362K [0x00000000f5aa0000, 0x00000000fb165000, 0x0000000100000000)
   the space 88852K,  96% used [0x00000000f5aa0000, 0x00000000fadfca10, 0x00000000fadfcc00, 0x00000000fb165000)
 Metaspace       used 22425K, capacity 23004K, committed 23296K, reserved 1069056K
  class space    used 2523K, capacity 2777K, committed 2816K, reserved 1048576K
}
Event: 21.148 GC heap before
{Heap before GC invocations=35 (full 4):
 def new generation   total 40064K, used 35648K [0x00000000f0800000, 0x00000000f3370000, 0x00000000f5aa0000)
  eden space 35648K, 100% used [0x00000000f0800000, 0x00000000f2ad0000, 0x00000000f2ad0000)
  from space 4416K,   0% used [0x00000000f2f20000, 0x00000000f2f202c0, 0x00000000f3370000)
  to   space 4416K,   0% used [0x00000000f2ad0000, 0x00000000f2ad0000, 0x00000000f2f20000)
 tenured generation   total 88852K, used 85362K [0x00000000f5aa0000, 0x00000000fb165000, 0x0000000100000000)
   the space 88852K,  96% used [0x00000000f5aa0000, 0x00000000fadfca10, 0x00000000fadfcc00, 0x00000000fb165000)
 Metaspace       used 22428K, capacity 23004K, committed 23296K, reserved 1069056K
  class space    used 2523K, capacity 2777K, committed 2816K, reserved 1048576K
}
Event: 21.151 GC heap after
{Heap after GC invocations=36 (full 4):
 def new generation   total 40064K, used 4416K [0x00000000f0800000, 0x00000000f3370000, 0x00000000f5aa0000)
  eden space 35648K,   0% used [0x00000000f0800000, 0x00000000f0800000, 0x00000000f2ad0000)
  from space 4416K, 100% used [0x00000000f2ad0000, 0x00000000f2f20000, 0x00000000f2f20000)
  to   space 4416K,   0% used [0x00000000f2f20000, 0x00000000f2f20000, 0x00000000f3370000)
 tenured generation   total 88852K, used 86611K [0x00000000f5aa0000, 0x00000000fb165000, 0x0000000100000000)
   the space 88852K,  97% used [0x00000000f5aa0000, 0x00000000faf34e30, 0x00000000faf35000, 0x00000000fb165000)
 Metaspace       used 22428K, capacity 23004K, committed 23296K, reserved 1069056K
  class space    used 2523K, capacity 2777K, committed 2816K, reserved 1048576K
}
Event: 21.271 GC heap before
{Heap before GC invocations=36 (full 4):
 def new generation   total 40064K, used 40064K [0x00000000f0800000, 0x00000000f3370000, 0x00000000f5aa0000)
  eden space 35648K, 100% used [0x00000000f0800000, 0x00000000f2ad0000, 0x00000000f2ad0000)
  from space 4416K, 100% used [0x00000000f2ad0000, 0x00000000f2f20000, 0x00000000f2f20000)
  to   space 4416K,   0% used [0x00000000f2f20000, 0x00000000f2f20000, 0x00000000f3370000)
 tenured generation   total 88852K, used 86611K [0x00000000f5aa0000, 0x00000000fb165000, 0x0000000100000000)
   the space 88852K,  97% used [0x00000000f5aa0000, 0x00000000faf34e30, 0x00000000faf35000, 0x00000000fb165000)
 Metaspace       used 22428K, capacity 23004K, committed 23296K, reserved 1069056K
  class space    used 2523K, capacity 2777K, committed 2816K, reserved 1048576K
}

Deoptimization events (20 events):
Event: 19.324 Thread 0x00007f6e705c0800 DEOPT PACKING pc=0x00007f6e593ec6e5 sp=0x00007f6e4a17e560
Event: 19.324 Thread 0x00007f6e705c0800 DEOPT UNPACKING pc=0x00007f6e588befba sp=0x00007f6e4a17dab0 mode 0
Event: 19.678 Thread 0x00007f6e705b9800 Uncommon trap: trap_request=0xffffff4d fr.pc=0x00007f6e603b5418 relative=0x0000000000000458
Event: 19.678 Thread 0x00007f6e705b9800 Uncommon trap: reason=unstable_if action=reinterpret pc=0x00007f6e603b5418 method=java.lang.ThreadLocal$ThreadLocalMap.getEntry(Ljava/lang/ThreadLocal;)Ljava/lang/ThreadLocal$ThreadLocalMap$Entry; @ 21 c2
Event: 19.678 Thread 0x00007f6e705b9800 DEOPT PACKING pc=0x00007f6e603b5418 sp=0x00007f6e4a5824e0
Event: 19.678 Thread 0x00007f6e705b9800 DEOPT UNPACKING pc=0x00007f6e588bf1a5 sp=0x00007f6e4a5823b8 mode 2
Event: 19.755 Thread 0x00007f6e705b9800 DEOPT PACKING pc=0x00007f6e5928edaf sp=0x00007f6e4a5819a0
Event: 19.755 Thread 0x00007f6e705b9800 DEOPT UNPACKING pc=0x00007f6e588befba sp=0x00007f6e4a580f48 mode 0
Event: 19.957 Thread 0x00007f6e705b9800 DEOPT PACKING pc=0x00007f6e593eddac sp=0x00007f6e4a582310
Event: 19.957 Thread 0x00007f6e705b9800 DEOPT UNPACKING pc=0x00007f6e588befba sp=0x00007f6e4a581830 mode 0
Event: 19.978 Thread 0x00007f6e705b9800 Uncommon trap: trap_request=0xffffff4d fr.pc=0x00007f6e60467f1c relative=0x0000000000000edc
Event: 19.978 Thread 0x00007f6e705b9800 Uncommon trap: reason=unstable_if action=reinterpret pc=0x00007f6e60467f1c method=org.apache.pdfbox.contentstream.PDFStreamEngine.processStreamOperators(Lorg/apache/pdfbox/contentstream/PDContentStream;)V @ 25 c2
Event: 19.978 Thread 0x00007f6e705b9800 DEOPT PACKING pc=0x00007f6e60467f1c sp=0x00007f6e4a582330
Event: 19.978 Thread 0x00007f6e705b9800 DEOPT UNPACKING pc=0x00007f6e588bf1a5 sp=0x00007f6e4a582338 mode 2
Event: 19.982 Thread 0x00007f6e705b9800 DEOPT PACKING pc=0x00007f6e593899e1 sp=0x00007f6e4a582180
Event: 19.982 Thread 0x00007f6e705b9800 DEOPT UNPACKING pc=0x00007f6e588befba sp=0x00007f6e4a5816e0 mode 0
Event: 21.025 Thread 0x00007f6e705c0800 Uncommon trap: trap_request=0xffffff4d fr.pc=0x00007f6e60467f1c relative=0x0000000000000edc
Event: 21.025 Thread 0x00007f6e705c0800 Uncommon trap: reason=unstable_if action=reinterpret pc=0x00007f6e60467f1c method=org.apache.pdfbox.contentstream.PDFStreamEngine.processStreamOperators(Lorg/apache/pdfbox/contentstream/PDContentStream;)V @ 25 c2
Event: 21.025 Thread 0x00007f6e705c0800 DEOPT PACKING pc=0x00007f6e60467f1c sp=0x00007f6e4a17e5b0
Event: 21.025 Thread 0x00007f6e705c0800 DEOPT UNPACKING pc=0x00007f6e588bf1a5 sp=0x00007f6e4a17e5b8 mode 2

Classes redefined (0 events):
No events

Internal exceptions (20 events):
Event: 3.259 Thread 0x00007f6e70016000 Exception <a 'java/lang/NoClassDefFoundError'{0x00000000f09c9798}: org/apache/cxf/ws/policy/builder/jaxb/JaxbAssertionBuilder> (0x00000000f09c9798) thrown at [./src/hotspot/share/classfile/systemDictionary.cpp, line 220]
Event: 3.259 Thread 0x00007f6e70016000 Exception <a 'java/lang/NoClassDefFoundError'{0x00000000f09cc0f8}: org/apache/cxf/ws/policy/builder/jaxb/JaxbAssertionBuilder> (0x00000000f09cc0f8) thrown at [./src/hotspot/share/classfile/systemDictionary.cpp, line 220]
Event: 3.259 Thread 0x00007f6e70016000 Exception <a 'java/lang/NoClassDefFoundError'{0x00000000f09ce6d8}: org/apache/cxf/ws/policy/AbstractPolicyInterceptorProvider> (0x00000000f09ce6d8) thrown at [./src/hotspot/share/classfile/systemDictionary.cpp, line 220]
Event: 3.259 Thread 0x00007f6e70016000 Exception <a 'java/lang/NoClassDefFoundError'{0x00000000f09d0c38}: org/apache/cxf/ws/policy/AbstractPolicyInterceptorProvider> (0x00000000f09d0c38) thrown at [./src/hotspot/share/classfile/systemDictionary.cpp, line 220]
Event: 3.259 Thread 0x00007f6e70016000 Exception <a 'java/lang/NoClassDefFoundError'{0x00000000f09d3198}: org/apache/cxf/ws/policy/AbstractPolicyInterceptorProvider> (0x00000000f09d3198) thrown at [./src/hotspot/share/classfile/systemDictionary.cpp, line 220]
Event: 3.300 Thread 0x00007f6e70016000 Exception <a 'java/lang/reflect/InvocationTargetException'{0x00000000f0a92c60}> (0x00000000f0a92c60) thrown at [./src/hotspot/share/runtime/reflection.cpp, line 1247]
Event: 3.815 Thread 0x00007f6e70016000 Exception <a 'java/lang/NoSuchMethodError'{0x00000000f0bc9f28}: 'java.lang.Object java.lang.invoke.DirectMethodHandle$Holder.invokeStaticInit(java.lang.Object, java.lang.Object, java.lang.Object)'> (0x00000000f0bc9f28) thrown at [./src/hotspot/share/interpreter/linkResolver.cpp, line 773]
Event: 3.854 Thread 0x00007f6e70016000 Exception <a 'java/lang/NoSuchMethodError'{0x00000000f0c76aa0}: 'void java.lang.invoke.DirectMethodHandle$Holder.invokeStaticInit(java.lang.Object)'> (0x00000000f0c76aa0) thrown at [./src/hotspot/share/interpreter/linkResolver.cpp, line 773]
Event: 3.963 Thread 0x00007f6e70016000 Exception <a 'java/lang/NoSuchMethodError'{0x00000000f0eb0748}: 'int java.lang.invoke.DirectMethodHandle$Holder.invokeInterface(java.lang.Object, java.lang.Object)'> (0x00000000f0eb0748) thrown at [./src/hotspot/share/interpreter/linkResolver.cpp, line 773]
Event: 4.024 Thread 0x00007f6e70016000 Exception <a 'java/lang/NoSuchMethodError'{0x00000000f082e1b0}: 'void java.lang.invoke.DirectMethodHandle$Holder.invokeInterface(java.lang.Object, java.lang.Object)'> (0x00000000f082e1b0) thrown at [./src/hotspot/share/interpreter/linkResolver.cpp, line 773]
Event: 4.054 Thread 0x00007f6e70016000 Exception <a 'java/lang/NoSuchMethodError'{0x00000000f0910f90}: 'void java.lang.invoke.DirectMethodHandle$Holder.invokeStaticInit(java.lang.Object, java.lang.Object, java.lang.Object)'> (0x00000000f0910f90) thrown at [./src/hotspot/share/interpreter/linkResolver.cpp, line 773]
Event: 14.987 Thread 0x00007f6e705bd000 Exception <a 'java/lang/NoSuchMethodError'{0x00000000f097ee60}: 'void java.lang.invoke.DirectMethodHandle$Holder.invokeSpecial(java.lang.Object, java.lang.Object)'> (0x00000000f097ee60) thrown at [./src/hotspot/share/interpreter/linkResolver.cpp, line 773]
Event: 15.027 Thread 0x00007f6e705bd000 Implicit null exception at 0x00007f6e603b69e2 to 0x00007f6e603b6e08
Event: 15.099 Thread 0x00007f6e705c0800 Implicit null exception at 0x00007f6e603b5f7a to 0x00007f6e603b62b8
Event: 15.156 Thread 0x00007f6e705c0800 Exception <a 'java/lang/NoSuchMethodError'{0x00000000f0ce8040}: 'void java.lang.invoke.DirectMethodHandle$Holder.invokeSpecial(java.lang.Object, java.lang.Object, int)'> (0x00000000f0ce8040) thrown at [./src/hotspot/share/interpreter/linkResolver.cpp, line 773]
Event: 15.604 Thread 0x00007f6e705c0800 Exception <a 'java/lang/ClassNotFoundException'{0x00000000f12ed2e0}: sun/awt/resources/spi/awtProvider> (0x00000000f12ed2e0) thrown at [./src/hotspot/share/classfile/systemDictionary.cpp, line 231]
Event: 15.626 Thread 0x00007f6e705c0800 Exception <a 'java/io/FileNotFoundException'{0x00000000f132cea8}> (0x00000000f132cea8) thrown at [./src/hotspot/share/prims/jni.cpp, line 615]
Event: 19.678 Thread 0x00007f6e705b9800 Implicit null exception at 0x00007f6e603b50dc to 0x00007f6e603b53f0
Event: 19.978 Thread 0x00007f6e705b9800 Implicit null exception at 0x00007f6e60467417 to 0x00007f6e60467f00
Event: 21.025 Thread 0x00007f6e705c0800 Implicit null exception at 0x00007f6e60467417 to 0x00007f6e60467f00

Events (20 events):
Event: 20.357 Executing VM operation: GenCollectForAllocation done
Event: 20.518 Executing VM operation: GenCollectForAllocation
Event: 20.537 Executing VM operation: GenCollectForAllocation done
Event: 20.600 Executing VM operation: GenCollectForAllocation
Event: 20.618 Executing VM operation: GenCollectForAllocation done
Event: 20.685 Executing VM operation: GenCollectForAllocation
Event: 20.687 Executing VM operation: GenCollectForAllocation done
Event: 20.758 Executing VM operation: GenCollectForAllocation
Event: 20.764 Executing VM operation: GenCollectForAllocation done
Event: 20.835 Executing VM operation: GenCollectForAllocation
Event: 20.838 Executing VM operation: GenCollectForAllocation done
Event: 20.951 Executing VM operation: GenCollectForAllocation
Event: 20.954 Executing VM operation: GenCollectForAllocation done
Event: 20.987 Executing VM operation: RevokeBias
Event: 20.990 Executing VM operation: RevokeBias done
Event: 21.147 Executing VM operation: GenCollectForAllocation
Event: 21.147 Executing VM operation: GenCollectForAllocation done
Event: 21.148 Executing VM operation: GenCollectFull
Event: 21.157 Executing VM operation: GenCollectFull done
Event: 21.267 Executing VM operation: GenCollectForAllocation


Dynamic libraries:
f0800000-f3370000 rw-p 00000000 00:00 0 
f3370000-f5aa0000 ---p 00000000 00:00 0 
f5aa0000-fb435000 rw-p 00000000 00:00 0 
fefee000-100000000 ---p 00000000 00:00 0 
800000000-800002000 rwxp 00001000 fc:01 1548298                          /usr/lib/jvm/java-11-openjdk-amd64/lib/server/classes.jsa
800002000-8003b9000 rw-p 00003000 fc:01 1548298                          /usr/lib/jvm/java-11-openjdk-amd64/lib/server/classes.jsa
8003b9000-800a82000 r--p 003ba000 fc:01 1548298                          /usr/lib/jvm/java-11-openjdk-amd64/lib/server/classes.jsa
800a82000-800a83000 rw-p 00a83000 fc:01 1548298                          /usr/lib/jvm/java-11-openjdk-amd64/lib/server/classes.jsa
800a83000-801091000 r--p 00a84000 fc:01 1548298                          /usr/lib/jvm/java-11-openjdk-amd64/lib/server/classes.jsa
840000000-8402c0000 rw-p 00000000 00:00 0 
8402c0000-880000000 ---p 00000000 00:00 0 
5587d01f8000-5587d01f9000 r-xp 00000000 fc:01 1036289                    /usr/lib/jvm/java-11-openjdk-amd64/bin/java
5587d03f9000-5587d03fa000 r--p 00001000 fc:01 1036289                    /usr/lib/jvm/java-11-openjdk-amd64/bin/java
5587d03fa000-5587d03fb000 rw-p 00002000 fc:01 1036289                    /usr/lib/jvm/java-11-openjdk-amd64/bin/java
5587d235c000-5587d237d000 rw-p 00000000 00:00 0                          [heap]
7f6e34000000-7f6e34021000 rw-p 00000000 00:00 0 
7f6e34021000-7f6e38000000 ---p 00000000 00:00 0 
7f6e3c000000-7f6e3d005000 rw-p 00000000 00:00 0 
7f6e3d005000-7f6e40000000 ---p 00000000 00:00 0 
7f6e40000000-7f6e404a1000 rw-p 00000000 00:00 0 
7f6e404a1000-7f6e44000000 ---p 00000000 00:00 0 
7f6e44000000-7f6e44021000 rw-p 00000000 00:00 0 
7f6e44021000-7f6e48000000 ---p 00000000 00:00 0 
7f6e48a44000-7f6e48c44000 rw-p 00000000 00:00 0 
7f6e48c44000-7f6e48c48000 ---p 00000000 00:00 0 
7f6e48c48000-7f6e48d45000 rw-p 00000000 00:00 0 
7f6e48d45000-7f6e48d97000 r-xp 00000000 fc:01 69369                      /usr/lib/x86_64-linux-gnu/liblcms2.so.2.0.8
7f6e48d97000-7f6e48f97000 ---p 00052000 fc:01 69369                      /usr/lib/x86_64-linux-gnu/liblcms2.so.2.0.8
7f6e48f97000-7f6e48f99000 r--p 00052000 fc:01 69369                      /usr/lib/x86_64-linux-gnu/liblcms2.so.2.0.8
7f6e48f99000-7f6e48f9c000 rw-p 00054000 fc:01 69369                      /usr/lib/x86_64-linux-gnu/liblcms2.so.2.0.8
7f6e48f9c000-7f6e48f9d000 rw-p 00000000 00:00 0 
7f6e48f9d000-7f6e48fa1000 r-xp 00000000 fc:01 1559621                    /usr/lib/jvm/java-11-openjdk-amd64/lib/liblcms.so
7f6e48fa1000-7f6e491a0000 ---p 00004000 fc:01 1559621                    /usr/lib/jvm/java-11-openjdk-amd64/lib/liblcms.so
7f6e491a0000-7f6e491a1000 r--p 00003000 fc:01 1559621                    /usr/lib/jvm/java-11-openjdk-amd64/lib/liblcms.so
7f6e491a1000-7f6e491a2000 rw-p 00004000 fc:01 1559621                    /usr/lib/jvm/java-11-openjdk-amd64/lib/liblcms.so
7f6e491a2000-7f6e491aa000 r-xp 00000000 fc:01 1559604                    /usr/lib/jvm/java-11-openjdk-amd64/lib/libawt_headless.so
7f6e491aa000-7f6e493a9000 ---p 00008000 fc:01 1559604                    /usr/lib/jvm/java-11-openjdk-amd64/lib/libawt_headless.so
7f6e493a9000-7f6e493aa000 r--p 00007000 fc:01 1559604                    /usr/lib/jvm/java-11-openjdk-amd64/lib/libawt_headless.so
7f6e493aa000-7f6e493ab000 rw-p 00008000 fc:01 1559604                    /usr/lib/jvm/java-11-openjdk-amd64/lib/libawt_headless.so
7f6e493ab000-7f6e49449000 r-xp 00000000 fc:01 1559603                    /usr/lib/jvm/java-11-openjdk-amd64/lib/libawt.so
7f6e49449000-7f6e49649000 ---p 0009e000 fc:01 1559603                    /usr/lib/jvm/java-11-openjdk-amd64/lib/libawt.so
7f6e49649000-7f6e4964a000 r--p 0009e000 fc:01 1559603                    /usr/lib/jvm/java-11-openjdk-amd64/lib/libawt.so
7f6e4964a000-7f6e49655000 rw-p 0009f000 fc:01 1559603                    /usr/lib/jvm/java-11-openjdk-amd64/lib/libawt.so
7f6e49655000-7f6e4987a000 rw-p 00000000 00:00 0 
7f6e4987a000-7f6e4987e000 ---p 00000000 00:00 0 
7f6e4987e000-7f6e49b7b000 rw-p 00000000 00:00 0 
7f6e49b7b000-7f6e49b7d000 r-xp 00000000 fc:01 1559607                    /usr/lib/jvm/java-11-openjdk-amd64/lib/libextnet.so
7f6e49b7d000-7f6e49d7c000 ---p 00002000 fc:01 1559607                    /usr/lib/jvm/java-11-openjdk-amd64/lib/libextnet.so
7f6e49d7c000-7f6e49d7d000 r--p 00001000 fc:01 1559607                    /usr/lib/jvm/java-11-openjdk-amd64/lib/libextnet.so
7f6e49d7d000-7f6e49d7e000 rw-p 00002000 fc:01 1559607                    /usr/lib/jvm/java-11-openjdk-amd64/lib/libextnet.so
7f6e49d7e000-7f6e49d82000 ---p 00000000 00:00 0 
7f6e49d82000-7f6e49e7f000 rw-p 00000000 00:00 0 
7f6e49e7f000-7f6e49e83000 ---p 00000000 00:00 0 
7f6e49e83000-7f6e49f80000 rw-p 00000000 00:00 0 
7f6e49f80000-7f6e49f84000 ---p 00000000 00:00 0 
7f6e49f84000-7f6e4a081000 rw-p 00000000 00:00 0 
7f6e4a081000-7f6e4a085000 ---p 00000000 00:00 0 
7f6e4a085000-7f6e4a182000 rw-p 00000000 00:00 0 
7f6e4a182000-7f6e4a186000 ---p 00000000 00:00 0 
7f6e4a186000-7f6e4a283000 rw-p 00000000 00:00 0 
7f6e4a283000-7f6e4a287000 ---p 00000000 00:00 0 
7f6e4a287000-7f6e4a384000 rw-p 00000000 00:00 0 
7f6e4a384000-7f6e4a388000 ---p 00000000 00:00 0 
7f6e4a388000-7f6e4a485000 rw-p 00000000 00:00 0 
7f6e4a485000-7f6e4a489000 ---p 00000000 00:00 0 
7f6e4a489000-7f6e4a586000 rw-p 00000000 00:00 0 
7f6e4a586000-7f6e4a58b000 r-xp 00000000 fc:01 1559624                    /usr/lib/jvm/java-11-openjdk-amd64/lib/libmanagement_ext.so
7f6e4a58b000-7f6e4a78b000 ---p 00005000 fc:01 1559624                    /usr/lib/jvm/java-11-openjdk-amd64/lib/libmanagement_ext.so
7f6e4a78b000-7f6e4a78c000 r--p 00005000 fc:01 1559624                    /usr/lib/jvm/java-11-openjdk-amd64/lib/libmanagement_ext.so
7f6e4a78c000-7f6e4a78d000 rw-p 00006000 fc:01 1559624                    /usr/lib/jvm/java-11-openjdk-amd64/lib/libmanagement_ext.so
7f6e4a78d000-7f6e4a791000 r-xp 00000000 fc:01 1559622                    /usr/lib/jvm/java-11-openjdk-amd64/lib/libmanagement.so
7f6e4a791000-7f6e4a991000 ---p 00004000 fc:01 1559622                    /usr/lib/jvm/java-11-openjdk-amd64/lib/libmanagement.so
7f6e4a991000-7f6e4a992000 r--p 00004000 fc:01 1559622                    /usr/lib/jvm/java-11-openjdk-amd64/lib/libmanagement.so
7f6e4a992000-7f6e4a993000 rw-p 00005000 fc:01 1559622                    /usr/lib/jvm/java-11-openjdk-amd64/lib/libmanagement.so
7f6e4a993000-7f6e4ab93000 rw-p 00000000 00:00 0 
7f6e4ab93000-7f6e4ad93000 rw-p 00000000 00:00 0 
7f6e4ad93000-7f6e4adbd000 r-xp 00000000 fc:01 1559632                    /usr/lib/jvm/java-11-openjdk-amd64/lib/libsunec.so
7f6e4adbd000-7f6e4afbc000 ---p 0002a000 fc:01 1559632                    /usr/lib/jvm/java-11-openjdk-amd64/lib/libsunec.so
7f6e4afbc000-7f6e4afc0000 r--p 00029000 fc:01 1559632                    /usr/lib/jvm/java-11-openjdk-amd64/lib/libsunec.so
7f6e4afc0000-7f6e4afc2000 rw-p 0002d000 fc:01 1559632                    /usr/lib/jvm/java-11-openjdk-amd64/lib/libsunec.so
7f6e4afc2000-7f6e4b1c2000 rw-p 00000000 00:00 0 
7f6e4b1c2000-7f6e4b1d8000 r-xp 00000000 fc:01 1559626                    /usr/lib/jvm/java-11-openjdk-amd64/lib/libnet.so
7f6e4b1d8000-7f6e4b3d7000 ---p 00016000 fc:01 1559626                    /usr/lib/jvm/java-11-openjdk-amd64/lib/libnet.so
7f6e4b3d7000-7f6e4b3d8000 r--p 00015000 fc:01 1559626                    /usr/lib/jvm/java-11-openjdk-amd64/lib/libnet.so
7f6e4b3d8000-7f6e4b3d9000 rw-p 00016000 fc:01 1559626                    /usr/lib/jvm/java-11-openjdk-amd64/lib/libnet.so
7f6e4b3d9000-7f6e4b3e9000 r-xp 00000000 fc:01 1559627                    /usr/lib/jvm/java-11-openjdk-amd64/lib/libnio.so
7f6e4b3e9000-7f6e4b5e8000 ---p 00010000 fc:01 1559627                    /usr/lib/jvm/java-11-openjdk-amd64/lib/libnio.so
7f6e4b5e8000-7f6e4b5e9000 r--p 0000f000 fc:01 1559627                    /usr/lib/jvm/java-11-openjdk-amd64/lib/libnio.so
7f6e4b5e9000-7f6e4b5ea000 rw-p 00010000 fc:01 1559627                    /usr/lib/jvm/java-11-openjdk-amd64/lib/libnio.so
7f6e4b5ea000-7f6e4b5ee000 ---p 00000000 00:00 0 
7f6e4b5ee000-7f6e4b6eb000 rw-p 00000000 00:00 0 
7f6e4b6eb000-7f6e4b6ec000 ---p 00000000 00:00 0 
7f6e4b6ec000-7f6e4b7ed000 rw-p 00000000 00:00 0 
7f6e4b7ed000-7f6e4b7f1000 ---p 00000000 00:00 0 
7f6e4b7f1000-7f6e4b8ee000 rw-p 00000000 00:00 0 
7f6e4b8ee000-7f6e4b8f2000 ---p 00000000 00:00 0 
7f6e4b8f2000-7f6e4b9ef000 rw-p 00000000 00:00 0 
7f6e4b9ef000-7f6e4b9f3000 ---p 00000000 00:00 0 
7f6e4b9f3000-7f6e4baf0000 rw-p 00000000 00:00 0 
7f6e4baf0000-7f6e4baf4000 ---p 00000000 00:00 0 
7f6e4baf4000-7f6e4bbf1000 rw-p 00000000 00:00 0 
7f6e4bbf1000-7f6e4bbf5000 ---p 00000000 00:00 0 
7f6e4bbf5000-7f6e4bcf2000 rw-p 00000000 00:00 0 
7f6e4bcf2000-7f6e4be65000 r--p 00000000 fc:01 28812                      /usr/lib/locale/C.UTF-8/LC_COLLATE
7f6e4be65000-7f6e4c000000 r--p 00000000 fc:01 4118                       /usr/lib/locale/locale-archive
7f6e4c000000-7f6e4c021000 rw-p 00000000 00:00 0 
7f6e4c021000-7f6e50000000 ---p 00000000 00:00 0 
7f6e50000000-7f6e5003d000 rw-p 00000000 00:00 0 
7f6e5003d000-7f6e54000000 ---p 00000000 00:00 0 
7f6e54000000-7f6e54222000 rw-p 00000000 00:00 0 
7f6e54222000-7f6e58000000 ---p 00000000 00:00 0 
7f6e58099000-7f6e58899000 rw-p 00000000 00:00 0 
7f6e58899000-7f6e58b09000 rwxp 00000000 00:00 0 
7f6e58b09000-7f6e58e28000 ---p 00000000 00:00 0 
7f6e58e28000-7f6e59478000 rwxp 00000000 00:00 0 
7f6e59478000-7f6e60360000 ---p 00000000 00:00 0 
7f6e60360000-7f6e605d0000 rwxp 00000000 00:00 0 
7f6e605d0000-7f6e67899000 ---p 00000000 00:00 0 
7f6e67899000-7f6e70000000 r--s 00000000 fc:01 1559636                    /usr/lib/jvm/java-11-openjdk-amd64/lib/modules
7f6e70000000-7f6e705ed000 rw-p 00000000 00:00 0 
7f6e705ed000-7f6e74000000 ---p 00000000 00:00 0 
7f6e74038000-7f6e74069000 rw-p 00000000 00:00 0 
7f6e74069000-7f6e7409a000 r--p 00000000 fc:01 28813                      /usr/lib/locale/C.UTF-8/LC_CTYPE
7f6e7409a000-7f6e7409e000 ---p 00000000 00:00 0 
7f6e7409e000-7f6e7419b000 rw-p 00000000 00:00 0 
7f6e7419b000-7f6e7419f000 ---p 00000000 00:00 0 
7f6e7419f000-7f6e7429c000 rw-p 00000000 00:00 0 
7f6e7429c000-7f6e7429d000 ---p 00000000 00:00 0 
7f6e7429d000-7f6e744e9000 rw-p 00000000 00:00 0 
7f6e744e9000-7f6e745cf000 ---p 00000000 00:00 0 
7f6e745cf000-7f6e745dc000 rw-p 00000000 00:00 0 
7f6e745dc000-7f6e746ba000 ---p 00000000 00:00 0 
7f6e746ba000-7f6e746c1000 r-xp 00000000 fc:01 1559635                    /usr/lib/jvm/java-11-openjdk-amd64/lib/libzip.so
7f6e746c1000-7f6e748c0000 ---p 00007000 fc:01 1559635                    /usr/lib/jvm/java-11-openjdk-amd64/lib/libzip.so
7f6e748c0000-7f6e748c1000 r--p 00006000 fc:01 1559635                    /usr/lib/jvm/java-11-openjdk-amd64/lib/libzip.so
7f6e748c1000-7f6e748c2000 rw-p 00007000 fc:01 1559635                    /usr/lib/jvm/java-11-openjdk-amd64/lib/libzip.so
7f6e748c2000-7f6e748cd000 r-xp 00000000 fc:01 12716                      /lib/x86_64-linux-gnu/libnss_files-2.27.so
7f6e748cd000-7f6e74acc000 ---p 0000b000 fc:01 12716                      /lib/x86_64-linux-gnu/libnss_files-2.27.so
7f6e74acc000-7f6e74acd000 r--p 0000a000 fc:01 12716                      /lib/x86_64-linux-gnu/libnss_files-2.27.so
7f6e74acd000-7f6e74ace000 rw-p 0000b000 fc:01 12716                      /lib/x86_64-linux-gnu/libnss_files-2.27.so
7f6e74ace000-7f6e74ad4000 rw-p 00000000 00:00 0 
7f6e74ad4000-7f6e74aeb000 r-xp 00000000 fc:01 12713                      /lib/x86_64-linux-gnu/libnsl-2.27.so
7f6e74aeb000-7f6e74cea000 ---p 00017000 fc:01 12713                      /lib/x86_64-linux-gnu/libnsl-2.27.so
7f6e74cea000-7f6e74ceb000 r--p 00016000 fc:01 12713                      /lib/x86_64-linux-gnu/libnsl-2.27.so
7f6e74ceb000-7f6e74cec000 rw-p 00017000 fc:01 12713                      /lib/x86_64-linux-gnu/libnsl-2.27.so
7f6e74cec000-7f6e74cee000 rw-p 00000000 00:00 0 
7f6e74cee000-7f6e74cf9000 r-xp 00000000 fc:01 12718                      /lib/x86_64-linux-gnu/libnss_nis-2.27.so
7f6e74cf9000-7f6e74ef8000 ---p 0000b000 fc:01 12718                      /lib/x86_64-linux-gnu/libnss_nis-2.27.so
7f6e74ef8000-7f6e74ef9000 r--p 0000a000 fc:01 12718                      /lib/x86_64-linux-gnu/libnss_nis-2.27.so
7f6e74ef9000-7f6e74efa000 rw-p 0000b000 fc:01 12718                      /lib/x86_64-linux-gnu/libnss_nis-2.27.so
7f6e74efa000-7f6e74f02000 r-xp 00000000 fc:01 12714                      /lib/x86_64-linux-gnu/libnss_compat-2.27.so
7f6e74f02000-7f6e75102000 ---p 00008000 fc:01 12714                      /lib/x86_64-linux-gnu/libnss_compat-2.27.so
7f6e75102000-7f6e75103000 r--p 00008000 fc:01 12714                      /lib/x86_64-linux-gnu/libnss_compat-2.27.so
7f6e75103000-7f6e75104000 rw-p 00009000 fc:01 12714                      /lib/x86_64-linux-gnu/libnss_compat-2.27.so
7f6e75104000-7f6e75109000 r-xp 00000000 fc:01 1559618                    /usr/lib/jvm/java-11-openjdk-amd64/lib/libjimage.so
7f6e75109000-7f6e75308000 ---p 00005000 fc:01 1559618                    /usr/lib/jvm/java-11-openjdk-amd64/lib/libjimage.so
7f6e75308000-7f6e75309000 r--p 00004000 fc:01 1559618                    /usr/lib/jvm/java-11-openjdk-amd64/lib/libjimage.so
7f6e75309000-7f6e7530a000 rw-p 00005000 fc:01 1559618                    /usr/lib/jvm/java-11-openjdk-amd64/lib/libjimage.so
7f6e7530a000-7f6e75333000 r-xp 00000000 fc:01 1559614                    /usr/lib/jvm/java-11-openjdk-amd64/lib/libjava.so
7f6e75333000-7f6e75533000 ---p 00029000 fc:01 1559614                    /usr/lib/jvm/java-11-openjdk-amd64/lib/libjava.so
7f6e75533000-7f6e75534000 r--p 00029000 fc:01 1559614                    /usr/lib/jvm/java-11-openjdk-amd64/lib/libjava.so
7f6e75534000-7f6e75535000 rw-p 0002a000 fc:01 1559614                    /usr/lib/jvm/java-11-openjdk-amd64/lib/libjava.so
7f6e75535000-7f6e75536000 rw-p 00000000 00:00 0 
7f6e75536000-7f6e75543000 r-xp 00000000 fc:01 1559634                    /usr/lib/jvm/java-11-openjdk-amd64/lib/libverify.so
7f6e75543000-7f6e75742000 ---p 0000d000 fc:01 1559634                    /usr/lib/jvm/java-11-openjdk-amd64/lib/libverify.so
7f6e75742000-7f6e75744000 r--p 0000c000 fc:01 1559634                    /usr/lib/jvm/java-11-openjdk-amd64/lib/libverify.so
7f6e75744000-7f6e75745000 rw-p 0000e000 fc:01 1559634                    /usr/lib/jvm/java-11-openjdk-amd64/lib/libverify.so
7f6e75745000-7f6e7574c000 r-xp 00000000 fc:01 12728                      /lib/x86_64-linux-gnu/librt-2.27.so
7f6e7574c000-7f6e7594b000 ---p 00007000 fc:01 12728                      /lib/x86_64-linux-gnu/librt-2.27.so
7f6e7594b000-7f6e7594c000 r--p 00006000 fc:01 12728                      /lib/x86_64-linux-gnu/librt-2.27.so
7f6e7594c000-7f6e7594d000 rw-p 00007000 fc:01 12728                      /lib/x86_64-linux-gnu/librt-2.27.so
7f6e7594d000-7f6e75964000 r-xp 00000000 fc:01 89                         /lib/x86_64-linux-gnu/libgcc_s.so.1
7f6e75964000-7f6e75b63000 ---p 00017000 fc:01 89                         /lib/x86_64-linux-gnu/libgcc_s.so.1
7f6e75b63000-7f6e75b64000 r--p 00016000 fc:01 89                         /lib/x86_64-linux-gnu/libgcc_s.so.1
7f6e75b64000-7f6e75b65000 rw-p 00017000 fc:01 89                         /lib/x86_64-linux-gnu/libgcc_s.so.1
7f6e75b65000-7f6e75d02000 r-xp 00000000 fc:01 12710                      /lib/x86_64-linux-gnu/libm-2.27.so
7f6e75d02000-7f6e75f01000 ---p 0019d000 fc:01 12710                      /lib/x86_64-linux-gnu/libm-2.27.so
7f6e75f01000-7f6e75f02000 r--p 0019c000 fc:01 12710                      /lib/x86_64-linux-gnu/libm-2.27.so
7f6e75f02000-7f6e75f03000 rw-p 0019d000 fc:01 12710                      /lib/x86_64-linux-gnu/libm-2.27.so
7f6e75f03000-7f6e7607c000 r-xp 00000000 fc:01 104                        /usr/lib/x86_64-linux-gnu/libstdc++.so.6.0.25
7f6e7607c000-7f6e7627c000 ---p 00179000 fc:01 104                        /usr/lib/x86_64-linux-gnu/libstdc++.so.6.0.25
7f6e7627c000-7f6e76286000 r--p 00179000 fc:01 104                        /usr/lib/x86_64-linux-gnu/libstdc++.so.6.0.25
7f6e76286000-7f6e76288000 rw-p 00183000 fc:01 104                        /usr/lib/x86_64-linux-gnu/libstdc++.so.6.0.25
7f6e76288000-7f6e7628c000 rw-p 00000000 00:00 0 
7f6e7628c000-7f6e77390000 r-xp 00000000 fc:01 1559639                    /usr/lib/jvm/java-11-openjdk-amd64/lib/server/libjvm.so
7f6e77390000-7f6e7758f000 ---p 01104000 fc:01 1559639                    /usr/lib/jvm/java-11-openjdk-amd64/lib/server/libjvm.so
7f6e7758f000-7f6e7764c000 r--p 01103000 fc:01 1559639                    /usr/lib/jvm/java-11-openjdk-amd64/lib/server/libjvm.so
7f6e7764c000-7f6e77685000 rw-p 011c0000 fc:01 1559639                    /usr/lib/jvm/java-11-openjdk-amd64/lib/server/libjvm.so
7f6e77685000-7f6e776dc000 rw-p 00000000 00:00 0 
7f6e776dc000-7f6e776f6000 r-xp 00000000 fc:01 12726                      /lib/x86_64-linux-gnu/libpthread-2.27.so
7f6e776f6000-7f6e778f5000 ---p 0001a000 fc:01 12726                      /lib/x86_64-linux-gnu/libpthread-2.27.so
7f6e778f5000-7f6e778f6000 r--p 00019000 fc:01 12726                      /lib/x86_64-linux-gnu/libpthread-2.27.so
7f6e778f6000-7f6e778f7000 rw-p 0001a000 fc:01 12726                      /lib/x86_64-linux-gnu/libpthread-2.27.so
7f6e778f7000-7f6e778fb000 rw-p 00000000 00:00 0 
7f6e778fb000-7f6e778fe000 r-xp 00000000 fc:01 12709                      /lib/x86_64-linux-gnu/libdl-2.27.so
7f6e778fe000-7f6e77afd000 ---p 00003000 fc:01 12709                      /lib/x86_64-linux-gnu/libdl-2.27.so
7f6e77afd000-7f6e77afe000 r--p 00002000 fc:01 12709                      /lib/x86_64-linux-gnu/libdl-2.27.so
7f6e77afe000-7f6e77aff000 rw-p 00003000 fc:01 12709                      /lib/x86_64-linux-gnu/libdl-2.27.so
7f6e77aff000-7f6e77b1b000 r-xp 00000000 fc:01 2183                       /lib/x86_64-linux-gnu/libz.so.1.2.11
7f6e77b1b000-7f6e77d1a000 ---p 0001c000 fc:01 2183                       /lib/x86_64-linux-gnu/libz.so.1.2.11
7f6e77d1a000-7f6e77d1b000 r--p 0001b000 fc:01 2183                       /lib/x86_64-linux-gnu/libz.so.1.2.11
7f6e77d1b000-7f6e77d1c000 rw-p 0001c000 fc:01 2183                       /lib/x86_64-linux-gnu/libz.so.1.2.11
7f6e77d1c000-7f6e77f03000 r-xp 00000000 fc:01 12706                      /lib/x86_64-linux-gnu/libc-2.27.so
7f6e77f03000-7f6e78103000 ---p 001e7000 fc:01 12706                      /lib/x86_64-linux-gnu/libc-2.27.so
7f6e78103000-7f6e78107000 r--p 001e7000 fc:01 12706                      /lib/x86_64-linux-gnu/libc-2.27.so
7f6e78107000-7f6e78109000 rw-p 001eb000 fc:01 12706                      /lib/x86_64-linux-gnu/libc-2.27.so
7f6e78109000-7f6e7810d000 rw-p 00000000 00:00 0 
7f6e7810d000-7f6e7811d000 r-xp 00000000 fc:01 1559598                    /usr/lib/jvm/java-11-openjdk-amd64/lib/jli/libjli.so
7f6e7811d000-7f6e7831c000 ---p 00010000 fc:01 1559598                    /usr/lib/jvm/java-11-openjdk-amd64/lib/jli/libjli.so
7f6e7831c000-7f6e7831d000 r--p 0000f000 fc:01 1559598                    /usr/lib/jvm/java-11-openjdk-amd64/lib/jli/libjli.so
7f6e7831d000-7f6e7831e000 rw-p 00010000 fc:01 1559598                    /usr/lib/jvm/java-11-openjdk-amd64/lib/jli/libjli.so
7f6e7831e000-7f6e78345000 r-xp 00000000 fc:01 12678                      /lib/x86_64-linux-gnu/ld-2.27.so
7f6e78346000-7f6e78347000 r--p 00000000 00:00 0 
7f6e78347000-7f6e78348000 r--p 00000000 fc:01 28843                      /usr/lib/locale/C.UTF-8/LC_NUMERIC
7f6e78348000-7f6e78349000 r--p 00000000 fc:01 28846                      /usr/lib/locale/C.UTF-8/LC_TIME
7f6e78349000-7f6e7834a000 r--p 00000000 fc:01 28839                      /usr/lib/locale/C.UTF-8/LC_MONETARY
7f6e7834a000-7f6e7834b000 r--p 00000000 fc:01 28833                      /usr/lib/locale/C.UTF-8/LC_MESSAGES/SYS_LC_MESSAGES
7f6e7834b000-7f6e7834c000 r--p 00000000 fc:01 28844                      /usr/lib/locale/C.UTF-8/LC_PAPER
7f6e7834c000-7f6e7834d000 r--p 00000000 fc:01 28841                      /usr/lib/locale/C.UTF-8/LC_NAME
7f6e7834d000-7f6e7834e000 r--p 00000000 fc:01 28811                      /usr/lib/locale/C.UTF-8/LC_ADDRESS
7f6e7834e000-7f6e7834f000 r--p 00000000 fc:01 28845                      /usr/lib/locale/C.UTF-8/LC_TELEPHONE
7f6e7834f000-7f6e78350000 r--p 00000000 fc:01 28819                      /usr/lib/locale/C.UTF-8/LC_MEASUREMENT
7f6e78350000-7f6e78357000 r--s 00000000 fc:01 26096                      /usr/lib/x86_64-linux-gnu/gconv/gconv-modules.cache
7f6e78357000-7f6e78358000 r--p 00000000 fc:01 28818                      /usr/lib/locale/C.UTF-8/LC_IDENTIFICATION
7f6e78358000-7f6e78385000 rw-p 00000000 00:00 0 
7f6e78385000-7f6e783ab000 ---p 00000000 00:00 0 
7f6e783ab000-7f6e783c1000 rw-p 00000000 00:00 0 
7f6e783c1000-7f6e783d4000 ---p 00000000 00:00 0 
7f6e783d4000-7f6e78402000 rw-p 00000000 00:00 0 
7f6e78402000-7f6e78427000 ---p 00000000 00:00 0 
7f6e78427000-7f6e7842d000 rw-p 00000000 00:00 0 
7f6e7842d000-7f6e78434000 ---p 00000000 00:00 0 
7f6e78434000-7f6e78436000 r--s 00007000 fc:01 25405                      /usr/share/java/java-atk-wrapper.jar
7f6e78436000-7f6e7843a000 ---p 00000000 00:00 0 
7f6e7843a000-7f6e78539000 rw-p 00000000 00:00 0 
7f6e78539000-7f6e78541000 rw-s 00000000 fc:01 1055223                    /tmp/hsperfdata_root/1693
7f6e78541000-7f6e78542000 ---p 00000000 00:00 0 
7f6e78542000-7f6e78543000 r--p 00000000 00:00 0 
7f6e78543000-7f6e78545000 rw-p 00000000 00:00 0 
7f6e78545000-7f6e78546000 r--p 00027000 fc:01 12678                      /lib/x86_64-linux-gnu/ld-2.27.so
7f6e78546000-7f6e78547000 rw-p 00028000 fc:01 12678                      /lib/x86_64-linux-gnu/ld-2.27.so
7f6e78547000-7f6e78548000 rw-p 00000000 00:00 0 
7ffc72ce1000-7ffc72d02000 rw-p 00000000 00:00 0                          [stack]
7ffc72d05000-7ffc72d08000 r--p 00000000 00:00 0                          [vvar]
7ffc72d08000-7ffc72d0a000 r-xp 00000000 00:00 0                          [vdso]
ffffffffff600000-ffffffffff601000 r-xp 00000000 00:00 0                  [vsyscall]


VM Arguments:
java_command: org.apache.tika.server.TikaServerCli --port 9998 --host localhost
java_class_path (initial): /tmp/tika-server.jar
Launcher Type: SUN_STANDARD

[Global flags]
     intx CICompilerCount                          = 2                                         {product} {ergonomic}
   size_t InitialHeapSize                          = 16777216                                  {product} {ergonomic}
   size_t MaxHeapSize                              = 260046848                                 {product} {ergonomic}
   size_t MaxNewSize                               = 86638592                                  {product} {ergonomic}
   size_t MinHeapDeltaBytes                        = 196608                                    {product} {ergonomic}
   size_t NewSize                                  = 5570560                                   {product} {ergonomic}
    uintx NonNMethodCodeHeapSize                   = 5825164                                {pd product} {ergonomic}
    uintx NonProfiledCodeHeapSize                  = 122916538                              {pd product} {ergonomic}
   size_t OldSize                                  = 11206656                                  {product} {ergonomic}
    uintx ProfiledCodeHeapSize                     = 122916538                              {pd product} {ergonomic}
    uintx ReservedCodeCacheSize                    = 251658240                              {pd product} {ergonomic}
     bool SegmentedCodeCache                       = true                                      {product} {ergonomic}
     bool UseCompressedClassPointers               = true                                 {lp64_product} {ergonomic}
     bool UseCompressedOops                        = true                                 {lp64_product} {ergonomic}
     bool UseSerialGC                              = true                                      {product} {ergonomic}

Logging:
Log output configuration:
 #0: stdout all=warning uptime,level,tags
 #1: stderr all=off uptime,level,tags

Environment Variables:
PATH=/usr/bin:/bin
SHELL=/bin/sh
LANG=C.UTF-8

Signal Handlers:
SIGSEGV: [libjvm.so+0xe1c340], sa_mask[0]=11111111011111111101111111111110, sa_flags=SA_RESTART|SA_SIGINFO
SIGBUS: [libjvm.so+0xe1c340], sa_mask[0]=11111111011111111101111111111110, sa_flags=SA_RESTART|SA_SIGINFO
SIGFPE: [libjvm.so+0xe1c340], sa_mask[0]=11111111011111111101111111111110, sa_flags=SA_RESTART|SA_SIGINFO
SIGPIPE: [libjvm.so+0xbec180], sa_mask[0]=11111111011111111101111111111110, sa_flags=SA_RESTART|SA_SIGINFO
SIGXFSZ: [libjvm.so+0xbec180], sa_mask[0]=11111111011111111101111111111110, sa_flags=SA_RESTART|SA_SIGINFO
SIGILL: [libjvm.so+0xe1c340], sa_mask[0]=11111111011111111101111111111110, sa_flags=SA_RESTART|SA_SIGINFO
SIGUSR2: [libjvm.so+0xbec020], sa_mask[0]=00000000000000000000000000000000, sa_flags=SA_RESTART|SA_SIGINFO
SIGHUP: [libjvm.so+0xbec380], sa_mask[0]=11111111011111111101111111111110, sa_flags=SA_RESTART|SA_SIGINFO
SIGINT: SIG_IGN, sa_mask[0]=00000000000000000000000000000000, sa_flags=none
SIGTERM: [libjvm.so+0xbec380], sa_mask[0]=11111111011111111101111111111110, sa_flags=SA_RESTART|SA_SIGINFO
SIGQUIT: [libjvm.so+0xbec380], sa_mask[0]=11111111011111111101111111111110, sa_flags=SA_RESTART|SA_SIGINFO


---------------  S Y S T E M  ---------------

OS:DISTRIB_ID=Ubuntu
DISTRIB_RELEASE=18.04
DISTRIB_CODENAME=bionic
DISTRIB_DESCRIPTION="Ubuntu 18.04.4 LTS"
uname:Linux 4.15.0-121-generic #123-Ubuntu SMP Mon Oct 5 16:16:40 UTC 2020 x86_64
OS uptime: 22 days 23:44 hours
libc:glibc 2.27 NPTL 2.27 
rlimit (soft/hard): STACK 8192k/infinity , CORE 0k/infinity , NPROC 3838/3838 , NOFILE 1048576/1048576 , AS infinity/infinity , CPU infinity/infinity , DATA infinity/infinity , FSIZE infinity/infinity , MEMLOCK 16384k/16384k
load average:3.24 1.67 0.65

/proc/meminfo:
MemTotal:        1008828 kB
MemFree:           70744 kB
MemAvailable:      11404 kB
Buffers:             116 kB
Cached:             1780 kB
SwapCached:            0 kB
Active:           852828 kB
Inactive:            944 kB
Active(anon):     852268 kB
Inactive(anon):      216 kB
Active(file):        560 kB
Inactive(file):      728 kB
Unevictable:           0 kB
Mlocked:               0 kB
SwapTotal:             0 kB
SwapFree:              0 kB
Dirty:                44 kB
Writeback:             0 kB
AnonPages:        851908 kB
Mapped:             1028 kB
Shmem:               576 kB
Slab:              51720 kB
SReclaimable:      22704 kB
SUnreclaim:        29016 kB
KernelStack:        2496 kB
PageTables:        11036 kB
NFS_Unstable:          0 kB
Bounce:                0 kB
WritebackTmp:          0 kB
CommitLimit:      504412 kB
Committed_AS:    1099396 kB
VmallocTotal:   34359738367 kB
VmallocUsed:           0 kB
VmallocChunk:          0 kB
HardwareCorrupted:     0 kB
AnonHugePages:         0 kB
ShmemHugePages:        0 kB
ShmemPmdMapped:        0 kB
CmaTotal:              0 kB
CmaFree:               0 kB
HugePages_Total:       0
HugePages_Free:        0
HugePages_Rsvd:        0
HugePages_Surp:        0
Hugepagesize:       2048 kB
DirectMap4k:      235500 kB
DirectMap2M:      813056 kB

/sys/kernel/mm/transparent_hugepage/enabled:
always [madvise] never
/sys/kernel/mm/transparent_hugepage/defrag (defrag/compaction efforts parameter):
always defer defer+madvise [madvise] never

/proc/sys/kernel/threads-max (system-wide limit on the number of threads):
7677
/proc/sys/vm/max_map_count (maximum number of memory map areas a process may have):
65530
/proc/sys/kernel/pid_max (system-wide limit on number of process identifiers):
32768

container (cgroup) information:
container_type: cgroupv1
cpu_cpuset_cpus: 0
cpu_memory_nodes: 0
active_processor_count: 1
cpu_quota: -1
cpu_period: 100000
cpu_shares: -1
memory_limit_in_bytes: -1
memory_and_swap_limit_in_bytes: -2
memory_soft_limit_in_bytes: -1
memory_usage_in_bytes: 844333056
memory_max_usage_in_bytes: 869949440

KVM virtualization detected
Steal ticks since vm start: 1
Steal ticks percentage since vm start:  0.000

CPU:total 1 (initial active 1) (1 cores per cpu, 1 threads per core) family 6 model 79 stepping 1, cmov, cx8, fxsr, mmx, sse, sse2, sse3, ssse3, sse4.1, sse4.2, popcnt, avx, avx2, aes, clmul, erms, 3dnowpref, lzcnt, tsc, bmi1, bmi2, adx, fma
CPU Model and flags from /proc/cpuinfo:
model name	: Intel(R) Xeon(R) CPU E5-2650 v4 @ 2.20GHz
flags		: fpu vme de pse tsc msr pae mce cx8 apic sep mtrr pge mca cmov pat pse36 clflush mmx fxsr sse sse2 ss syscall nx rdtscp lm constant_tsc arch_perfmon rep_good nopl cpuid tsc_known_freq pni pclmulqdq vmx ssse3 fma cx16 pcid sse4_1 sse4_2 x2apic movbe popcnt tsc_deadline_timer aes xsave avx f16c rdrand hypervisor lahf_lm abm 3dnowprefetch cpuid_fault invpcid_single pti ssbd ibrs ibpb tpr_shadow vnmi flexpriority ept vpid fsgsbase tsc_adjust bmi1 avx2 smep bmi2 erms invpcid rdseed adx smap xsaveopt md_clear
Online cpus:
0
Offline cpus:

BIOS frequency limitation:
<Not Available>
Frequency switch latency (ns):
<Not Available>
Available cpu frequencies:
<Not Available>
Current governor:
<Not Available>
Core performance/turbo boost:
<Not Available>

Memory: 4k page, physical 1008828k(70372k free), swap 0k(0k free)

vm_info: OpenJDK 64-Bit Server VM (11.0.9+11-Ubuntu-0ubuntu1.18.04.1) for linux-amd64 JRE (11.0.9+11-Ubuntu-0ubuntu1.18.04.1), built on Oct 22 2020 05:32:59 by "unknown" with gcc 7.5.0

END.
