#
# There is insufficient memory for the Java Runtime Environment to continue.
# Native memory allocation (mmap) failed to map 22503424 bytes for committing reserved memory.
# Possible reasons:
#   The system is out of physical RAM or swap space
#   The process is running with CompressedOops enabled, and the Java Heap may be blocking the growth of the native heap
# Possible solutions:
#   Reduce memory load on the system
#   Increase physical memory or swap space
#   Check if swap backing store is full
#   Decrease Java heap size (-Xmx/-Xms)
#   Decrease number of Java threads
#   Decrease Java thread stack sizes (-Xss)
#   Set larger code cache with -XX:ReservedCodeCacheSize=
#   JVM is running with Unscaled Compressed Oops mode in which the Java heap is
#     placed in the first 4GB address space. The Java Heap base address is the
#     maximum limit for the native heap growth. Please use -XX:HeapBaseMinAddress
#     to set the Java Heap base and to place the Java Heap above 4GB virtual address.
# This output file may be truncated or incomplete.
#
#  Out of Memory Error (os_linux.cpp:2886), pid=6093, tid=6097
#
# JRE version: OpenJDK Runtime Environment (11.0.8+10) (build 11.0.8+10-post-Ubuntu-0ubuntu118.04.1)
# Java VM: OpenJDK 64-Bit Server VM (11.0.8+10-post-Ubuntu-0ubuntu118.04.1, mixed mode, sharing, tiered, compressed oops, serial gc, linux-amd64)
# Core dump will be written. Default location: Core dumps may be processed with "/usr/share/apport/apport %p %s %c %d %P %E" (or dumping to /root/AUTO_GIT/open-data/COVID-19/core.6093)
#

---------------  S U M M A R Y ------------

Command Line: org.apache.tika.server.TikaServerCli --port 9998 --host localhost

Host: Intel(R) Xeon(R) CPU E5-2650 v4 @ 2.20GHz, 1 cores, 985M, Ubuntu 18.04.4 LTS
Time: Thu Oct 15 18:51:44 2020 EEST elapsed time: 67 seconds (0d 0h 1m 7s)

---------------  T H R E A D  ---------------

Current thread (0x00007fe11404e800):  VMThread "VM Thread" [stack: 0x00007fe1182f3000,0x00007fe1183f3000] [id=6097]

Stack: [0x00007fe1182f3000,0x00007fe1183f3000],  sp=0x00007fe1183f0ff0,  free space=1015k
Native frames: (J=compiled Java code, A=aot compiled Java code, j=interpreted, Vv=VM code, C=native code)
V  [libjvm.so+0xdf8919]
V  [libjvm.so+0xdf95ab]
V  [libjvm.so+0x651835]
V  [libjvm.so+0xbd0542]
V  [libjvm.so+0xbc77ff]
V  [libjvm.so+0xdf0037]
V  [libjvm.so+0x5160c1]
V  [libjvm.so+0x516264]
V  [libjvm.so+0xd7de47]
V  [libjvm.so+0x516a09]
V  [libjvm.so+0x7b13d0]
V  [libjvm.so+0x7b2048]
V  [libjvm.so+0xdf9bef]
V  [libjvm.so+0xdfb1e8]
V  [libjvm.so+0xe01396]
V  [libjvm.so+0xe018a0]
V  [libjvm.so+0xe01d23]
V  [libjvm.so+0xd860bf]
V  [libjvm.so+0xbd632e]

VM_Operation (0x00007fe0ee483000): GenCollectForAllocation, mode: safepoint, requested by thread 0x00007fe1145c4800


---------------  P R O C E S S  ---------------

Threads class SMR info:
_java_thread_list=0x00007fe0f815d210, length=19, elements={
0x00007fe114051800, 0x00007fe114053800, 0x00007fe11405c000, 0x00007fe11405e800,
0x00007fe114060800, 0x00007fe114062800, 0x00007fe1140a5000, 0x00007fe1140af000,
0x00007fe1145c1000, 0x00007fe1145c2800, 0x00007fe1145c4800, 0x00007fe1145c6000,
0x00007fe1145c8000, 0x00007fe1145ca000, 0x00007fe1145cb800, 0x00007fe1145cd800,
0x00007fe114016000, 0x00007fe0f4016800, 0x00007fe0f815c000
}

Java Threads: ( => current thread )
  0x00007fe114051800 JavaThread "Reference Handler" daemon [_thread_blocked, id=6099, stack(0x00007fe1181f0000,0x00007fe1182f1000)]
  0x00007fe114053800 JavaThread "Finalizer" daemon [_thread_blocked, id=6101, stack(0x00007fe1180ef000,0x00007fe1181f0000)]
  0x00007fe11405c000 JavaThread "Signal Dispatcher" daemon [_thread_blocked, id=6102, stack(0x00007fe0fc001000,0x00007fe0fc102000)]
  0x00007fe11405e800 JavaThread "C2 CompilerThread0" daemon [_thread_blocked, id=6104, stack(0x00007fe0efbf1000,0x00007fe0efcf2000)]
  0x00007fe114060800 JavaThread "C1 CompilerThread0" daemon [_thread_blocked, id=6106, stack(0x00007fe0efaf0000,0x00007fe0efbf1000)]
  0x00007fe114062800 JavaThread "Sweeper thread" daemon [_thread_blocked, id=6108, stack(0x00007fe0ef9ef000,0x00007fe0efaf0000)]
  0x00007fe1140a5000 JavaThread "Service Thread" daemon [_thread_blocked, id=6111, stack(0x00007fe0ef8ee000,0x00007fe0ef9ef000)]
  0x00007fe1140af000 JavaThread "Common-Cleaner" daemon [_thread_blocked, id=6114, stack(0x00007fe0ef6eb000,0x00007fe0ef7ec000)]
  0x00007fe1145c1000 JavaThread "qtp1118430673-11" [_thread_in_native, id=6124, stack(0x00007fe0ee588000,0x00007fe0ee689000)]
  0x00007fe1145c2800 JavaThread "qtp1118430673-12-acceptor-0@396d8ed1-ServerConnector@fd0e5b6{HTTP/1.1,[http/1.1]}{localhost:9998}" [_thread_in_native, id=6125, stack(0x00007fe0ee487000,0x00007fe0ee588000)]
  0x00007fe1145c4800 JavaThread "qtp1118430673-13" [_thread_blocked, id=6126, stack(0x00007fe0ee386000,0x00007fe0ee487000)]
  0x00007fe1145c6000 JavaThread "qtp1118430673-14" [_thread_blocked, id=6127, stack(0x00007fe0ee285000,0x00007fe0ee386000)]
  0x00007fe1145c8000 JavaThread "qtp1118430673-15" [_thread_blocked, id=6128, stack(0x00007fe0ee184000,0x00007fe0ee285000)]
  0x00007fe1145ca000 JavaThread "qtp1118430673-16" [_thread_blocked, id=6129, stack(0x00007fe0ee083000,0x00007fe0ee184000)]
  0x00007fe1145cb800 JavaThread "qtp1118430673-17" [_thread_blocked, id=6130, stack(0x00007fe0edf82000,0x00007fe0ee083000)]
  0x00007fe1145cd800 JavaThread "qtp1118430673-18" [_thread_blocked, id=6131, stack(0x00007fe0ede81000,0x00007fe0edf82000)]
  0x00007fe114016000 JavaThread "DestroyJavaVM" [_thread_blocked, id=6095, stack(0x00007fe11c465000,0x00007fe11c566000)]
  0x00007fe0f4016800 JavaThread "Connector-Scheduler-fd0e5b6-1" [_thread_blocked, id=6132, stack(0x00007fe0ed97d000,0x00007fe0eda7e000)]
  0x00007fe0f815c000 JavaThread "Java2D Disposer" daemon [_thread_blocked, id=6133, stack(0x00007fe0ecd47000,0x00007fe0ece48000)]

Other Threads:
=>0x00007fe11404e800 VMThread "VM Thread" [stack: 0x00007fe1182f3000,0x00007fe1183f3000] [id=6097]
  0x00007fe1140a7800 WatcherThread [stack: 0x00007fe0ef7ee000,0x00007fe0ef8ee000] [id=6112]

Threads with active compile tasks:
C2 CompilerThread0  67254 3373       4       org.apache.tika.mime.MediaTypeRegistry::normalize (51 bytes)

VM state:at safepoint (normal execution)

VM Mutex/Monitor currently owned by a thread:  ([mutex/lock_event])
[0x00007fe1140125b0] Threads_lock - owner thread: 0x00007fe11404e800
[0x00007fe114012d90] Heap_lock - owner thread: 0x00007fe1145c4800

Heap address: 0x00000000f0800000, size: 248 MB, Compressed Oops mode: 32-bit
Narrow klass base: 0x0000000800000000, Narrow klass shift: 3
Compressed class space size: 1073741824 Address: 0x0000000840000000

Heap:
 def new generation   total 58240K, used 0K [0x00000000f0800000, 0x00000000f4730000, 0x00000000f5aa0000)
  eden space 51776K,   0% used [0x00000000f0800000, 0x00000000f0800000, 0x00000000f3a90000)
  from space 6464K,   0% used [0x00000000f3a90000, 0x00000000f3a90000, 0x00000000f40e0000)
  to   space 6464K,   0% used [0x00000000f40e0000, 0x00000000f40e0000, 0x00000000f4730000)
 tenured generation   total 147132K, used 101464K [0x00000000f5aa0000, 0x00000000fea4f000, 0x0000000100000000)
   the space 147132K,  68% used [0x00000000f5aa0000, 0x00000000fbdb62b8, 0x00000000fbdb6400, 0x00000000fea4f000)
 Metaspace       used 23054K, capacity 23562K, committed 23808K, reserved 1071104K
  class space    used 2577K, capacity 2814K, committed 2816K, reserved 1048576K

Card table byte_map: [0x00007fe11c3da000,0x00007fe11c457000] _byte_map_base: 0x00007fe11bc56000

Polling page: 0x00007fe11c570000

Metaspace:

Usage:
  Non-class:     20.26 MB capacity,    20.00 MB ( 99%) used,   214.42 KB (  1%) free+waste,    56.06 KB ( <1%) overhead. 
      Class:      2.75 MB capacity,     2.52 MB ( 92%) used,   205.61 KB (  7%) free+waste,    31.06 KB (  1%) overhead. 
       Both:     23.01 MB capacity,    22.51 MB ( 98%) used,   420.03 KB (  2%) free+waste,    87.12 KB ( <1%) overhead. 

Virtual space:
  Non-class space:       22.00 MB reserved,      20.50 MB ( 93%) committed 
      Class space:        1.00 GB reserved,       2.75 MB ( <1%) committed 
             Both:        1.02 GB reserved,      23.25 MB (  2%) committed 

Chunk freelists:
   Non-Class:  216.00 KB
       Class:  2.00 KB
        Both:  218.00 KB

MaxMetaspaceSize: unlimited
CompressedClassSpaceSize: 1.00 GB

CodeHeap 'non-profiled nmethods': size=120036Kb used=1462Kb max_used=1462Kb free=118573Kb
 bounds [0x00007fe1043c9000, 0x00007fe104639000, 0x00007fe10b902000]
CodeHeap 'profiled nmethods': size=120032Kb used=6626Kb max_used=6735Kb free=113405Kb
 bounds [0x00007fe0fce91000, 0x00007fe0fd541000, 0x00007fe1043c9000]
CodeHeap 'non-nmethods': size=5692Kb used=1170Kb max_used=1213Kb free=4521Kb
 bounds [0x00007fe0fc902000, 0x00007fe0fcb72000, 0x00007fe0fce91000]
 total_blobs=3609 nmethods=3083 adapters=440
 compilation: enabled
              stopped_count=0, restarted_count=0
 full_count=0

Compilation events (20 events):
Event: 66.790 Thread 0x00007fe114060800 3411 %     3       org.apache.pdfbox.contentstream.PDFStreamEngine::showText @ 90 (329 bytes)
Event: 66.792 Thread 0x00007fe114060800 nmethod 3411% 0x00007fe0fd163a10 code [0x00007fe0fd163f00, 0x00007fe0fd166c30]
Event: 66.798 Thread 0x00007fe114060800 3412       3       org.apache.pdfbox.contentstream.PDFStreamEngine::showText (329 bytes)
Event: 66.801 Thread 0x00007fe114060800 nmethod 3412 0x00007fe0fd531010 code [0x00007fe0fd531500, 0x00007fe0fd5345a0]
Event: 66.805 Thread 0x00007fe114060800 3413       2       org.apache.fontbox.ttf.TTFDataStream::readUnsignedShortArray (26 bytes)
Event: 66.806 Thread 0x00007fe114060800 nmethod 3413 0x00007fe0fcfb3c10 code [0x00007fe0fcfb3de0, 0x00007fe0fcfb4080]
Event: 66.820 Thread 0x00007fe114060800 3414       2       jdk.internal.reflect.Reflection::verifyMemberAccess (190 bytes)
Event: 66.823 Thread 0x00007fe114060800 nmethod 3414 0x00007fe0fd00ca10 code [0x00007fe0fd00cd60, 0x00007fe0fd00dac0]
Event: 66.823 Thread 0x00007fe114060800 3416       2       java.awt.geom.Path2D$Iterator::isDone (20 bytes)
Event: 66.823 Thread 0x00007fe114060800 nmethod 3416 0x00007fe0fcf28a90 code [0x00007fe0fcf28c40, 0x00007fe0fcf28d70]
Event: 66.824 Thread 0x00007fe114060800 3415       2       java.math.BigDecimal::getValueString (156 bytes)
Event: 66.824 Thread 0x00007fe114060800 nmethod 3415 0x00007fe0fd023090 code [0x00007fe0fd023320, 0x00007fe0fd023ae0]
Event: 66.826 Thread 0x00007fe114060800 3417       2       sun.util.locale.LocaleUtils::isAlphaNumericString (33 bytes)
Event: 66.826 Thread 0x00007fe114060800 nmethod 3417 0x00007fe0fd018b10 code [0x00007fe0fd018ce0, 0x00007fe0fd0190b0]
Event: 66.831 Thread 0x00007fe114060800 3418       2       jdk.internal.math.FloatingDecimal$BinaryToASCIIBuffer::developLongDigits (304 bytes)
Event: 66.832 Thread 0x00007fe114060800 nmethod 3418 0x00007fe0fd022390 code [0x00007fe0fd022580, 0x00007fe0fd022c90]
Event: 66.853 Thread 0x00007fe114060800 3420       2       sun.awt.geom.AreaOp$CAGOp::classify (80 bytes)
Event: 66.854 Thread 0x00007fe114060800 nmethod 3420 0x00007fe0fcfac510 code [0x00007fe0fcfac6c0, 0x00007fe0fcfac8a0]
Event: 66.862 Thread 0x00007fe114060800 3421       2       org.apache.pdfbox.io.RandomAccessInputStream::<init> (15 bytes)
Event: 66.862 Thread 0x00007fe114060800 nmethod 3421 0x00007fe0fcf37190 code [0x00007fe0fcf37340, 0x00007fe0fcf37470]

GC Heap History (20 events):
Event: 63.262 GC heap after
{Heap after GC invocations=67 (full 5):
 def new generation   total 58240K, used 0K [0x00000000f0800000, 0x00000000f4730000, 0x00000000f5aa0000)
  eden space 51776K,   0% used [0x00000000f0800000, 0x00000000f0800000, 0x00000000f3a90000)
  from space 6464K,   0% used [0x00000000f3a90000, 0x00000000f3a90048, 0x00000000f40e0000)
  to   space 6464K,   0% used [0x00000000f40e0000, 0x00000000f40e0000, 0x00000000f4730000)
 tenured generation   total 129276K, used 110202K [0x00000000f5aa0000, 0x00000000fd8df000, 0x0000000100000000)
   the space 129276K,  85% used [0x00000000f5aa0000, 0x00000000fc63ebf0, 0x00000000fc63ec00, 0x00000000fd8df000)
 Metaspace       used 22994K, capacity 23498K, committed 23808K, reserved 1071104K
  class space    used 2577K, capacity 2814K, committed 2816K, reserved 1048576K
}
Event: 63.371 GC heap before
{Heap before GC invocations=67 (full 5):
 def new generation   total 58240K, used 51776K [0x00000000f0800000, 0x00000000f4730000, 0x00000000f5aa0000)
  eden space 51776K, 100% used [0x00000000f0800000, 0x00000000f3a90000, 0x00000000f3a90000)
  from space 6464K,   0% used [0x00000000f3a90000, 0x00000000f3a90048, 0x00000000f40e0000)
  to   space 6464K,   0% used [0x00000000f40e0000, 0x00000000f40e0000, 0x00000000f4730000)
 tenured generation   total 129276K, used 110202K [0x00000000f5aa0000, 0x00000000fd8df000, 0x0000000100000000)
   the space 129276K,  85% used [0x00000000f5aa0000, 0x00000000fc63ebf0, 0x00000000fc63ec00, 0x00000000fd8df000)
 Metaspace       used 22994K, capacity 23498K, committed 23808K, reserved 1071104K
  class space    used 2577K, capacity 2814K, committed 2816K, reserved 1048576K
}
Event: 63.371 GC heap after
{Heap after GC invocations=68 (full 5):
 def new generation   total 58240K, used 0K [0x00000000f0800000, 0x00000000f4730000, 0x00000000f5aa0000)
  eden space 51776K,   0% used [0x00000000f0800000, 0x00000000f0800000, 0x00000000f3a90000)
  from space 6464K,   0% used [0x00000000f40e0000, 0x00000000f40e0048, 0x00000000f4730000)
  to   space 6464K,   0% used [0x00000000f3a90000, 0x00000000f3a90000, 0x00000000f40e0000)
 tenured generation   total 129276K, used 110202K [0x00000000f5aa0000, 0x00000000fd8df000, 0x0000000100000000)
   the space 129276K,  85% used [0x00000000f5aa0000, 0x00000000fc63ebf0, 0x00000000fc63ec00, 0x00000000fd8df000)
 Metaspace       used 22994K, capacity 23498K, committed 23808K, reserved 1071104K
  class space    used 2577K, capacity 2814K, committed 2816K, reserved 1048576K
}
Event: 63.579 GC heap before
{Heap before GC invocations=68 (full 5):
 def new generation   total 58240K, used 51776K [0x00000000f0800000, 0x00000000f4730000, 0x00000000f5aa0000)
  eden space 51776K, 100% used [0x00000000f0800000, 0x00000000f3a90000, 0x00000000f3a90000)
  from space 6464K,   0% used [0x00000000f40e0000, 0x00000000f40e0048, 0x00000000f4730000)
  to   space 6464K,   0% used [0x00000000f3a90000, 0x00000000f3a90000, 0x00000000f40e0000)
 tenured generation   total 129276K, used 110202K [0x00000000f5aa0000, 0x00000000fd8df000, 0x0000000100000000)
   the space 129276K,  85% used [0x00000000f5aa0000, 0x00000000fc63ebf0, 0x00000000fc63ec00, 0x00000000fd8df000)
 Metaspace       used 23003K, capacity 23498K, committed 23808K, reserved 1071104K
  class space    used 2577K, capacity 2814K, committed 2816K, reserved 1048576K
}
Event: 63.584 GC heap after
{Heap after GC invocations=69 (full 5):
 def new generation   total 58240K, used 6463K [0x00000000f0800000, 0x00000000f4730000, 0x00000000f5aa0000)
  eden space 51776K,   0% used [0x00000000f0800000, 0x00000000f0800000, 0x00000000f3a90000)
  from space 6464K,  99% used [0x00000000f3a90000, 0x00000000f40dfff8, 0x00000000f40e0000)
  to   space 6464K,   0% used [0x00000000f40e0000, 0x00000000f40e0000, 0x00000000f4730000)
 tenured generation   total 129276K, used 113153K [0x00000000f5aa0000, 0x00000000fd8df000, 0x0000000100000000)
   the space 129276K,  87% used [0x00000000f5aa0000, 0x00000000fc920768, 0x00000000fc920800, 0x00000000fd8df000)
 Metaspace       used 23003K, capacity 23498K, committed 23808K, reserved 1071104K
  class space    used 2577K, capacity 2814K, committed 2816K, reserved 1048576K
}
Event: 63.696 GC heap before
{Heap before GC invocations=69 (full 5):
 def new generation   total 58240K, used 58239K [0x00000000f0800000, 0x00000000f4730000, 0x00000000f5aa0000)
  eden space 51776K, 100% used [0x00000000f0800000, 0x00000000f3a90000, 0x00000000f3a90000)
  from space 6464K,  99% used [0x00000000f3a90000, 0x00000000f40dfff8, 0x00000000f40e0000)
  to   space 6464K,   0% used [0x00000000f40e0000, 0x00000000f40e0000, 0x00000000f4730000)
 tenured generation   total 129276K, used 113153K [0x00000000f5aa0000, 0x00000000fd8df000, 0x0000000100000000)
   the space 129276K,  87% used [0x00000000f5aa0000, 0x00000000fc920768, 0x00000000fc920800, 0x00000000fd8df000)
 Metaspace       used 23003K, capacity 23498K, committed 23808K, reserved 1071104K
  class space    used 2577K, capacity 2814K, committed 2816K, reserved 1048576K
}
Event: 63.704 GC heap after
{Heap after GC invocations=70 (full 5):
 def new generation   total 58240K, used 1346K [0x00000000f0800000, 0x00000000f4730000, 0x00000000f5aa0000)
  eden space 51776K,   0% used [0x00000000f0800000, 0x00000000f0800000, 0x00000000f3a90000)
  from space 6464K,  20% used [0x00000000f40e0000, 0x00000000f42308c8, 0x00000000f4730000)
  to   space 6464K,   0% used [0x00000000f3a90000, 0x00000000f3a90000, 0x00000000f40e0000)
 tenured generation   total 129276K, used 119614K [0x00000000f5aa0000, 0x00000000fd8df000, 0x0000000100000000)
   the space 129276K,  92% used [0x00000000f5aa0000, 0x00000000fcf6f930, 0x00000000fcf6fa00, 0x00000000fd8df000)
 Metaspace       used 23003K, capacity 23498K, committed 23808K, reserved 1071104K
  class space    used 2577K, capacity 2814K, committed 2816K, reserved 1048576K
}
Event: 63.809 GC heap before
{Heap before GC invocations=70 (full 5):
 def new generation   total 58240K, used 53122K [0x00000000f0800000, 0x00000000f4730000, 0x00000000f5aa0000)
  eden space 51776K, 100% used [0x00000000f0800000, 0x00000000f3a90000, 0x00000000f3a90000)
  from space 6464K,  20% used [0x00000000f40e0000, 0x00000000f42308c8, 0x00000000f4730000)
  to   space 6464K,   0% used [0x00000000f3a90000, 0x00000000f3a90000, 0x00000000f40e0000)
 tenured generation   total 129276K, used 119614K [0x00000000f5aa0000, 0x00000000fd8df000, 0x0000000100000000)
   the space 129276K,  92% used [0x00000000f5aa0000, 0x00000000fcf6f930, 0x00000000fcf6fa00, 0x00000000fd8df000)
 Metaspace       used 23003K, capacity 23498K, committed 23808K, reserved 1071104K
  class space    used 2577K, capacity 2814K, committed 2816K, reserved 1048576K
}
Event: 63.810 GC heap after
{Heap after GC invocations=71 (full 5):
 def new generation   total 58240K, used 1346K [0x00000000f0800000, 0x00000000f4730000, 0x00000000f5aa0000)
  eden space 51776K,   0% used [0x00000000f0800000, 0x00000000f0800000, 0x00000000f3a90000)
  from space 6464K,  20% used [0x00000000f3a90000, 0x00000000f3be0960, 0x00000000f40e0000)
  to   space 6464K,   0% used [0x00000000f40e0000, 0x00000000f40e0000, 0x00000000f4730000)
 tenured generation   total 129276K, used 119614K [0x00000000f5aa0000, 0x00000000fd8df000, 0x0000000100000000)
   the space 129276K,  92% used [0x00000000f5aa0000, 0x00000000fcf6f930, 0x00000000fcf6fa00, 0x00000000fd8df000)
 Metaspace       used 23003K, capacity 23498K, committed 23808K, reserved 1071104K
  class space    used 2577K, capacity 2814K, committed 2816K, reserved 1048576K
}
Event: 63.963 GC heap before
{Heap before GC invocations=71 (full 5):
 def new generation   total 58240K, used 53122K [0x00000000f0800000, 0x00000000f4730000, 0x00000000f5aa0000)
  eden space 51776K, 100% used [0x00000000f0800000, 0x00000000f3a90000, 0x00000000f3a90000)
  from space 6464K,  20% used [0x00000000f3a90000, 0x00000000f3be0960, 0x00000000f40e0000)
  to   space 6464K,   0% used [0x00000000f40e0000, 0x00000000f40e0000, 0x00000000f4730000)
 tenured generation   total 129276K, used 119614K [0x00000000f5aa0000, 0x00000000fd8df000, 0x0000000100000000)
   the space 129276K,  92% used [0x00000000f5aa0000, 0x00000000fcf6f930, 0x00000000fcf6fa00, 0x00000000fd8df000)
 Metaspace       used 23003K, capacity 23498K, committed 23808K, reserved 1071104K
  class space    used 2577K, capacity 2814K, committed 2816K, reserved 1048576K
}
Event: 63.964 GC heap after
{Heap after GC invocations=72 (full 5):
 def new generation   total 58240K, used 1346K [0x00000000f0800000, 0x00000000f4730000, 0x00000000f5aa0000)
  eden space 51776K,   0% used [0x00000000f0800000, 0x00000000f0800000, 0x00000000f3a90000)
  from space 6464K,  20% used [0x00000000f40e0000, 0x00000000f4230998, 0x00000000f4730000)
  to   space 6464K,   0% used [0x00000000f3a90000, 0x00000000f3a90000, 0x00000000f40e0000)
 tenured generation   total 129276K, used 119614K [0x00000000f5aa0000, 0x00000000fd8df000, 0x0000000100000000)
   the space 129276K,  92% used [0x00000000f5aa0000, 0x00000000fcf6f930, 0x00000000fcf6fa00, 0x00000000fd8df000)
 Metaspace       used 23003K, capacity 23498K, committed 23808K, reserved 1071104K
  class space    used 2577K, capacity 2814K, committed 2816K, reserved 1048576K
}
Event: 64.063 GC heap before
{Heap before GC invocations=72 (full 5):
 def new generation   total 58240K, used 53122K [0x00000000f0800000, 0x00000000f4730000, 0x00000000f5aa0000)
  eden space 51776K, 100% used [0x00000000f0800000, 0x00000000f3a90000, 0x00000000f3a90000)
  from space 6464K,  20% used [0x00000000f40e0000, 0x00000000f4230998, 0x00000000f4730000)
  to   space 6464K,   0% used [0x00000000f3a90000, 0x00000000f3a90000, 0x00000000f40e0000)
 tenured generation   total 129276K, used 119614K [0x00000000f5aa0000, 0x00000000fd8df000, 0x0000000100000000)
   the space 129276K,  92% used [0x00000000f5aa0000, 0x00000000fcf6f930, 0x00000000fcf6fa00, 0x00000000fd8df000)
 Metaspace       used 23003K, capacity 23498K, committed 23808K, reserved 1071104K
  class space    used 2577K, capacity 2814K, committed 2816K, reserved 1048576K
}
Event: 64.064 GC heap after
{Heap after GC invocations=73 (full 5):
 def new generation   total 58240K, used 1346K [0x00000000f0800000, 0x00000000f4730000, 0x00000000f5aa0000)
  eden space 51776K,   0% used [0x00000000f0800000, 0x00000000f0800000, 0x00000000f3a90000)
  from space 6464K,  20% used [0x00000000f3a90000, 0x00000000f3be0948, 0x00000000f40e0000)
  to   space 6464K,   0% used [0x00000000f40e0000, 0x00000000f40e0000, 0x00000000f4730000)
 tenured generation   total 129276K, used 119614K [0x00000000f5aa0000, 0x00000000fd8df000, 0x0000000100000000)
   the space 129276K,  92% used [0x00000000f5aa0000, 0x00000000fcf6f930, 0x00000000fcf6fa00, 0x00000000fd8df000)
 Metaspace       used 23003K, capacity 23498K, committed 23808K, reserved 1071104K
  class space    used 2577K, capacity 2814K, committed 2816K, reserved 1048576K
}
Event: 64.158 GC heap before
{Heap before GC invocations=73 (full 5):
 def new generation   total 58240K, used 53122K [0x00000000f0800000, 0x00000000f4730000, 0x00000000f5aa0000)
  eden space 51776K, 100% used [0x00000000f0800000, 0x00000000f3a90000, 0x00000000f3a90000)
  from space 6464K,  20% used [0x00000000f3a90000, 0x00000000f3be0948, 0x00000000f40e0000)
  to   space 6464K,   0% used [0x00000000f40e0000, 0x00000000f40e0000, 0x00000000f4730000)
 tenured generation   total 129276K, used 119614K [0x00000000f5aa0000, 0x00000000fd8df000, 0x0000000100000000)
   the space 129276K,  92% used [0x00000000f5aa0000, 0x00000000fcf6f930, 0x00000000fcf6fa00, 0x00000000fd8df000)
 Metaspace       used 23003K, capacity 23498K, committed 23808K, reserved 1071104K
  class space    used 2577K, capacity 2814K, committed 2816K, reserved 1048576K
}
Event: 64.159 GC heap after
{Heap after GC invocations=74 (full 5):
 def new generation   total 58240K, used 1346K [0x00000000f0800000, 0x00000000f4730000, 0x00000000f5aa0000)
  eden space 51776K,   0% used [0x00000000f0800000, 0x00000000f0800000, 0x00000000f3a90000)
  from space 6464K,  20% used [0x00000000f40e0000, 0x00000000f42308b8, 0x00000000f4730000)
  to   space 6464K,   0% used [0x00000000f3a90000, 0x00000000f3a90000, 0x00000000f40e0000)
 tenured generation   total 129276K, used 119614K [0x00000000f5aa0000, 0x00000000fd8df000, 0x0000000100000000)
   the space 129276K,  92% used [0x00000000f5aa0000, 0x00000000fcf6f930, 0x00000000fcf6fa00, 0x00000000fd8df000)
 Metaspace       used 23003K, capacity 23498K, committed 23808K, reserved 1071104K
  class space    used 2577K, capacity 2814K, committed 2816K, reserved 1048576K
}
Event: 64.262 GC heap before
{Heap before GC invocations=74 (full 5):
 def new generation   total 58240K, used 53122K [0x00000000f0800000, 0x00000000f4730000, 0x00000000f5aa0000)
  eden space 51776K, 100% used [0x00000000f0800000, 0x00000000f3a90000, 0x00000000f3a90000)
  from space 6464K,  20% used [0x00000000f40e0000, 0x00000000f42308b8, 0x00000000f4730000)
  to   space 6464K,   0% used [0x00000000f3a90000, 0x00000000f3a90000, 0x00000000f40e0000)
 tenured generation   total 129276K, used 119614K [0x00000000f5aa0000, 0x00000000fd8df000, 0x0000000100000000)
   the space 129276K,  92% used [0x00000000f5aa0000, 0x00000000fcf6f930, 0x00000000fcf6fa00, 0x00000000fd8df000)
 Metaspace       used 23003K, capacity 23498K, committed 23808K, reserved 1071104K
  class space    used 2577K, capacity 2814K, committed 2816K, reserved 1048576K
}
Event: 64.263 GC heap after
{Heap after GC invocations=75 (full 5):
 def new generation   total 58240K, used 1346K [0x00000000f0800000, 0x00000000f4730000, 0x00000000f5aa0000)
  eden space 51776K,   0% used [0x00000000f0800000, 0x00000000f0800000, 0x00000000f3a90000)
  from space 6464K,  20% used [0x00000000f3a90000, 0x00000000f3be0998, 0x00000000f40e0000)
  to   space 6464K,   0% used [0x00000000f40e0000, 0x00000000f40e0000, 0x00000000f4730000)
 tenured generation   total 129276K, used 119614K [0x00000000f5aa0000, 0x00000000fd8df000, 0x0000000100000000)
   the space 129276K,  92% used [0x00000000f5aa0000, 0x00000000fcf6f930, 0x00000000fcf6fa00, 0x00000000fd8df000)
 Metaspace       used 23003K, capacity 23498K, committed 23808K, reserved 1071104K
  class space    used 2577K, capacity 2814K, committed 2816K, reserved 1048576K
}
Event: 66.663 GC heap before
{Heap before GC invocations=75 (full 5):
 def new generation   total 58240K, used 45112K [0x00000000f0800000, 0x00000000f4730000, 0x00000000f5aa0000)
  eden space 51776K,  84% used [0x00000000f0800000, 0x00000000f32bd7b0, 0x00000000f3a90000)
  from space 6464K,  20% used [0x00000000f3a90000, 0x00000000f3be0998, 0x00000000f40e0000)
  to   space 6464K,   0% used [0x00000000f40e0000, 0x00000000f40e0000, 0x00000000f4730000)
 tenured generation   total 129276K, used 119614K [0x00000000f5aa0000, 0x00000000fd8df000, 0x0000000100000000)
   the space 129276K,  92% used [0x00000000f5aa0000, 0x00000000fcf6f930, 0x00000000fcf6fa00, 0x00000000fd8df000)
 Metaspace       used 23017K, capacity 23562K, committed 23808K, reserved 1071104K
  class space    used 2577K, capacity 2814K, committed 2816K, reserved 1048576K
}
Event: 66.666 GC heap after
{Heap after GC invocations=76 (full 5):
 def new generation   total 58240K, used 5785K [0x00000000f0800000, 0x00000000f4730000, 0x00000000f5aa0000)
  eden space 51776K,   0% used [0x00000000f0800000, 0x00000000f0800000, 0x00000000f3a90000)
  from space 6464K,  89% used [0x00000000f40e0000, 0x00000000f4686790, 0x00000000f4730000)
  to   space 6464K,   0% used [0x00000000f3a90000, 0x00000000f3a90000, 0x00000000f40e0000)
 tenured generation   total 129276K, used 119614K [0x00000000f5aa0000, 0x00000000fd8df000, 0x0000000100000000)
   the space 129276K,  92% used [0x00000000f5aa0000, 0x00000000fcf6f930, 0x00000000fcf6fa00, 0x00000000fd8df000)
 Metaspace       used 23017K, capacity 23562K, committed 23808K, reserved 1071104K
  class space    used 2577K, capacity 2814K, committed 2816K, reserved 1048576K
}
Event: 67.042 GC heap before
{Heap before GC invocations=76 (full 5):
 def new generation   total 58240K, used 57561K [0x00000000f0800000, 0x00000000f4730000, 0x00000000f5aa0000)
  eden space 51776K, 100% used [0x00000000f0800000, 0x00000000f3a90000, 0x00000000f3a90000)
  from space 6464K,  89% used [0x00000000f40e0000, 0x00000000f4686790, 0x00000000f4730000)
  to   space 6464K,   0% used [0x00000000f3a90000, 0x00000000f3a90000, 0x00000000f40e0000)
 tenured generation   total 129276K, used 119614K [0x00000000f5aa0000, 0x00000000fd8df000, 0x0000000100000000)
   the space 129276K,  92% used [0x00000000f5aa0000, 0x00000000fcf6f930, 0x00000000fcf6fa00, 0x00000000fd8df000)
 Metaspace       used 23054K, capacity 23562K, committed 23808K, reserved 1071104K
  class space    used 2577K, capacity 2814K, committed 2816K, reserved 1048576K
}

Deoptimization events (20 events):
Event: 62.108 Thread 0x00007fe1145c8000 Uncommon trap: trap_request=0xffffffde fr.pc=0x00007fe10450843c relative=0x0000000000003edc
Event: 62.108 Thread 0x00007fe1145c8000 Uncommon trap: reason=class_check action=maybe_recompile pc=0x00007fe10450843c method=org.apache.pdfbox.cos.COSArray.get(I)Lorg/apache/pdfbox/cos/COSBase; @ 10 c2
Event: 62.108 Thread 0x00007fe1145c8000 DEOPT PACKING pc=0x00007fe10450843c sp=0x00007fe0ee281150
Event: 62.108 Thread 0x00007fe1145c8000 DEOPT UNPACKING pc=0x00007fe0fc9281a5 sp=0x00007fe0ee281048 mode 2
Event: 62.108 Thread 0x00007fe1145c8000 Uncommon trap: trap_request=0xffffffde fr.pc=0x00007fe10450843c relative=0x0000000000003edc
Event: 62.108 Thread 0x00007fe1145c8000 Uncommon trap: reason=class_check action=maybe_recompile pc=0x00007fe10450843c method=org.apache.pdfbox.cos.COSArray.get(I)Lorg/apache/pdfbox/cos/COSBase; @ 10 c2
Event: 62.108 Thread 0x00007fe1145c8000 DEOPT PACKING pc=0x00007fe10450843c sp=0x00007fe0ee281150
Event: 62.108 Thread 0x00007fe1145c8000 DEOPT UNPACKING pc=0x00007fe0fc9281a5 sp=0x00007fe0ee281048 mode 2
Event: 62.172 Thread 0x00007fe1145c8000 DEOPT PACKING pc=0x00007fe0fd02a3f4 sp=0x00007fe0ee2814f0
Event: 62.172 Thread 0x00007fe1145c8000 DEOPT UNPACKING pc=0x00007fe0fc927fba sp=0x00007fe0ee280a50 mode 0
Event: 62.290 Thread 0x00007fe1145c8000 DEOPT PACKING pc=0x00007fe0fd3e62f6 sp=0x00007fe0ee281460
Event: 62.290 Thread 0x00007fe1145c8000 DEOPT UNPACKING pc=0x00007fe0fc927fba sp=0x00007fe0ee2809a8 mode 0
Event: 64.378 Thread 0x00007fe1145c8000 Uncommon trap: trap_request=0xffffffde fr.pc=0x00007fe1044553d4 relative=0x0000000000000114
Event: 64.378 Thread 0x00007fe1145c8000 Uncommon trap: reason=class_check action=maybe_recompile pc=0x00007fe1044553d4 method=java.nio.DirectByteBuffer.<init>(Lsun/nio/ch/DirectBuffer;IIIII)V @ 12 c2
Event: 64.378 Thread 0x00007fe1145c8000 DEOPT PACKING pc=0x00007fe1044553d4 sp=0x00007fe0ee281e40
Event: 64.378 Thread 0x00007fe1145c8000 DEOPT UNPACKING pc=0x00007fe0fc9281a5 sp=0x00007fe0ee281e38 mode 2
Event: 66.717 Thread 0x00007fe1145c4800 DEOPT PACKING pc=0x00007fe0fd2e1da9 sp=0x00007fe0ee4831f0
Event: 66.717 Thread 0x00007fe1145c4800 DEOPT UNPACKING pc=0x00007fe0fc927fba sp=0x00007fe0ee4827d8 mode 0
Event: 66.793 Thread 0x00007fe1145c4800 DEOPT PACKING pc=0x00007fe0fd391e78 sp=0x00007fe0ee483060
Event: 66.793 Thread 0x00007fe1145c4800 DEOPT UNPACKING pc=0x00007fe0fc927fba sp=0x00007fe0ee482608 mode 0

Classes redefined (0 events):
No events

Internal exceptions (20 events):
Event: 3.822 Thread 0x00007fe114016000 Exception <a 'java/lang/NoClassDefFoundError'{0x00000000f09ca908}: org/apache/cxf/ws/policy/builder/jaxb/JaxbAssertionBuilder> (0x00000000f09ca908) thrown at [./src/hotspot/share/classfile/systemDictionary.cpp, line 220]
Event: 3.822 Thread 0x00007fe114016000 Exception <a 'java/lang/NoClassDefFoundError'{0x00000000f09ccee8}: org/apache/cxf/ws/policy/AbstractPolicyInterceptorProvider> (0x00000000f09ccee8) thrown at [./src/hotspot/share/classfile/systemDictionary.cpp, line 220]
Event: 3.823 Thread 0x00007fe114016000 Exception <a 'java/lang/NoClassDefFoundError'{0x00000000f09cf448}: org/apache/cxf/ws/policy/AbstractPolicyInterceptorProvider> (0x00000000f09cf448) thrown at [./src/hotspot/share/classfile/systemDictionary.cpp, line 220]
Event: 3.823 Thread 0x00007fe114016000 Exception <a 'java/lang/NoClassDefFoundError'{0x00000000f09d19a8}: org/apache/cxf/ws/policy/AbstractPolicyInterceptorProvider> (0x00000000f09d19a8) thrown at [./src/hotspot/share/classfile/systemDictionary.cpp, line 220]
Event: 3.865 Thread 0x00007fe114016000 Exception <a 'java/lang/reflect/InvocationTargetException'{0x00000000f0a92e10}> (0x00000000f0a92e10) thrown at [./src/hotspot/share/runtime/reflection.cpp, line 1247]
Event: 4.556 Thread 0x00007fe114016000 Exception <a 'java/lang/NoSuchMethodError'{0x00000000f0ba7880}: 'java.lang.Object java.lang.invoke.DirectMethodHandle$Holder.invokeStaticInit(java.lang.Object, java.lang.Object, java.lang.Object)'> (0x00000000f0ba7880) thrown at [./src/hotspot/share/interpreter/linkResolver.cpp, line 773]
Event: 4.603 Thread 0x00007fe114016000 Exception <a 'java/lang/NoSuchMethodError'{0x00000000f0c54b70}: 'void java.lang.invoke.DirectMethodHandle$Holder.invokeStaticInit(java.lang.Object)'> (0x00000000f0c54b70) thrown at [./src/hotspot/share/interpreter/linkResolver.cpp, line 773]
Event: 4.700 Thread 0x00007fe114016000 Exception <a 'java/lang/NoSuchMethodError'{0x00000000f0e8ef88}: 'int java.lang.invoke.DirectMethodHandle$Holder.invokeInterface(java.lang.Object, java.lang.Object)'> (0x00000000f0e8ef88) thrown at [./src/hotspot/share/interpreter/linkResolver.cpp, line 773]
Event: 4.767 Thread 0x00007fe114016000 Exception <a 'java/lang/NoSuchMethodError'{0x00000000f0810cf8}: 'void java.lang.invoke.DirectMethodHandle$Holder.invokeInterface(java.lang.Object, java.lang.Object)'> (0x00000000f0810cf8) thrown at [./src/hotspot/share/interpreter/linkResolver.cpp, line 773]
Event: 4.769 Thread 0x00007fe1145c1000 Implicit null exception at 0x00007fe10444cf9b to 0x00007fe10444d05c
Event: 4.811 Thread 0x00007fe114016000 Exception <a 'java/lang/NoSuchMethodError'{0x00000000f08f4af0}: 'void java.lang.invoke.DirectMethodHandle$Holder.invokeStaticInit(java.lang.Object, java.lang.Object, java.lang.Object)'> (0x00000000f08f4af0) thrown at [./src/hotspot/share/interpreter/linkResolver.cpp, line 773]
Event: 14.991 Thread 0x00007fe1145c4800 Exception <a 'java/lang/NoSuchMethodError'{0x00000000f0952778}: 'void java.lang.invoke.DirectMethodHandle$Holder.invokeSpecial(java.lang.Object, java.lang.Object)'> (0x00000000f0952778) thrown at [./src/hotspot/share/interpreter/linkResolver.cpp, line 773]
Event: 15.053 Thread 0x00007fe1145c4800 Implicit null exception at 0x00007fe104423f62 to 0x00007fe104424388
Event: 15.153 Thread 0x00007fe1145c8000 Implicit null exception at 0x00007fe10441fbfa to 0x00007fe10441ff38
Event: 15.236 Thread 0x00007fe1145c8000 Exception <a 'java/lang/NoSuchMethodError'{0x00000000f0cb2d78}: 'void java.lang.invoke.DirectMethodHandle$Holder.invokeSpecial(java.lang.Object, java.lang.Object, int)'> (0x00000000f0cb2d78) thrown at [./src/hotspot/share/interpreter/linkResolver.cpp, line 773]
Event: 15.769 Thread 0x00007fe1145c8000 Exception <a 'java/lang/ClassNotFoundException'{0x00000000f12ee5e8}: sun/awt/resources/spi/awtProvider> (0x00000000f12ee5e8) thrown at [./src/hotspot/share/classfile/systemDictionary.cpp, line 231]
Event: 15.791 Thread 0x00007fe1145c8000 Exception <a 'java/io/FileNotFoundException'{0x00000000f132ddf8}> (0x00000000f132ddf8) thrown at [./src/hotspot/share/prims/jni.cpp, line 615]
Event: 20.659 Thread 0x00007fe1145c8000 Implicit null exception at 0x00007fe1044c89d2 to 0x00007fe1044c8f30
Event: 22.357 Thread 0x00007fe1145c8000 Exception <a 'java/lang/NoSuchMethodError'{0x00000000f24c6700}: 'void java.lang.invoke.DirectMethodHandle$Holder.invokeVirtual(java.lang.Object, java.lang.Object)'> (0x00000000f24c6700) thrown at [./src/hotspot/share/interpreter/linkResolver.cpp, line 773]
Event: 58.743 Thread 0x00007fe1145c6000 Implicit null exception at 0x00007fe10441efdc to 0x00007fe10441f2f0

Events (20 events):
Event: 66.683 Executing VM operation: RevokeBias done
Event: 66.683 Executing VM operation: RevokeBias
Event: 66.683 Executing VM operation: RevokeBias done
Event: 66.683 Executing VM operation: RevokeBias
Event: 66.683 Executing VM operation: RevokeBias done
Event: 66.683 Executing VM operation: RevokeBias
Event: 66.683 Executing VM operation: RevokeBias done
Event: 66.683 Executing VM operation: RevokeBias
Event: 66.683 Executing VM operation: RevokeBias done
Event: 66.683 Executing VM operation: RevokeBias
Event: 66.683 Executing VM operation: RevokeBias done
Event: 66.683 Executing VM operation: RevokeBias
Event: 66.683 Executing VM operation: RevokeBias done
Event: 66.683 Executing VM operation: RevokeBias
Event: 66.683 Executing VM operation: RevokeBias done
Event: 66.683 Executing VM operation: RevokeBias
Event: 66.683 Executing VM operation: RevokeBias done
Event: 66.683 Executing VM operation: BulkRevokeBias
Event: 66.684 Executing VM operation: BulkRevokeBias done
Event: 67.042 Executing VM operation: GenCollectForAllocation


Dynamic libraries:
f0800000-f4730000 rw-p 00000000 00:00 0 
f4730000-f5aa0000 ---p 00000000 00:00 0 
f5aa0000-fea4f000 rw-p 00000000 00:00 0 
fffc5000-100000000 ---p 00000000 00:00 0 
800000000-800002000 rwxp 00001000 fc:01 1548346                          /usr/lib/jvm/java-11-openjdk-amd64/lib/server/classes.jsa
800002000-8003b9000 rw-p 00003000 fc:01 1548346                          /usr/lib/jvm/java-11-openjdk-amd64/lib/server/classes.jsa
8003b9000-800a81000 r--p 003ba000 fc:01 1548346                          /usr/lib/jvm/java-11-openjdk-amd64/lib/server/classes.jsa
800a81000-800a82000 rw-p 00a82000 fc:01 1548346                          /usr/lib/jvm/java-11-openjdk-amd64/lib/server/classes.jsa
800a82000-80108f000 r--p 00a83000 fc:01 1548346                          /usr/lib/jvm/java-11-openjdk-amd64/lib/server/classes.jsa
840000000-8402c0000 rw-p 00000000 00:00 0 
8402c0000-880000000 ---p 00000000 00:00 0 
56504740a000-56504740b000 r-xp 00000000 fc:01 1036267                    /usr/lib/jvm/java-11-openjdk-amd64/bin/java
56504760b000-56504760c000 r--p 00001000 fc:01 1036267                    /usr/lib/jvm/java-11-openjdk-amd64/bin/java
56504760c000-56504760d000 rw-p 00002000 fc:01 1036267                    /usr/lib/jvm/java-11-openjdk-amd64/bin/java
565048889000-5650488aa000 rw-p 00000000 00:00 0                          [heap]
7fe0d8000000-7fe0d8021000 rw-p 00000000 00:00 0 
7fe0d8021000-7fe0dc000000 ---p 00000000 00:00 0 
7fe0e0000000-7fe0e18c3000 rw-p 00000000 00:00 0 
7fe0e18c3000-7fe0e4000000 ---p 00000000 00:00 0 
7fe0e4000000-7fe0e48cb000 rw-p 00000000 00:00 0 
7fe0e48cb000-7fe0e8000000 ---p 00000000 00:00 0 
7fe0e8000000-7fe0e8021000 rw-p 00000000 00:00 0 
7fe0e8021000-7fe0ec000000 ---p 00000000 00:00 0 
7fe0ec947000-7fe0ec9c7000 rw-p 00000000 00:00 0 
7fe0ec9c7000-7fe0ecb47000 ---p 00000000 00:00 0 
7fe0ecb47000-7fe0ecd47000 rw-p 00000000 00:00 0 
7fe0ecd47000-7fe0ecd4b000 ---p 00000000 00:00 0 
7fe0ecd4b000-7fe0ece48000 rw-p 00000000 00:00 0 
7fe0ece48000-7fe0ece9a000 r-xp 00000000 fc:01 69369                      /usr/lib/x86_64-linux-gnu/liblcms2.so.2.0.8
7fe0ece9a000-7fe0ed09a000 ---p 00052000 fc:01 69369                      /usr/lib/x86_64-linux-gnu/liblcms2.so.2.0.8
7fe0ed09a000-7fe0ed09c000 r--p 00052000 fc:01 69369                      /usr/lib/x86_64-linux-gnu/liblcms2.so.2.0.8
7fe0ed09c000-7fe0ed09f000 rw-p 00054000 fc:01 69369                      /usr/lib/x86_64-linux-gnu/liblcms2.so.2.0.8
7fe0ed09f000-7fe0ed0a0000 rw-p 00000000 00:00 0 
7fe0ed0a0000-7fe0ed0a4000 r-xp 00000000 fc:01 1548325                    /usr/lib/jvm/java-11-openjdk-amd64/lib/liblcms.so
7fe0ed0a4000-7fe0ed2a3000 ---p 00004000 fc:01 1548325                    /usr/lib/jvm/java-11-openjdk-amd64/lib/liblcms.so
7fe0ed2a3000-7fe0ed2a4000 r--p 00003000 fc:01 1548325                    /usr/lib/jvm/java-11-openjdk-amd64/lib/liblcms.so
7fe0ed2a4000-7fe0ed2a5000 rw-p 00004000 fc:01 1548325                    /usr/lib/jvm/java-11-openjdk-amd64/lib/liblcms.so
7fe0ed2a5000-7fe0ed2ad000 r-xp 00000000 fc:01 1548308                    /usr/lib/jvm/java-11-openjdk-amd64/lib/libawt_headless.so
7fe0ed2ad000-7fe0ed4ac000 ---p 00008000 fc:01 1548308                    /usr/lib/jvm/java-11-openjdk-amd64/lib/libawt_headless.so
7fe0ed4ac000-7fe0ed4ad000 r--p 00007000 fc:01 1548308                    /usr/lib/jvm/java-11-openjdk-amd64/lib/libawt_headless.so
7fe0ed4ad000-7fe0ed4ae000 rw-p 00008000 fc:01 1548308                    /usr/lib/jvm/java-11-openjdk-amd64/lib/libawt_headless.so
7fe0ed4ae000-7fe0ed54c000 r-xp 00000000 fc:01 1548307                    /usr/lib/jvm/java-11-openjdk-amd64/lib/libawt.so
7fe0ed54c000-7fe0ed74c000 ---p 0009e000 fc:01 1548307                    /usr/lib/jvm/java-11-openjdk-amd64/lib/libawt.so
7fe0ed74c000-7fe0ed74d000 r--p 0009e000 fc:01 1548307                    /usr/lib/jvm/java-11-openjdk-amd64/lib/libawt.so
7fe0ed74d000-7fe0ed758000 rw-p 0009f000 fc:01 1548307                    /usr/lib/jvm/java-11-openjdk-amd64/lib/libawt.so
7fe0ed758000-7fe0ed97d000 rw-p 00000000 00:00 0 
7fe0ed97d000-7fe0ed981000 ---p 00000000 00:00 0 
7fe0ed981000-7fe0edc7e000 rw-p 00000000 00:00 0 
7fe0edc7e000-7fe0edc80000 r-xp 00000000 fc:01 1548311                    /usr/lib/jvm/java-11-openjdk-amd64/lib/libextnet.so
7fe0edc80000-7fe0ede7f000 ---p 00002000 fc:01 1548311                    /usr/lib/jvm/java-11-openjdk-amd64/lib/libextnet.so
7fe0ede7f000-7fe0ede80000 r--p 00001000 fc:01 1548311                    /usr/lib/jvm/java-11-openjdk-amd64/lib/libextnet.so
7fe0ede80000-7fe0ede81000 rw-p 00002000 fc:01 1548311                    /usr/lib/jvm/java-11-openjdk-amd64/lib/libextnet.so
7fe0ede81000-7fe0ede85000 ---p 00000000 00:00 0 
7fe0ede85000-7fe0edf82000 rw-p 00000000 00:00 0 
7fe0edf82000-7fe0edf86000 ---p 00000000 00:00 0 
7fe0edf86000-7fe0ee083000 rw-p 00000000 00:00 0 
7fe0ee083000-7fe0ee087000 ---p 00000000 00:00 0 
7fe0ee087000-7fe0ee184000 rw-p 00000000 00:00 0 
7fe0ee184000-7fe0ee188000 ---p 00000000 00:00 0 
7fe0ee188000-7fe0ee285000 rw-p 00000000 00:00 0 
7fe0ee285000-7fe0ee289000 ---p 00000000 00:00 0 
7fe0ee289000-7fe0ee386000 rw-p 00000000 00:00 0 
7fe0ee386000-7fe0ee38a000 ---p 00000000 00:00 0 
7fe0ee38a000-7fe0ee487000 rw-p 00000000 00:00 0 
7fe0ee487000-7fe0ee48b000 ---p 00000000 00:00 0 
7fe0ee48b000-7fe0ee588000 rw-p 00000000 00:00 0 
7fe0ee588000-7fe0ee58c000 ---p 00000000 00:00 0 
7fe0ee58c000-7fe0ee689000 rw-p 00000000 00:00 0 
7fe0ee689000-7fe0ee68e000 r-xp 00000000 fc:01 1548328                    /usr/lib/jvm/java-11-openjdk-amd64/lib/libmanagement_ext.so
7fe0ee68e000-7fe0ee88d000 ---p 00005000 fc:01 1548328                    /usr/lib/jvm/java-11-openjdk-amd64/lib/libmanagement_ext.so
7fe0ee88d000-7fe0ee88e000 r--p 00004000 fc:01 1548328                    /usr/lib/jvm/java-11-openjdk-amd64/lib/libmanagement_ext.so
7fe0ee88e000-7fe0ee88f000 rw-p 00005000 fc:01 1548328                    /usr/lib/jvm/java-11-openjdk-amd64/lib/libmanagement_ext.so
7fe0ee88f000-7fe0ee893000 r-xp 00000000 fc:01 1548326                    /usr/lib/jvm/java-11-openjdk-amd64/lib/libmanagement.so
7fe0ee893000-7fe0eea92000 ---p 00004000 fc:01 1548326                    /usr/lib/jvm/java-11-openjdk-amd64/lib/libmanagement.so
7fe0eea92000-7fe0eea93000 r--p 00003000 fc:01 1548326                    /usr/lib/jvm/java-11-openjdk-amd64/lib/libmanagement.so
7fe0eea93000-7fe0eea94000 rw-p 00004000 fc:01 1548326                    /usr/lib/jvm/java-11-openjdk-amd64/lib/libmanagement.so
7fe0eea94000-7fe0eec94000 rw-p 00000000 00:00 0 
7fe0eec94000-7fe0eecbe000 r-xp 00000000 fc:01 1548336                    /usr/lib/jvm/java-11-openjdk-amd64/lib/libsunec.so
7fe0eecbe000-7fe0eeebd000 ---p 0002a000 fc:01 1548336                    /usr/lib/jvm/java-11-openjdk-amd64/lib/libsunec.so
7fe0eeebd000-7fe0eeec1000 r--p 00029000 fc:01 1548336                    /usr/lib/jvm/java-11-openjdk-amd64/lib/libsunec.so
7fe0eeec1000-7fe0eeec3000 rw-p 0002d000 fc:01 1548336                    /usr/lib/jvm/java-11-openjdk-amd64/lib/libsunec.so
7fe0eeec3000-7fe0ef0c3000 rw-p 00000000 00:00 0 
7fe0ef0c3000-7fe0ef2c3000 rw-p 00000000 00:00 0 
7fe0ef2c3000-7fe0ef2d9000 r-xp 00000000 fc:01 1548330                    /usr/lib/jvm/java-11-openjdk-amd64/lib/libnet.so
7fe0ef2d9000-7fe0ef4d8000 ---p 00016000 fc:01 1548330                    /usr/lib/jvm/java-11-openjdk-amd64/lib/libnet.so
7fe0ef4d8000-7fe0ef4d9000 r--p 00015000 fc:01 1548330                    /usr/lib/jvm/java-11-openjdk-amd64/lib/libnet.so
7fe0ef4d9000-7fe0ef4da000 rw-p 00016000 fc:01 1548330                    /usr/lib/jvm/java-11-openjdk-amd64/lib/libnet.so
7fe0ef4da000-7fe0ef4ea000 r-xp 00000000 fc:01 1548331                    /usr/lib/jvm/java-11-openjdk-amd64/lib/libnio.so
7fe0ef4ea000-7fe0ef6e9000 ---p 00010000 fc:01 1548331                    /usr/lib/jvm/java-11-openjdk-amd64/lib/libnio.so
7fe0ef6e9000-7fe0ef6ea000 r--p 0000f000 fc:01 1548331                    /usr/lib/jvm/java-11-openjdk-amd64/lib/libnio.so
7fe0ef6ea000-7fe0ef6eb000 rw-p 00010000 fc:01 1548331                    /usr/lib/jvm/java-11-openjdk-amd64/lib/libnio.so
7fe0ef6eb000-7fe0ef6ef000 ---p 00000000 00:00 0 
7fe0ef6ef000-7fe0ef7ec000 rw-p 00000000 00:00 0 
7fe0ef7ec000-7fe0ef7ed000 ---p 00000000 00:00 0 
7fe0ef7ed000-7fe0ef8ee000 rw-p 00000000 00:00 0 
7fe0ef8ee000-7fe0ef8f2000 ---p 00000000 00:00 0 
7fe0ef8f2000-7fe0ef9ef000 rw-p 00000000 00:00 0 
7fe0ef9ef000-7fe0ef9f3000 ---p 00000000 00:00 0 
7fe0ef9f3000-7fe0efaf0000 rw-p 00000000 00:00 0 
7fe0efaf0000-7fe0efaf4000 ---p 00000000 00:00 0 
7fe0efaf4000-7fe0efbf1000 rw-p 00000000 00:00 0 
7fe0efbf1000-7fe0efbf5000 ---p 00000000 00:00 0 
7fe0efbf5000-7fe0efcf2000 rw-p 00000000 00:00 0 
7fe0efcf2000-7fe0efe65000 r--p 00000000 fc:01 28812                      /usr/lib/locale/C.UTF-8/LC_COLLATE
7fe0efe65000-7fe0f0000000 r--p 00000000 fc:01 4118                       /usr/lib/locale/locale-archive
7fe0f0000000-7fe0f003c000 rw-p 00000000 00:00 0 
7fe0f003c000-7fe0f4000000 ---p 00000000 00:00 0 
7fe0f4000000-7fe0f4069000 rw-p 00000000 00:00 0 
7fe0f4069000-7fe0f8000000 ---p 00000000 00:00 0 
7fe0f8000000-7fe0f8241000 rw-p 00000000 00:00 0 
7fe0f8241000-7fe0fc000000 ---p 00000000 00:00 0 
7fe0fc001000-7fe0fc005000 ---p 00000000 00:00 0 
7fe0fc005000-7fe0fc902000 rw-p 00000000 00:00 0 
7fe0fc902000-7fe0fcb72000 rwxp 00000000 00:00 0 
7fe0fcb72000-7fe0fce91000 ---p 00000000 00:00 0 
7fe0fce91000-7fe0fd541000 rwxp 00000000 00:00 0 
7fe0fd541000-7fe1043c9000 ---p 00000000 00:00 0 
7fe1043c9000-7fe104639000 rwxp 00000000 00:00 0 
7fe104639000-7fe10b902000 ---p 00000000 00:00 0 
7fe10b902000-7fe114000000 r--s 00000000 fc:01 1548340                    /usr/lib/jvm/java-11-openjdk-amd64/lib/modules
7fe114000000-7fe1145f5000 rw-p 00000000 00:00 0 
7fe1145f5000-7fe118000000 ---p 00000000 00:00 0 
7fe11808d000-7fe1180be000 rw-p 00000000 00:00 0 
7fe1180be000-7fe1180ef000 r--p 00000000 fc:01 28813                      /usr/lib/locale/C.UTF-8/LC_CTYPE
7fe1180ef000-7fe1180f3000 ---p 00000000 00:00 0 
7fe1180f3000-7fe1181f0000 rw-p 00000000 00:00 0 
7fe1181f0000-7fe1181f4000 ---p 00000000 00:00 0 
7fe1181f4000-7fe1182f1000 rw-p 00000000 00:00 0 
7fe1182f1000-7fe1182f2000 ---p 00000000 00:00 0 
7fe1182f2000-7fe11853e000 rw-p 00000000 00:00 0 
7fe11853e000-7fe118624000 ---p 00000000 00:00 0 
7fe118624000-7fe118632000 rw-p 00000000 00:00 0 
7fe118632000-7fe11870f000 ---p 00000000 00:00 0 
7fe11870f000-7fe118716000 r-xp 00000000 fc:01 1548339                    /usr/lib/jvm/java-11-openjdk-amd64/lib/libzip.so
7fe118716000-7fe118915000 ---p 00007000 fc:01 1548339                    /usr/lib/jvm/java-11-openjdk-amd64/lib/libzip.so
7fe118915000-7fe118916000 r--p 00006000 fc:01 1548339                    /usr/lib/jvm/java-11-openjdk-amd64/lib/libzip.so
7fe118916000-7fe118917000 rw-p 00007000 fc:01 1548339                    /usr/lib/jvm/java-11-openjdk-amd64/lib/libzip.so
7fe118917000-7fe118922000 r-xp 00000000 fc:01 12716                      /lib/x86_64-linux-gnu/libnss_files-2.27.so
7fe118922000-7fe118b21000 ---p 0000b000 fc:01 12716                      /lib/x86_64-linux-gnu/libnss_files-2.27.so
7fe118b21000-7fe118b22000 r--p 0000a000 fc:01 12716                      /lib/x86_64-linux-gnu/libnss_files-2.27.so
7fe118b22000-7fe118b23000 rw-p 0000b000 fc:01 12716                      /lib/x86_64-linux-gnu/libnss_files-2.27.so
7fe118b23000-7fe118b29000 rw-p 00000000 00:00 0 
7fe118b29000-7fe118b40000 r-xp 00000000 fc:01 12713                      /lib/x86_64-linux-gnu/libnsl-2.27.so
7fe118b40000-7fe118d3f000 ---p 00017000 fc:01 12713                      /lib/x86_64-linux-gnu/libnsl-2.27.so
7fe118d3f000-7fe118d40000 r--p 00016000 fc:01 12713                      /lib/x86_64-linux-gnu/libnsl-2.27.so
7fe118d40000-7fe118d41000 rw-p 00017000 fc:01 12713                      /lib/x86_64-linux-gnu/libnsl-2.27.so
7fe118d41000-7fe118d43000 rw-p 00000000 00:00 0 
7fe118d43000-7fe118d4e000 r-xp 00000000 fc:01 12718                      /lib/x86_64-linux-gnu/libnss_nis-2.27.so
7fe118d4e000-7fe118f4d000 ---p 0000b000 fc:01 12718                      /lib/x86_64-linux-gnu/libnss_nis-2.27.so
7fe118f4d000-7fe118f4e000 r--p 0000a000 fc:01 12718                      /lib/x86_64-linux-gnu/libnss_nis-2.27.so
7fe118f4e000-7fe118f4f000 rw-p 0000b000 fc:01 12718                      /lib/x86_64-linux-gnu/libnss_nis-2.27.so
7fe118f4f000-7fe118f57000 r-xp 00000000 fc:01 12714                      /lib/x86_64-linux-gnu/libnss_compat-2.27.so
7fe118f57000-7fe119157000 ---p 00008000 fc:01 12714                      /lib/x86_64-linux-gnu/libnss_compat-2.27.so
7fe119157000-7fe119158000 r--p 00008000 fc:01 12714                      /lib/x86_64-linux-gnu/libnss_compat-2.27.so
7fe119158000-7fe119159000 rw-p 00009000 fc:01 12714                      /lib/x86_64-linux-gnu/libnss_compat-2.27.so
7fe119159000-7fe11915e000 r-xp 00000000 fc:01 1548322                    /usr/lib/jvm/java-11-openjdk-amd64/lib/libjimage.so
7fe11915e000-7fe11935d000 ---p 00005000 fc:01 1548322                    /usr/lib/jvm/java-11-openjdk-amd64/lib/libjimage.so
7fe11935d000-7fe11935e000 r--p 00004000 fc:01 1548322                    /usr/lib/jvm/java-11-openjdk-amd64/lib/libjimage.so
7fe11935e000-7fe11935f000 rw-p 00005000 fc:01 1548322                    /usr/lib/jvm/java-11-openjdk-amd64/lib/libjimage.so
7fe11935f000-7fe119388000 r-xp 00000000 fc:01 1548318                    /usr/lib/jvm/java-11-openjdk-amd64/lib/libjava.so
7fe119388000-7fe119588000 ---p 00029000 fc:01 1548318                    /usr/lib/jvm/java-11-openjdk-amd64/lib/libjava.so
7fe119588000-7fe119589000 r--p 00029000 fc:01 1548318                    /usr/lib/jvm/java-11-openjdk-amd64/lib/libjava.so
7fe119589000-7fe11958a000 rw-p 0002a000 fc:01 1548318                    /usr/lib/jvm/java-11-openjdk-amd64/lib/libjava.so
7fe11958a000-7fe11958b000 rw-p 00000000 00:00 0 
7fe11958b000-7fe119598000 r-xp 00000000 fc:01 1548338                    /usr/lib/jvm/java-11-openjdk-amd64/lib/libverify.so
7fe119598000-7fe119797000 ---p 0000d000 fc:01 1548338                    /usr/lib/jvm/java-11-openjdk-amd64/lib/libverify.so
7fe119797000-7fe119799000 r--p 0000c000 fc:01 1548338                    /usr/lib/jvm/java-11-openjdk-amd64/lib/libverify.so
7fe119799000-7fe11979a000 rw-p 0000e000 fc:01 1548338                    /usr/lib/jvm/java-11-openjdk-amd64/lib/libverify.so
7fe11979a000-7fe1197a1000 r-xp 00000000 fc:01 12728                      /lib/x86_64-linux-gnu/librt-2.27.so
7fe1197a1000-7fe1199a0000 ---p 00007000 fc:01 12728                      /lib/x86_64-linux-gnu/librt-2.27.so
7fe1199a0000-7fe1199a1000 r--p 00006000 fc:01 12728                      /lib/x86_64-linux-gnu/librt-2.27.so
7fe1199a1000-7fe1199a2000 rw-p 00007000 fc:01 12728                      /lib/x86_64-linux-gnu/librt-2.27.so
7fe1199a2000-7fe1199b9000 r-xp 00000000 fc:01 89                         /lib/x86_64-linux-gnu/libgcc_s.so.1
7fe1199b9000-7fe119bb8000 ---p 00017000 fc:01 89                         /lib/x86_64-linux-gnu/libgcc_s.so.1
7fe119bb8000-7fe119bb9000 r--p 00016000 fc:01 89                         /lib/x86_64-linux-gnu/libgcc_s.so.1
7fe119bb9000-7fe119bba000 rw-p 00017000 fc:01 89                         /lib/x86_64-linux-gnu/libgcc_s.so.1
7fe119bba000-7fe119d57000 r-xp 00000000 fc:01 12710                      /lib/x86_64-linux-gnu/libm-2.27.so
7fe119d57000-7fe119f56000 ---p 0019d000 fc:01 12710                      /lib/x86_64-linux-gnu/libm-2.27.so
7fe119f56000-7fe119f57000 r--p 0019c000 fc:01 12710                      /lib/x86_64-linux-gnu/libm-2.27.so
7fe119f57000-7fe119f58000 rw-p 0019d000 fc:01 12710                      /lib/x86_64-linux-gnu/libm-2.27.so
7fe119f58000-7fe11a0d1000 r-xp 00000000 fc:01 104                        /usr/lib/x86_64-linux-gnu/libstdc++.so.6.0.25
7fe11a0d1000-7fe11a2d1000 ---p 00179000 fc:01 104                        /usr/lib/x86_64-linux-gnu/libstdc++.so.6.0.25
7fe11a2d1000-7fe11a2db000 r--p 00179000 fc:01 104                        /usr/lib/x86_64-linux-gnu/libstdc++.so.6.0.25
7fe11a2db000-7fe11a2dd000 rw-p 00183000 fc:01 104                        /usr/lib/x86_64-linux-gnu/libstdc++.so.6.0.25
7fe11a2dd000-7fe11a2e1000 rw-p 00000000 00:00 0 
7fe11a2e1000-7fe11b3bf000 r-xp 00000000 fc:01 1548343                    /usr/lib/jvm/java-11-openjdk-amd64/lib/server/libjvm.so
7fe11b3bf000-7fe11b5be000 ---p 010de000 fc:01 1548343                    /usr/lib/jvm/java-11-openjdk-amd64/lib/server/libjvm.so
7fe11b5be000-7fe11b67b000 r--p 010dd000 fc:01 1548343                    /usr/lib/jvm/java-11-openjdk-amd64/lib/server/libjvm.so
7fe11b67b000-7fe11b6b4000 rw-p 0119a000 fc:01 1548343                    /usr/lib/jvm/java-11-openjdk-amd64/lib/server/libjvm.so
7fe11b6b4000-7fe11b70b000 rw-p 00000000 00:00 0 
7fe11b70b000-7fe11b725000 r-xp 00000000 fc:01 12726                      /lib/x86_64-linux-gnu/libpthread-2.27.so
7fe11b725000-7fe11b924000 ---p 0001a000 fc:01 12726                      /lib/x86_64-linux-gnu/libpthread-2.27.so
7fe11b924000-7fe11b925000 r--p 00019000 fc:01 12726                      /lib/x86_64-linux-gnu/libpthread-2.27.so
7fe11b925000-7fe11b926000 rw-p 0001a000 fc:01 12726                      /lib/x86_64-linux-gnu/libpthread-2.27.so
7fe11b926000-7fe11b92a000 rw-p 00000000 00:00 0 
7fe11b92a000-7fe11b92d000 r-xp 00000000 fc:01 12709                      /lib/x86_64-linux-gnu/libdl-2.27.so
7fe11b92d000-7fe11bb2c000 ---p 00003000 fc:01 12709                      /lib/x86_64-linux-gnu/libdl-2.27.so
7fe11bb2c000-7fe11bb2d000 r--p 00002000 fc:01 12709                      /lib/x86_64-linux-gnu/libdl-2.27.so
7fe11bb2d000-7fe11bb2e000 rw-p 00003000 fc:01 12709                      /lib/x86_64-linux-gnu/libdl-2.27.so
7fe11bb2e000-7fe11bb4a000 r-xp 00000000 fc:01 2183                       /lib/x86_64-linux-gnu/libz.so.1.2.11
7fe11bb4a000-7fe11bd49000 ---p 0001c000 fc:01 2183                       /lib/x86_64-linux-gnu/libz.so.1.2.11
7fe11bd49000-7fe11bd4a000 r--p 0001b000 fc:01 2183                       /lib/x86_64-linux-gnu/libz.so.1.2.11
7fe11bd4a000-7fe11bd4b000 rw-p 0001c000 fc:01 2183                       /lib/x86_64-linux-gnu/libz.so.1.2.11
7fe11bd4b000-7fe11bf32000 r-xp 00000000 fc:01 12706                      /lib/x86_64-linux-gnu/libc-2.27.so
7fe11bf32000-7fe11c132000 ---p 001e7000 fc:01 12706                      /lib/x86_64-linux-gnu/libc-2.27.so
7fe11c132000-7fe11c136000 r--p 001e7000 fc:01 12706                      /lib/x86_64-linux-gnu/libc-2.27.so
7fe11c136000-7fe11c138000 rw-p 001eb000 fc:01 12706                      /lib/x86_64-linux-gnu/libc-2.27.so
7fe11c138000-7fe11c13c000 rw-p 00000000 00:00 0 
7fe11c13c000-7fe11c14c000 r-xp 00000000 fc:01 1548302                    /usr/lib/jvm/java-11-openjdk-amd64/lib/jli/libjli.so
7fe11c14c000-7fe11c34b000 ---p 00010000 fc:01 1548302                    /usr/lib/jvm/java-11-openjdk-amd64/lib/jli/libjli.so
7fe11c34b000-7fe11c34c000 r--p 0000f000 fc:01 1548302                    /usr/lib/jvm/java-11-openjdk-amd64/lib/jli/libjli.so
7fe11c34c000-7fe11c34d000 rw-p 00010000 fc:01 1548302                    /usr/lib/jvm/java-11-openjdk-amd64/lib/jli/libjli.so
7fe11c34d000-7fe11c374000 r-xp 00000000 fc:01 12678                      /lib/x86_64-linux-gnu/ld-2.27.so
7fe11c375000-7fe11c376000 r--p 00000000 00:00 0 
7fe11c376000-7fe11c377000 r--p 00000000 fc:01 28843                      /usr/lib/locale/C.UTF-8/LC_NUMERIC
7fe11c377000-7fe11c378000 r--p 00000000 fc:01 28846                      /usr/lib/locale/C.UTF-8/LC_TIME
7fe11c378000-7fe11c379000 r--p 00000000 fc:01 28839                      /usr/lib/locale/C.UTF-8/LC_MONETARY
7fe11c379000-7fe11c37a000 r--p 00000000 fc:01 28833                      /usr/lib/locale/C.UTF-8/LC_MESSAGES/SYS_LC_MESSAGES
7fe11c37a000-7fe11c37b000 r--p 00000000 fc:01 28844                      /usr/lib/locale/C.UTF-8/LC_PAPER
7fe11c37b000-7fe11c37c000 r--p 00000000 fc:01 28841                      /usr/lib/locale/C.UTF-8/LC_NAME
7fe11c37c000-7fe11c37d000 r--p 00000000 fc:01 28811                      /usr/lib/locale/C.UTF-8/LC_ADDRESS
7fe11c37d000-7fe11c37e000 r--p 00000000 fc:01 28845                      /usr/lib/locale/C.UTF-8/LC_TELEPHONE
7fe11c37e000-7fe11c37f000 r--p 00000000 fc:01 28819                      /usr/lib/locale/C.UTF-8/LC_MEASUREMENT
7fe11c37f000-7fe11c386000 r--s 00000000 fc:01 26096                      /usr/lib/x86_64-linux-gnu/gconv/gconv-modules.cache
7fe11c386000-7fe11c387000 r--p 00000000 fc:01 28818                      /usr/lib/locale/C.UTF-8/LC_IDENTIFICATION
7fe11c387000-7fe11c3cf000 rw-p 00000000 00:00 0 
7fe11c3cf000-7fe11c3da000 ---p 00000000 00:00 0 
7fe11c3da000-7fe11c3fa000 rw-p 00000000 00:00 0 
7fe11c3fa000-7fe11c403000 ---p 00000000 00:00 0 
7fe11c403000-7fe11c44c000 rw-p 00000000 00:00 0 
7fe11c44c000-7fe11c456000 ---p 00000000 00:00 0 
7fe11c456000-7fe11c45c000 rw-p 00000000 00:00 0 
7fe11c45c000-7fe11c463000 ---p 00000000 00:00 0 
7fe11c463000-7fe11c465000 r--s 00007000 fc:01 25405                      /usr/share/java/java-atk-wrapper.jar
7fe11c465000-7fe11c469000 ---p 00000000 00:00 0 
7fe11c469000-7fe11c568000 rw-p 00000000 00:00 0 
7fe11c568000-7fe11c570000 rw-s 00000000 fc:01 1033001                    /tmp/hsperfdata_root/6093
7fe11c570000-7fe11c571000 ---p 00000000 00:00 0 
7fe11c571000-7fe11c572000 r--p 00000000 00:00 0 
7fe11c572000-7fe11c574000 rw-p 00000000 00:00 0 
7fe11c574000-7fe11c575000 r--p 00027000 fc:01 12678                      /lib/x86_64-linux-gnu/ld-2.27.so
7fe11c575000-7fe11c576000 rw-p 00028000 fc:01 12678                      /lib/x86_64-linux-gnu/ld-2.27.so
7fe11c576000-7fe11c577000 rw-p 00000000 00:00 0 
7ffca6b95000-7ffca6bb6000 rw-p 00000000 00:00 0                          [stack]
7ffca6bf8000-7ffca6bfb000 r--p 00000000 00:00 0                          [vvar]
7ffca6bfb000-7ffca6bfd000 r-xp 00000000 00:00 0                          [vdso]
ffffffffff600000-ffffffffff601000 r-xp 00000000 00:00 0                  [vsyscall]


VM Arguments:
java_command: org.apache.tika.server.TikaServerCli --port 9998 --host localhost
java_class_path (initial): /tmp/tika-server.jar
Launcher Type: SUN_STANDARD

[Global flags]
     intx CICompilerCount                          = 2                                         {product} {ergonomic}
   size_t InitialHeapSize                          = 16777216                                  {product} {ergonomic}
   size_t MaxHeapSize                              = 260046848                                 {product} {ergonomic}
   size_t MaxNewSize                               = 86638592                                  {product} {ergonomic}
   size_t MinHeapDeltaBytes                        = 196608                                    {product} {ergonomic}
   size_t NewSize                                  = 5570560                                   {product} {ergonomic}
    uintx NonNMethodCodeHeapSize                   = 5825164                                {pd product} {ergonomic}
    uintx NonProfiledCodeHeapSize                  = 122916538                              {pd product} {ergonomic}
   size_t OldSize                                  = 11206656                                  {product} {ergonomic}
    uintx ProfiledCodeHeapSize                     = 122916538                              {pd product} {ergonomic}
    uintx ReservedCodeCacheSize                    = 251658240                              {pd product} {ergonomic}
     bool SegmentedCodeCache                       = true                                      {product} {ergonomic}
     bool UseCompressedClassPointers               = true                                 {lp64_product} {ergonomic}
     bool UseCompressedOops                        = true                                 {lp64_product} {ergonomic}
     bool UseSerialGC                              = true                                      {product} {ergonomic}

Logging:
Log output configuration:
 #0: stdout all=warning uptime,level,tags
 #1: stderr all=off uptime,level,tags

Environment Variables:
PATH=/usr/bin:/bin
SHELL=/bin/sh
LANG=C.UTF-8

Signal Handlers:
SIGSEGV: [libjvm.so+0xdf9610], sa_mask[0]=11111111011111111101111111111110, sa_flags=SA_RESTART|SA_SIGINFO
SIGBUS: [libjvm.so+0xdf9610], sa_mask[0]=11111111011111111101111111111110, sa_flags=SA_RESTART|SA_SIGINFO
SIGFPE: [libjvm.so+0xdf9610], sa_mask[0]=11111111011111111101111111111110, sa_flags=SA_RESTART|SA_SIGINFO
SIGPIPE: [libjvm.so+0xbcc360], sa_mask[0]=11111111011111111101111111111110, sa_flags=SA_RESTART|SA_SIGINFO
SIGXFSZ: [libjvm.so+0xbcc360], sa_mask[0]=11111111011111111101111111111110, sa_flags=SA_RESTART|SA_SIGINFO
SIGILL: [libjvm.so+0xdf9610], sa_mask[0]=11111111011111111101111111111110, sa_flags=SA_RESTART|SA_SIGINFO
SIGUSR2: [libjvm.so+0xbcc200], sa_mask[0]=00000000000000000000000000000000, sa_flags=SA_RESTART|SA_SIGINFO
SIGHUP: [libjvm.so+0xbcc560], sa_mask[0]=11111111011111111101111111111110, sa_flags=SA_RESTART|SA_SIGINFO
SIGINT: SIG_IGN, sa_mask[0]=00000000000000000000000000000000, sa_flags=none
SIGTERM: [libjvm.so+0xbcc560], sa_mask[0]=11111111011111111101111111111110, sa_flags=SA_RESTART|SA_SIGINFO
SIGQUIT: [libjvm.so+0xbcc560], sa_mask[0]=11111111011111111101111111111110, sa_flags=SA_RESTART|SA_SIGINFO


---------------  S Y S T E M  ---------------

OS:DISTRIB_ID=Ubuntu
DISTRIB_RELEASE=18.04
DISTRIB_CODENAME=bionic
DISTRIB_DESCRIPTION="Ubuntu 18.04.4 LTS"
uname:Linux 4.15.0-118-generic #119-Ubuntu SMP Tue Sep 8 12:30:01 UTC 2020 x86_64
OS uptime: 12 days 5:01 hours
libc:glibc 2.27 NPTL 2.27 
rlimit (soft/hard): STACK 8192k/infinity , CORE 0k/infinity , NPROC 3838/3838 , NOFILE 1048576/1048576 , AS infinity/infinity , CPU infinity/infinity , DATA infinity/infinity , FSIZE infinity/infinity , MEMLOCK 16384k/16384k
load average:1.15 0.63 0.33

/proc/meminfo:
MemTotal:        1008828 kB
MemFree:           63096 kB
MemAvailable:       6680 kB
Buffers:             248 kB
Cached:             7912 kB
SwapCached:            0 kB
Active:           858548 kB
Inactive:           5480 kB
Active(anon):     856248 kB
Inactive(anon):      216 kB
Active(file):       2300 kB
Inactive(file):     5264 kB
Unevictable:           0 kB
Mlocked:               0 kB
SwapTotal:             0 kB
SwapFree:              0 kB
Dirty:                80 kB
Writeback:             0 kB
AnonPages:        855888 kB
Mapped:             5288 kB
Shmem:               576 kB
Slab:              49332 kB
SReclaimable:      22272 kB
SUnreclaim:        27060 kB
KernelStack:        2528 kB
PageTables:        11088 kB
NFS_Unstable:          0 kB
Bounce:                0 kB
WritebackTmp:          0 kB
CommitLimit:      504412 kB
Committed_AS:    1092176 kB
VmallocTotal:   34359738367 kB
VmallocUsed:           0 kB
VmallocChunk:          0 kB
HardwareCorrupted:     0 kB
AnonHugePages:         0 kB
ShmemHugePages:        0 kB
ShmemPmdMapped:        0 kB
CmaTotal:              0 kB
CmaFree:               0 kB
HugePages_Total:       0
HugePages_Free:        0
HugePages_Rsvd:        0
HugePages_Surp:        0
Hugepagesize:       2048 kB
DirectMap4k:      163820 kB
DirectMap2M:      884736 kB

/sys/kernel/mm/transparent_hugepage/enabled:
always [madvise] never

/sys/kernel/mm/transparent_hugepage/defrag (defrag/compaction efforts parameter):
always defer defer+madvise [madvise] never


/proc/sys/kernel/threads-max (system-wide limit on the number of threads):
7677


/proc/sys/vm/max_map_count (maximum number of memory map areas a process may have):
65530


/proc/sys/kernel/pid_max (system-wide limit on number of process identifiers):
32768



container (cgroup) information:
container_type: cgroupv1
cpu_cpuset_cpus: 0
cpu_memory_nodes: 0
active_processor_count: 1
cpu_quota: -1
cpu_period: 100000
cpu_shares: -1
memory_limit_in_bytes: -1
memory_and_swap_limit_in_bytes: -2
memory_soft_limit_in_bytes: -1
memory_usage_in_bytes: 851079168
memory_max_usage_in_bytes: 864804864

KVM virtualization detected
Steal ticks since vm start: 4
Steal ticks percentage since vm start:  0.001

CPU:total 1 (initial active 1) (1 cores per cpu, 1 threads per core) family 6 model 79 stepping 1, cmov, cx8, fxsr, mmx, sse, sse2, sse3, ssse3, sse4.1, sse4.2, popcnt, avx, avx2, aes, clmul, erms, 3dnowpref, lzcnt, tsc, bmi1, bmi2, adx, fma
CPU Model and flags from /proc/cpuinfo:
model name	: Intel(R) Xeon(R) CPU E5-2650 v4 @ 2.20GHz
flags		: fpu vme de pse tsc msr pae mce cx8 apic sep mtrr pge mca cmov pat pse36 clflush mmx fxsr sse sse2 ss syscall nx rdtscp lm constant_tsc arch_perfmon rep_good nopl cpuid tsc_known_freq pni pclmulqdq vmx ssse3 fma cx16 pcid sse4_1 sse4_2 x2apic movbe popcnt tsc_deadline_timer aes xsave avx f16c rdrand hypervisor lahf_lm abm 3dnowprefetch cpuid_fault invpcid_single pti ssbd ibrs ibpb tpr_shadow vnmi flexpriority ept vpid fsgsbase tsc_adjust bmi1 avx2 smep bmi2 erms invpcid rdseed adx smap xsaveopt md_clear

Memory: 4k page, physical 1008828k(62228k free), swap 0k(0k free)

vm_info: OpenJDK 64-Bit Server VM (11.0.8+10-post-Ubuntu-0ubuntu118.04.1) for linux-amd64 JRE (11.0.8+10-post-Ubuntu-0ubuntu118.04.1), built on Jul 15 2020 20:45:24 by "unknown" with gcc 7.5.0

END.
