#
# There is insufficient memory for the Java Runtime Environment to continue.
# Native memory allocation (mmap) failed to map 8118272 bytes for committing reserved memory.
# Possible reasons:
#   The system is out of physical RAM or swap space
#   The process is running with CompressedOops enabled, and the Java Heap may be blocking the growth of the native heap
# Possible solutions:
#   Reduce memory load on the system
#   Increase physical memory or swap space
#   Check if swap backing store is full
#   Decrease Java heap size (-Xmx/-Xms)
#   Decrease number of Java threads
#   Decrease Java thread stack sizes (-Xss)
#   Set larger code cache with -XX:ReservedCodeCacheSize=
#   JVM is running with Unscaled Compressed Oops mode in which the Java heap is
#     placed in the first 4GB address space. The Java Heap base address is the
#     maximum limit for the native heap growth. Please use -XX:HeapBaseMinAddress
#     to set the Java Heap base and to place the Java Heap above 4GB virtual address.
# This output file may be truncated or incomplete.
#
#  Out of Memory Error (os_linux.cpp:2922), pid=19169, tid=19173
#
# JRE version: OpenJDK Runtime Environment (11.0.9+11) (build 11.0.9+11-Ubuntu-0ubuntu1.18.04.1)
# Java VM: OpenJDK 64-Bit Server VM (11.0.9+11-Ubuntu-0ubuntu1.18.04.1, mixed mode, sharing, tiered, compressed oops, serial gc, linux-amd64)
# Core dump will be written. Default location: Core dumps may be processed with "/usr/share/apport/apport %p %s %c %d %P %E" (or dumping to /root/AUTO_GIT/open-data/COVID-19/core.19169)
#

---------------  S U M M A R Y ------------

Command Line: org.apache.tika.server.TikaServerCli --port 9998 --host localhost

Host: Intel(R) Xeon(R) CPU E5-2650 v4 @ 2.20GHz, 1 cores, 985M, Ubuntu 18.04.4 LTS
Time: Mon Nov  9 18:21:09 2020 EET elapsed time: 288.833841 seconds (0d 0h 4m 48s)

---------------  T H R E A D  ---------------

Current thread (0x00007f55ac04e800):  VMThread "VM Thread" [stack: 0x00007f55b1a0c000,0x00007f55b1b0c000] [id=19173]

Stack: [0x00007f55b1a0c000,0x00007f55b1b0c000],  sp=0x00007f55b1b097a0,  free space=1013k
Native frames: (J=compiled Java code, A=aot compiled Java code, j=interpreted, Vv=VM code, C=native code)
V  [libjvm.so+0xe1a8f9]
V  [libjvm.so+0xe1b58b]
V  [libjvm.so+0x65f7f5]
V  [libjvm.so+0xbf0ce2]
V  [libjvm.so+0xbe761f]
V  [libjvm.so+0xe12017]
V  [libjvm.so+0x523ca1]
V  [libjvm.so+0x523e44]
V  [libjvm.so+0xd9fd35]
V  [libjvm.so+0x7be6b2]
V  [libjvm.so+0x66a09c]
V  [libjvm.so+0x66ac2c]
V  [libjvm.so+0x666570]
V  [libjvm.so+0x666ae5]
V  [libjvm.so+0x7beef7]
V  [libjvm.so+0x7bf886]
V  [libjvm.so+0x7c07d8]
V  [libjvm.so+0xe1c91f]
V  [libjvm.so+0xe1df18]
V  [libjvm.so+0xe241a6]
V  [libjvm.so+0xe246b0]
V  [libjvm.so+0xe24b33]
V  [libjvm.so+0xda815f]
V  [libjvm.so+0xbf6ace]

VM_Operation (0x00007f5577ffbac0): GenCollectForAllocation, mode: safepoint, requested by thread 0x00007f55ac5b2800


---------------  P R O C E S S  ---------------

Threads class SMR info:
_java_thread_list=0x00007f55900fc930, length=19, elements={
0x00007f55ac051800, 0x00007f55ac053800, 0x00007f55ac05c000, 0x00007f55ac05e800,
0x00007f55ac060800, 0x00007f55ac062800, 0x00007f55ac09e000, 0x00007f55ac0a4000,
0x00007f55ac5aa000, 0x00007f55ac5ab800, 0x00007f55ac5ad800, 0x00007f55ac5af000,
0x00007f55ac5b1000, 0x00007f55ac5b2800, 0x00007f55ac5b4800, 0x00007f55ac5b6800,
0x00007f55ac016000, 0x00007f558c00e000, 0x00007f55900fb800
}

Java Threads: ( => current thread )
  0x00007f55ac051800 JavaThread "Reference Handler" daemon [_thread_blocked, id=19174, stack(0x00007f55b1909000,0x00007f55b1a0a000)]
  0x00007f55ac053800 JavaThread "Finalizer" daemon [_thread_blocked, id=19176, stack(0x00007f55b1808000,0x00007f55b1909000)]
  0x00007f55ac05c000 JavaThread "Signal Dispatcher" daemon [_thread_blocked, id=19179, stack(0x00007f55b13c8000,0x00007f55b14c9000)]
  0x00007f55ac05e800 JavaThread "C2 CompilerThread0" daemon [_thread_blocked, id=19181, stack(0x00007f55b12c7000,0x00007f55b13c8000)]
  0x00007f55ac060800 JavaThread "C1 CompilerThread0" daemon [_thread_blocked, id=19183, stack(0x00007f55b11c6000,0x00007f55b12c7000)]
  0x00007f55ac062800 JavaThread "Sweeper thread" daemon [_thread_blocked, id=19185, stack(0x00007f55b10c5000,0x00007f55b11c6000)]
  0x00007f55ac09e000 JavaThread "Service Thread" daemon [_thread_blocked, id=19187, stack(0x00007f55b0fc4000,0x00007f55b10c5000)]
  0x00007f55ac0a4000 JavaThread "Common-Cleaner" daemon [_thread_blocked, id=19190, stack(0x00007f55b0dc1000,0x00007f55b0ec2000)]
  0x00007f55ac5aa000 JavaThread "qtp2000469839-11" [_thread_blocked, id=19227, stack(0x00007f55b0038000,0x00007f55b0139000)]
  0x00007f55ac5ab800 JavaThread "qtp2000469839-12-acceptor-0@277c645e-ServerConnector@36b0fcd5{HTTP/1.1,[http/1.1]}{localhost:9998}" [_thread_in_native, id=19228, stack(0x00007f559438b000,0x00007f559448c000)]
  0x00007f55ac5ad800 JavaThread "qtp2000469839-13" [_thread_blocked, id=19229, stack(0x00007f559428a000,0x00007f559438b000)]
  0x00007f55ac5af000 JavaThread "qtp2000469839-14" [_thread_in_native, id=19230, stack(0x00007f5594189000,0x00007f559428a000)]
  0x00007f55ac5b1000 JavaThread "qtp2000469839-15" [_thread_blocked, id=19231, stack(0x00007f5594088000,0x00007f5594189000)]
  0x00007f55ac5b2800 JavaThread "qtp2000469839-16" [_thread_blocked, id=19232, stack(0x00007f5577eff000,0x00007f5578000000)]
  0x00007f55ac5b4800 JavaThread "qtp2000469839-17" [_thread_blocked, id=19233, stack(0x00007f5577dfe000,0x00007f5577eff000)]
  0x00007f55ac5b6800 JavaThread "qtp2000469839-18" [_thread_blocked, id=19234, stack(0x00007f5577cfd000,0x00007f5577dfe000)]
  0x00007f55ac016000 JavaThread "DestroyJavaVM" [_thread_blocked, id=19171, stack(0x00007f55b63a4000,0x00007f55b64a5000)]
  0x00007f558c00e000 JavaThread "Connector-Scheduler-36b0fcd5-1" [_thread_blocked, id=19260, stack(0x00007f55777f9000,0x00007f55778fa000)]
  0x00007f55900fb800 JavaThread "Java2D Disposer" daemon [_thread_blocked, id=19263, stack(0x00007f5576bc3000,0x00007f5576cc4000)]

Other Threads:
=>0x00007f55ac04e800 VMThread "VM Thread" [stack: 0x00007f55b1a0c000,0x00007f55b1b0c000] [id=19173]
  0x00007f55ac0a0000 WatcherThread [stack: 0x00007f55b0ec4000,0x00007f55b0fc4000] [id=19189]

Threads with active compile tasks:
C2 CompilerThread0 288866 3413       4       org.apache.pdfbox.pdfparser.BaseParser::parseDirObject (694 bytes)
C1 CompilerThread0 288874 3420       3       org.apache.pdfbox.contentstream.PDFStreamEngine::showTextStrings (196 bytes)

VM state:at safepoint (normal execution)

VM Mutex/Monitor currently owned by a thread:  ([mutex/lock_event])
[0x00007f55ac0125b0] Threads_lock - owner thread: 0x00007f55ac04e800
[0x00007f55ac012d90] Heap_lock - owner thread: 0x00007f55ac5b2800

Heap address: 0x00000000f0800000, size: 248 MB, Compressed Oops mode: 32-bit
Narrow klass base: 0x0000000800000000, Narrow klass shift: 3
Compressed class space size: 1073741824 Address: 0x0000000840000000

Heap:
 def new generation   total 58304K, used 55819K [0x00000000f0800000, 0x00000000f4740000, 0x00000000f5aa0000)
  eden space 51840K,  99% used [0x00000000f0800000, 0x00000000f3a420b0, 0x00000000f3aa0000)
  from space 6464K,  67% used [0x00000000f40f0000, 0x00000000f4530c18, 0x00000000f4740000)
  to   space 6464K,   0% used [0x00000000f3aa0000, 0x00000000f3aa23a8, 0x00000000f40f0000)
 tenured generation   total 137300K, used 133034K [0x00000000f5aa0000, 0x00000000fe0b5000, 0x0000000100000000)
   the space 137300K,  96% used [0x00000000f5aa0000, 0x00000000fdc8aa50, 0x00000000fdc8ac00, 0x00000000fe0b5000)
 Metaspace       used 23058K, capacity 23594K, committed 23936K, reserved 1071104K
  class space    used 2581K, capacity 2846K, committed 2944K, reserved 1048576K

Card table byte_map: [0x00007f55b6319000,0x00007f55b6396000] _byte_map_base: 0x00007f55b5b95000

Polling page: 0x00007f55b64af000

Metaspace:

Usage:
  Non-class:     20.26 MB capacity,    20.00 MB ( 99%) used,   215.53 KB (  1%) free+waste,    56.06 KB ( <1%) overhead. 
      Class:      2.78 MB capacity,     2.52 MB ( 91%) used,   233.25 KB (  8%) free+waste,    31.12 KB (  1%) overhead. 
       Both:     23.04 MB capacity,    22.52 MB ( 98%) used,   448.78 KB (  2%) free+waste,    87.19 KB ( <1%) overhead. 

Virtual space:
  Non-class space:       22.00 MB reserved,      20.50 MB ( 93%) committed 
      Class space:        1.00 GB reserved,       2.88 MB ( <1%) committed 
             Both:        1.02 GB reserved,      23.38 MB (  2%) committed 

Chunk freelists:
   Non-Class:  232.00 KB
       Class:  2.00 KB
        Both:  234.00 KB

MaxMetaspaceSize: unlimited
CompressedClassSpaceSize: 1.00 GB

CodeHeap 'non-profiled nmethods': size=120036Kb used=1236Kb max_used=1297Kb free=118800Kb
 bounds [0x00007f559c360000, 0x00007f559c5d0000, 0x00007f55a3899000]
CodeHeap 'profiled nmethods': size=120032Kb used=6736Kb max_used=7383Kb free=113295Kb
 bounds [0x00007f5594e28000, 0x00007f5595568000, 0x00007f559c360000]
CodeHeap 'non-nmethods': size=5692Kb used=1170Kb max_used=1222Kb free=4521Kb
 bounds [0x00007f5594899000, 0x00007f5594b09000, 0x00007f5594e28000]
 total_blobs=3572 nmethods=3046 adapters=440
 compilation: enabled
              stopped_count=0, restarted_count=0
 full_count=0

Compilation events (20 events):
Event: 288.288 Thread 0x00007f55ac060800 nmethod 3386 0x00007f5594f7b090 code [0x00007f5594f7b6e0, 0x00007f5594f7f710]
Event: 288.332 Thread 0x00007f55ac060800 3399       3       java.util.HashMap::putMapEntries (154 bytes)
Event: 288.361 Thread 0x00007f55ac05e800 nmethod 3368% 0x00007f559c39e410 code [0x00007f559c39e600, 0x00007f559c39ef18]
Event: 288.396 Thread 0x00007f55ac05e800 3378       4       org.apache.pdfbox.pdfparser.RandomAccessSource::read (10 bytes)
Event: 288.432 Thread 0x00007f55ac060800 nmethod 3399 0x00007f5594e32610 code [0x00007f5594e328e0, 0x00007f5594e336c0]
Event: 288.455 Thread 0x00007f55ac060800 3405       2       org.apache.fontbox.ttf.TTFTable::<init> (10 bytes)
Event: 288.474 Thread 0x00007f55ac060800 nmethod 3405 0x00007f5594e29890 code [0x00007f5594e29a40, 0x00007f5594e29b70]
Event: 288.491 Thread 0x00007f55ac060800 3401       2       org.apache.pdfbox.cos.COSDictionary::getCOSName (20 bytes)
Event: 288.492 Thread 0x00007f55ac060800 nmethod 3401 0x00007f5594e2a810 code [0x00007f5594e2a9c0, 0x00007f5594e2aba0]
Event: 288.492 Thread 0x00007f55ac060800 3402       1       sun.awt.geom.Order0::getOrder (2 bytes)
Event: 288.492 Thread 0x00007f55ac060800 nmethod 3402 0x00007f559c36be90 code [0x00007f559c36c040, 0x00007f559c36c110]
Event: 288.496 Thread 0x00007f55ac060800 3406       2       sun.util.locale.LocaleUtils::isAlphaNumericString (33 bytes)
Event: 288.505 Thread 0x00007f55ac060800 nmethod 3406 0x00007f5594e2bb10 code [0x00007f5594e2bce0, 0x00007f5594e2c0b0]
Event: 288.512 Thread 0x00007f55ac060800 3411       3       java.util.HashMap::resize (356 bytes)
Event: 288.543 Thread 0x00007f55ac060800 nmethod 3411 0x00007f5594e39290 code [0x00007f5594e39540, 0x00007f5594e3a7e0]
Event: 288.563 Thread 0x00007f55ac05e800 nmethod 3378 0x00007f559c38ea90 code [0x00007f559c38ec40, 0x00007f559c38ede8]
Event: 288.566 Thread 0x00007f55ac060800 3412       2       org.apache.fontbox.ttf.TTFDataStream::readString (16 bytes)
Event: 288.567 Thread 0x00007f55ac05e800 3413       4       org.apache.pdfbox.pdfparser.BaseParser::parseDirObject (694 bytes)
Event: 288.610 Thread 0x00007f55ac060800 nmethod 3412 0x00007f5594e2d010 code [0x00007f5594e2d1e0, 0x00007f5594e2d3b0]
Event: 288.624 Thread 0x00007f55ac060800 3420       3       org.apache.pdfbox.contentstream.PDFStreamEngine::showTextStrings (196 bytes)

GC Heap History (20 events):
Event: 73.084 GC heap after
{Heap after GC invocations=67 (full 5):
 def new generation   total 58304K, used 0K [0x00000000f0800000, 0x00000000f4740000, 0x00000000f5aa0000)
  eden space 51840K,   0% used [0x00000000f0800000, 0x00000000f0800000, 0x00000000f3aa0000)
  from space 6464K,   0% used [0x00000000f3aa0000, 0x00000000f3aa0030, 0x00000000f40f0000)
  to   space 6464K,   0% used [0x00000000f40f0000, 0x00000000f40f0000, 0x00000000f4740000)
 tenured generation   total 129372K, used 110307K [0x00000000f5aa0000, 0x00000000fd8f7000, 0x0000000100000000)
   the space 129372K,  85% used [0x00000000f5aa0000, 0x00000000fc658fa0, 0x00000000fc659000, 0x00000000fd8f7000)
 Metaspace       used 23033K, capacity 23594K, committed 23936K, reserved 1071104K
  class space    used 2581K, capacity 2846K, committed 2944K, reserved 1048576K
}
Event: 73.198 GC heap before
{Heap before GC invocations=67 (full 5):
 def new generation   total 58304K, used 51840K [0x00000000f0800000, 0x00000000f4740000, 0x00000000f5aa0000)
  eden space 51840K, 100% used [0x00000000f0800000, 0x00000000f3aa0000, 0x00000000f3aa0000)
  from space 6464K,   0% used [0x00000000f3aa0000, 0x00000000f3aa0030, 0x00000000f40f0000)
  to   space 6464K,   0% used [0x00000000f40f0000, 0x00000000f40f0000, 0x00000000f4740000)
 tenured generation   total 129372K, used 110307K [0x00000000f5aa0000, 0x00000000fd8f7000, 0x0000000100000000)
   the space 129372K,  85% used [0x00000000f5aa0000, 0x00000000fc658fa0, 0x00000000fc659000, 0x00000000fd8f7000)
 Metaspace       used 23033K, capacity 23594K, committed 23936K, reserved 1071104K
  class space    used 2581K, capacity 2846K, committed 2944K, reserved 1048576K
}
Event: 73.198 GC heap after
{Heap after GC invocations=68 (full 5):
 def new generation   total 58304K, used 0K [0x00000000f0800000, 0x00000000f4740000, 0x00000000f5aa0000)
  eden space 51840K,   0% used [0x00000000f0800000, 0x00000000f0800000, 0x00000000f3aa0000)
  from space 6464K,   0% used [0x00000000f40f0000, 0x00000000f40f0088, 0x00000000f4740000)
  to   space 6464K,   0% used [0x00000000f3aa0000, 0x00000000f3aa0000, 0x00000000f40f0000)
 tenured generation   total 129372K, used 110307K [0x00000000f5aa0000, 0x00000000fd8f7000, 0x0000000100000000)
   the space 129372K,  85% used [0x00000000f5aa0000, 0x00000000fc658fa0, 0x00000000fc659000, 0x00000000fd8f7000)
 Metaspace       used 23033K, capacity 23594K, committed 23936K, reserved 1071104K
  class space    used 2581K, capacity 2846K, committed 2944K, reserved 1048576K
}
Event: 73.530 GC heap before
{Heap before GC invocations=68 (full 5):
 def new generation   total 58304K, used 51840K [0x00000000f0800000, 0x00000000f4740000, 0x00000000f5aa0000)
  eden space 51840K, 100% used [0x00000000f0800000, 0x00000000f3aa0000, 0x00000000f3aa0000)
  from space 6464K,   0% used [0x00000000f40f0000, 0x00000000f40f0088, 0x00000000f4740000)
  to   space 6464K,   0% used [0x00000000f3aa0000, 0x00000000f3aa0000, 0x00000000f40f0000)
 tenured generation   total 129372K, used 110307K [0x00000000f5aa0000, 0x00000000fd8f7000, 0x0000000100000000)
   the space 129372K,  85% used [0x00000000f5aa0000, 0x00000000fc658fa0, 0x00000000fc659000, 0x00000000fd8f7000)
 Metaspace       used 23042K, capacity 23594K, committed 23936K, reserved 1071104K
  class space    used 2581K, capacity 2846K, committed 2944K, reserved 1048576K
}
Event: 73.541 GC heap after
{Heap after GC invocations=69 (full 5):
 def new generation   total 58304K, used 6464K [0x00000000f0800000, 0x00000000f4740000, 0x00000000f5aa0000)
  eden space 51840K,   0% used [0x00000000f0800000, 0x00000000f0800000, 0x00000000f3aa0000)
  from space 6464K, 100% used [0x00000000f3aa0000, 0x00000000f40f0000, 0x00000000f40f0000)
  to   space 6464K,   0% used [0x00000000f40f0000, 0x00000000f40f0000, 0x00000000f4740000)
 tenured generation   total 129372K, used 114601K [0x00000000f5aa0000, 0x00000000fd8f7000, 0x0000000100000000)
   the space 129372K,  88% used [0x00000000f5aa0000, 0x00000000fca8a648, 0x00000000fca8a800, 0x00000000fd8f7000)
 Metaspace       used 23042K, capacity 23594K, committed 23936K, reserved 1071104K
  class space    used 2581K, capacity 2846K, committed 2944K, reserved 1048576K
}
Event: 73.797 GC heap before
{Heap before GC invocations=69 (full 5):
 def new generation   total 58304K, used 58304K [0x00000000f0800000, 0x00000000f4740000, 0x00000000f5aa0000)
  eden space 51840K, 100% used [0x00000000f0800000, 0x00000000f3aa0000, 0x00000000f3aa0000)
  from space 6464K, 100% used [0x00000000f3aa0000, 0x00000000f40f0000, 0x00000000f40f0000)
  to   space 6464K,   0% used [0x00000000f40f0000, 0x00000000f40f0000, 0x00000000f4740000)
 tenured generation   total 129372K, used 114601K [0x00000000f5aa0000, 0x00000000fd8f7000, 0x0000000100000000)
   the space 129372K,  88% used [0x00000000f5aa0000, 0x00000000fca8a648, 0x00000000fca8a800, 0x00000000fd8f7000)
 Metaspace       used 23042K, capacity 23594K, committed 23936K, reserved 1071104K
  class space    used 2581K, capacity 2846K, committed 2944K, reserved 1048576K
}
Event: 73.808 GC heap after
{Heap after GC invocations=70 (full 5):
 def new generation   total 58304K, used 0K [0x00000000f0800000, 0x00000000f4740000, 0x00000000f5aa0000)
  eden space 51840K,   0% used [0x00000000f0800000, 0x00000000f0800000, 0x00000000f3aa0000)
  from space 6464K,   0% used [0x00000000f40f0000, 0x00000000f40f00f8, 0x00000000f4740000)
  to   space 6464K,   0% used [0x00000000f3aa0000, 0x00000000f3aa0000, 0x00000000f40f0000)
 tenured generation   total 129372K, used 121065K [0x00000000f5aa0000, 0x00000000fd8f7000, 0x0000000100000000)
   the space 129372K,  93% used [0x00000000f5aa0000, 0x00000000fd0da5f0, 0x00000000fd0da600, 0x00000000fd8f7000)
 Metaspace       used 23042K, capacity 23594K, committed 23936K, reserved 1071104K
  class space    used 2581K, capacity 2846K, committed 2944K, reserved 1048576K
}
Event: 73.971 GC heap before
{Heap before GC invocations=70 (full 5):
 def new generation   total 58304K, used 51840K [0x00000000f0800000, 0x00000000f4740000, 0x00000000f5aa0000)
  eden space 51840K, 100% used [0x00000000f0800000, 0x00000000f3aa0000, 0x00000000f3aa0000)
  from space 6464K,   0% used [0x00000000f40f0000, 0x00000000f40f00f8, 0x00000000f4740000)
  to   space 6464K,   0% used [0x00000000f3aa0000, 0x00000000f3aa0000, 0x00000000f40f0000)
 tenured generation   total 129372K, used 121065K [0x00000000f5aa0000, 0x00000000fd8f7000, 0x0000000100000000)
   the space 129372K,  93% used [0x00000000f5aa0000, 0x00000000fd0da5f0, 0x00000000fd0da600, 0x00000000fd8f7000)
 Metaspace       used 23042K, capacity 23594K, committed 23936K, reserved 1071104K
  class space    used 2581K, capacity 2846K, committed 2944K, reserved 1048576K
}
Event: 73.972 GC heap after
{Heap after GC invocations=71 (full 5):
 def new generation   total 58304K, used 0K [0x00000000f0800000, 0x00000000f4740000, 0x00000000f5aa0000)
  eden space 51840K,   0% used [0x00000000f0800000, 0x00000000f0800000, 0x00000000f3aa0000)
  from space 6464K,   0% used [0x00000000f3aa0000, 0x00000000f3aa0050, 0x00000000f40f0000)
  to   space 6464K,   0% used [0x00000000f40f0000, 0x00000000f40f0000, 0x00000000f4740000)
 tenured generation   total 129372K, used 121065K [0x00000000f5aa0000, 0x00000000fd8f7000, 0x0000000100000000)
   the space 129372K,  93% used [0x00000000f5aa0000, 0x00000000fd0da5f0, 0x00000000fd0da600, 0x00000000fd8f7000)
 Metaspace       used 23042K, capacity 23594K, committed 23936K, reserved 1071104K
  class space    used 2581K, capacity 2846K, committed 2944K, reserved 1048576K
}
Event: 74.094 GC heap before
{Heap before GC invocations=71 (full 5):
 def new generation   total 58304K, used 51840K [0x00000000f0800000, 0x00000000f4740000, 0x00000000f5aa0000)
  eden space 51840K, 100% used [0x00000000f0800000, 0x00000000f3aa0000, 0x00000000f3aa0000)
  from space 6464K,   0% used [0x00000000f3aa0000, 0x00000000f3aa0050, 0x00000000f40f0000)
  to   space 6464K,   0% used [0x00000000f40f0000, 0x00000000f40f0000, 0x00000000f4740000)
 tenured generation   total 129372K, used 121065K [0x00000000f5aa0000, 0x00000000fd8f7000, 0x0000000100000000)
   the space 129372K,  93% used [0x00000000f5aa0000, 0x00000000fd0da5f0, 0x00000000fd0da600, 0x00000000fd8f7000)
 Metaspace       used 23042K, capacity 23594K, committed 23936K, reserved 1071104K
  class space    used 2581K, capacity 2846K, committed 2944K, reserved 1048576K
}
Event: 74.094 GC heap after
{Heap after GC invocations=72 (full 5):
 def new generation   total 58304K, used 0K [0x00000000f0800000, 0x00000000f4740000, 0x00000000f5aa0000)
  eden space 51840K,   0% used [0x00000000f0800000, 0x00000000f0800000, 0x00000000f3aa0000)
  from space 6464K,   0% used [0x00000000f40f0000, 0x00000000f40f0148, 0x00000000f4740000)
  to   space 6464K,   0% used [0x00000000f3aa0000, 0x00000000f3aa0000, 0x00000000f40f0000)
 tenured generation   total 129372K, used 121065K [0x00000000f5aa0000, 0x00000000fd8f7000, 0x0000000100000000)
   the space 129372K,  93% used [0x00000000f5aa0000, 0x00000000fd0da5f0, 0x00000000fd0da600, 0x00000000fd8f7000)
 Metaspace       used 23042K, capacity 23594K, committed 23936K, reserved 1071104K
  class space    used 2581K, capacity 2846K, committed 2944K, reserved 1048576K
}
Event: 74.218 GC heap before
{Heap before GC invocations=72 (full 5):
 def new generation   total 58304K, used 51840K [0x00000000f0800000, 0x00000000f4740000, 0x00000000f5aa0000)
  eden space 51840K, 100% used [0x00000000f0800000, 0x00000000f3aa0000, 0x00000000f3aa0000)
  from space 6464K,   0% used [0x00000000f40f0000, 0x00000000f40f0148, 0x00000000f4740000)
  to   space 6464K,   0% used [0x00000000f3aa0000, 0x00000000f3aa0000, 0x00000000f40f0000)
 tenured generation   total 129372K, used 121065K [0x00000000f5aa0000, 0x00000000fd8f7000, 0x0000000100000000)
   the space 129372K,  93% used [0x00000000f5aa0000, 0x00000000fd0da5f0, 0x00000000fd0da600, 0x00000000fd8f7000)
 Metaspace       used 23042K, capacity 23594K, committed 23936K, reserved 1071104K
  class space    used 2581K, capacity 2846K, committed 2944K, reserved 1048576K
}
Event: 74.219 GC heap after
{Heap after GC invocations=73 (full 5):
 def new generation   total 58304K, used 0K [0x00000000f0800000, 0x00000000f4740000, 0x00000000f5aa0000)
  eden space 51840K,   0% used [0x00000000f0800000, 0x00000000f0800000, 0x00000000f3aa0000)
  from space 6464K,   0% used [0x00000000f3aa0000, 0x00000000f3aa00d8, 0x00000000f40f0000)
  to   space 6464K,   0% used [0x00000000f40f0000, 0x00000000f40f0000, 0x00000000f4740000)
 tenured generation   total 129372K, used 121065K [0x00000000f5aa0000, 0x00000000fd8f7000, 0x0000000100000000)
   the space 129372K,  93% used [0x00000000f5aa0000, 0x00000000fd0da5f0, 0x00000000fd0da600, 0x00000000fd8f7000)
 Metaspace       used 23042K, capacity 23594K, committed 23936K, reserved 1071104K
  class space    used 2581K, capacity 2846K, committed 2944K, reserved 1048576K
}
Event: 74.358 GC heap before
{Heap before GC invocations=73 (full 5):
 def new generation   total 58304K, used 51840K [0x00000000f0800000, 0x00000000f4740000, 0x00000000f5aa0000)
  eden space 51840K, 100% used [0x00000000f0800000, 0x00000000f3aa0000, 0x00000000f3aa0000)
  from space 6464K,   0% used [0x00000000f3aa0000, 0x00000000f3aa00d8, 0x00000000f40f0000)
  to   space 6464K,   0% used [0x00000000f40f0000, 0x00000000f40f0000, 0x00000000f4740000)
 tenured generation   total 129372K, used 121065K [0x00000000f5aa0000, 0x00000000fd8f7000, 0x0000000100000000)
   the space 129372K,  93% used [0x00000000f5aa0000, 0x00000000fd0da5f0, 0x00000000fd0da600, 0x00000000fd8f7000)
 Metaspace       used 23042K, capacity 23594K, committed 23936K, reserved 1071104K
  class space    used 2581K, capacity 2846K, committed 2944K, reserved 1048576K
}
Event: 74.359 GC heap after
{Heap after GC invocations=74 (full 5):
 def new generation   total 58304K, used 0K [0x00000000f0800000, 0x00000000f4740000, 0x00000000f5aa0000)
  eden space 51840K,   0% used [0x00000000f0800000, 0x00000000f0800000, 0x00000000f3aa0000)
  from space 6464K,   0% used [0x00000000f40f0000, 0x00000000f40f0108, 0x00000000f4740000)
  to   space 6464K,   0% used [0x00000000f3aa0000, 0x00000000f3aa0000, 0x00000000f40f0000)
 tenured generation   total 129372K, used 121065K [0x00000000f5aa0000, 0x00000000fd8f7000, 0x0000000100000000)
   the space 129372K,  93% used [0x00000000f5aa0000, 0x00000000fd0da5f0, 0x00000000fd0da600, 0x00000000fd8f7000)
 Metaspace       used 23042K, capacity 23594K, committed 23936K, reserved 1071104K
  class space    used 2581K, capacity 2846K, committed 2944K, reserved 1048576K
}
Event: 74.479 GC heap before
{Heap before GC invocations=74 (full 5):
 def new generation   total 58304K, used 51840K [0x00000000f0800000, 0x00000000f4740000, 0x00000000f5aa0000)
  eden space 51840K, 100% used [0x00000000f0800000, 0x00000000f3aa0000, 0x00000000f3aa0000)
  from space 6464K,   0% used [0x00000000f40f0000, 0x00000000f40f0108, 0x00000000f4740000)
  to   space 6464K,   0% used [0x00000000f3aa0000, 0x00000000f3aa0000, 0x00000000f40f0000)
 tenured generation   total 129372K, used 121065K [0x00000000f5aa0000, 0x00000000fd8f7000, 0x0000000100000000)
   the space 129372K,  93% used [0x00000000f5aa0000, 0x00000000fd0da5f0, 0x00000000fd0da600, 0x00000000fd8f7000)
 Metaspace       used 23042K, capacity 23594K, committed 23936K, reserved 1071104K
  class space    used 2581K, capacity 2846K, committed 2944K, reserved 1048576K
}
Event: 74.479 GC heap after
{Heap after GC invocations=75 (full 5):
 def new generation   total 58304K, used 0K [0x00000000f0800000, 0x00000000f4740000, 0x00000000f5aa0000)
  eden space 51840K,   0% used [0x00000000f0800000, 0x00000000f0800000, 0x00000000f3aa0000)
  from space 6464K,   0% used [0x00000000f3aa0000, 0x00000000f3aa0050, 0x00000000f40f0000)
  to   space 6464K,   0% used [0x00000000f40f0000, 0x00000000f40f0000, 0x00000000f4740000)
 tenured generation   total 129372K, used 121065K [0x00000000f5aa0000, 0x00000000fd8f7000, 0x0000000100000000)
   the space 129372K,  93% used [0x00000000f5aa0000, 0x00000000fd0da5f0, 0x00000000fd0da600, 0x00000000fd8f7000)
 Metaspace       used 23042K, capacity 23594K, committed 23936K, reserved 1071104K
  class space    used 2581K, capacity 2846K, committed 2944K, reserved 1048576K
}
Event: 287.353 GC heap before
{Heap before GC invocations=75 (full 5):
 def new generation   total 58304K, used 45138K [0x00000000f0800000, 0x00000000f4740000, 0x00000000f5aa0000)
  eden space 51840K,  87% used [0x00000000f0800000, 0x00000000f3414998, 0x00000000f3aa0000)
  from space 6464K,   0% used [0x00000000f3aa0000, 0x00000000f3aa0050, 0x00000000f40f0000)
  to   space 6464K,   0% used [0x00000000f40f0000, 0x00000000f40f0000, 0x00000000f4740000)
 tenured generation   total 129372K, used 121065K [0x00000000f5aa0000, 0x00000000fd8f7000, 0x0000000100000000)
   the space 129372K,  93% used [0x00000000f5aa0000, 0x00000000fd0da5f0, 0x00000000fd0da600, 0x00000000fd8f7000)
 Metaspace       used 23051K, capacity 23594K, committed 23936K, reserved 1071104K
  class space    used 2581K, capacity 2846K, committed 2944K, reserved 1048576K
}
Event: 287.515 GC heap after
{Heap after GC invocations=76 (full 5):
 def new generation   total 58304K, used 4355K [0x00000000f0800000, 0x00000000f4740000, 0x00000000f5aa0000)
  eden space 51840K,   0% used [0x00000000f0800000, 0x00000000f0800000, 0x00000000f3aa0000)
  from space 6464K,  67% used [0x00000000f40f0000, 0x00000000f4530c18, 0x00000000f4740000)
  to   space 6464K,   0% used [0x00000000f3aa0000, 0x00000000f3aa0000, 0x00000000f40f0000)
 tenured generation   total 129372K, used 125029K [0x00000000f5aa0000, 0x00000000fd8f7000, 0x0000000100000000)
   the space 129372K,  96% used [0x00000000f5aa0000, 0x00000000fd4b9400, 0x00000000fd4b9400, 0x00000000fd8f7000)
 Metaspace       used 23051K, capacity 23594K, committed 23936K, reserved 1071104K
  class space    used 2581K, capacity 2846K, committed 2944K, reserved 1048576K
}
Event: 288.645 GC heap before
{Heap before GC invocations=76 (full 5):
 def new generation   total 58304K, used 55819K [0x00000000f0800000, 0x00000000f4740000, 0x00000000f5aa0000)
  eden space 51840K,  99% used [0x00000000f0800000, 0x00000000f3a420b0, 0x00000000f3aa0000)
  from space 6464K,  67% used [0x00000000f40f0000, 0x00000000f4530c18, 0x00000000f4740000)
  to   space 6464K,   0% used [0x00000000f3aa0000, 0x00000000f3aa0000, 0x00000000f40f0000)
 tenured generation   total 129372K, used 125029K [0x00000000f5aa0000, 0x00000000fd8f7000, 0x0000000100000000)
   the space 129372K,  96% used [0x00000000f5aa0000, 0x00000000fd4b9400, 0x00000000fd4b9400, 0x00000000fd8f7000)
 Metaspace       used 23058K, capacity 23594K, committed 23936K, reserved 1071104K
  class space    used 2581K, capacity 2846K, committed 2944K, reserved 1048576K
}

Deoptimization events (20 events):
Event: 288.050 Thread 0x00007f55ac5b2800 Uncommon trap: trap_request=0xffffffde fr.pc=0x00007f559c4979c8 relative=0x0000000000003ec8
Event: 288.050 Thread 0x00007f55ac5aa000 Uncommon trap: trap_request=0xffffffde fr.pc=0x00007f559c4979c8 relative=0x0000000000003ec8
Event: 288.052 Thread 0x00007f55ac5aa000 Uncommon trap: reason=class_check action=maybe_recompile pc=0x00007f559c4979c8 method=org.apache.pdfbox.cos.COSArray.get(I)Lorg/apache/pdfbox/cos/COSBase; @ 10 c2
Event: 288.052 Thread 0x00007f55ac5b2800 Uncommon trap: reason=class_check action=maybe_recompile pc=0x00007f559c4979c8 method=org.apache.pdfbox.cos.COSArray.get(I)Lorg/apache/pdfbox/cos/COSBase; @ 10 c2
Event: 288.052 Thread 0x00007f55ac5aa000 DEOPT PACKING pc=0x00007f559c4979c8 sp=0x00007f55b01351f0
Event: 288.052 Thread 0x00007f55ac5b2800 DEOPT PACKING pc=0x00007f559c4979c8 sp=0x00007f5577ffc460
Event: 288.053 Thread 0x00007f55ac5b2800 DEOPT UNPACKING pc=0x00007f55948bf1a5 sp=0x00007f5577ffc338 mode 2
Event: 288.053 Thread 0x00007f55ac5aa000 DEOPT UNPACKING pc=0x00007f55948bf1a5 sp=0x00007f55b01350c8 mode 2
Event: 288.055 Thread 0x00007f55ac5aa000 Uncommon trap: trap_request=0xffffffde fr.pc=0x00007f559c4979c8 relative=0x0000000000003ec8
Event: 288.056 Thread 0x00007f55ac5aa000 Uncommon trap: reason=class_check action=maybe_recompile pc=0x00007f559c4979c8 method=org.apache.pdfbox.cos.COSArray.get(I)Lorg/apache/pdfbox/cos/COSBase; @ 10 c2
Event: 288.056 Thread 0x00007f55ac5aa000 DEOPT PACKING pc=0x00007f559c4979c8 sp=0x00007f55b01351f0
Event: 288.056 Thread 0x00007f55ac5aa000 DEOPT UNPACKING pc=0x00007f55948bf1a5 sp=0x00007f55b01350c8 mode 2
Event: 288.056 Thread 0x00007f55ac5b2800 Uncommon trap: trap_request=0xffffffde fr.pc=0x00007f559c4979c8 relative=0x0000000000003ec8
Event: 288.056 Thread 0x00007f55ac5b2800 Uncommon trap: reason=class_check action=maybe_recompile pc=0x00007f559c4979c8 method=org.apache.pdfbox.cos.COSArray.get(I)Lorg/apache/pdfbox/cos/COSBase; @ 10 c2
Event: 288.056 Thread 0x00007f55ac5b2800 DEOPT PACKING pc=0x00007f559c4979c8 sp=0x00007f5577ffc460
Event: 288.056 Thread 0x00007f55ac5b2800 DEOPT UNPACKING pc=0x00007f55948bf1a5 sp=0x00007f5577ffc338 mode 2
Event: 288.065 Thread 0x00007f55ac5b2800 DEOPT PACKING pc=0x00007f5595298d29 sp=0x00007f5577ffc0a0
Event: 288.065 Thread 0x00007f55ac5b2800 DEOPT UNPACKING pc=0x00007f55948befba sp=0x00007f5577ffb690 mode 0
Event: 288.286 Thread 0x00007f55ac5aa000 DEOPT PACKING pc=0x00007f55952cd8a7 sp=0x00007f55b0135600
Event: 288.293 Thread 0x00007f55ac5aa000 DEOPT UNPACKING pc=0x00007f55948befba sp=0x00007f55b0134b10 mode 0

Classes redefined (0 events):
No events

Internal exceptions (20 events):
Event: 5.120 Thread 0x00007f55ac016000 Exception <a 'java/lang/NoClassDefFoundError'{0x00000000f09ccd18}: org/apache/cxf/ws/policy/builder/jaxb/JaxbAssertionBuilder> (0x00000000f09ccd18) thrown at [./src/hotspot/share/classfile/systemDictionary.cpp, line 220]
Event: 5.121 Thread 0x00007f55ac016000 Exception <a 'java/lang/NoClassDefFoundError'{0x00000000f09cf2f8}: org/apache/cxf/ws/policy/AbstractPolicyInterceptorProvider> (0x00000000f09cf2f8) thrown at [./src/hotspot/share/classfile/systemDictionary.cpp, line 220]
Event: 5.121 Thread 0x00007f55ac016000 Exception <a 'java/lang/NoClassDefFoundError'{0x00000000f09d1858}: org/apache/cxf/ws/policy/AbstractPolicyInterceptorProvider> (0x00000000f09d1858) thrown at [./src/hotspot/share/classfile/systemDictionary.cpp, line 220]
Event: 5.121 Thread 0x00007f55ac016000 Exception <a 'java/lang/NoClassDefFoundError'{0x00000000f09d3db8}: org/apache/cxf/ws/policy/AbstractPolicyInterceptorProvider> (0x00000000f09d3db8) thrown at [./src/hotspot/share/classfile/systemDictionary.cpp, line 220]
Event: 5.232 Thread 0x00007f55ac016000 Exception <a 'java/lang/reflect/InvocationTargetException'{0x00000000f0a93fa8}> (0x00000000f0a93fa8) thrown at [./src/hotspot/share/runtime/reflection.cpp, line 1247]
Event: 6.499 Thread 0x00007f55ac016000 Exception <a 'java/lang/NoSuchMethodError'{0x00000000f0bcc958}: 'java.lang.Object java.lang.invoke.DirectMethodHandle$Holder.invokeStaticInit(java.lang.Object, java.lang.Object, java.lang.Object)'> (0x00000000f0bcc958) thrown at [./src/hotspot/share/interpreter/linkResolver.cpp, line 773]
Event: 6.593 Thread 0x00007f55ac016000 Exception <a 'java/lang/NoSuchMethodError'{0x00000000f0c79668}: 'void java.lang.invoke.DirectMethodHandle$Holder.invokeStaticInit(java.lang.Object)'> (0x00000000f0c79668) thrown at [./src/hotspot/share/interpreter/linkResolver.cpp, line 773]
Event: 6.799 Thread 0x00007f55ac016000 Exception <a 'java/lang/NoSuchMethodError'{0x00000000f0eb2c80}: 'int java.lang.invoke.DirectMethodHandle$Holder.invokeInterface(java.lang.Object, java.lang.Object)'> (0x00000000f0eb2c80) thrown at [./src/hotspot/share/interpreter/linkResolver.cpp, line 773]
Event: 6.942 Thread 0x00007f55ac016000 Exception <a 'java/lang/NoSuchMethodError'{0x00000000f082dea0}: 'void java.lang.invoke.DirectMethodHandle$Holder.invokeInterface(java.lang.Object, java.lang.Object)'> (0x00000000f082dea0) thrown at [./src/hotspot/share/interpreter/linkResolver.cpp, line 773]
Event: 7.035 Thread 0x00007f55ac016000 Exception <a 'java/lang/NoSuchMethodError'{0x00000000f0910ff8}: 'void java.lang.invoke.DirectMethodHandle$Holder.invokeStaticInit(java.lang.Object, java.lang.Object, java.lang.Object)'> (0x00000000f0910ff8) thrown at [./src/hotspot/share/interpreter/linkResolver.cpp, line 773]
Event: 17.755 Thread 0x00007f55ac5ad800 Exception <a 'java/lang/NoSuchMethodError'{0x00000000f097ef10}: 'void java.lang.invoke.DirectMethodHandle$Holder.invokeSpecial(java.lang.Object, java.lang.Object)'> (0x00000000f097ef10) thrown at [./src/hotspot/share/interpreter/linkResolver.cpp, line 773]
Event: 17.803 Thread 0x00007f55ac5ad800 Implicit null exception at 0x00007f559c3b3762 to 0x00007f559c3b3b88
Event: 17.892 Thread 0x00007f55ac5b1000 Implicit null exception at 0x00007f559c3b1b5c to 0x00007f559c3b1e70
Event: 17.940 Thread 0x00007f55ac5b1000 Exception <a 'java/lang/NoSuchMethodError'{0x00000000f0ce7c78}: 'void java.lang.invoke.DirectMethodHandle$Holder.invokeSpecial(java.lang.Object, java.lang.Object, int)'> (0x00000000f0ce7c78) thrown at [./src/hotspot/share/interpreter/linkResolver.cpp, line 773]
Event: 18.338 Thread 0x00007f55ac5b1000 Exception <a 'java/lang/ClassNotFoundException'{0x00000000f12eda48}: sun/awt/resources/spi/awtProvider> (0x00000000f12eda48) thrown at [./src/hotspot/share/classfile/systemDictionary.cpp, line 231]
Event: 18.350 Thread 0x00007f55ac5b1000 Exception <a 'java/io/FileNotFoundException'{0x00000000f132d450}> (0x00000000f132d450) thrown at [./src/hotspot/share/prims/jni.cpp, line 615]
Event: 22.066 Thread 0x00007f55ac5b1000 Implicit null exception at 0x00007f559c44f148 to 0x00007f559c44f69c
Event: 23.030 Thread 0x00007f55ac5b1000 Implicit null exception at 0x00007f559c451252 to 0x00007f559c4517b0
Event: 24.381 Thread 0x00007f55ac5b1000 Exception <a 'java/lang/NoSuchMethodError'{0x00000000f2420868}: 'void java.lang.invoke.DirectMethodHandle$Holder.invokeVirtual(java.lang.Object, java.lang.Object)'> (0x00000000f2420868) thrown at [./src/hotspot/share/interpreter/linkResolver.cpp, line 773]
Event: 49.248 Thread 0x00007f55ac5af000 Implicit null exception at 0x00007f559c45e71b to 0x00007f559c45e7c8

Events (20 events):
Event: 288.017 Thread 0x00007f55ac062800 flushing nmethod 0x00007f5595080690
Event: 288.017 Thread 0x00007f55ac062800 flushing nmethod 0x00007f5595080a10
Event: 288.017 Thread 0x00007f55ac062800 flushing nmethod 0x00007f5595091290
Event: 288.017 Thread 0x00007f55ac062800 flushing nmethod 0x00007f5595092c10
Event: 288.017 Thread 0x00007f55ac062800 flushing nmethod 0x00007f55950a6990
Event: 288.017 Thread 0x00007f55ac062800 flushing nmethod 0x00007f55950ad990
Event: 288.017 Thread 0x00007f55ac062800 flushing nmethod 0x00007f55950b2f90
Event: 288.018 Thread 0x00007f55ac062800 flushing nmethod 0x00007f55950f1710
Event: 288.018 Thread 0x00007f55ac062800 flushing nmethod 0x00007f55950f9b10
Event: 288.018 Thread 0x00007f55ac062800 flushing nmethod 0x00007f5595103910
Event: 288.018 Thread 0x00007f55ac062800 flushing nmethod 0x00007f5595106490
Event: 288.018 Thread 0x00007f55ac062800 flushing nmethod 0x00007f559510de90
Event: 288.018 Thread 0x00007f55ac062800 flushing nmethod 0x00007f5595121a10
Event: 288.018 Thread 0x00007f55ac062800 flushing nmethod 0x00007f5595125490
Event: 288.018 Thread 0x00007f55ac062800 flushing nmethod 0x00007f559513bf90
Event: 288.018 Thread 0x00007f55ac062800 flushing nmethod 0x00007f559514cc90
Event: 288.018 Thread 0x00007f55ac062800 flushing nmethod 0x00007f5595158810
Event: 288.018 Thread 0x00007f55ac062800 flushing nmethod 0x00007f5595175810
Event: 288.036 Thread 0x00007f55ac062800 flushing nmethod 0x00007f55953d0e90
Event: 288.626 Executing VM operation: GenCollectForAllocation


Dynamic libraries:
f0800000-f4740000 rw-p 00000000 00:00 0 
f4740000-f5aa0000 ---p 00000000 00:00 0 
f5aa0000-fe0b5000 rw-p 00000000 00:00 0 
fe873000-100000000 ---p 00000000 00:00 0 
800000000-800002000 rwxp 00001000 fc:01 1548298                          /usr/lib/jvm/java-11-openjdk-amd64/lib/server/classes.jsa
800002000-8003b9000 rw-p 00003000 fc:01 1548298                          /usr/lib/jvm/java-11-openjdk-amd64/lib/server/classes.jsa
8003b9000-800a82000 r--p 003ba000 fc:01 1548298                          /usr/lib/jvm/java-11-openjdk-amd64/lib/server/classes.jsa
800a82000-800a83000 rw-p 00a83000 fc:01 1548298                          /usr/lib/jvm/java-11-openjdk-amd64/lib/server/classes.jsa
800a83000-801091000 r--p 00a84000 fc:01 1548298                          /usr/lib/jvm/java-11-openjdk-amd64/lib/server/classes.jsa
840000000-8402e0000 rw-p 00000000 00:00 0 
8402e0000-880000000 ---p 00000000 00:00 0 
5567c1d6d000-5567c1d6e000 r-xp 00000000 fc:01 1036289                    /usr/lib/jvm/java-11-openjdk-amd64/bin/java
5567c1f6e000-5567c1f6f000 r--p 00001000 fc:01 1036289                    /usr/lib/jvm/java-11-openjdk-amd64/bin/java
5567c1f6f000-5567c1f70000 rw-p 00002000 fc:01 1036289                    /usr/lib/jvm/java-11-openjdk-amd64/bin/java
5567c28c8000-5567c28e9000 rw-p 00000000 00:00 0                          [heap]
7f55767c3000-7f5576843000 rw-p 00000000 00:00 0 
7f5576843000-7f55769c3000 ---p 00000000 00:00 0 
7f55769c3000-7f5576bc3000 rw-p 00000000 00:00 0 
7f5576bc3000-7f5576bc7000 ---p 00000000 00:00 0 
7f5576bc7000-7f5576cc4000 rw-p 00000000 00:00 0 
7f5576cc4000-7f5576d16000 r-xp 00000000 fc:01 69369                      /usr/lib/x86_64-linux-gnu/liblcms2.so.2.0.8
7f5576d16000-7f5576f16000 ---p 00052000 fc:01 69369                      /usr/lib/x86_64-linux-gnu/liblcms2.so.2.0.8
7f5576f16000-7f5576f18000 r--p 00052000 fc:01 69369                      /usr/lib/x86_64-linux-gnu/liblcms2.so.2.0.8
7f5576f18000-7f5576f1b000 rw-p 00054000 fc:01 69369                      /usr/lib/x86_64-linux-gnu/liblcms2.so.2.0.8
7f5576f1b000-7f5576f1c000 rw-p 00000000 00:00 0 
7f5576f1c000-7f5576f20000 r-xp 00000000 fc:01 1559621                    /usr/lib/jvm/java-11-openjdk-amd64/lib/liblcms.so
7f5576f20000-7f557711f000 ---p 00004000 fc:01 1559621                    /usr/lib/jvm/java-11-openjdk-amd64/lib/liblcms.so
7f557711f000-7f5577120000 r--p 00003000 fc:01 1559621                    /usr/lib/jvm/java-11-openjdk-amd64/lib/liblcms.so
7f5577120000-7f5577121000 rw-p 00004000 fc:01 1559621                    /usr/lib/jvm/java-11-openjdk-amd64/lib/liblcms.so
7f5577121000-7f5577129000 r-xp 00000000 fc:01 1559604                    /usr/lib/jvm/java-11-openjdk-amd64/lib/libawt_headless.so
7f5577129000-7f5577328000 ---p 00008000 fc:01 1559604                    /usr/lib/jvm/java-11-openjdk-amd64/lib/libawt_headless.so
7f5577328000-7f5577329000 r--p 00007000 fc:01 1559604                    /usr/lib/jvm/java-11-openjdk-amd64/lib/libawt_headless.so
7f5577329000-7f557732a000 rw-p 00008000 fc:01 1559604                    /usr/lib/jvm/java-11-openjdk-amd64/lib/libawt_headless.so
7f557732a000-7f55773c8000 r-xp 00000000 fc:01 1559603                    /usr/lib/jvm/java-11-openjdk-amd64/lib/libawt.so
7f55773c8000-7f55775c8000 ---p 0009e000 fc:01 1559603                    /usr/lib/jvm/java-11-openjdk-amd64/lib/libawt.so
7f55775c8000-7f55775c9000 r--p 0009e000 fc:01 1559603                    /usr/lib/jvm/java-11-openjdk-amd64/lib/libawt.so
7f55775c9000-7f55775d4000 rw-p 0009f000 fc:01 1559603                    /usr/lib/jvm/java-11-openjdk-amd64/lib/libawt.so
7f55775d4000-7f55777f9000 rw-p 00000000 00:00 0 
7f55777f9000-7f55777fd000 ---p 00000000 00:00 0 
7f55777fd000-7f5577afa000 rw-p 00000000 00:00 0 
7f5577afa000-7f5577afc000 r-xp 00000000 fc:01 1559607                    /usr/lib/jvm/java-11-openjdk-amd64/lib/libextnet.so
7f5577afc000-7f5577cfb000 ---p 00002000 fc:01 1559607                    /usr/lib/jvm/java-11-openjdk-amd64/lib/libextnet.so
7f5577cfb000-7f5577cfc000 r--p 00001000 fc:01 1559607                    /usr/lib/jvm/java-11-openjdk-amd64/lib/libextnet.so
7f5577cfc000-7f5577cfd000 rw-p 00002000 fc:01 1559607                    /usr/lib/jvm/java-11-openjdk-amd64/lib/libextnet.so
7f5577cfd000-7f5577d01000 ---p 00000000 00:00 0 
7f5577d01000-7f5577dfe000 rw-p 00000000 00:00 0 
7f5577dfe000-7f5577e02000 ---p 00000000 00:00 0 
7f5577e02000-7f5577eff000 rw-p 00000000 00:00 0 
7f5577eff000-7f5577f03000 ---p 00000000 00:00 0 
7f5577f03000-7f5578000000 rw-p 00000000 00:00 0 
7f5578000000-7f5578f9e000 rw-p 00000000 00:00 0 
7f5578f9e000-7f557c000000 ---p 00000000 00:00 0 
7f557c000000-7f557c021000 rw-p 00000000 00:00 0 
7f557c021000-7f5580000000 ---p 00000000 00:00 0 
7f5580000000-7f5580021000 rw-p 00000000 00:00 0 
7f5580021000-7f5584000000 ---p 00000000 00:00 0 
7f5584000000-7f558592c000 rw-p 00000000 00:00 0 
7f558592c000-7f5588000000 ---p 00000000 00:00 0 
7f5588000000-7f5588021000 rw-p 00000000 00:00 0 
7f5588021000-7f558c000000 ---p 00000000 00:00 0 
7f558c000000-7f558c035000 rw-p 00000000 00:00 0 
7f558c035000-7f5590000000 ---p 00000000 00:00 0 
7f5590000000-7f55902fc000 rw-p 00000000 00:00 0 
7f55902fc000-7f5594000000 ---p 00000000 00:00 0 
7f5594088000-7f559408c000 ---p 00000000 00:00 0 
7f559408c000-7f5594189000 rw-p 00000000 00:00 0 
7f5594189000-7f559418d000 ---p 00000000 00:00 0 
7f559418d000-7f559428a000 rw-p 00000000 00:00 0 
7f559428a000-7f559428e000 ---p 00000000 00:00 0 
7f559428e000-7f559438b000 rw-p 00000000 00:00 0 
7f559438b000-7f559438f000 ---p 00000000 00:00 0 
7f559438f000-7f559448c000 rw-p 00000000 00:00 0 
7f559448c000-7f5594491000 r-xp 00000000 fc:01 1559624                    /usr/lib/jvm/java-11-openjdk-amd64/lib/libmanagement_ext.so
7f5594491000-7f5594691000 ---p 00005000 fc:01 1559624                    /usr/lib/jvm/java-11-openjdk-amd64/lib/libmanagement_ext.so
7f5594691000-7f5594692000 r--p 00005000 fc:01 1559624                    /usr/lib/jvm/java-11-openjdk-amd64/lib/libmanagement_ext.so
7f5594692000-7f5594693000 rw-p 00006000 fc:01 1559624                    /usr/lib/jvm/java-11-openjdk-amd64/lib/libmanagement_ext.so
7f5594693000-7f5594697000 r-xp 00000000 fc:01 1559622                    /usr/lib/jvm/java-11-openjdk-amd64/lib/libmanagement.so
7f5594697000-7f5594897000 ---p 00004000 fc:01 1559622                    /usr/lib/jvm/java-11-openjdk-amd64/lib/libmanagement.so
7f5594897000-7f5594898000 r--p 00004000 fc:01 1559622                    /usr/lib/jvm/java-11-openjdk-amd64/lib/libmanagement.so
7f5594898000-7f5594899000 rw-p 00005000 fc:01 1559622                    /usr/lib/jvm/java-11-openjdk-amd64/lib/libmanagement.so
7f5594899000-7f5594b09000 rwxp 00000000 00:00 0 
7f5594b09000-7f5594e28000 ---p 00000000 00:00 0 
7f5594e28000-7f5595568000 rwxp 00000000 00:00 0 
7f5595568000-7f559c360000 ---p 00000000 00:00 0 
7f559c360000-7f559c5d0000 rwxp 00000000 00:00 0 
7f559c5d0000-7f55a3899000 ---p 00000000 00:00 0 
7f55a3899000-7f55ac000000 r--s 00000000 fc:01 1559636                    /usr/lib/jvm/java-11-openjdk-amd64/lib/modules
7f55ac000000-7f55ac5e5000 rw-p 00000000 00:00 0 
7f55ac5e5000-7f55b0000000 ---p 00000000 00:00 0 
7f55b0038000-7f55b003c000 ---p 00000000 00:00 0 
7f55b003c000-7f55b0339000 rw-p 00000000 00:00 0 
7f55b0339000-7f55b0539000 rw-p 00000000 00:00 0 
7f55b0539000-7f55b0563000 r-xp 00000000 fc:01 1559632                    /usr/lib/jvm/java-11-openjdk-amd64/lib/libsunec.so
7f55b0563000-7f55b0762000 ---p 0002a000 fc:01 1559632                    /usr/lib/jvm/java-11-openjdk-amd64/lib/libsunec.so
7f55b0762000-7f55b0766000 r--p 00029000 fc:01 1559632                    /usr/lib/jvm/java-11-openjdk-amd64/lib/libsunec.so
7f55b0766000-7f55b0768000 rw-p 0002d000 fc:01 1559632                    /usr/lib/jvm/java-11-openjdk-amd64/lib/libsunec.so
7f55b0768000-7f55b0968000 rw-p 00000000 00:00 0 
7f55b0968000-7f55b0999000 rw-p 00000000 00:00 0 
7f55b0999000-7f55b09af000 r-xp 00000000 fc:01 1559626                    /usr/lib/jvm/java-11-openjdk-amd64/lib/libnet.so
7f55b09af000-7f55b0bae000 ---p 00016000 fc:01 1559626                    /usr/lib/jvm/java-11-openjdk-amd64/lib/libnet.so
7f55b0bae000-7f55b0baf000 r--p 00015000 fc:01 1559626                    /usr/lib/jvm/java-11-openjdk-amd64/lib/libnet.so
7f55b0baf000-7f55b0bb0000 rw-p 00016000 fc:01 1559626                    /usr/lib/jvm/java-11-openjdk-amd64/lib/libnet.so
7f55b0bb0000-7f55b0bc0000 r-xp 00000000 fc:01 1559627                    /usr/lib/jvm/java-11-openjdk-amd64/lib/libnio.so
7f55b0bc0000-7f55b0dbf000 ---p 00010000 fc:01 1559627                    /usr/lib/jvm/java-11-openjdk-amd64/lib/libnio.so
7f55b0dbf000-7f55b0dc0000 r--p 0000f000 fc:01 1559627                    /usr/lib/jvm/java-11-openjdk-amd64/lib/libnio.so
7f55b0dc0000-7f55b0dc1000 rw-p 00010000 fc:01 1559627                    /usr/lib/jvm/java-11-openjdk-amd64/lib/libnio.so
7f55b0dc1000-7f55b0dc5000 ---p 00000000 00:00 0 
7f55b0dc5000-7f55b0ec2000 rw-p 00000000 00:00 0 
7f55b0ec2000-7f55b0ec3000 ---p 00000000 00:00 0 
7f55b0ec3000-7f55b0fc4000 rw-p 00000000 00:00 0 
7f55b0fc4000-7f55b0fc8000 ---p 00000000 00:00 0 
7f55b0fc8000-7f55b10c5000 rw-p 00000000 00:00 0 
7f55b10c5000-7f55b10c9000 ---p 00000000 00:00 0 
7f55b10c9000-7f55b11c6000 rw-p 00000000 00:00 0 
7f55b11c6000-7f55b11ca000 ---p 00000000 00:00 0 
7f55b11ca000-7f55b12c7000 rw-p 00000000 00:00 0 
7f55b12c7000-7f55b12cb000 ---p 00000000 00:00 0 
7f55b12cb000-7f55b13c8000 rw-p 00000000 00:00 0 
7f55b13c8000-7f55b13cc000 ---p 00000000 00:00 0 
7f55b13cc000-7f55b14c9000 rw-p 00000000 00:00 0 
7f55b14c9000-7f55b14fa000 r--p 00000000 fc:01 28813                      /usr/lib/locale/C.UTF-8/LC_CTYPE
7f55b14fa000-7f55b166d000 r--p 00000000 fc:01 28812                      /usr/lib/locale/C.UTF-8/LC_COLLATE
7f55b166d000-7f55b1808000 r--p 00000000 fc:01 4118                       /usr/lib/locale/locale-archive
7f55b1808000-7f55b180c000 ---p 00000000 00:00 0 
7f55b180c000-7f55b1909000 rw-p 00000000 00:00 0 
7f55b1909000-7f55b190d000 ---p 00000000 00:00 0 
7f55b190d000-7f55b1a0a000 rw-p 00000000 00:00 0 
7f55b1a0a000-7f55b1a0b000 ---p 00000000 00:00 0 
7f55b1a0b000-7f55b2410000 rw-p 00000000 00:00 0 
7f55b2410000-7f55b2457000 rw-p 00000000 00:00 0 
7f55b2457000-7f55b253d000 ---p 00000000 00:00 0 
7f55b253d000-7f55b254c000 rw-p 00000000 00:00 0 
7f55b254c000-7f55b2628000 ---p 00000000 00:00 0 
7f55b2628000-7f55b262f000 r-xp 00000000 fc:01 1559635                    /usr/lib/jvm/java-11-openjdk-amd64/lib/libzip.so
7f55b262f000-7f55b282e000 ---p 00007000 fc:01 1559635                    /usr/lib/jvm/java-11-openjdk-amd64/lib/libzip.so
7f55b282e000-7f55b282f000 r--p 00006000 fc:01 1559635                    /usr/lib/jvm/java-11-openjdk-amd64/lib/libzip.so
7f55b282f000-7f55b2830000 rw-p 00007000 fc:01 1559635                    /usr/lib/jvm/java-11-openjdk-amd64/lib/libzip.so
7f55b2830000-7f55b283b000 r-xp 00000000 fc:01 12716                      /lib/x86_64-linux-gnu/libnss_files-2.27.so
7f55b283b000-7f55b2a3a000 ---p 0000b000 fc:01 12716                      /lib/x86_64-linux-gnu/libnss_files-2.27.so
7f55b2a3a000-7f55b2a3b000 r--p 0000a000 fc:01 12716                      /lib/x86_64-linux-gnu/libnss_files-2.27.so
7f55b2a3b000-7f55b2a3c000 rw-p 0000b000 fc:01 12716                      /lib/x86_64-linux-gnu/libnss_files-2.27.so
7f55b2a3c000-7f55b2a42000 rw-p 00000000 00:00 0 
7f55b2a42000-7f55b2a59000 r-xp 00000000 fc:01 12713                      /lib/x86_64-linux-gnu/libnsl-2.27.so
7f55b2a59000-7f55b2c58000 ---p 00017000 fc:01 12713                      /lib/x86_64-linux-gnu/libnsl-2.27.so
7f55b2c58000-7f55b2c59000 r--p 00016000 fc:01 12713                      /lib/x86_64-linux-gnu/libnsl-2.27.so
7f55b2c59000-7f55b2c5a000 rw-p 00017000 fc:01 12713                      /lib/x86_64-linux-gnu/libnsl-2.27.so
7f55b2c5a000-7f55b2c5c000 rw-p 00000000 00:00 0 
7f55b2c5c000-7f55b2c67000 r-xp 00000000 fc:01 12718                      /lib/x86_64-linux-gnu/libnss_nis-2.27.so
7f55b2c67000-7f55b2e66000 ---p 0000b000 fc:01 12718                      /lib/x86_64-linux-gnu/libnss_nis-2.27.so
7f55b2e66000-7f55b2e67000 r--p 0000a000 fc:01 12718                      /lib/x86_64-linux-gnu/libnss_nis-2.27.so
7f55b2e67000-7f55b2e68000 rw-p 0000b000 fc:01 12718                      /lib/x86_64-linux-gnu/libnss_nis-2.27.so
7f55b2e68000-7f55b2e70000 r-xp 00000000 fc:01 12714                      /lib/x86_64-linux-gnu/libnss_compat-2.27.so
7f55b2e70000-7f55b3070000 ---p 00008000 fc:01 12714                      /lib/x86_64-linux-gnu/libnss_compat-2.27.so
7f55b3070000-7f55b3071000 r--p 00008000 fc:01 12714                      /lib/x86_64-linux-gnu/libnss_compat-2.27.so
7f55b3071000-7f55b3072000 rw-p 00009000 fc:01 12714                      /lib/x86_64-linux-gnu/libnss_compat-2.27.so
7f55b3072000-7f55b3077000 r-xp 00000000 fc:01 1559618                    /usr/lib/jvm/java-11-openjdk-amd64/lib/libjimage.so
7f55b3077000-7f55b3276000 ---p 00005000 fc:01 1559618                    /usr/lib/jvm/java-11-openjdk-amd64/lib/libjimage.so
7f55b3276000-7f55b3277000 r--p 00004000 fc:01 1559618                    /usr/lib/jvm/java-11-openjdk-amd64/lib/libjimage.so
7f55b3277000-7f55b3278000 rw-p 00005000 fc:01 1559618                    /usr/lib/jvm/java-11-openjdk-amd64/lib/libjimage.so
7f55b3278000-7f55b32a1000 r-xp 00000000 fc:01 1559614                    /usr/lib/jvm/java-11-openjdk-amd64/lib/libjava.so
7f55b32a1000-7f55b34a1000 ---p 00029000 fc:01 1559614                    /usr/lib/jvm/java-11-openjdk-amd64/lib/libjava.so
7f55b34a1000-7f55b34a2000 r--p 00029000 fc:01 1559614                    /usr/lib/jvm/java-11-openjdk-amd64/lib/libjava.so
7f55b34a2000-7f55b34a3000 rw-p 0002a000 fc:01 1559614                    /usr/lib/jvm/java-11-openjdk-amd64/lib/libjava.so
7f55b34a3000-7f55b34a4000 rw-p 00000000 00:00 0 
7f55b34a4000-7f55b34b1000 r-xp 00000000 fc:01 1559634                    /usr/lib/jvm/java-11-openjdk-amd64/lib/libverify.so
7f55b34b1000-7f55b36b0000 ---p 0000d000 fc:01 1559634                    /usr/lib/jvm/java-11-openjdk-amd64/lib/libverify.so
7f55b36b0000-7f55b36b2000 r--p 0000c000 fc:01 1559634                    /usr/lib/jvm/java-11-openjdk-amd64/lib/libverify.so
7f55b36b2000-7f55b36b3000 rw-p 0000e000 fc:01 1559634                    /usr/lib/jvm/java-11-openjdk-amd64/lib/libverify.so
7f55b36b3000-7f55b36ba000 r-xp 00000000 fc:01 12728                      /lib/x86_64-linux-gnu/librt-2.27.so
7f55b36ba000-7f55b38b9000 ---p 00007000 fc:01 12728                      /lib/x86_64-linux-gnu/librt-2.27.so
7f55b38b9000-7f55b38ba000 r--p 00006000 fc:01 12728                      /lib/x86_64-linux-gnu/librt-2.27.so
7f55b38ba000-7f55b38bb000 rw-p 00007000 fc:01 12728                      /lib/x86_64-linux-gnu/librt-2.27.so
7f55b38bb000-7f55b38d2000 r-xp 00000000 fc:01 89                         /lib/x86_64-linux-gnu/libgcc_s.so.1
7f55b38d2000-7f55b3ad1000 ---p 00017000 fc:01 89                         /lib/x86_64-linux-gnu/libgcc_s.so.1
7f55b3ad1000-7f55b3ad2000 r--p 00016000 fc:01 89                         /lib/x86_64-linux-gnu/libgcc_s.so.1
7f55b3ad2000-7f55b3ad3000 rw-p 00017000 fc:01 89                         /lib/x86_64-linux-gnu/libgcc_s.so.1
7f55b3ad3000-7f55b3c70000 r-xp 00000000 fc:01 12710                      /lib/x86_64-linux-gnu/libm-2.27.so
7f55b3c70000-7f55b3e6f000 ---p 0019d000 fc:01 12710                      /lib/x86_64-linux-gnu/libm-2.27.so
7f55b3e6f000-7f55b3e70000 r--p 0019c000 fc:01 12710                      /lib/x86_64-linux-gnu/libm-2.27.so
7f55b3e70000-7f55b3e71000 rw-p 0019d000 fc:01 12710                      /lib/x86_64-linux-gnu/libm-2.27.so
7f55b3e71000-7f55b3fea000 r-xp 00000000 fc:01 104                        /usr/lib/x86_64-linux-gnu/libstdc++.so.6.0.25
7f55b3fea000-7f55b41ea000 ---p 00179000 fc:01 104                        /usr/lib/x86_64-linux-gnu/libstdc++.so.6.0.25
7f55b41ea000-7f55b41f4000 r--p 00179000 fc:01 104                        /usr/lib/x86_64-linux-gnu/libstdc++.so.6.0.25
7f55b41f4000-7f55b41f6000 rw-p 00183000 fc:01 104                        /usr/lib/x86_64-linux-gnu/libstdc++.so.6.0.25
7f55b41f6000-7f55b41fa000 rw-p 00000000 00:00 0 
7f55b41fa000-7f55b52fe000 r-xp 00000000 fc:01 1559639                    /usr/lib/jvm/java-11-openjdk-amd64/lib/server/libjvm.so
7f55b52fe000-7f55b54fd000 ---p 01104000 fc:01 1559639                    /usr/lib/jvm/java-11-openjdk-amd64/lib/server/libjvm.so
7f55b54fd000-7f55b55ba000 r--p 01103000 fc:01 1559639                    /usr/lib/jvm/java-11-openjdk-amd64/lib/server/libjvm.so
7f55b55ba000-7f55b55f3000 rw-p 011c0000 fc:01 1559639                    /usr/lib/jvm/java-11-openjdk-amd64/lib/server/libjvm.so
7f55b55f3000-7f55b564a000 rw-p 00000000 00:00 0 
7f55b564a000-7f55b5664000 r-xp 00000000 fc:01 12726                      /lib/x86_64-linux-gnu/libpthread-2.27.so
7f55b5664000-7f55b5863000 ---p 0001a000 fc:01 12726                      /lib/x86_64-linux-gnu/libpthread-2.27.so
7f55b5863000-7f55b5864000 r--p 00019000 fc:01 12726                      /lib/x86_64-linux-gnu/libpthread-2.27.so
7f55b5864000-7f55b5865000 rw-p 0001a000 fc:01 12726                      /lib/x86_64-linux-gnu/libpthread-2.27.so
7f55b5865000-7f55b5869000 rw-p 00000000 00:00 0 
7f55b5869000-7f55b586c000 r-xp 00000000 fc:01 12709                      /lib/x86_64-linux-gnu/libdl-2.27.so
7f55b586c000-7f55b5a6b000 ---p 00003000 fc:01 12709                      /lib/x86_64-linux-gnu/libdl-2.27.so
7f55b5a6b000-7f55b5a6c000 r--p 00002000 fc:01 12709                      /lib/x86_64-linux-gnu/libdl-2.27.so
7f55b5a6c000-7f55b5a6d000 rw-p 00003000 fc:01 12709                      /lib/x86_64-linux-gnu/libdl-2.27.so
7f55b5a6d000-7f55b5a89000 r-xp 00000000 fc:01 2183                       /lib/x86_64-linux-gnu/libz.so.1.2.11
7f55b5a89000-7f55b5c88000 ---p 0001c000 fc:01 2183                       /lib/x86_64-linux-gnu/libz.so.1.2.11
7f55b5c88000-7f55b5c89000 r--p 0001b000 fc:01 2183                       /lib/x86_64-linux-gnu/libz.so.1.2.11
7f55b5c89000-7f55b5c8a000 rw-p 0001c000 fc:01 2183                       /lib/x86_64-linux-gnu/libz.so.1.2.11
7f55b5c8a000-7f55b5e71000 r-xp 00000000 fc:01 12706                      /lib/x86_64-linux-gnu/libc-2.27.so
7f55b5e71000-7f55b6071000 ---p 001e7000 fc:01 12706                      /lib/x86_64-linux-gnu/libc-2.27.so
7f55b6071000-7f55b6075000 r--p 001e7000 fc:01 12706                      /lib/x86_64-linux-gnu/libc-2.27.so
7f55b6075000-7f55b6077000 rw-p 001eb000 fc:01 12706                      /lib/x86_64-linux-gnu/libc-2.27.so
7f55b6077000-7f55b607b000 rw-p 00000000 00:00 0 
7f55b607b000-7f55b608b000 r-xp 00000000 fc:01 1559598                    /usr/lib/jvm/java-11-openjdk-amd64/lib/jli/libjli.so
7f55b608b000-7f55b628a000 ---p 00010000 fc:01 1559598                    /usr/lib/jvm/java-11-openjdk-amd64/lib/jli/libjli.so
7f55b628a000-7f55b628b000 r--p 0000f000 fc:01 1559598                    /usr/lib/jvm/java-11-openjdk-amd64/lib/jli/libjli.so
7f55b628b000-7f55b628c000 rw-p 00010000 fc:01 1559598                    /usr/lib/jvm/java-11-openjdk-amd64/lib/jli/libjli.so
7f55b628c000-7f55b62b3000 r-xp 00000000 fc:01 12678                      /lib/x86_64-linux-gnu/ld-2.27.so
7f55b62b4000-7f55b62b5000 r--p 00000000 00:00 0 
7f55b62b5000-7f55b62b6000 r--p 00000000 fc:01 28843                      /usr/lib/locale/C.UTF-8/LC_NUMERIC
7f55b62b6000-7f55b62b7000 r--p 00000000 fc:01 28846                      /usr/lib/locale/C.UTF-8/LC_TIME
7f55b62b7000-7f55b62b8000 r--p 00000000 fc:01 28839                      /usr/lib/locale/C.UTF-8/LC_MONETARY
7f55b62b8000-7f55b62b9000 r--p 00000000 fc:01 28833                      /usr/lib/locale/C.UTF-8/LC_MESSAGES/SYS_LC_MESSAGES
7f55b62b9000-7f55b62ba000 r--p 00000000 fc:01 28844                      /usr/lib/locale/C.UTF-8/LC_PAPER
7f55b62ba000-7f55b62bb000 r--p 00000000 fc:01 28841                      /usr/lib/locale/C.UTF-8/LC_NAME
7f55b62bb000-7f55b62bc000 r--p 00000000 fc:01 28811                      /usr/lib/locale/C.UTF-8/LC_ADDRESS
7f55b62bc000-7f55b62bd000 r--p 00000000 fc:01 28845                      /usr/lib/locale/C.UTF-8/LC_TELEPHONE
7f55b62bd000-7f55b62be000 r--p 00000000 fc:01 28819                      /usr/lib/locale/C.UTF-8/LC_MEASUREMENT
7f55b62be000-7f55b62c5000 r--s 00000000 fc:01 26096                      /usr/lib/x86_64-linux-gnu/gconv/gconv-modules.cache
7f55b62c5000-7f55b62c6000 r--p 00000000 fc:01 28818                      /usr/lib/locale/C.UTF-8/LC_IDENTIFICATION
7f55b62c6000-7f55b630a000 rw-p 00000000 00:00 0 
7f55b630a000-7f55b6319000 ---p 00000000 00:00 0 
7f55b6319000-7f55b6339000 rw-p 00000000 00:00 0 
7f55b6339000-7f55b6342000 ---p 00000000 00:00 0 
7f55b6342000-7f55b6386000 rw-p 00000000 00:00 0 
7f55b6386000-7f55b6395000 ---p 00000000 00:00 0 
7f55b6395000-7f55b639b000 rw-p 00000000 00:00 0 
7f55b639b000-7f55b63a2000 ---p 00000000 00:00 0 
7f55b63a2000-7f55b63a4000 r--s 00007000 fc:01 25405                      /usr/share/java/java-atk-wrapper.jar
7f55b63a4000-7f55b63a8000 ---p 00000000 00:00 0 
7f55b63a8000-7f55b64a7000 rw-p 00000000 00:00 0 
7f55b64a7000-7f55b64af000 rw-s 00000000 fc:01 1055309                    /tmp/hsperfdata_root/19169
7f55b64af000-7f55b64b0000 ---p 00000000 00:00 0 
7f55b64b0000-7f55b64b1000 r--p 00000000 00:00 0 
7f55b64b1000-7f55b64b3000 rw-p 00000000 00:00 0 
7f55b64b3000-7f55b64b4000 r--p 00027000 fc:01 12678                      /lib/x86_64-linux-gnu/ld-2.27.so
7f55b64b4000-7f55b64b5000 rw-p 00028000 fc:01 12678                      /lib/x86_64-linux-gnu/ld-2.27.so
7f55b64b5000-7f55b64b6000 rw-p 00000000 00:00 0 
7ffc6323d000-7ffc6325e000 rw-p 00000000 00:00 0                          [stack]
7ffc632cb000-7ffc632ce000 r--p 00000000 00:00 0                          [vvar]
7ffc632ce000-7ffc632d0000 r-xp 00000000 00:00 0                          [vdso]
ffffffffff600000-ffffffffff601000 r-xp 00000000 00:00 0                  [vsyscall]


VM Arguments:
java_command: org.apache.tika.server.TikaServerCli --port 9998 --host localhost
java_class_path (initial): /tmp/tika-server.jar
Launcher Type: SUN_STANDARD

[Global flags]
     intx CICompilerCount                          = 2                                         {product} {ergonomic}
   size_t InitialHeapSize                          = 16777216                                  {product} {ergonomic}
   size_t MaxHeapSize                              = 260046848                                 {product} {ergonomic}
   size_t MaxNewSize                               = 86638592                                  {product} {ergonomic}
   size_t MinHeapDeltaBytes                        = 196608                                    {product} {ergonomic}
   size_t NewSize                                  = 5570560                                   {product} {ergonomic}
    uintx NonNMethodCodeHeapSize                   = 5825164                                {pd product} {ergonomic}
    uintx NonProfiledCodeHeapSize                  = 122916538                              {pd product} {ergonomic}
   size_t OldSize                                  = 11206656                                  {product} {ergonomic}
    uintx ProfiledCodeHeapSize                     = 122916538                              {pd product} {ergonomic}
    uintx ReservedCodeCacheSize                    = 251658240                              {pd product} {ergonomic}
     bool SegmentedCodeCache                       = true                                      {product} {ergonomic}
     bool UseCompressedClassPointers               = true                                 {lp64_product} {ergonomic}
     bool UseCompressedOops                        = true                                 {lp64_product} {ergonomic}
     bool UseSerialGC                              = true                                      {product} {ergonomic}

Logging:
Log output configuration:
 #0: stdout all=warning uptime,level,tags
 #1: stderr all=off uptime,level,tags

Environment Variables:
PATH=/usr/bin:/bin
SHELL=/bin/sh
LANG=C.UTF-8

Signal Handlers:
SIGSEGV: [libjvm.so+0xe1c340], sa_mask[0]=11111111011111111101111111111110, sa_flags=SA_RESTART|SA_SIGINFO
SIGBUS: [libjvm.so+0xe1c340], sa_mask[0]=11111111011111111101111111111110, sa_flags=SA_RESTART|SA_SIGINFO
SIGFPE: [libjvm.so+0xe1c340], sa_mask[0]=11111111011111111101111111111110, sa_flags=SA_RESTART|SA_SIGINFO
SIGPIPE: [libjvm.so+0xbec180], sa_mask[0]=11111111011111111101111111111110, sa_flags=SA_RESTART|SA_SIGINFO
SIGXFSZ: [libjvm.so+0xbec180], sa_mask[0]=11111111011111111101111111111110, sa_flags=SA_RESTART|SA_SIGINFO
SIGILL: [libjvm.so+0xe1c340], sa_mask[0]=11111111011111111101111111111110, sa_flags=SA_RESTART|SA_SIGINFO
SIGUSR2: [libjvm.so+0xbec020], sa_mask[0]=00000000000000000000000000000000, sa_flags=SA_RESTART|SA_SIGINFO
SIGHUP: [libjvm.so+0xbec380], sa_mask[0]=11111111011111111101111111111110, sa_flags=SA_RESTART|SA_SIGINFO
SIGINT: SIG_IGN, sa_mask[0]=00000000000000000000000000000000, sa_flags=none
SIGTERM: [libjvm.so+0xbec380], sa_mask[0]=11111111011111111101111111111110, sa_flags=SA_RESTART|SA_SIGINFO
SIGQUIT: [libjvm.so+0xbec380], sa_mask[0]=11111111011111111101111111111110, sa_flags=SA_RESTART|SA_SIGINFO


---------------  S Y S T E M  ---------------

OS:DISTRIB_ID=Ubuntu
DISTRIB_RELEASE=18.04
DISTRIB_CODENAME=bionic
DISTRIB_DESCRIPTION="Ubuntu 18.04.4 LTS"
uname:Linux 4.15.0-121-generic #123-Ubuntu SMP Mon Oct 5 16:16:40 UTC 2020 x86_64
OS uptime: 24 days 23:58 hours
libc:glibc 2.27 NPTL 2.27 
rlimit (soft/hard): STACK 8192k/infinity , CORE 0k/infinity , NPROC 3838/3838 , NOFILE 1048576/1048576 , AS infinity/infinity , CPU infinity/infinity , DATA infinity/infinity , FSIZE infinity/infinity , MEMLOCK 16384k/16384k
load average:1.18 0.69 0.52

/proc/meminfo:
MemTotal:        1008828 kB
MemFree:           53040 kB
MemAvailable:          0 kB
Buffers:             224 kB
Cached:             3220 kB
SwapCached:            0 kB
Active:           870612 kB
Inactive:           1916 kB
Active(anon):     869480 kB
Inactive(anon):      216 kB
Active(file):       1132 kB
Inactive(file):     1700 kB
Unevictable:           0 kB
Mlocked:               0 kB
SwapTotal:             0 kB
SwapFree:              0 kB
Dirty:                40 kB
Writeback:             8 kB
AnonPages:        869120 kB
Mapped:             2092 kB
Shmem:               576 kB
Slab:              51508 kB
SReclaimable:      22512 kB
SUnreclaim:        28996 kB
KernelStack:        2416 kB
PageTables:        10412 kB
NFS_Unstable:          0 kB
Bounce:                0 kB
WritebackTmp:          0 kB
CommitLimit:      504412 kB
Committed_AS:    1100896 kB
VmallocTotal:   34359738367 kB
VmallocUsed:           0 kB
VmallocChunk:          0 kB
HardwareCorrupted:     0 kB
AnonHugePages:         0 kB
ShmemHugePages:        0 kB
ShmemPmdMapped:        0 kB
CmaTotal:              0 kB
CmaFree:               0 kB
HugePages_Total:       0
HugePages_Free:        0
HugePages_Rsvd:        0
HugePages_Surp:        0
Hugepagesize:       2048 kB
DirectMap4k:      235500 kB
DirectMap2M:      813056 kB

/sys/kernel/mm/transparent_hugepage/enabled:
always [madvise] never
/sys/kernel/mm/transparent_hugepage/defrag (defrag/compaction efforts parameter):
always defer defer+madvise [madvise] never

/proc/sys/kernel/threads-max (system-wide limit on the number of threads):
7677
/proc/sys/vm/max_map_count (maximum number of memory map areas a process may have):
65530
/proc/sys/kernel/pid_max (system-wide limit on number of process identifiers):
32768

container (cgroup) information:
container_type: cgroupv1
cpu_cpuset_cpus: 0
cpu_memory_nodes: 0
active_processor_count: 1
cpu_quota: -1
cpu_period: 100000
cpu_shares: -1
memory_limit_in_bytes: -1
memory_and_swap_limit_in_bytes: -2
memory_soft_limit_in_bytes: -1
memory_usage_in_bytes: 861433856
memory_max_usage_in_bytes: 869949440

KVM virtualization detected
Steal ticks since vm start: 39
Steal ticks percentage since vm start:  0.001

CPU:total 1 (initial active 1) (1 cores per cpu, 1 threads per core) family 6 model 79 stepping 1, cmov, cx8, fxsr, mmx, sse, sse2, sse3, ssse3, sse4.1, sse4.2, popcnt, avx, avx2, aes, clmul, erms, 3dnowpref, lzcnt, tsc, bmi1, bmi2, adx, fma
CPU Model and flags from /proc/cpuinfo:
model name	: Intel(R) Xeon(R) CPU E5-2650 v4 @ 2.20GHz
flags		: fpu vme de pse tsc msr pae mce cx8 apic sep mtrr pge mca cmov pat pse36 clflush mmx fxsr sse sse2 ss syscall nx rdtscp lm constant_tsc arch_perfmon rep_good nopl cpuid tsc_known_freq pni pclmulqdq vmx ssse3 fma cx16 pcid sse4_1 sse4_2 x2apic movbe popcnt tsc_deadline_timer aes xsave avx f16c rdrand hypervisor lahf_lm abm 3dnowprefetch cpuid_fault invpcid_single pti ssbd ibrs ibpb tpr_shadow vnmi flexpriority ept vpid fsgsbase tsc_adjust bmi1 avx2 smep bmi2 erms invpcid rdseed adx smap xsaveopt md_clear
Online cpus:
0
Offline cpus:

BIOS frequency limitation:
<Not Available>
Frequency switch latency (ns):
<Not Available>
Available cpu frequencies:
<Not Available>
Current governor:
<Not Available>
Core performance/turbo boost:
<Not Available>

Memory: 4k page, physical 1008828k(53276k free), swap 0k(0k free)

vm_info: OpenJDK 64-Bit Server VM (11.0.9+11-Ubuntu-0ubuntu1.18.04.1) for linux-amd64 JRE (11.0.9+11-Ubuntu-0ubuntu1.18.04.1), built on Oct 22 2020 05:32:59 by "unknown" with gcc 7.5.0

END.
