#
# There is insufficient memory for the Java Runtime Environment to continue.
# Native memory allocation (mmap) failed to map 27807744 bytes for committing reserved memory.
# Possible reasons:
#   The system is out of physical RAM or swap space
#   The process is running with CompressedOops enabled, and the Java Heap may be blocking the growth of the native heap
# Possible solutions:
#   Reduce memory load on the system
#   Increase physical memory or swap space
#   Check if swap backing store is full
#   Decrease Java heap size (-Xmx/-Xms)
#   Decrease number of Java threads
#   Decrease Java thread stack sizes (-Xss)
#   Set larger code cache with -XX:ReservedCodeCacheSize=
#   JVM is running with Unscaled Compressed Oops mode in which the Java heap is
#     placed in the first 4GB address space. The Java Heap base address is the
#     maximum limit for the native heap growth. Please use -XX:HeapBaseMinAddress
#     to set the Java Heap base and to place the Java Heap above 4GB virtual address.
# This output file may be truncated or incomplete.
#
#  Out of Memory Error (os_linux.cpp:2922), pid=21467, tid=21471
#
# JRE version: OpenJDK Runtime Environment (11.0.9+11) (build 11.0.9+11-Ubuntu-0ubuntu1.18.04.1)
# Java VM: OpenJDK 64-Bit Server VM (11.0.9+11-Ubuntu-0ubuntu1.18.04.1, mixed mode, sharing, tiered, compressed oops, serial gc, linux-amd64)
# Core dump will be written. Default location: Core dumps may be processed with "/usr/share/apport/apport %p %s %c %d %P %E" (or dumping to /root/AUTO_GIT/open-data/COVID-19/core.21467)
#

---------------  S U M M A R Y ------------

Command Line: org.apache.tika.server.TikaServerCli --port 9998 --host localhost

Host: Intel(R) Xeon(R) CPU E5-2650 v4 @ 2.20GHz, 1 cores, 985M, Ubuntu 18.04.4 LTS
Time: Fri Nov  6 18:05:33 2020 EET elapsed time: 81039.466605 seconds (0d 22h 30m 39s)

---------------  T H R E A D  ---------------

Current thread (0x00007f2ff404e800):  VMThread "VM Thread" [stack: 0x00007f2fdaf0d000,0x00007f2fdb00d000] [id=21471]

Stack: [0x00007f2fdaf0d000,0x00007f2fdb00d000],  sp=0x00007f2fdb00aff0,  free space=1015k
Native frames: (J=compiled Java code, A=aot compiled Java code, j=interpreted, Vv=VM code, C=native code)
V  [libjvm.so+0xe1a8f9]
V  [libjvm.so+0xe1b58b]
V  [libjvm.so+0x65f7f5]
V  [libjvm.so+0xbf0ce2]
V  [libjvm.so+0xbe761f]
V  [libjvm.so+0xe12017]
V  [libjvm.so+0x523ca1]
V  [libjvm.so+0x523e44]
V  [libjvm.so+0xd9fca7]
V  [libjvm.so+0x5245e9]
V  [libjvm.so+0x7bfb60]
V  [libjvm.so+0x7c07d8]
V  [libjvm.so+0xe1c91f]
V  [libjvm.so+0xe1df18]
V  [libjvm.so+0xe241a6]
V  [libjvm.so+0xe246b0]
V  [libjvm.so+0xe24b33]
V  [libjvm.so+0xda815f]
V  [libjvm.so+0xbf6ace]

VM_Operation (0x00007f2fd9026c00): GenCollectForAllocation, mode: safepoint, requested by thread 0x00007f2ff45dd800


---------------  P R O C E S S  ---------------

Threads class SMR info:
_java_thread_list=0x00007f2fd40285f0, length=19, elements={
0x00007f2ff4051800, 0x00007f2ff4053800, 0x00007f2ff405c000, 0x00007f2ff405e800,
0x00007f2ff4060800, 0x00007f2ff4062800, 0x00007f2ff409e000, 0x00007f2ff40a7800,
0x00007f2ff45da000, 0x00007f2ff45db800, 0x00007f2ff45dd800, 0x00007f2ff45df000,
0x00007f2ff45e1000, 0x00007f2ff45e2800, 0x00007f2ff45e4800, 0x00007f2ff45e6800,
0x00007f2ff4016000, 0x00007f2fd0016800, 0x00007f2fd4027800
}

Java Threads: ( => current thread )
  0x00007f2ff4051800 JavaThread "Reference Handler" daemon [_thread_blocked, id=21472, stack(0x00007f2fdae0a000,0x00007f2fdaf0b000)]
  0x00007f2ff4053800 JavaThread "Finalizer" daemon [_thread_blocked, id=21474, stack(0x00007f2fdad09000,0x00007f2fdae0a000)]
  0x00007f2ff405c000 JavaThread "Signal Dispatcher" daemon [_thread_blocked, id=21476, stack(0x00007f2fda8c9000,0x00007f2fda9ca000)]
  0x00007f2ff405e800 JavaThread "C2 CompilerThread0" daemon [_thread_blocked, id=21478, stack(0x00007f2fda7c8000,0x00007f2fda8c9000)]
  0x00007f2ff4060800 JavaThread "C1 CompilerThread0" daemon [_thread_blocked, id=21480, stack(0x00007f2fda6c7000,0x00007f2fda7c8000)]
  0x00007f2ff4062800 JavaThread "Sweeper thread" daemon [_thread_blocked, id=21482, stack(0x00007f2fda5c6000,0x00007f2fda6c7000)]
  0x00007f2ff409e000 JavaThread "Service Thread" daemon [_thread_blocked, id=21484, stack(0x00007f2fda4c5000,0x00007f2fda5c6000)]
  0x00007f2ff40a7800 JavaThread "Common-Cleaner" daemon [_thread_blocked, id=21488, stack(0x00007f2fda2c2000,0x00007f2fda3c3000)]
  0x00007f2ff45da000 JavaThread "qtp2000469839-11" [_thread_blocked, id=21498, stack(0x00007f2fd912c000,0x00007f2fd922d000)]
  0x00007f2ff45db800 JavaThread "qtp2000469839-12-acceptor-0@277c645e-ServerConnector@36b0fcd5{HTTP/1.1,[http/1.1]}{localhost:9998}" [_thread_in_native, id=21499, stack(0x00007f2fd902b000,0x00007f2fd912c000)]
  0x00007f2ff45dd800 JavaThread "qtp2000469839-13" [_thread_blocked, id=21500, stack(0x00007f2fd8f2a000,0x00007f2fd902b000)]
  0x00007f2ff45df000 JavaThread "qtp2000469839-14" [_thread_blocked, id=21501, stack(0x00007f2fd8e29000,0x00007f2fd8f2a000)]
  0x00007f2ff45e1000 JavaThread "qtp2000469839-15" [_thread_in_native, id=21502, stack(0x00007f2fd8d28000,0x00007f2fd8e29000)]
  0x00007f2ff45e2800 JavaThread "qtp2000469839-16" [_thread_blocked, id=21503, stack(0x00007f2fd8c27000,0x00007f2fd8d28000)]
  0x00007f2ff45e4800 JavaThread "qtp2000469839-17" [_thread_blocked, id=21504, stack(0x00007f2fd8b26000,0x00007f2fd8c27000)]
  0x00007f2ff45e6800 JavaThread "qtp2000469839-18" [_thread_blocked, id=21505, stack(0x00007f2fd8a25000,0x00007f2fd8b26000)]
  0x00007f2ff4016000 JavaThread "DestroyJavaVM" [_thread_blocked, id=21469, stack(0x00007f2ffb00c000,0x00007f2ffb10d000)]
  0x00007f2fd0016800 JavaThread "Connector-Scheduler-36b0fcd5-1" [_thread_blocked, id=21523, stack(0x00007f2fd8521000,0x00007f2fd8622000)]
  0x00007f2fd4027800 JavaThread "Java2D Disposer" daemon [_thread_blocked, id=21524, stack(0x00007f2fbb899000,0x00007f2fbb99a000)]

Other Threads:
=>0x00007f2ff404e800 VMThread "VM Thread" [stack: 0x00007f2fdaf0d000,0x00007f2fdb00d000] [id=21471]
  0x00007f2ff40a0000 WatcherThread [stack: 0x00007f2fda3c5000,0x00007f2fda4c5000] [id=21486]

Threads with active compile tasks:
C2 CompilerThread081039982 3557       4       org.apache.pdfbox.text.TextPosition::isDiacritic (58 bytes)
C1 CompilerThread081040004 3554       3       org.apache.pdfbox.pdfparser.InputStreamSource::read (27 bytes)

VM state:at safepoint (normal execution)

VM Mutex/Monitor currently owned by a thread:  ([mutex/lock_event])
[0x00007f2ff40125b0] Threads_lock - owner thread: 0x00007f2ff404e800
[0x00007f2ff4012d90] Heap_lock - owner thread: 0x00007f2ff45dd800

Heap address: 0x00000000f0800000, size: 248 MB, Compressed Oops mode: 32-bit
Narrow klass base: 0x0000000800000000, Narrow klass shift: 3
Compressed class space size: 1073741824 Address: 0x0000000840000000

Heap:
 def new generation   total 54848K, used 0K [0x00000000f0800000, 0x00000000f4380000, 0x00000000f5aa0000)
  eden space 48768K,   0% used [0x00000000f0800000, 0x00000000f0800000, 0x00000000f37a0000)
  from space 6080K,   0% used [0x00000000f3d90000, 0x00000000f3d90000, 0x00000000f4380000)
  to   space 6080K,   0% used [0x00000000f37a0000, 0x00000000f37a0000, 0x00000000f3d90000)
 tenured generation   total 129568K, used 94032K [0x00000000f5aa0000, 0x00000000fd928000, 0x0000000100000000)
   the space 129568K,  72% used [0x00000000f5aa0000, 0x00000000fb674280, 0x00000000fb674400, 0x00000000fd928000)
 Metaspace       used 22991K, capacity 23437K, committed 24112K, reserved 1071104K
  class space    used 2536K, capacity 2749K, committed 2944K, reserved 1048576K

Card table byte_map: [0x00007f2ffaf81000,0x00007f2ffaffe000] _byte_map_base: 0x00007f2ffa7fd000

Polling page: 0x00007f2ffb117000

Metaspace:

Usage:
  Non-class:     20.20 MB capacity,    19.98 MB ( 99%) used,   188.20 KB ( <1%) free+waste,    45.00 KB ( <1%) overhead. 
      Class:      2.68 MB capacity,     2.48 MB ( 92%) used,   187.55 KB (  7%) free+waste,    25.06 KB ( <1%) overhead. 
       Both:     22.89 MB capacity,    22.45 MB ( 98%) used,   375.74 KB (  2%) free+waste,    70.06 KB ( <1%) overhead. 

Virtual space:
  Non-class space:       22.00 MB reserved,      20.67 MB ( 94%) committed 
      Class space:        1.00 GB reserved,       2.88 MB ( <1%) committed 
             Both:        1.02 GB reserved,      23.55 MB (  2%) committed 

Chunk freelists:
   Non-Class:  380.00 KB
       Class:  99.00 KB
        Both:  479.00 KB

MaxMetaspaceSize: unlimited
CompressedClassSpaceSize: 1.00 GB

CodeHeap 'non-profiled nmethods': size=120036Kb used=1567Kb max_used=1567Kb free=118469Kb
 bounds [0x00007f2fe34e4000, 0x00007f2fe3754000, 0x00007f2feaa1d000]
CodeHeap 'profiled nmethods': size=120032Kb used=6281Kb max_used=6281Kb free=113750Kb
 bounds [0x00007f2fdbfac000, 0x00007f2fdc5dc000, 0x00007f2fe34e4000]
CodeHeap 'non-nmethods': size=5692Kb used=1167Kb max_used=1205Kb free=4524Kb
 bounds [0x00007f2fdba1d000, 0x00007f2fdbc8d000, 0x00007f2fdbfac000]
 total_blobs=3611 nmethods=3085 adapters=440
 compilation: enabled
              stopped_count=0, restarted_count=0
 full_count=0

Compilation events (20 events):
Event: 81038.403 Thread 0x00007f2ff4060800 3547  s    3       java.util.zip.Inflater$InflaterZStreamRef::run (21 bytes)
Event: 81038.403 Thread 0x00007f2ff4060800 nmethod 3547 0x00007f2fdc5c7c10 code [0x00007f2fdc5c7de0, 0x00007f2fdc5c8100]
Event: 81038.406 Thread 0x00007f2ff4060800 3551       1       org.eclipse.jetty.http.MetaData$Request::getURI (5 bytes)
Event: 81038.406 Thread 0x00007f2ff4060800 nmethod 3551 0x00007f2fe366b610 code [0x00007f2fe366b7c0, 0x00007f2fe366b890]
Event: 81038.406 Thread 0x00007f2ff4060800 3549       1       org.eclipse.jetty.http.MetaData$Request::getMethod (5 bytes)
Event: 81038.407 Thread 0x00007f2ff4060800 nmethod 3549 0x00007f2fe366b910 code [0x00007f2fe366bac0, 0x00007f2fe366bb90]
Event: 81038.407 Thread 0x00007f2ff4060800 3550       1       java.lang.Enum::toString (5 bytes)
Event: 81038.407 Thread 0x00007f2ff4060800 nmethod 3550 0x00007f2fe366bc10 code [0x00007f2fe366bdc0, 0x00007f2fe366be90]
Event: 81038.411 Thread 0x00007f2ff4060800 3552       3       org.eclipse.jetty.util.thread.Locker::lock (12 bytes)
Event: 81038.416 Thread 0x00007f2ff4060800 nmethod 3552 0x00007f2fdc5c8210 code [0x00007f2fdc5c8420, 0x00007f2fdc5c8990]
Event: 81038.416 Thread 0x00007f2ff4060800 3553   !   3       java.util.zip.Inflater::end (37 bytes)
Event: 81038.417 Thread 0x00007f2ff405e800 3556       4       java.lang.invoke.DirectMethodHandle::internalMemberName (8 bytes)
Event: 81038.419 Thread 0x00007f2ff4060800 nmethod 3553 0x00007f2fdc5c8b90 code [0x00007f2fdc5c8d60, 0x00007f2fdc5c91c0]
Event: 81038.419 Thread 0x00007f2ff4060800 3559       3       java.lang.String::startsWith (138 bytes)
Event: 81038.438 Thread 0x00007f2ff4060800 nmethod 3559 0x00007f2fdc5c9390 code [0x00007f2fdc5c95c0, 0x00007f2fdc5c9f90]
Event: 81038.440 Thread 0x00007f2ff4060800 3561   !   3       org.apache.pdfbox.pdfparser.BaseParser::parseCOSString (708 bytes)
Event: 81038.573 Thread 0x00007f2ff405e800 nmethod 3556 0x00007f2fe366bf10 code [0x00007f2fe366c0a0, 0x00007f2fe366c118]
Event: 81038.582 Thread 0x00007f2ff4060800 nmethod 3561 0x00007f2fdc5ca290 code [0x00007f2fdc5cab00, 0x00007f2fdc5d1550]
Event: 81038.600 Thread 0x00007f2ff405e800 3557       4       org.apache.pdfbox.text.TextPosition::isDiacritic (58 bytes)
Event: 81038.600 Thread 0x00007f2ff4060800 3554       3       org.apache.pdfbox.pdfparser.InputStreamSource::read (27 bytes)

GC Heap History (20 events):
Event: 81036.405 GC heap after
{Heap after GC invocations=57 (full 5):
 def new generation   total 54848K, used 5695K [0x00000000f0800000, 0x00000000f4380000, 0x00000000f5aa0000)
  eden space 48768K,   0% used [0x00000000f0800000, 0x00000000f0800000, 0x00000000f37a0000)
  from space 6080K,  93% used [0x00000000f3d90000, 0x00000000f431fe08, 0x00000000f4380000)
  to   space 6080K,   0% used [0x00000000f37a0000, 0x00000000f37a0000, 0x00000000f3d90000)
 tenured generation   total 121640K, used 114902K [0x00000000f5aa0000, 0x00000000fd16a000, 0x0000000100000000)
   the space 121640K,  94% used [0x00000000f5aa0000, 0x00000000fcad5bf0, 0x00000000fcad5c00, 0x00000000fd16a000)
 Metaspace       used 22980K, capacity 23437K, committed 24112K, reserved 1071104K
  class space    used 2536K, capacity 2749K, committed 2944K, reserved 1048576K
}
Event: 81036.514 GC heap before
{Heap before GC invocations=57 (full 5):
 def new generation   total 54848K, used 54463K [0x00000000f0800000, 0x00000000f4380000, 0x00000000f5aa0000)
  eden space 48768K, 100% used [0x00000000f0800000, 0x00000000f37a0000, 0x00000000f37a0000)
  from space 6080K,  93% used [0x00000000f3d90000, 0x00000000f431fe08, 0x00000000f4380000)
  to   space 6080K,   0% used [0x00000000f37a0000, 0x00000000f37a0000, 0x00000000f3d90000)
 tenured generation   total 121640K, used 114902K [0x00000000f5aa0000, 0x00000000fd16a000, 0x0000000100000000)
   the space 121640K,  94% used [0x00000000f5aa0000, 0x00000000fcad5bf0, 0x00000000fcad5c00, 0x00000000fd16a000)
 Metaspace       used 22980K, capacity 23437K, committed 24112K, reserved 1071104K
  class space    used 2536K, capacity 2749K, committed 2944K, reserved 1048576K
}
Event: 81036.524 GC heap after
{Heap after GC invocations=58 (full 5):
 def new generation   total 54848K, used 0K [0x00000000f0800000, 0x00000000f4380000, 0x00000000f5aa0000)
  eden space 48768K,   0% used [0x00000000f0800000, 0x00000000f0800000, 0x00000000f37a0000)
  from space 6080K,   0% used [0x00000000f37a0000, 0x00000000f37a0160, 0x00000000f3d90000)
  to   space 6080K,   0% used [0x00000000f3d90000, 0x00000000f3d90000, 0x00000000f4380000)
 tenured generation   total 121640K, used 120598K [0x00000000f5aa0000, 0x00000000fd16a000, 0x0000000100000000)
   the space 121640K,  99% used [0x00000000f5aa0000, 0x00000000fd065880, 0x00000000fd065a00, 0x00000000fd16a000)
 Metaspace       used 22980K, capacity 23437K, committed 24112K, reserved 1071104K
  class space    used 2536K, capacity 2749K, committed 2944K, reserved 1048576K
}
Event: 81036.660 GC heap before
{Heap before GC invocations=58 (full 5):
 def new generation   total 54848K, used 48768K [0x00000000f0800000, 0x00000000f4380000, 0x00000000f5aa0000)
  eden space 48768K, 100% used [0x00000000f0800000, 0x00000000f37a0000, 0x00000000f37a0000)
  from space 6080K,   0% used [0x00000000f37a0000, 0x00000000f37a0160, 0x00000000f3d90000)
  to   space 6080K,   0% used [0x00000000f3d90000, 0x00000000f3d90000, 0x00000000f4380000)
 tenured generation   total 121640K, used 120598K [0x00000000f5aa0000, 0x00000000fd16a000, 0x0000000100000000)
   the space 121640K,  99% used [0x00000000f5aa0000, 0x00000000fd065880, 0x00000000fd065a00, 0x00000000fd16a000)
 Metaspace       used 22980K, capacity 23437K, committed 24112K, reserved 1071104K
  class space    used 2536K, capacity 2749K, committed 2944K, reserved 1048576K
}
Event: 81036.662 GC heap after
{Heap after GC invocations=59 (full 5):
 def new generation   total 54848K, used 0K [0x00000000f0800000, 0x00000000f4380000, 0x00000000f5aa0000)
  eden space 48768K,   0% used [0x00000000f0800000, 0x00000000f0800000, 0x00000000f37a0000)
  from space 6080K,   0% used [0x00000000f3d90000, 0x00000000f3d90110, 0x00000000f4380000)
  to   space 6080K,   0% used [0x00000000f37a0000, 0x00000000f37a0000, 0x00000000f3d90000)
 tenured generation   total 121640K, used 120598K [0x00000000f5aa0000, 0x00000000fd16a000, 0x0000000100000000)
   the space 121640K,  99% used [0x00000000f5aa0000, 0x00000000fd065880, 0x00000000fd065a00, 0x00000000fd16a000)
 Metaspace       used 22980K, capacity 23437K, committed 24112K, reserved 1071104K
  class space    used 2536K, capacity 2749K, committed 2944K, reserved 1048576K
}
Event: 81036.798 GC heap before
{Heap before GC invocations=59 (full 5):
 def new generation   total 54848K, used 48768K [0x00000000f0800000, 0x00000000f4380000, 0x00000000f5aa0000)
  eden space 48768K, 100% used [0x00000000f0800000, 0x00000000f37a0000, 0x00000000f37a0000)
  from space 6080K,   0% used [0x00000000f3d90000, 0x00000000f3d90110, 0x00000000f4380000)
  to   space 6080K,   0% used [0x00000000f37a0000, 0x00000000f37a0000, 0x00000000f3d90000)
 tenured generation   total 121640K, used 120598K [0x00000000f5aa0000, 0x00000000fd16a000, 0x0000000100000000)
   the space 121640K,  99% used [0x00000000f5aa0000, 0x00000000fd065880, 0x00000000fd065a00, 0x00000000fd16a000)
 Metaspace       used 22980K, capacity 23437K, committed 24112K, reserved 1071104K
  class space    used 2536K, capacity 2749K, committed 2944K, reserved 1048576K
}
Event: 81036.799 GC heap after
{Heap after GC invocations=60 (full 5):
 def new generation   total 54848K, used 0K [0x00000000f0800000, 0x00000000f4380000, 0x00000000f5aa0000)
  eden space 48768K,   0% used [0x00000000f0800000, 0x00000000f0800000, 0x00000000f37a0000)
  from space 6080K,   0% used [0x00000000f37a0000, 0x00000000f37a0180, 0x00000000f3d90000)
  to   space 6080K,   0% used [0x00000000f3d90000, 0x00000000f3d90000, 0x00000000f4380000)
 tenured generation   total 121640K, used 120598K [0x00000000f5aa0000, 0x00000000fd16a000, 0x0000000100000000)
   the space 121640K,  99% used [0x00000000f5aa0000, 0x00000000fd065880, 0x00000000fd065a00, 0x00000000fd16a000)
 Metaspace       used 22980K, capacity 23437K, committed 24112K, reserved 1071104K
  class space    used 2536K, capacity 2749K, committed 2944K, reserved 1048576K
}
Event: 81036.931 GC heap before
{Heap before GC invocations=60 (full 5):
 def new generation   total 54848K, used 48768K [0x00000000f0800000, 0x00000000f4380000, 0x00000000f5aa0000)
  eden space 48768K, 100% used [0x00000000f0800000, 0x00000000f37a0000, 0x00000000f37a0000)
  from space 6080K,   0% used [0x00000000f37a0000, 0x00000000f37a0180, 0x00000000f3d90000)
  to   space 6080K,   0% used [0x00000000f3d90000, 0x00000000f3d90000, 0x00000000f4380000)
 tenured generation   total 121640K, used 120598K [0x00000000f5aa0000, 0x00000000fd16a000, 0x0000000100000000)
   the space 121640K,  99% used [0x00000000f5aa0000, 0x00000000fd065880, 0x00000000fd065a00, 0x00000000fd16a000)
 Metaspace       used 22980K, capacity 23437K, committed 24112K, reserved 1071104K
  class space    used 2536K, capacity 2749K, committed 2944K, reserved 1048576K
}
Event: 81036.932 GC heap after
{Heap after GC invocations=61 (full 5):
 def new generation   total 54848K, used 0K [0x00000000f0800000, 0x00000000f4380000, 0x00000000f5aa0000)
  eden space 48768K,   0% used [0x00000000f0800000, 0x00000000f0800000, 0x00000000f37a0000)
  from space 6080K,   0% used [0x00000000f3d90000, 0x00000000f3d901e8, 0x00000000f4380000)
  to   space 6080K,   0% used [0x00000000f37a0000, 0x00000000f37a0000, 0x00000000f3d90000)
 tenured generation   total 121640K, used 120598K [0x00000000f5aa0000, 0x00000000fd16a000, 0x0000000100000000)
   the space 121640K,  99% used [0x00000000f5aa0000, 0x00000000fd065880, 0x00000000fd065a00, 0x00000000fd16a000)
 Metaspace       used 22980K, capacity 23437K, committed 24112K, reserved 1071104K
  class space    used 2536K, capacity 2749K, committed 2944K, reserved 1048576K
}
Event: 81037.024 GC heap before
{Heap before GC invocations=61 (full 5):
 def new generation   total 54848K, used 48768K [0x00000000f0800000, 0x00000000f4380000, 0x00000000f5aa0000)
  eden space 48768K, 100% used [0x00000000f0800000, 0x00000000f37a0000, 0x00000000f37a0000)
  from space 6080K,   0% used [0x00000000f3d90000, 0x00000000f3d901e8, 0x00000000f4380000)
  to   space 6080K,   0% used [0x00000000f37a0000, 0x00000000f37a0000, 0x00000000f3d90000)
 tenured generation   total 121640K, used 120598K [0x00000000f5aa0000, 0x00000000fd16a000, 0x0000000100000000)
   the space 121640K,  99% used [0x00000000f5aa0000, 0x00000000fd065880, 0x00000000fd065a00, 0x00000000fd16a000)
 Metaspace       used 22980K, capacity 23437K, committed 24112K, reserved 1071104K
  class space    used 2536K, capacity 2749K, committed 2944K, reserved 1048576K
}
Event: 81037.025 GC heap after
{Heap after GC invocations=62 (full 5):
 def new generation   total 54848K, used 0K [0x00000000f0800000, 0x00000000f4380000, 0x00000000f5aa0000)
  eden space 48768K,   0% used [0x00000000f0800000, 0x00000000f0800000, 0x00000000f37a0000)
  from space 6080K,   0% used [0x00000000f37a0000, 0x00000000f37a0208, 0x00000000f3d90000)
  to   space 6080K,   0% used [0x00000000f3d90000, 0x00000000f3d90000, 0x00000000f4380000)
 tenured generation   total 121640K, used 120598K [0x00000000f5aa0000, 0x00000000fd16a000, 0x0000000100000000)
   the space 121640K,  99% used [0x00000000f5aa0000, 0x00000000fd065880, 0x00000000fd065a00, 0x00000000fd16a000)
 Metaspace       used 22980K, capacity 23437K, committed 24112K, reserved 1071104K
  class space    used 2536K, capacity 2749K, committed 2944K, reserved 1048576K
}
Event: 81037.198 GC heap before
{Heap before GC invocations=62 (full 5):
 def new generation   total 54848K, used 48768K [0x00000000f0800000, 0x00000000f4380000, 0x00000000f5aa0000)
  eden space 48768K, 100% used [0x00000000f0800000, 0x00000000f37a0000, 0x00000000f37a0000)
  from space 6080K,   0% used [0x00000000f37a0000, 0x00000000f37a0208, 0x00000000f3d90000)
  to   space 6080K,   0% used [0x00000000f3d90000, 0x00000000f3d90000, 0x00000000f4380000)
 tenured generation   total 121640K, used 120598K [0x00000000f5aa0000, 0x00000000fd16a000, 0x0000000100000000)
   the space 121640K,  99% used [0x00000000f5aa0000, 0x00000000fd065880, 0x00000000fd065a00, 0x00000000fd16a000)
 Metaspace       used 22980K, capacity 23437K, committed 24112K, reserved 1071104K
  class space    used 2536K, capacity 2749K, committed 2944K, reserved 1048576K
}
Event: 81037.215 GC heap after
{Heap after GC invocations=63 (full 5):
 def new generation   total 54848K, used 221K [0x00000000f0800000, 0x00000000f4380000, 0x00000000f5aa0000)
  eden space 48768K,   0% used [0x00000000f0800000, 0x00000000f0800000, 0x00000000f37a0000)
  from space 6080K,   3% used [0x00000000f3d90000, 0x00000000f3dc7580, 0x00000000f4380000)
  to   space 6080K,   0% used [0x00000000f37a0000, 0x00000000f37a0000, 0x00000000f3d90000)
 tenured generation   total 121640K, used 120598K [0x00000000f5aa0000, 0x00000000fd16a000, 0x0000000100000000)
   the space 121640K,  99% used [0x00000000f5aa0000, 0x00000000fd065880, 0x00000000fd065a00, 0x00000000fd16a000)
 Metaspace       used 22980K, capacity 23437K, committed 24112K, reserved 1071104K
  class space    used 2536K, capacity 2749K, committed 2944K, reserved 1048576K
}
Event: 81037.603 GC heap before
{Heap before GC invocations=63 (full 5):
 def new generation   total 54848K, used 48989K [0x00000000f0800000, 0x00000000f4380000, 0x00000000f5aa0000)
  eden space 48768K, 100% used [0x00000000f0800000, 0x00000000f37a0000, 0x00000000f37a0000)
  from space 6080K,   3% used [0x00000000f3d90000, 0x00000000f3dc7580, 0x00000000f4380000)
  to   space 6080K,   0% used [0x00000000f37a0000, 0x00000000f37a0000, 0x00000000f3d90000)
 tenured generation   total 121640K, used 120598K [0x00000000f5aa0000, 0x00000000fd16a000, 0x0000000100000000)
   the space 121640K,  99% used [0x00000000f5aa0000, 0x00000000fd065880, 0x00000000fd065a00, 0x00000000fd16a000)
 Metaspace       used 22989K, capacity 23437K, committed 24112K, reserved 1071104K
  class space    used 2536K, capacity 2749K, committed 2944K, reserved 1048576K
}
Event: 81037.673 GC heap after
{Heap after GC invocations=64 (full 5):
 def new generation   total 54848K, used 303K [0x00000000f0800000, 0x00000000f4380000, 0x00000000f5aa0000)
  eden space 48768K,   0% used [0x00000000f0800000, 0x00000000f0800000, 0x00000000f37a0000)
  from space 6080K,   4% used [0x00000000f37a0000, 0x00000000f37ebfe0, 0x00000000f3d90000)
  to   space 6080K,   0% used [0x00000000f3d90000, 0x00000000f3d90000, 0x00000000f4380000)
 tenured generation   total 121640K, used 120598K [0x00000000f5aa0000, 0x00000000fd16a000, 0x0000000100000000)
   the space 121640K,  99% used [0x00000000f5aa0000, 0x00000000fd065880, 0x00000000fd065a00, 0x00000000fd16a000)
 Metaspace       used 22989K, capacity 23437K, committed 24112K, reserved 1071104K
  class space    used 2536K, capacity 2749K, committed 2944K, reserved 1048576K
}
Event: 81037.952 GC heap before
{Heap before GC invocations=64 (full 5):
 def new generation   total 54848K, used 49071K [0x00000000f0800000, 0x00000000f4380000, 0x00000000f5aa0000)
  eden space 48768K, 100% used [0x00000000f0800000, 0x00000000f37a0000, 0x00000000f37a0000)
  from space 6080K,   4% used [0x00000000f37a0000, 0x00000000f37ebfe0, 0x00000000f3d90000)
  to   space 6080K,   0% used [0x00000000f3d90000, 0x00000000f3d90000, 0x00000000f4380000)
 tenured generation   total 121640K, used 120598K [0x00000000f5aa0000, 0x00000000fd16a000, 0x0000000100000000)
   the space 121640K,  99% used [0x00000000f5aa0000, 0x00000000fd065880, 0x00000000fd065a00, 0x00000000fd16a000)
 Metaspace       used 22989K, capacity 23437K, committed 24112K, reserved 1071104K
  class space    used 2536K, capacity 2749K, committed 2944K, reserved 1048576K
}
Event: 81037.969 GC heap after
{Heap after GC invocations=65 (full 5):
 def new generation   total 54848K, used 303K [0x00000000f0800000, 0x00000000f4380000, 0x00000000f5aa0000)
  eden space 48768K,   0% used [0x00000000f0800000, 0x00000000f0800000, 0x00000000f37a0000)
  from space 6080K,   4% used [0x00000000f3d90000, 0x00000000f3ddbc20, 0x00000000f4380000)
  to   space 6080K,   0% used [0x00000000f37a0000, 0x00000000f37a0000, 0x00000000f3d90000)
 tenured generation   total 121640K, used 120598K [0x00000000f5aa0000, 0x00000000fd16a000, 0x0000000100000000)
   the space 121640K,  99% used [0x00000000f5aa0000, 0x00000000fd065880, 0x00000000fd065a00, 0x00000000fd16a000)
 Metaspace       used 22989K, capacity 23437K, committed 24112K, reserved 1071104K
  class space    used 2536K, capacity 2749K, committed 2944K, reserved 1048576K
}
Event: 81038.123 GC heap before
{Heap before GC invocations=65 (full 5):
 def new generation   total 54848K, used 49071K [0x00000000f0800000, 0x00000000f4380000, 0x00000000f5aa0000)
  eden space 48768K, 100% used [0x00000000f0800000, 0x00000000f37a0000, 0x00000000f37a0000)
  from space 6080K,   4% used [0x00000000f3d90000, 0x00000000f3ddbc20, 0x00000000f4380000)
  to   space 6080K,   0% used [0x00000000f37a0000, 0x00000000f37a0000, 0x00000000f3d90000)
 tenured generation   total 121640K, used 120598K [0x00000000f5aa0000, 0x00000000fd16a000, 0x0000000100000000)
   the space 121640K,  99% used [0x00000000f5aa0000, 0x00000000fd065880, 0x00000000fd065a00, 0x00000000fd16a000)
 Metaspace       used 22989K, capacity 23437K, committed 24112K, reserved 1071104K
  class space    used 2536K, capacity 2749K, committed 2944K, reserved 1048576K
}
Event: 81038.140 GC heap after
{Heap after GC invocations=66 (full 5):
 def new generation   total 54848K, used 303K [0x00000000f0800000, 0x00000000f4380000, 0x00000000f5aa0000)
  eden space 48768K,   0% used [0x00000000f0800000, 0x00000000f0800000, 0x00000000f37a0000)
  from space 6080K,   4% used [0x00000000f37a0000, 0x00000000f37ebc80, 0x00000000f3d90000)
  to   space 6080K,   0% used [0x00000000f3d90000, 0x00000000f3d90000, 0x00000000f4380000)
 tenured generation   total 121640K, used 120598K [0x00000000f5aa0000, 0x00000000fd16a000, 0x0000000100000000)
   the space 121640K,  99% used [0x00000000f5aa0000, 0x00000000fd065880, 0x00000000fd065a00, 0x00000000fd16a000)
 Metaspace       used 22989K, capacity 23437K, committed 24112K, reserved 1071104K
  class space    used 2536K, capacity 2749K, committed 2944K, reserved 1048576K
}
Event: 81038.611 GC heap before
{Heap before GC invocations=66 (full 5):
 def new generation   total 54848K, used 49071K [0x00000000f0800000, 0x00000000f4380000, 0x00000000f5aa0000)
  eden space 48768K, 100% used [0x00000000f0800000, 0x00000000f37a0000, 0x00000000f37a0000)
  from space 6080K,   4% used [0x00000000f37a0000, 0x00000000f37ebc80, 0x00000000f3d90000)
  to   space 6080K,   0% used [0x00000000f3d90000, 0x00000000f3d90000, 0x00000000f4380000)
 tenured generation   total 121640K, used 120598K [0x00000000f5aa0000, 0x00000000fd16a000, 0x0000000100000000)
   the space 121640K,  99% used [0x00000000f5aa0000, 0x00000000fd065880, 0x00000000fd065a00, 0x00000000fd16a000)
 Metaspace       used 22991K, capacity 23437K, committed 24112K, reserved 1071104K
  class space    used 2536K, capacity 2749K, committed 2944K, reserved 1048576K
}

Deoptimization events (20 events):
Event: 80907.937 Thread 0x00007f2ff45da000 DEOPT PACKING pc=0x00007f2fe360c448 sp=0x00007f2fd9229540
Event: 80907.937 Thread 0x00007f2ff45da000 DEOPT UNPACKING pc=0x00007f2fdba431a5 sp=0x00007f2fd92294c0 mode 2
Event: 80907.953 Thread 0x00007f2ff45da000 Uncommon trap: trap_request=0xffffff4d fr.pc=0x00007f2fe3616434 relative=0x0000000000000b34
Event: 80907.953 Thread 0x00007f2ff45da000 Uncommon trap: reason=unstable_if action=reinterpret pc=0x00007f2fe3616434 method=org.apache.pdfbox.pdfparser.PDFStreamParser.readOperator()Ljava/lang/String; @ 47 c2
Event: 80907.953 Thread 0x00007f2ff45da000 DEOPT PACKING pc=0x00007f2fe3616434 sp=0x00007f2fd92294a0
Event: 80907.954 Thread 0x00007f2ff45da000 DEOPT UNPACKING pc=0x00007f2fdba431a5 sp=0x00007f2fd9229490 mode 2
Event: 80908.016 Thread 0x00007f2ff45da000 Uncommon trap: trap_request=0xffffff4d fr.pc=0x00007f2fe3522c20 relative=0x0000000000000340
Event: 80908.016 Thread 0x00007f2ff45da000 Uncommon trap: reason=unstable_if action=reinterpret pc=0x00007f2fe3522c20 method=sun.nio.cs.UTF_8$Encoder.encodeArrayLoop(Ljava/nio/CharBuffer;Ljava/nio/ByteBuffer;)Ljava/nio/charset/CoderResult; @ 87 c2
Event: 80908.016 Thread 0x00007f2ff45da000 DEOPT PACKING pc=0x00007f2fe3522c20 sp=0x00007f2fd92299e0
Event: 80908.016 Thread 0x00007f2ff45da000 DEOPT UNPACKING pc=0x00007f2fdba431a5 sp=0x00007f2fd9229968 mode 2
Event: 81033.394 Thread 0x00007f2ff45df000 Uncommon trap: trap_request=0xffffff4d fr.pc=0x00007f2fe35d607c relative=0x00000000000014bc
Event: 81033.395 Thread 0x00007f2ff45df000 Uncommon trap: reason=unstable_if action=reinterpret pc=0x00007f2fe35d607c method=java.io.BufferedReader.readLine(Z)Ljava/lang/String; @ 59 c2
Event: 81033.395 Thread 0x00007f2ff45df000 DEOPT PACKING pc=0x00007f2fe35d607c sp=0x00007f2fd8f26580
Event: 81033.395 Thread 0x00007f2ff45df000 DEOPT UNPACKING pc=0x00007f2fdba431a5 sp=0x00007f2fd8f26558 mode 2
Event: 81033.426 Thread 0x00007f2ff45df000 DEOPT PACKING pc=0x00007f2fdc46a43c sp=0x00007f2fd8f260d0
Event: 81033.426 Thread 0x00007f2ff45df000 DEOPT UNPACKING pc=0x00007f2fdba42fba sp=0x00007f2fd8f25628 mode 0
Event: 81033.547 Thread 0x00007f2ff45df000 DEOPT PACKING pc=0x00007f2fdc4a6dbf sp=0x00007f2fd8f26050
Event: 81033.547 Thread 0x00007f2ff45df000 DEOPT UNPACKING pc=0x00007f2fdba42fba sp=0x00007f2fd8f25548 mode 0
Event: 81036.067 Thread 0x00007f2ff45dd800 DEOPT PACKING pc=0x00007f2fdc4afd83 sp=0x00007f2fd9027460
Event: 81036.068 Thread 0x00007f2ff45dd800 DEOPT UNPACKING pc=0x00007f2fdba42fba sp=0x00007f2fd9026940 mode 0

Classes redefined (0 events):
No events

Internal exceptions (20 events):
Event: 3.331 Thread 0x00007f2ff4016000 Exception <a 'java/lang/NoClassDefFoundError'{0x00000000f09c8f30}: org/apache/cxf/ws/policy/builder/jaxb/JaxbAssertionBuilder> (0x00000000f09c8f30) thrown at [./src/hotspot/share/classfile/systemDictionary.cpp, line 220]
Event: 3.331 Thread 0x00007f2ff4016000 Exception <a 'java/lang/NoClassDefFoundError'{0x00000000f09cb890}: org/apache/cxf/ws/policy/builder/jaxb/JaxbAssertionBuilder> (0x00000000f09cb890) thrown at [./src/hotspot/share/classfile/systemDictionary.cpp, line 220]
Event: 3.331 Thread 0x00007f2ff4016000 Exception <a 'java/lang/NoClassDefFoundError'{0x00000000f09cde70}: org/apache/cxf/ws/policy/AbstractPolicyInterceptorProvider> (0x00000000f09cde70) thrown at [./src/hotspot/share/classfile/systemDictionary.cpp, line 220]
Event: 3.332 Thread 0x00007f2ff4016000 Exception <a 'java/lang/NoClassDefFoundError'{0x00000000f09d03d0}: org/apache/cxf/ws/policy/AbstractPolicyInterceptorProvider> (0x00000000f09d03d0) thrown at [./src/hotspot/share/classfile/systemDictionary.cpp, line 220]
Event: 3.332 Thread 0x00007f2ff4016000 Exception <a 'java/lang/NoClassDefFoundError'{0x00000000f09d2930}: org/apache/cxf/ws/policy/AbstractPolicyInterceptorProvider> (0x00000000f09d2930) thrown at [./src/hotspot/share/classfile/systemDictionary.cpp, line 220]
Event: 3.356 Thread 0x00007f2ff4016000 Exception <a 'java/lang/reflect/InvocationTargetException'{0x00000000f0a922e0}> (0x00000000f0a922e0) thrown at [./src/hotspot/share/runtime/reflection.cpp, line 1247]
Event: 3.841 Thread 0x00007f2ff4016000 Exception <a 'java/lang/NoSuchMethodError'{0x00000000f0bc8d98}: 'java.lang.Object java.lang.invoke.DirectMethodHandle$Holder.invokeStaticInit(java.lang.Object, java.lang.Object, java.lang.Object)'> (0x00000000f0bc8d98) thrown at [./src/hotspot/share/interpreter/linkResolver.cpp, line 773]
Event: 3.882 Thread 0x00007f2ff4016000 Exception <a 'java/lang/NoSuchMethodError'{0x00000000f0c75a60}: 'void java.lang.invoke.DirectMethodHandle$Holder.invokeStaticInit(java.lang.Object)'> (0x00000000f0c75a60) thrown at [./src/hotspot/share/interpreter/linkResolver.cpp, line 773]
Event: 3.986 Thread 0x00007f2ff4016000 Exception <a 'java/lang/NoSuchMethodError'{0x00000000f0eaf310}: 'int java.lang.invoke.DirectMethodHandle$Holder.invokeInterface(java.lang.Object, java.lang.Object)'> (0x00000000f0eaf310) thrown at [./src/hotspot/share/interpreter/linkResolver.cpp, line 773]
Event: 4.072 Thread 0x00007f2ff4016000 Exception <a 'java/lang/NoSuchMethodError'{0x00000000f082f520}: 'void java.lang.invoke.DirectMethodHandle$Holder.invokeInterface(java.lang.Object, java.lang.Object)'> (0x00000000f082f520) thrown at [./src/hotspot/share/interpreter/linkResolver.cpp, line 773]
Event: 4.119 Thread 0x00007f2ff4016000 Exception <a 'java/lang/NoSuchMethodError'{0x00000000f0911a98}: 'void java.lang.invoke.DirectMethodHandle$Holder.invokeStaticInit(java.lang.Object, java.lang.Object, java.lang.Object)'> (0x00000000f0911a98) thrown at [./src/hotspot/share/interpreter/linkResolver.cpp, line 773]
Event: 14.991 Thread 0x00007f2ff45dd800 Exception <a 'java/lang/NoSuchMethodError'{0x00000000f097fdf0}: 'void java.lang.invoke.DirectMethodHandle$Holder.invokeSpecial(java.lang.Object, java.lang.Object)'> (0x00000000f097fdf0) thrown at [./src/hotspot/share/interpreter/linkResolver.cpp, line 773]
Event: 15.057 Thread 0x00007f2ff45dd800 Implicit null exception at 0x00007f2fe353ad62 to 0x00007f2fe353b188
Event: 15.143 Thread 0x00007f2ff45e1000 Implicit null exception at 0x00007f2fe353a2fa to 0x00007f2fe353a638
Event: 15.200 Thread 0x00007f2ff45e1000 Exception <a 'java/lang/NoSuchMethodError'{0x00000000f0cdff78}: 'void java.lang.invoke.DirectMethodHandle$Holder.invokeSpecial(java.lang.Object, java.lang.Object, int)'> (0x00000000f0cdff78) thrown at [./src/hotspot/share/interpreter/linkResolver.cpp, line 773]
Event: 15.405 Thread 0x00007f2ff45e1000 Exception <a 'java/lang/ClassNotFoundException'{0x00000000f08ffe78}: sun/awt/resources/spi/awtProvider> (0x00000000f08ffe78) thrown at [./src/hotspot/share/classfile/systemDictionary.cpp, line 231]
Event: 15.421 Thread 0x00007f2ff45e1000 Exception <a 'java/io/FileNotFoundException'{0x00000000f093fef0}> (0x00000000f093fef0) thrown at [./src/hotspot/share/prims/jni.cpp, line 615]
Event: 15.995 Thread 0x00007f2ff45e1000 Exception <a 'java/lang/NoSuchMethodError'{0x00000000f0cdca40}: 'void java.lang.invoke.DirectMethodHandle$Holder.invokeVirtual(java.lang.Object, java.lang.Object)'> (0x00000000f0cdca40) thrown at [./src/hotspot/share/interpreter/linkResolver.cpp, line 773]
Event: 126.046 Thread 0x00007f2ff45da000 Implicit null exception at 0x00007f2fe35380dc to 0x00007f2fe35383f0
Event: 80906.318 Thread 0x00007f2ff45da000 Implicit null exception at 0x00007f2fe3617c68 to 0x00007f2fe36181c4

Events (20 events):
Event: 81037.440 Executing VM operation: RevokeBias
Event: 81037.447 Executing VM operation: RevokeBias done
Event: 81037.593 Executing VM operation: GenCollectForAllocation
Event: 81037.673 Executing VM operation: GenCollectForAllocation done
Event: 81037.944 Executing VM operation: GenCollectForAllocation
Event: 81037.969 Executing VM operation: GenCollectForAllocation done
Event: 81038.119 Executing VM operation: GenCollectForAllocation
Event: 81038.140 Executing VM operation: GenCollectForAllocation done
Event: 81038.375 Executing VM operation: RevokeBias
Event: 81038.381 Executing VM operation: RevokeBias done
Event: 81038.387 Executing VM operation: RevokeBias
Event: 81038.391 Executing coalesced safepoint VM operation: RevokeBias
Event: 81038.391 Executing coalesced safepoint VM operation: RevokeBias done
Event: 81038.391 Executing VM operation: RevokeBias done
Event: 81038.391 Executing VM operation: RevokeBias
Event: 81038.392 Executing VM operation: RevokeBias done
Event: 81038.393 Loaded shared library /usr/lib/jvm/java-11-openjdk-amd64/lib/libzip.so
Event: 81038.408 Executing VM operation: BulkRevokeBias
Event: 81038.410 Executing VM operation: BulkRevokeBias done
Event: 81038.607 Executing VM operation: GenCollectForAllocation


Dynamic libraries:
f0800000-f4380000 rw-p 00000000 00:00 0 
f4380000-f5aa0000 ---p 00000000 00:00 0 
f5aa0000-fd928000 rw-p 00000000 00:00 0 
ff3ad000-100000000 ---p 00000000 00:00 0 
800000000-800002000 rwxp 00001000 fc:01 1548298                          /usr/lib/jvm/java-11-openjdk-amd64/lib/server/classes.jsa
800002000-8003b9000 rw-p 00003000 fc:01 1548298                          /usr/lib/jvm/java-11-openjdk-amd64/lib/server/classes.jsa
8003b9000-800a82000 r--p 003ba000 fc:01 1548298                          /usr/lib/jvm/java-11-openjdk-amd64/lib/server/classes.jsa
800a82000-800a83000 rw-p 00a83000 fc:01 1548298                          /usr/lib/jvm/java-11-openjdk-amd64/lib/server/classes.jsa
800a83000-801091000 r--p 00a84000 fc:01 1548298                          /usr/lib/jvm/java-11-openjdk-amd64/lib/server/classes.jsa
840000000-8402e0000 rw-p 00000000 00:00 0 
8402e0000-880000000 ---p 00000000 00:00 0 
564820508000-564820509000 r-xp 00000000 fc:01 1036289                    /usr/lib/jvm/java-11-openjdk-amd64/bin/java
564820709000-56482070a000 r--p 00001000 fc:01 1036289                    /usr/lib/jvm/java-11-openjdk-amd64/bin/java
56482070a000-56482070b000 rw-p 00002000 fc:01 1036289                    /usr/lib/jvm/java-11-openjdk-amd64/bin/java
564821fe3000-564822026000 rw-p 00000000 00:00 0                          [heap]
7f2fbb499000-7f2fbb559000 rw-p 00000000 00:00 0 
7f2fbb559000-7f2fbb699000 ---p 00000000 00:00 0 
7f2fbb699000-7f2fbb885000 rw-p 00000000 00:00 0 
7f2fbb885000-7f2fbb899000 ---p 00000000 00:00 0 
7f2fbb899000-7f2fbb89d000 ---p 00000000 00:00 0 
7f2fbb89d000-7f2fbb99a000 rw-p 00000000 00:00 0 
7f2fbb99a000-7f2fbb9ec000 r-xp 00000000 fc:01 69369                      /usr/lib/x86_64-linux-gnu/liblcms2.so.2.0.8
7f2fbb9ec000-7f2fbbbec000 ---p 00052000 fc:01 69369                      /usr/lib/x86_64-linux-gnu/liblcms2.so.2.0.8
7f2fbbbec000-7f2fbbbee000 r--p 00052000 fc:01 69369                      /usr/lib/x86_64-linux-gnu/liblcms2.so.2.0.8
7f2fbbbee000-7f2fbbbf1000 rw-p 00054000 fc:01 69369                      /usr/lib/x86_64-linux-gnu/liblcms2.so.2.0.8
7f2fbbbf1000-7f2fbbbf2000 rw-p 00000000 00:00 0 
7f2fbbbf2000-7f2fbbbf6000 r-xp 00000000 fc:01 1559621                    /usr/lib/jvm/java-11-openjdk-amd64/lib/liblcms.so
7f2fbbbf6000-7f2fbbdf5000 ---p 00004000 fc:01 1559621                    /usr/lib/jvm/java-11-openjdk-amd64/lib/liblcms.so
7f2fbbdf5000-7f2fbbdf6000 r--p 00003000 fc:01 1559621                    /usr/lib/jvm/java-11-openjdk-amd64/lib/liblcms.so
7f2fbbdf6000-7f2fbbdf7000 rw-p 00004000 fc:01 1559621                    /usr/lib/jvm/java-11-openjdk-amd64/lib/liblcms.so
7f2fbbdf7000-7f2fbbdff000 r-xp 00000000 fc:01 1559604                    /usr/lib/jvm/java-11-openjdk-amd64/lib/libawt_headless.so
7f2fbbdff000-7f2fbbffe000 ---p 00008000 fc:01 1559604                    /usr/lib/jvm/java-11-openjdk-amd64/lib/libawt_headless.so
7f2fbbffe000-7f2fbbfff000 r--p 00007000 fc:01 1559604                    /usr/lib/jvm/java-11-openjdk-amd64/lib/libawt_headless.so
7f2fbbfff000-7f2fbc000000 rw-p 00008000 fc:01 1559604                    /usr/lib/jvm/java-11-openjdk-amd64/lib/libawt_headless.so
7f2fbc000000-7f2fbc618000 rw-p 00000000 00:00 0 
7f2fbc618000-7f2fc0000000 ---p 00000000 00:00 0 
7f2fc0000000-7f2fc0021000 rw-p 00000000 00:00 0 
7f2fc0021000-7f2fc4000000 ---p 00000000 00:00 0 
7f2fc4000000-7f2fc4021000 rw-p 00000000 00:00 0 
7f2fc4021000-7f2fc8000000 ---p 00000000 00:00 0 
7f2fc8000000-7f2fc96ac000 rw-p 00000000 00:00 0 
7f2fc96ac000-7f2fcc000000 ---p 00000000 00:00 0 
7f2fcc000000-7f2fcc03a000 rw-p 00000000 00:00 0 
7f2fcc03a000-7f2fd0000000 ---p 00000000 00:00 0 
7f2fd0000000-7f2fd0095000 rw-p 00000000 00:00 0 
7f2fd0095000-7f2fd4000000 ---p 00000000 00:00 0 
7f2fd4000000-7f2fd4262000 rw-p 00000000 00:00 0 
7f2fd4262000-7f2fd8000000 ---p 00000000 00:00 0 
7f2fd8052000-7f2fd80f0000 r-xp 00000000 fc:01 1559603                    /usr/lib/jvm/java-11-openjdk-amd64/lib/libawt.so
7f2fd80f0000-7f2fd82f0000 ---p 0009e000 fc:01 1559603                    /usr/lib/jvm/java-11-openjdk-amd64/lib/libawt.so
7f2fd82f0000-7f2fd82f1000 r--p 0009e000 fc:01 1559603                    /usr/lib/jvm/java-11-openjdk-amd64/lib/libawt.so
7f2fd82f1000-7f2fd82fc000 rw-p 0009f000 fc:01 1559603                    /usr/lib/jvm/java-11-openjdk-amd64/lib/libawt.so
7f2fd82fc000-7f2fd8521000 rw-p 00000000 00:00 0 
7f2fd8521000-7f2fd8525000 ---p 00000000 00:00 0 
7f2fd8525000-7f2fd8822000 rw-p 00000000 00:00 0 
7f2fd8822000-7f2fd8824000 r-xp 00000000 fc:01 1559607                    /usr/lib/jvm/java-11-openjdk-amd64/lib/libextnet.so
7f2fd8824000-7f2fd8a23000 ---p 00002000 fc:01 1559607                    /usr/lib/jvm/java-11-openjdk-amd64/lib/libextnet.so
7f2fd8a23000-7f2fd8a24000 r--p 00001000 fc:01 1559607                    /usr/lib/jvm/java-11-openjdk-amd64/lib/libextnet.so
7f2fd8a24000-7f2fd8a25000 rw-p 00002000 fc:01 1559607                    /usr/lib/jvm/java-11-openjdk-amd64/lib/libextnet.so
7f2fd8a25000-7f2fd8a29000 ---p 00000000 00:00 0 
7f2fd8a29000-7f2fd8b26000 rw-p 00000000 00:00 0 
7f2fd8b26000-7f2fd8b2a000 ---p 00000000 00:00 0 
7f2fd8b2a000-7f2fd8c27000 rw-p 00000000 00:00 0 
7f2fd8c27000-7f2fd8c2b000 ---p 00000000 00:00 0 
7f2fd8c2b000-7f2fd8d28000 rw-p 00000000 00:00 0 
7f2fd8d28000-7f2fd8d2c000 ---p 00000000 00:00 0 
7f2fd8d2c000-7f2fd8e29000 rw-p 00000000 00:00 0 
7f2fd8e29000-7f2fd8e2d000 ---p 00000000 00:00 0 
7f2fd8e2d000-7f2fd8f2a000 rw-p 00000000 00:00 0 
7f2fd8f2a000-7f2fd8f2e000 ---p 00000000 00:00 0 
7f2fd8f2e000-7f2fd902b000 rw-p 00000000 00:00 0 
7f2fd902b000-7f2fd902f000 ---p 00000000 00:00 0 
7f2fd902f000-7f2fd912c000 rw-p 00000000 00:00 0 
7f2fd912c000-7f2fd9130000 ---p 00000000 00:00 0 
7f2fd9130000-7f2fd922d000 rw-p 00000000 00:00 0 
7f2fd922d000-7f2fd9232000 r-xp 00000000 fc:01 1559624                    /usr/lib/jvm/java-11-openjdk-amd64/lib/libmanagement_ext.so
7f2fd9232000-7f2fd9432000 ---p 00005000 fc:01 1559624                    /usr/lib/jvm/java-11-openjdk-amd64/lib/libmanagement_ext.so
7f2fd9432000-7f2fd9433000 r--p 00005000 fc:01 1559624                    /usr/lib/jvm/java-11-openjdk-amd64/lib/libmanagement_ext.so
7f2fd9433000-7f2fd9434000 rw-p 00006000 fc:01 1559624                    /usr/lib/jvm/java-11-openjdk-amd64/lib/libmanagement_ext.so
7f2fd9434000-7f2fd9438000 r-xp 00000000 fc:01 1559622                    /usr/lib/jvm/java-11-openjdk-amd64/lib/libmanagement.so
7f2fd9438000-7f2fd9638000 ---p 00004000 fc:01 1559622                    /usr/lib/jvm/java-11-openjdk-amd64/lib/libmanagement.so
7f2fd9638000-7f2fd9639000 r--p 00004000 fc:01 1559622                    /usr/lib/jvm/java-11-openjdk-amd64/lib/libmanagement.so
7f2fd9639000-7f2fd963a000 rw-p 00005000 fc:01 1559622                    /usr/lib/jvm/java-11-openjdk-amd64/lib/libmanagement.so
7f2fd963a000-7f2fd983a000 rw-p 00000000 00:00 0 
7f2fd983a000-7f2fd9a3a000 rw-p 00000000 00:00 0 
7f2fd9a3a000-7f2fd9a64000 r-xp 00000000 fc:01 1559632                    /usr/lib/jvm/java-11-openjdk-amd64/lib/libsunec.so
7f2fd9a64000-7f2fd9c63000 ---p 0002a000 fc:01 1559632                    /usr/lib/jvm/java-11-openjdk-amd64/lib/libsunec.so
7f2fd9c63000-7f2fd9c67000 r--p 00029000 fc:01 1559632                    /usr/lib/jvm/java-11-openjdk-amd64/lib/libsunec.so
7f2fd9c67000-7f2fd9c69000 rw-p 0002d000 fc:01 1559632                    /usr/lib/jvm/java-11-openjdk-amd64/lib/libsunec.so
7f2fd9c69000-7f2fd9e69000 rw-p 00000000 00:00 0 
7f2fd9e69000-7f2fd9e9a000 rw-p 00000000 00:00 0 
7f2fd9e9a000-7f2fd9eb0000 r-xp 00000000 fc:01 1559626                    /usr/lib/jvm/java-11-openjdk-amd64/lib/libnet.so
7f2fd9eb0000-7f2fda0af000 ---p 00016000 fc:01 1559626                    /usr/lib/jvm/java-11-openjdk-amd64/lib/libnet.so
7f2fda0af000-7f2fda0b0000 r--p 00015000 fc:01 1559626                    /usr/lib/jvm/java-11-openjdk-amd64/lib/libnet.so
7f2fda0b0000-7f2fda0b1000 rw-p 00016000 fc:01 1559626                    /usr/lib/jvm/java-11-openjdk-amd64/lib/libnet.so
7f2fda0b1000-7f2fda0c1000 r-xp 00000000 fc:01 1559627                    /usr/lib/jvm/java-11-openjdk-amd64/lib/libnio.so
7f2fda0c1000-7f2fda2c0000 ---p 00010000 fc:01 1559627                    /usr/lib/jvm/java-11-openjdk-amd64/lib/libnio.so
7f2fda2c0000-7f2fda2c1000 r--p 0000f000 fc:01 1559627                    /usr/lib/jvm/java-11-openjdk-amd64/lib/libnio.so
7f2fda2c1000-7f2fda2c2000 rw-p 00010000 fc:01 1559627                    /usr/lib/jvm/java-11-openjdk-amd64/lib/libnio.so
7f2fda2c2000-7f2fda2c6000 ---p 00000000 00:00 0 
7f2fda2c6000-7f2fda3c3000 rw-p 00000000 00:00 0 
7f2fda3c3000-7f2fda3c4000 ---p 00000000 00:00 0 
7f2fda3c4000-7f2fda4c5000 rw-p 00000000 00:00 0 
7f2fda4c5000-7f2fda4c9000 ---p 00000000 00:00 0 
7f2fda4c9000-7f2fda5c6000 rw-p 00000000 00:00 0 
7f2fda5c6000-7f2fda5ca000 ---p 00000000 00:00 0 
7f2fda5ca000-7f2fda6c7000 rw-p 00000000 00:00 0 
7f2fda6c7000-7f2fda6cb000 ---p 00000000 00:00 0 
7f2fda6cb000-7f2fda7c8000 rw-p 00000000 00:00 0 
7f2fda7c8000-7f2fda7cc000 ---p 00000000 00:00 0 
7f2fda7cc000-7f2fda8c9000 rw-p 00000000 00:00 0 
7f2fda8c9000-7f2fda8cd000 ---p 00000000 00:00 0 
7f2fda8cd000-7f2fda9ca000 rw-p 00000000 00:00 0 
7f2fda9ca000-7f2fda9fb000 r--p 00000000 fc:01 28813                      /usr/lib/locale/C.UTF-8/LC_CTYPE
7f2fda9fb000-7f2fdab6e000 r--p 00000000 fc:01 28812                      /usr/lib/locale/C.UTF-8/LC_COLLATE
7f2fdab6e000-7f2fdad09000 r--p 00000000 fc:01 4118                       /usr/lib/locale/locale-archive
7f2fdad09000-7f2fdad0d000 ---p 00000000 00:00 0 
7f2fdad0d000-7f2fdae0a000 rw-p 00000000 00:00 0 
7f2fdae0a000-7f2fdae0e000 ---p 00000000 00:00 0 
7f2fdae0e000-7f2fdaf0b000 rw-p 00000000 00:00 0 
7f2fdaf0b000-7f2fdaf0c000 ---p 00000000 00:00 0 
7f2fdaf0c000-7f2fdb911000 rw-p 00000000 00:00 0 
7f2fdb911000-7f2fdb937000 rw-p 00000000 00:00 0 
7f2fdb937000-7f2fdba1d000 ---p 00000000 00:00 0 
7f2fdba1d000-7f2fdbc8d000 rwxp 00000000 00:00 0 
7f2fdbc8d000-7f2fdbfac000 ---p 00000000 00:00 0 
7f2fdbfac000-7f2fdc5dc000 rwxp 00000000 00:00 0 
7f2fdc5dc000-7f2fe34e4000 ---p 00000000 00:00 0 
7f2fe34e4000-7f2fe3754000 rwxp 00000000 00:00 0 
7f2fe3754000-7f2feaa1d000 ---p 00000000 00:00 0 
7f2feaa1d000-7f2feaa24000 r-xp 00000000 fc:01 1559635                    /usr/lib/jvm/java-11-openjdk-amd64/lib/libzip.so
7f2feaa24000-7f2feac23000 ---p 00007000 fc:01 1559635                    /usr/lib/jvm/java-11-openjdk-amd64/lib/libzip.so
7f2feac23000-7f2feac24000 r--p 00006000 fc:01 1559635                    /usr/lib/jvm/java-11-openjdk-amd64/lib/libzip.so
7f2feac24000-7f2feac25000 rw-p 00007000 fc:01 1559635                    /usr/lib/jvm/java-11-openjdk-amd64/lib/libzip.so
7f2feac25000-7f2feac30000 r-xp 00000000 fc:01 12716                      /lib/x86_64-linux-gnu/libnss_files-2.27.so
7f2feac30000-7f2feae2f000 ---p 0000b000 fc:01 12716                      /lib/x86_64-linux-gnu/libnss_files-2.27.so
7f2feae2f000-7f2feae30000 r--p 0000a000 fc:01 12716                      /lib/x86_64-linux-gnu/libnss_files-2.27.so
7f2feae30000-7f2feae31000 rw-p 0000b000 fc:01 12716                      /lib/x86_64-linux-gnu/libnss_files-2.27.so
7f2feae31000-7f2feae37000 rw-p 00000000 00:00 0 
7f2feae37000-7f2feae4e000 r-xp 00000000 fc:01 12713                      /lib/x86_64-linux-gnu/libnsl-2.27.so
7f2feae4e000-7f2feb04d000 ---p 00017000 fc:01 12713                      /lib/x86_64-linux-gnu/libnsl-2.27.so
7f2feb04d000-7f2feb04e000 r--p 00016000 fc:01 12713                      /lib/x86_64-linux-gnu/libnsl-2.27.so
7f2feb04e000-7f2feb04f000 rw-p 00017000 fc:01 12713                      /lib/x86_64-linux-gnu/libnsl-2.27.so
7f2feb04f000-7f2feb051000 rw-p 00000000 00:00 0 
7f2feb051000-7f2feb05c000 r-xp 00000000 fc:01 12718                      /lib/x86_64-linux-gnu/libnss_nis-2.27.so
7f2feb05c000-7f2feb25b000 ---p 0000b000 fc:01 12718                      /lib/x86_64-linux-gnu/libnss_nis-2.27.so
7f2feb25b000-7f2feb25c000 r--p 0000a000 fc:01 12718                      /lib/x86_64-linux-gnu/libnss_nis-2.27.so
7f2feb25c000-7f2feb25d000 rw-p 0000b000 fc:01 12718                      /lib/x86_64-linux-gnu/libnss_nis-2.27.so
7f2feb25d000-7f2feb265000 r-xp 00000000 fc:01 12714                      /lib/x86_64-linux-gnu/libnss_compat-2.27.so
7f2feb265000-7f2feb465000 ---p 00008000 fc:01 12714                      /lib/x86_64-linux-gnu/libnss_compat-2.27.so
7f2feb465000-7f2feb466000 r--p 00008000 fc:01 12714                      /lib/x86_64-linux-gnu/libnss_compat-2.27.so
7f2feb466000-7f2feb467000 rw-p 00009000 fc:01 12714                      /lib/x86_64-linux-gnu/libnss_compat-2.27.so
7f2feb467000-7f2ff3bce000 r--s 00000000 fc:01 1559636                    /usr/lib/jvm/java-11-openjdk-amd64/lib/modules
7f2ff3bce000-7f2ff3bd3000 r-xp 00000000 fc:01 1559618                    /usr/lib/jvm/java-11-openjdk-amd64/lib/libjimage.so
7f2ff3bd3000-7f2ff3dd2000 ---p 00005000 fc:01 1559618                    /usr/lib/jvm/java-11-openjdk-amd64/lib/libjimage.so
7f2ff3dd2000-7f2ff3dd3000 r--p 00004000 fc:01 1559618                    /usr/lib/jvm/java-11-openjdk-amd64/lib/libjimage.so
7f2ff3dd3000-7f2ff3dd4000 rw-p 00005000 fc:01 1559618                    /usr/lib/jvm/java-11-openjdk-amd64/lib/libjimage.so
7f2ff3dd4000-7f2ff3dfd000 r-xp 00000000 fc:01 1559614                    /usr/lib/jvm/java-11-openjdk-amd64/lib/libjava.so
7f2ff3dfd000-7f2ff3ffd000 ---p 00029000 fc:01 1559614                    /usr/lib/jvm/java-11-openjdk-amd64/lib/libjava.so
7f2ff3ffd000-7f2ff3ffe000 r--p 00029000 fc:01 1559614                    /usr/lib/jvm/java-11-openjdk-amd64/lib/libjava.so
7f2ff3ffe000-7f2ff3fff000 rw-p 0002a000 fc:01 1559614                    /usr/lib/jvm/java-11-openjdk-amd64/lib/libjava.so
7f2ff3fff000-7f2ff4000000 rw-p 00000000 00:00 0 
7f2ff4000000-7f2ff463e000 rw-p 00000000 00:00 0 
7f2ff463e000-7f2ff8000000 ---p 00000000 00:00 0 
7f2ff8000000-7f2ff802e000 rw-p 00000000 00:00 0 
7f2ff802e000-7f2ff810c000 ---p 00000000 00:00 0 
7f2ff810c000-7f2ff8119000 r-xp 00000000 fc:01 1559634                    /usr/lib/jvm/java-11-openjdk-amd64/lib/libverify.so
7f2ff8119000-7f2ff8318000 ---p 0000d000 fc:01 1559634                    /usr/lib/jvm/java-11-openjdk-amd64/lib/libverify.so
7f2ff8318000-7f2ff831a000 r--p 0000c000 fc:01 1559634                    /usr/lib/jvm/java-11-openjdk-amd64/lib/libverify.so
7f2ff831a000-7f2ff831b000 rw-p 0000e000 fc:01 1559634                    /usr/lib/jvm/java-11-openjdk-amd64/lib/libverify.so
7f2ff831b000-7f2ff8322000 r-xp 00000000 fc:01 12728                      /lib/x86_64-linux-gnu/librt-2.27.so
7f2ff8322000-7f2ff8521000 ---p 00007000 fc:01 12728                      /lib/x86_64-linux-gnu/librt-2.27.so
7f2ff8521000-7f2ff8522000 r--p 00006000 fc:01 12728                      /lib/x86_64-linux-gnu/librt-2.27.so
7f2ff8522000-7f2ff8523000 rw-p 00007000 fc:01 12728                      /lib/x86_64-linux-gnu/librt-2.27.so
7f2ff8523000-7f2ff853a000 r-xp 00000000 fc:01 89                         /lib/x86_64-linux-gnu/libgcc_s.so.1
7f2ff853a000-7f2ff8739000 ---p 00017000 fc:01 89                         /lib/x86_64-linux-gnu/libgcc_s.so.1
7f2ff8739000-7f2ff873a000 r--p 00016000 fc:01 89                         /lib/x86_64-linux-gnu/libgcc_s.so.1
7f2ff873a000-7f2ff873b000 rw-p 00017000 fc:01 89                         /lib/x86_64-linux-gnu/libgcc_s.so.1
7f2ff873b000-7f2ff88d8000 r-xp 00000000 fc:01 12710                      /lib/x86_64-linux-gnu/libm-2.27.so
7f2ff88d8000-7f2ff8ad7000 ---p 0019d000 fc:01 12710                      /lib/x86_64-linux-gnu/libm-2.27.so
7f2ff8ad7000-7f2ff8ad8000 r--p 0019c000 fc:01 12710                      /lib/x86_64-linux-gnu/libm-2.27.so
7f2ff8ad8000-7f2ff8ad9000 rw-p 0019d000 fc:01 12710                      /lib/x86_64-linux-gnu/libm-2.27.so
7f2ff8ad9000-7f2ff8c52000 r-xp 00000000 fc:01 104                        /usr/lib/x86_64-linux-gnu/libstdc++.so.6.0.25
7f2ff8c52000-7f2ff8e52000 ---p 00179000 fc:01 104                        /usr/lib/x86_64-linux-gnu/libstdc++.so.6.0.25
7f2ff8e52000-7f2ff8e5c000 r--p 00179000 fc:01 104                        /usr/lib/x86_64-linux-gnu/libstdc++.so.6.0.25
7f2ff8e5c000-7f2ff8e5e000 rw-p 00183000 fc:01 104                        /usr/lib/x86_64-linux-gnu/libstdc++.so.6.0.25
7f2ff8e5e000-7f2ff8e62000 rw-p 00000000 00:00 0 
7f2ff8e62000-7f2ff9f66000 r-xp 00000000 fc:01 1559639                    /usr/lib/jvm/java-11-openjdk-amd64/lib/server/libjvm.so
7f2ff9f66000-7f2ffa165000 ---p 01104000 fc:01 1559639                    /usr/lib/jvm/java-11-openjdk-amd64/lib/server/libjvm.so
7f2ffa165000-7f2ffa222000 r--p 01103000 fc:01 1559639                    /usr/lib/jvm/java-11-openjdk-amd64/lib/server/libjvm.so
7f2ffa222000-7f2ffa25b000 rw-p 011c0000 fc:01 1559639                    /usr/lib/jvm/java-11-openjdk-amd64/lib/server/libjvm.so
7f2ffa25b000-7f2ffa2b2000 rw-p 00000000 00:00 0 
7f2ffa2b2000-7f2ffa2cc000 r-xp 00000000 fc:01 12726                      /lib/x86_64-linux-gnu/libpthread-2.27.so
7f2ffa2cc000-7f2ffa4cb000 ---p 0001a000 fc:01 12726                      /lib/x86_64-linux-gnu/libpthread-2.27.so
7f2ffa4cb000-7f2ffa4cc000 r--p 00019000 fc:01 12726                      /lib/x86_64-linux-gnu/libpthread-2.27.so
7f2ffa4cc000-7f2ffa4cd000 rw-p 0001a000 fc:01 12726                      /lib/x86_64-linux-gnu/libpthread-2.27.so
7f2ffa4cd000-7f2ffa4d1000 rw-p 00000000 00:00 0 
7f2ffa4d1000-7f2ffa4d4000 r-xp 00000000 fc:01 12709                      /lib/x86_64-linux-gnu/libdl-2.27.so
7f2ffa4d4000-7f2ffa6d3000 ---p 00003000 fc:01 12709                      /lib/x86_64-linux-gnu/libdl-2.27.so
7f2ffa6d3000-7f2ffa6d4000 r--p 00002000 fc:01 12709                      /lib/x86_64-linux-gnu/libdl-2.27.so
7f2ffa6d4000-7f2ffa6d5000 rw-p 00003000 fc:01 12709                      /lib/x86_64-linux-gnu/libdl-2.27.so
7f2ffa6d5000-7f2ffa6f1000 r-xp 00000000 fc:01 2183                       /lib/x86_64-linux-gnu/libz.so.1.2.11
7f2ffa6f1000-7f2ffa8f0000 ---p 0001c000 fc:01 2183                       /lib/x86_64-linux-gnu/libz.so.1.2.11
7f2ffa8f0000-7f2ffa8f1000 r--p 0001b000 fc:01 2183                       /lib/x86_64-linux-gnu/libz.so.1.2.11
7f2ffa8f1000-7f2ffa8f2000 rw-p 0001c000 fc:01 2183                       /lib/x86_64-linux-gnu/libz.so.1.2.11
7f2ffa8f2000-7f2ffaad9000 r-xp 00000000 fc:01 12706                      /lib/x86_64-linux-gnu/libc-2.27.so
7f2ffaad9000-7f2ffacd9000 ---p 001e7000 fc:01 12706                      /lib/x86_64-linux-gnu/libc-2.27.so
7f2ffacd9000-7f2ffacdd000 r--p 001e7000 fc:01 12706                      /lib/x86_64-linux-gnu/libc-2.27.so
7f2ffacdd000-7f2ffacdf000 rw-p 001eb000 fc:01 12706                      /lib/x86_64-linux-gnu/libc-2.27.so
7f2ffacdf000-7f2fface3000 rw-p 00000000 00:00 0 
7f2fface3000-7f2ffacf3000 r-xp 00000000 fc:01 1559598                    /usr/lib/jvm/java-11-openjdk-amd64/lib/jli/libjli.so
7f2ffacf3000-7f2ffaef2000 ---p 00010000 fc:01 1559598                    /usr/lib/jvm/java-11-openjdk-amd64/lib/jli/libjli.so
7f2ffaef2000-7f2ffaef3000 r--p 0000f000 fc:01 1559598                    /usr/lib/jvm/java-11-openjdk-amd64/lib/jli/libjli.so
7f2ffaef3000-7f2ffaef4000 rw-p 00010000 fc:01 1559598                    /usr/lib/jvm/java-11-openjdk-amd64/lib/jli/libjli.so
7f2ffaef4000-7f2ffaf1b000 r-xp 00000000 fc:01 12678                      /lib/x86_64-linux-gnu/ld-2.27.so
7f2ffaf1c000-7f2ffaf1d000 r--p 00000000 00:00 0 
7f2ffaf1d000-7f2ffaf1e000 r--p 00000000 fc:01 28843                      /usr/lib/locale/C.UTF-8/LC_NUMERIC
7f2ffaf1e000-7f2ffaf1f000 r--p 00000000 fc:01 28846                      /usr/lib/locale/C.UTF-8/LC_TIME
7f2ffaf1f000-7f2ffaf20000 r--p 00000000 fc:01 28839                      /usr/lib/locale/C.UTF-8/LC_MONETARY
7f2ffaf20000-7f2ffaf21000 r--p 00000000 fc:01 28833                      /usr/lib/locale/C.UTF-8/LC_MESSAGES/SYS_LC_MESSAGES
7f2ffaf21000-7f2ffaf22000 r--p 00000000 fc:01 28844                      /usr/lib/locale/C.UTF-8/LC_PAPER
7f2ffaf22000-7f2ffaf23000 r--p 00000000 fc:01 28841                      /usr/lib/locale/C.UTF-8/LC_NAME
7f2ffaf23000-7f2ffaf24000 r--p 00000000 fc:01 28811                      /usr/lib/locale/C.UTF-8/LC_ADDRESS
7f2ffaf24000-7f2ffaf25000 r--p 00000000 fc:01 28845                      /usr/lib/locale/C.UTF-8/LC_TELEPHONE
7f2ffaf25000-7f2ffaf26000 r--p 00000000 fc:01 28819                      /usr/lib/locale/C.UTF-8/LC_MEASUREMENT
7f2ffaf26000-7f2ffaf2d000 r--s 00000000 fc:01 26096                      /usr/lib/x86_64-linux-gnu/gconv/gconv-modules.cache
7f2ffaf2d000-7f2ffaf2e000 r--p 00000000 fc:01 28818                      /usr/lib/locale/C.UTF-8/LC_IDENTIFICATION
7f2ffaf2e000-7f2ffaf6e000 rw-p 00000000 00:00 0 
7f2ffaf6e000-7f2ffaf81000 ---p 00000000 00:00 0 
7f2ffaf81000-7f2ffaf9f000 rw-p 00000000 00:00 0 
7f2ffaf9f000-7f2ffafaa000 ---p 00000000 00:00 0 
7f2ffafaa000-7f2ffafea000 rw-p 00000000 00:00 0 
7f2ffafea000-7f2ffaffd000 ---p 00000000 00:00 0 
7f2ffaffd000-7f2ffb003000 rw-p 00000000 00:00 0 
7f2ffb003000-7f2ffb00a000 ---p 00000000 00:00 0 
7f2ffb00a000-7f2ffb00c000 r--s 00007000 fc:01 25405                      /usr/share/java/java-atk-wrapper.jar
7f2ffb00c000-7f2ffb010000 ---p 00000000 00:00 0 
7f2ffb010000-7f2ffb10f000 rw-p 00000000 00:00 0 
7f2ffb10f000-7f2ffb117000 rw-s 00000000 fc:01 1055144                    /tmp/hsperfdata_root/21467
7f2ffb117000-7f2ffb118000 ---p 00000000 00:00 0 
7f2ffb118000-7f2ffb119000 r--p 00000000 00:00 0 
7f2ffb119000-7f2ffb11b000 rw-p 00000000 00:00 0 
7f2ffb11b000-7f2ffb11c000 r--p 00027000 fc:01 12678                      /lib/x86_64-linux-gnu/ld-2.27.so
7f2ffb11c000-7f2ffb11d000 rw-p 00028000 fc:01 12678                      /lib/x86_64-linux-gnu/ld-2.27.so
7f2ffb11d000-7f2ffb11e000 rw-p 00000000 00:00 0 
7ffcc3332000-7ffcc3353000 rw-p 00000000 00:00 0                          [stack]
7ffcc3354000-7ffcc3357000 r--p 00000000 00:00 0                          [vvar]
7ffcc3357000-7ffcc3359000 r-xp 00000000 00:00 0                          [vdso]
ffffffffff600000-ffffffffff601000 r-xp 00000000 00:00 0                  [vsyscall]


VM Arguments:
java_command: org.apache.tika.server.TikaServerCli --port 9998 --host localhost
java_class_path (initial): /tmp/tika-server.jar
Launcher Type: SUN_STANDARD

[Global flags]
     intx CICompilerCount                          = 2                                         {product} {ergonomic}
   size_t InitialHeapSize                          = 16777216                                  {product} {ergonomic}
   size_t MaxHeapSize                              = 260046848                                 {product} {ergonomic}
   size_t MaxNewSize                               = 86638592                                  {product} {ergonomic}
   size_t MinHeapDeltaBytes                        = 196608                                    {product} {ergonomic}
   size_t NewSize                                  = 5570560                                   {product} {ergonomic}
    uintx NonNMethodCodeHeapSize                   = 5825164                                {pd product} {ergonomic}
    uintx NonProfiledCodeHeapSize                  = 122916538                              {pd product} {ergonomic}
   size_t OldSize                                  = 11206656                                  {product} {ergonomic}
    uintx ProfiledCodeHeapSize                     = 122916538                              {pd product} {ergonomic}
    uintx ReservedCodeCacheSize                    = 251658240                              {pd product} {ergonomic}
     bool SegmentedCodeCache                       = true                                      {product} {ergonomic}
     bool UseCompressedClassPointers               = true                                 {lp64_product} {ergonomic}
     bool UseCompressedOops                        = true                                 {lp64_product} {ergonomic}
     bool UseSerialGC                              = true                                      {product} {ergonomic}

Logging:
Log output configuration:
 #0: stdout all=warning uptime,level,tags
 #1: stderr all=off uptime,level,tags

Environment Variables:
PATH=/usr/bin:/bin
SHELL=/bin/sh
LANG=C.UTF-8

Signal Handlers:
SIGSEGV: [libjvm.so+0xe1c340], sa_mask[0]=11111111011111111101111111111110, sa_flags=SA_RESTART|SA_SIGINFO
SIGBUS: [libjvm.so+0xe1c340], sa_mask[0]=11111111011111111101111111111110, sa_flags=SA_RESTART|SA_SIGINFO
SIGFPE: [libjvm.so+0xe1c340], sa_mask[0]=11111111011111111101111111111110, sa_flags=SA_RESTART|SA_SIGINFO
SIGPIPE: [libjvm.so+0xbec180], sa_mask[0]=11111111011111111101111111111110, sa_flags=SA_RESTART|SA_SIGINFO
SIGXFSZ: [libjvm.so+0xbec180], sa_mask[0]=11111111011111111101111111111110, sa_flags=SA_RESTART|SA_SIGINFO
SIGILL: [libjvm.so+0xe1c340], sa_mask[0]=11111111011111111101111111111110, sa_flags=SA_RESTART|SA_SIGINFO
SIGUSR2: [libjvm.so+0xbec020], sa_mask[0]=00000000000000000000000000000000, sa_flags=SA_RESTART|SA_SIGINFO
SIGHUP: [libjvm.so+0xbec380], sa_mask[0]=11111111011111111101111111111110, sa_flags=SA_RESTART|SA_SIGINFO
SIGINT: SIG_IGN, sa_mask[0]=00000000000000000000000000000000, sa_flags=none
SIGTERM: [libjvm.so+0xbec380], sa_mask[0]=11111111011111111101111111111110, sa_flags=SA_RESTART|SA_SIGINFO
SIGQUIT: [libjvm.so+0xbec380], sa_mask[0]=11111111011111111101111111111110, sa_flags=SA_RESTART|SA_SIGINFO


---------------  S Y S T E M  ---------------

OS:DISTRIB_ID=Ubuntu
DISTRIB_RELEASE=18.04
DISTRIB_CODENAME=bionic
DISTRIB_DESCRIPTION="Ubuntu 18.04.4 LTS"
uname:Linux 4.15.0-121-generic #123-Ubuntu SMP Mon Oct 5 16:16:40 UTC 2020 x86_64
OS uptime: 21 days 23:42 hours
libc:glibc 2.27 NPTL 2.27 
rlimit (soft/hard): STACK 8192k/infinity , CORE 0k/infinity , NPROC 3838/3838 , NOFILE 1048576/1048576 , AS infinity/infinity , CPU infinity/infinity , DATA infinity/infinity , FSIZE infinity/infinity , MEMLOCK 16384k/16384k
load average:0.49 0.15 0.05

/proc/meminfo:
MemTotal:        1008828 kB
MemFree:           69504 kB
MemAvailable:      10076 kB
Buffers:             148 kB
Cached:             1476 kB
SwapCached:            0 kB
Active:           854828 kB
Inactive:            736 kB
Active(anon):     854336 kB
Inactive(anon):      216 kB
Active(file):        492 kB
Inactive(file):      520 kB
Unevictable:           0 kB
Mlocked:               0 kB
SwapTotal:             0 kB
SwapFree:              0 kB
Dirty:                 4 kB
Writeback:             8 kB
AnonPages:        853976 kB
Mapped:              856 kB
Shmem:               576 kB
Slab:              51604 kB
SReclaimable:      22800 kB
SUnreclaim:        28804 kB
KernelStack:        2448 kB
PageTables:        10420 kB
NFS_Unstable:          0 kB
Bounce:                0 kB
WritebackTmp:          0 kB
CommitLimit:      504412 kB
Committed_AS:    1090104 kB
VmallocTotal:   34359738367 kB
VmallocUsed:           0 kB
VmallocChunk:          0 kB
HardwareCorrupted:     0 kB
AnonHugePages:         0 kB
ShmemHugePages:        0 kB
ShmemPmdMapped:        0 kB
CmaTotal:              0 kB
CmaFree:               0 kB
HugePages_Total:       0
HugePages_Free:        0
HugePages_Rsvd:        0
HugePages_Surp:        0
Hugepagesize:       2048 kB
DirectMap4k:      231404 kB
DirectMap2M:      817152 kB

/sys/kernel/mm/transparent_hugepage/enabled:
always [madvise] never
/sys/kernel/mm/transparent_hugepage/defrag (defrag/compaction efforts parameter):
always defer defer+madvise [madvise] never

/proc/sys/kernel/threads-max (system-wide limit on the number of threads):
7677
/proc/sys/vm/max_map_count (maximum number of memory map areas a process may have):
65530
/proc/sys/kernel/pid_max (system-wide limit on number of process identifiers):
32768

container (cgroup) information:
container_type: cgroupv1
cpu_cpuset_cpus: 0
cpu_memory_nodes: 0
active_processor_count: 1
cpu_quota: -1
cpu_period: 100000
cpu_shares: -1
memory_limit_in_bytes: -1
memory_and_swap_limit_in_bytes: -2
memory_soft_limit_in_bytes: -1
memory_usage_in_bytes: 844828672
memory_max_usage_in_bytes: 869949440

KVM virtualization detected
Steal ticks since vm start: 829
Steal ticks percentage since vm start:  0.000

CPU:total 1 (initial active 1) (1 cores per cpu, 1 threads per core) family 6 model 79 stepping 1, cmov, cx8, fxsr, mmx, sse, sse2, sse3, ssse3, sse4.1, sse4.2, popcnt, avx, avx2, aes, clmul, erms, 3dnowpref, lzcnt, tsc, bmi1, bmi2, adx, fma
CPU Model and flags from /proc/cpuinfo:
model name	: Intel(R) Xeon(R) CPU E5-2650 v4 @ 2.20GHz
flags		: fpu vme de pse tsc msr pae mce cx8 apic sep mtrr pge mca cmov pat pse36 clflush mmx fxsr sse sse2 ss syscall nx rdtscp lm constant_tsc arch_perfmon rep_good nopl cpuid tsc_known_freq pni pclmulqdq vmx ssse3 fma cx16 pcid sse4_1 sse4_2 x2apic movbe popcnt tsc_deadline_timer aes xsave avx f16c rdrand hypervisor lahf_lm abm 3dnowprefetch cpuid_fault invpcid_single pti ssbd ibrs ibpb tpr_shadow vnmi flexpriority ept vpid fsgsbase tsc_adjust bmi1 avx2 smep bmi2 erms invpcid rdseed adx smap xsaveopt md_clear
Online cpus:
0
Offline cpus:

BIOS frequency limitation:
<Not Available>
Frequency switch latency (ns):
<Not Available>
Available cpu frequencies:
<Not Available>
Current governor:
<Not Available>
Core performance/turbo boost:
<Not Available>

Memory: 4k page, physical 1008828k(69264k free), swap 0k(0k free)

vm_info: OpenJDK 64-Bit Server VM (11.0.9+11-Ubuntu-0ubuntu1.18.04.1) for linux-amd64 JRE (11.0.9+11-Ubuntu-0ubuntu1.18.04.1), built on Oct 22 2020 05:32:59 by "unknown" with gcc 7.5.0

END.
