#
# There is insufficient memory for the Java Runtime Environment to continue.
# Native memory allocation (mmap) failed to map 31113216 bytes for committing reserved memory.
# Possible reasons:
#   The system is out of physical RAM or swap space
#   The process is running with CompressedOops enabled, and the Java Heap may be blocking the growth of the native heap
# Possible solutions:
#   Reduce memory load on the system
#   Increase physical memory or swap space
#   Check if swap backing store is full
#   Decrease Java heap size (-Xmx/-Xms)
#   Decrease number of Java threads
#   Decrease Java thread stack sizes (-Xss)
#   Set larger code cache with -XX:ReservedCodeCacheSize=
#   JVM is running with Unscaled Compressed Oops mode in which the Java heap is
#     placed in the first 4GB address space. The Java Heap base address is the
#     maximum limit for the native heap growth. Please use -XX:HeapBaseMinAddress
#     to set the Java Heap base and to place the Java Heap above 4GB virtual address.
# This output file may be truncated or incomplete.
#
#  Out of Memory Error (os_linux.cpp:2922), pid=2578, tid=2582
#
# JRE version: OpenJDK Runtime Environment (11.0.9+11) (build 11.0.9+11-Ubuntu-0ubuntu1.18.04.1)
# Java VM: OpenJDK 64-Bit Server VM (11.0.9+11-Ubuntu-0ubuntu1.18.04.1, mixed mode, sharing, tiered, compressed oops, serial gc, linux-amd64)
# Core dump will be written. Default location: Core dumps may be processed with "/usr/share/apport/apport %p %s %c %d %P %E" (or dumping to /root/AUTO_GIT/open-data/COVID-19/core.2578)
#

---------------  S U M M A R Y ------------

Command Line: org.apache.tika.server.TikaServerCli --port 9998 --host localhost

Host: Intel(R) Xeon(R) CPU E5-2650 v4 @ 2.20GHz, 1 cores, 985M, Ubuntu 18.04.4 LTS
Time: Sat Nov  7 18:35:44 2020 EET elapsed time: 215.596373 seconds (0d 0h 3m 35s)

---------------  T H R E A D  ---------------

Current thread (0x00007fd6bc04e800):  VMThread "VM Thread" [stack: 0x00007fd6c0105000,0x00007fd6c0205000] [id=2582]

Stack: [0x00007fd6c0105000,0x00007fd6c0205000],  sp=0x00007fd6c0202ff0,  free space=1015k
Native frames: (J=compiled Java code, A=aot compiled Java code, j=interpreted, Vv=VM code, C=native code)
V  [libjvm.so+0xe1a8f9]
V  [libjvm.so+0xe1b58b]
V  [libjvm.so+0x65f7f5]
V  [libjvm.so+0xbf0ce2]
V  [libjvm.so+0xbe761f]
V  [libjvm.so+0xe12017]
V  [libjvm.so+0x523ca1]
V  [libjvm.so+0x523e44]
V  [libjvm.so+0xd9fca7]
V  [libjvm.so+0x5245e9]
V  [libjvm.so+0x7bfb60]
V  [libjvm.so+0x7c07d8]
V  [libjvm.so+0xe1c91f]
V  [libjvm.so+0xe1df18]
V  [libjvm.so+0xe241a6]
V  [libjvm.so+0xe246b0]
V  [libjvm.so+0xe24b33]
V  [libjvm.so+0xda815f]
V  [libjvm.so+0xbf6ace]

VM_Operation (0x00007fd69e4810c0): GenCollectForAllocation, mode: safepoint, requested by thread 0x00007fd6bc5b1800


---------------  P R O C E S S  ---------------

Threads class SMR info:
_java_thread_list=0x00007fd6a00d56e0, length=19, elements={
0x00007fd6bc051800, 0x00007fd6bc053800, 0x00007fd6bc05c000, 0x00007fd6bc05e800,
0x00007fd6bc060800, 0x00007fd6bc062800, 0x00007fd6bc09e000, 0x00007fd6bc0a7800,
0x00007fd6bc5b1800, 0x00007fd6bc5b3000, 0x00007fd6bc5b5000, 0x00007fd6bc5b6800,
0x00007fd6bc5b8800, 0x00007fd6bc5ba000, 0x00007fd6bc5bc000, 0x00007fd6bc5be000,
0x00007fd6bc016000, 0x00007fd694016000, 0x00007fd6a00d4800
}

Java Threads: ( => current thread )
  0x00007fd6bc051800 JavaThread "Reference Handler" daemon [_thread_blocked, id=2583, stack(0x00007fd6c0002000,0x00007fd6c0103000)]
  0x00007fd6bc053800 JavaThread "Finalizer" daemon [_thread_blocked, id=2585, stack(0x00007fd69feff000,0x00007fd6a0000000)]
  0x00007fd6bc05c000 JavaThread "Signal Dispatcher" daemon [_thread_blocked, id=2588, stack(0x00007fd69faf0000,0x00007fd69fbf1000)]
  0x00007fd6bc05e800 JavaThread "C2 CompilerThread0" daemon [_thread_blocked, id=2590, stack(0x00007fd69f9ef000,0x00007fd69faf0000)]
  0x00007fd6bc060800 JavaThread "C1 CompilerThread0" daemon [_thread_blocked, id=2592, stack(0x00007fd69f8ee000,0x00007fd69f9ef000)]
  0x00007fd6bc062800 JavaThread "Sweeper thread" daemon [_thread_blocked, id=2594, stack(0x00007fd69f7ed000,0x00007fd69f8ee000)]
  0x00007fd6bc09e000 JavaThread "Service Thread" daemon [_thread_blocked, id=2595, stack(0x00007fd69f6ec000,0x00007fd69f7ed000)]
  0x00007fd6bc0a7800 JavaThread "Common-Cleaner" daemon [_thread_blocked, id=2599, stack(0x00007fd69f4e9000,0x00007fd69f5ea000)]
  0x00007fd6bc5b1800 JavaThread "qtp2000469839-11" [_thread_blocked, id=2609, stack(0x00007fd69e384000,0x00007fd69e485000)]
  0x00007fd6bc5b3000 JavaThread "qtp2000469839-12-acceptor-0@277c645e-ServerConnector@36b0fcd5{HTTP/1.1,[http/1.1]}{localhost:9998}" [_thread_in_native, id=2610, stack(0x00007fd69e283000,0x00007fd69e384000)]
  0x00007fd6bc5b5000 JavaThread "qtp2000469839-13" [_thread_blocked, id=2611, stack(0x00007fd69e182000,0x00007fd69e283000)]
  0x00007fd6bc5b6800 JavaThread "qtp2000469839-14" [_thread_in_native, id=2612, stack(0x00007fd69e081000,0x00007fd69e182000)]
  0x00007fd6bc5b8800 JavaThread "qtp2000469839-15" [_thread_blocked, id=2613, stack(0x00007fd69df80000,0x00007fd69e081000)]
  0x00007fd6bc5ba000 JavaThread "qtp2000469839-16" [_thread_blocked, id=2614, stack(0x00007fd69de7f000,0x00007fd69df80000)]
  0x00007fd6bc5bc000 JavaThread "qtp2000469839-17" [_thread_blocked, id=2615, stack(0x00007fd69dd7e000,0x00007fd69de7f000)]
  0x00007fd6bc5be000 JavaThread "qtp2000469839-18" [_thread_blocked, id=2616, stack(0x00007fd69dc7d000,0x00007fd69dd7e000)]
  0x00007fd6bc016000 JavaThread "DestroyJavaVM" [_thread_blocked, id=2580, stack(0x00007fd6c429d000,0x00007fd6c439e000)]
  0x00007fd694016000 JavaThread "Connector-Scheduler-36b0fcd5-1" [_thread_blocked, id=2617, stack(0x00007fd69d779000,0x00007fd69d87a000)]
  0x00007fd6a00d4800 JavaThread "Java2D Disposer" daemon [_thread_blocked, id=2618, stack(0x00007fd69cb43000,0x00007fd69cc44000)]

Other Threads:
=>0x00007fd6bc04e800 VMThread "VM Thread" [stack: 0x00007fd6c0105000,0x00007fd6c0205000] [id=2582]
  0x00007fd6bc0a0000 WatcherThread [stack: 0x00007fd69f5ec000,0x00007fd69f6ec000] [id=2597]

Threads with active compile tasks:
C2 CompilerThread0 215655 3137       4       org.apache.pdfbox.pdfparser.BaseParser::parseCOSHexString (163 bytes)

VM state:at safepoint (normal execution)

VM Mutex/Monitor currently owned by a thread:  ([mutex/lock_event])
[0x00007fd6bc0125b0] Threads_lock - owner thread: 0x00007fd6bc04e800
[0x00007fd6bc012d90] Heap_lock - owner thread: 0x00007fd6bc5b1800

Heap address: 0x00000000f0800000, size: 248 MB, Compressed Oops mode: 32-bit
Narrow klass base: 0x0000000800000000, Narrow klass shift: 3
Compressed class space size: 1073741824 Address: 0x0000000840000000

Heap:
 def new generation   total 43520K, used 0K [0x00000000f0800000, 0x00000000f3730000, 0x00000000f5aa0000)
  eden space 38720K,   0% used [0x00000000f0800000, 0x00000000f0800000, 0x00000000f2dd0000)
  from space 4800K,   0% used [0x00000000f2dd0000, 0x00000000f2dd0000, 0x00000000f3280000)
  to   space 4800K,   0% used [0x00000000f3280000, 0x00000000f3280000, 0x00000000f3730000)
 tenured generation   total 98792K, used 77504K [0x00000000f5aa0000, 0x00000000fbb1a000, 0x0000000100000000)
   the space 98792K,  78% used [0x00000000f5aa0000, 0x00000000fa6500b8, 0x00000000fa650200, 0x00000000fbb1a000)
 Metaspace       used 22953K, capacity 23466K, committed 23936K, reserved 1071104K
  class space    used 2581K, capacity 2846K, committed 2944K, reserved 1048576K

Card table byte_map: [0x00007fd6c4212000,0x00007fd6c428f000] _byte_map_base: 0x00007fd6c3a8e000

Polling page: 0x00007fd6c43a8000

Metaspace:

Usage:
  Non-class:     20.14 MB capacity,    19.89 MB ( 99%) used,   192.16 KB ( <1%) free+waste,    55.94 KB ( <1%) overhead. 
      Class:      2.78 MB capacity,     2.52 MB ( 91%) used,   233.25 KB (  8%) free+waste,    31.12 KB (  1%) overhead. 
       Both:     22.92 MB capacity,    22.42 MB ( 98%) used,   425.41 KB (  2%) free+waste,    87.06 KB ( <1%) overhead. 

Virtual space:
  Non-class space:       22.00 MB reserved,      20.50 MB ( 93%) committed 
      Class space:        1.00 GB reserved,       2.88 MB ( <1%) committed 
             Both:        1.02 GB reserved,      23.38 MB (  2%) committed 

Chunk freelists:
   Non-Class:  168.00 KB
       Class:  2.00 KB
        Both:  170.00 KB

MaxMetaspaceSize: unlimited
CompressedClassSpaceSize: 1.00 GB

CodeHeap 'non-profiled nmethods': size=120036Kb used=1220Kb max_used=1220Kb free=118815Kb
 bounds [0x00007fd6ac360000, 0x00007fd6ac5d0000, 0x00007fd6b3899000]
CodeHeap 'profiled nmethods': size=120032Kb used=6884Kb max_used=6884Kb free=113148Kb
 bounds [0x00007fd6a4e28000, 0x00007fd6a54e8000, 0x00007fd6ac360000]
CodeHeap 'non-nmethods': size=5692Kb used=1170Kb max_used=1203Kb free=4521Kb
 bounds [0x00007fd6a4899000, 0x00007fd6a4b09000, 0x00007fd6a4e28000]
 total_blobs=3610 nmethods=3084 adapters=440
 compilation: enabled
              stopped_count=0, restarted_count=0
 full_count=0

Compilation events (20 events):
Event: 212.077 Thread 0x00007fd6bc060800 nmethod 3128 0x00007fd6a54dd710 code [0x00007fd6a54dd8e0, 0x00007fd6a54ddbe0]
Event: 212.276 Thread 0x00007fd6bc060800 3130       3       java.lang.StringBuilder::insert (9 bytes)
Event: 212.611 Thread 0x00007fd6bc060800 nmethod 3130 0x00007fd6a54ddd10 code [0x00007fd6a54ddec0, 0x00007fd6a54de020]
Event: 212.678 Thread 0x00007fd6bc060800 3132       3       java.lang.String::checkOffset (46 bytes)
Event: 213.368 Thread 0x00007fd6bc060800 nmethod 3132 0x00007fd6a54de110 code [0x00007fd6a54de3a0, 0x00007fd6a54ded50]
Event: 213.374 Thread 0x00007fd6bc05e800 3134       4       java.nio.ByteBuffer::arrayOffset (35 bytes)
Event: 213.393 Thread 0x00007fd6bc060800 3133   !   3       org.apache.fontbox.ttf.TrueTypeFont::readTable (56 bytes)
Event: 213.429 Thread 0x00007fd6bc060800 nmethod 3133 0x00007fd6a54df110 code [0x00007fd6a54df300, 0x00007fd6a54dfa10]
Event: 213.451 Thread 0x00007fd6bc060800 3131       3       java.lang.AbstractStringBuilder::insert (81 bytes)
Event: 213.454 Thread 0x00007fd6bc05e800 nmethod 3134 0x00007fd6ac490810 code [0x00007fd6ac4909a0, 0x00007fd6ac490a58]
Event: 213.468 Thread 0x00007fd6bc05e800 3137       4       org.apache.pdfbox.pdfparser.BaseParser::parseCOSHexString (163 bytes)
Event: 213.487 Thread 0x00007fd6bc060800 nmethod 3131 0x00007fd6a54dfd10 code [0x00007fd6a54dff60, 0x00007fd6a54e0660]
Event: 213.499 Thread 0x00007fd6bc060800 3135       3       sun.util.calendar.ZoneInfo::getOffsets (8 bytes)
Event: 213.504 Thread 0x00007fd6bc060800 nmethod 3135 0x00007fd6a54e0910 code [0x00007fd6a54e0ac0, 0x00007fd6a54e0c00]
Event: 213.504 Thread 0x00007fd6bc060800 3136       3       sun.util.calendar.BaseCalendar$Date::setCache (20 bytes)
Event: 213.505 Thread 0x00007fd6bc060800 nmethod 3136 0x00007fd6a54e0c90 code [0x00007fd6a54e0e40, 0x00007fd6a54e0f70]
Event: 213.505 Thread 0x00007fd6bc060800 3140       1       sun.awt.geom.Edge::getCurveTag (5 bytes)
Event: 213.505 Thread 0x00007fd6bc060800 nmethod 3140 0x00007fd6ac490b10 code [0x00007fd6ac490cc0, 0x00007fd6ac490d90]
Event: 213.505 Thread 0x00007fd6bc060800 3139       1       org.apache.pdfbox.cos.COSName::getName (5 bytes)
Event: 213.506 Thread 0x00007fd6bc060800 nmethod 3139 0x00007fd6ac490e10 code [0x00007fd6ac490fc0, 0x00007fd6ac491090]

GC Heap History (20 events):
Event: 202.807 GC heap after
{Heap after GC invocations=45 (full 4):
 def new generation   total 43520K, used 4800K [0x00000000f0800000, 0x00000000f3730000, 0x00000000f5aa0000)
  eden space 38720K,   0% used [0x00000000f0800000, 0x00000000f0800000, 0x00000000f2dd0000)
  from space 4800K, 100% used [0x00000000f2dd0000, 0x00000000f3280000, 0x00000000f3280000)
  to   space 4800K,   0% used [0x00000000f3280000, 0x00000000f3280000, 0x00000000f3730000)
 tenured generation   total 96488K, used 77241K [0x00000000f5aa0000, 0x00000000fb8da000, 0x0000000100000000)
   the space 96488K,  80% used [0x00000000f5aa0000, 0x00000000fa60e798, 0x00000000fa60e800, 0x00000000fb8da000)
 Metaspace       used 22949K, capacity 23466K, committed 23936K, reserved 1071104K
  class space    used 2581K, capacity 2846K, committed 2944K, reserved 1048576K
}
Event: 203.044 GC heap before
{Heap before GC invocations=45 (full 4):
 def new generation   total 43520K, used 43520K [0x00000000f0800000, 0x00000000f3730000, 0x00000000f5aa0000)
  eden space 38720K, 100% used [0x00000000f0800000, 0x00000000f2dd0000, 0x00000000f2dd0000)
  from space 4800K, 100% used [0x00000000f2dd0000, 0x00000000f3280000, 0x00000000f3280000)
  to   space 4800K,   0% used [0x00000000f3280000, 0x00000000f3280000, 0x00000000f3730000)
 tenured generation   total 96488K, used 77241K [0x00000000f5aa0000, 0x00000000fb8da000, 0x0000000100000000)
   the space 96488K,  80% used [0x00000000f5aa0000, 0x00000000fa60e798, 0x00000000fa60e800, 0x00000000fb8da000)
 Metaspace       used 22950K, capacity 23466K, committed 23936K, reserved 1071104K
  class space    used 2581K, capacity 2846K, committed 2944K, reserved 1048576K
}
Event: 203.126 GC heap after
{Heap after GC invocations=46 (full 4):
 def new generation   total 43520K, used 4799K [0x00000000f0800000, 0x00000000f3730000, 0x00000000f5aa0000)
  eden space 38720K,   0% used [0x00000000f0800000, 0x00000000f0800000, 0x00000000f2dd0000)
  from space 4800K,  99% used [0x00000000f3280000, 0x00000000f372fff8, 0x00000000f3730000)
  to   space 4800K,   0% used [0x00000000f2dd0000, 0x00000000f2dd0000, 0x00000000f3280000)
 tenured generation   total 96488K, used 87947K [0x00000000f5aa0000, 0x00000000fb8da000, 0x0000000100000000)
   the space 96488K,  91% used [0x00000000f5aa0000, 0x00000000fb082fc0, 0x00000000fb083000, 0x00000000fb8da000)
 Metaspace       used 22950K, capacity 23466K, committed 23936K, reserved 1071104K
  class space    used 2581K, capacity 2846K, committed 2944K, reserved 1048576K
}
Event: 203.860 GC heap before
{Heap before GC invocations=46 (full 4):
 def new generation   total 43520K, used 43519K [0x00000000f0800000, 0x00000000f3730000, 0x00000000f5aa0000)
  eden space 38720K, 100% used [0x00000000f0800000, 0x00000000f2dd0000, 0x00000000f2dd0000)
  from space 4800K,  99% used [0x00000000f3280000, 0x00000000f372fff8, 0x00000000f3730000)
  to   space 4800K,   0% used [0x00000000f2dd0000, 0x00000000f2dd0000, 0x00000000f3280000)
 tenured generation   total 96488K, used 87947K [0x00000000f5aa0000, 0x00000000fb8da000, 0x0000000100000000)
   the space 96488K,  91% used [0x00000000f5aa0000, 0x00000000fb082fc0, 0x00000000fb083000, 0x00000000fb8da000)
 Metaspace       used 22950K, capacity 23466K, committed 23936K, reserved 1071104K
  class space    used 2581K, capacity 2846K, committed 2944K, reserved 1048576K
}
Event: 204.350 GC heap after
{Heap after GC invocations=47 (full 4):
 def new generation   total 43520K, used 0K [0x00000000f0800000, 0x00000000f3730000, 0x00000000f5aa0000)
  eden space 38720K,   0% used [0x00000000f0800000, 0x00000000f0800000, 0x00000000f2dd0000)
  from space 4800K,   0% used [0x00000000f2dd0000, 0x00000000f2dd0148, 0x00000000f3280000)
  to   space 4800K,   0% used [0x00000000f3280000, 0x00000000f3280000, 0x00000000f3730000)
 tenured generation   total 96488K, used 92747K [0x00000000f5aa0000, 0x00000000fb8da000, 0x0000000100000000)
   the space 96488K,  96% used [0x00000000f5aa0000, 0x00000000fb532e88, 0x00000000fb533000, 0x00000000fb8da000)
 Metaspace       used 22950K, capacity 23466K, committed 23936K, reserved 1071104K
  class space    used 2581K, capacity 2846K, committed 2944K, reserved 1048576K
}
Event: 204.945 GC heap before
{Heap before GC invocations=47 (full 4):
 def new generation   total 43520K, used 38720K [0x00000000f0800000, 0x00000000f3730000, 0x00000000f5aa0000)
  eden space 38720K, 100% used [0x00000000f0800000, 0x00000000f2dd0000, 0x00000000f2dd0000)
  from space 4800K,   0% used [0x00000000f2dd0000, 0x00000000f2dd0148, 0x00000000f3280000)
  to   space 4800K,   0% used [0x00000000f3280000, 0x00000000f3280000, 0x00000000f3730000)
 tenured generation   total 96488K, used 92747K [0x00000000f5aa0000, 0x00000000fb8da000, 0x0000000100000000)
   the space 96488K,  96% used [0x00000000f5aa0000, 0x00000000fb532e88, 0x00000000fb533000, 0x00000000fb8da000)
 Metaspace       used 22950K, capacity 23466K, committed 23936K, reserved 1071104K
  class space    used 2581K, capacity 2846K, committed 2944K, reserved 1048576K
}
Event: 205.204 GC heap after
{Heap after GC invocations=48 (full 4):
 def new generation   total 43520K, used 0K [0x00000000f0800000, 0x00000000f3730000, 0x00000000f5aa0000)
  eden space 38720K,   0% used [0x00000000f0800000, 0x00000000f0800000, 0x00000000f2dd0000)
  from space 4800K,   0% used [0x00000000f3280000, 0x00000000f3280108, 0x00000000f3730000)
  to   space 4800K,   0% used [0x00000000f2dd0000, 0x00000000f2dd0000, 0x00000000f3280000)
 tenured generation   total 96488K, used 92747K [0x00000000f5aa0000, 0x00000000fb8da000, 0x0000000100000000)
   the space 96488K,  96% used [0x00000000f5aa0000, 0x00000000fb532e88, 0x00000000fb533000, 0x00000000fb8da000)
 Metaspace       used 22950K, capacity 23466K, committed 23936K, reserved 1071104K
  class space    used 2581K, capacity 2846K, committed 2944K, reserved 1048576K
}
Event: 205.802 GC heap before
{Heap before GC invocations=48 (full 4):
 def new generation   total 43520K, used 38720K [0x00000000f0800000, 0x00000000f3730000, 0x00000000f5aa0000)
  eden space 38720K, 100% used [0x00000000f0800000, 0x00000000f2dd0000, 0x00000000f2dd0000)
  from space 4800K,   0% used [0x00000000f3280000, 0x00000000f3280108, 0x00000000f3730000)
  to   space 4800K,   0% used [0x00000000f2dd0000, 0x00000000f2dd0000, 0x00000000f3280000)
 tenured generation   total 96488K, used 92747K [0x00000000f5aa0000, 0x00000000fb8da000, 0x0000000100000000)
   the space 96488K,  96% used [0x00000000f5aa0000, 0x00000000fb532e88, 0x00000000fb533000, 0x00000000fb8da000)
 Metaspace       used 22950K, capacity 23466K, committed 23936K, reserved 1071104K
  class space    used 2581K, capacity 2846K, committed 2944K, reserved 1048576K
}
Event: 205.973 GC heap after
{Heap after GC invocations=49 (full 4):
 def new generation   total 43520K, used 0K [0x00000000f0800000, 0x00000000f3730000, 0x00000000f5aa0000)
  eden space 38720K,   0% used [0x00000000f0800000, 0x00000000f0800000, 0x00000000f2dd0000)
  from space 4800K,   0% used [0x00000000f2dd0000, 0x00000000f2dd0160, 0x00000000f3280000)
  to   space 4800K,   0% used [0x00000000f3280000, 0x00000000f3280000, 0x00000000f3730000)
 tenured generation   total 96488K, used 92747K [0x00000000f5aa0000, 0x00000000fb8da000, 0x0000000100000000)
   the space 96488K,  96% used [0x00000000f5aa0000, 0x00000000fb532e88, 0x00000000fb533000, 0x00000000fb8da000)
 Metaspace       used 22950K, capacity 23466K, committed 23936K, reserved 1071104K
  class space    used 2581K, capacity 2846K, committed 2944K, reserved 1048576K
}
Event: 206.398 GC heap before
{Heap before GC invocations=49 (full 4):
 def new generation   total 43520K, used 38720K [0x00000000f0800000, 0x00000000f3730000, 0x00000000f5aa0000)
  eden space 38720K, 100% used [0x00000000f0800000, 0x00000000f2dd0000, 0x00000000f2dd0000)
  from space 4800K,   0% used [0x00000000f2dd0000, 0x00000000f2dd0160, 0x00000000f3280000)
  to   space 4800K,   0% used [0x00000000f3280000, 0x00000000f3280000, 0x00000000f3730000)
 tenured generation   total 96488K, used 92747K [0x00000000f5aa0000, 0x00000000fb8da000, 0x0000000100000000)
   the space 96488K,  96% used [0x00000000f5aa0000, 0x00000000fb532e88, 0x00000000fb533000, 0x00000000fb8da000)
 Metaspace       used 22950K, capacity 23466K, committed 23936K, reserved 1071104K
  class space    used 2581K, capacity 2846K, committed 2944K, reserved 1048576K
}
Event: 206.690 GC heap after
{Heap after GC invocations=50 (full 4):
 def new generation   total 43520K, used 0K [0x00000000f0800000, 0x00000000f3730000, 0x00000000f5aa0000)
  eden space 38720K,   0% used [0x00000000f0800000, 0x00000000f0800000, 0x00000000f2dd0000)
  from space 4800K,   0% used [0x00000000f3280000, 0x00000000f3280088, 0x00000000f3730000)
  to   space 4800K,   0% used [0x00000000f2dd0000, 0x00000000f2dd0000, 0x00000000f3280000)
 tenured generation   total 96488K, used 92747K [0x00000000f5aa0000, 0x00000000fb8da000, 0x0000000100000000)
   the space 96488K,  96% used [0x00000000f5aa0000, 0x00000000fb532e88, 0x00000000fb533000, 0x00000000fb8da000)
 Metaspace       used 22950K, capacity 23466K, committed 23936K, reserved 1071104K
  class space    used 2581K, capacity 2846K, committed 2944K, reserved 1048576K
}
Event: 207.328 GC heap before
{Heap before GC invocations=50 (full 4):
 def new generation   total 43520K, used 38720K [0x00000000f0800000, 0x00000000f3730000, 0x00000000f5aa0000)
  eden space 38720K, 100% used [0x00000000f0800000, 0x00000000f2dd0000, 0x00000000f2dd0000)
  from space 4800K,   0% used [0x00000000f3280000, 0x00000000f3280088, 0x00000000f3730000)
  to   space 4800K,   0% used [0x00000000f2dd0000, 0x00000000f2dd0000, 0x00000000f3280000)
 tenured generation   total 96488K, used 92747K [0x00000000f5aa0000, 0x00000000fb8da000, 0x0000000100000000)
   the space 96488K,  96% used [0x00000000f5aa0000, 0x00000000fb532e88, 0x00000000fb533000, 0x00000000fb8da000)
 Metaspace       used 22950K, capacity 23466K, committed 23936K, reserved 1071104K
  class space    used 2581K, capacity 2846K, committed 2944K, reserved 1048576K
}
Event: 207.553 GC heap after
{Heap after GC invocations=51 (full 4):
 def new generation   total 43520K, used 0K [0x00000000f0800000, 0x00000000f3730000, 0x00000000f5aa0000)
  eden space 38720K,   0% used [0x00000000f0800000, 0x00000000f0800000, 0x00000000f2dd0000)
  from space 4800K,   0% used [0x00000000f2dd0000, 0x00000000f2dd0018, 0x00000000f3280000)
  to   space 4800K,   0% used [0x00000000f3280000, 0x00000000f3280000, 0x00000000f3730000)
 tenured generation   total 96488K, used 92747K [0x00000000f5aa0000, 0x00000000fb8da000, 0x0000000100000000)
   the space 96488K,  96% used [0x00000000f5aa0000, 0x00000000fb532e88, 0x00000000fb533000, 0x00000000fb8da000)
 Metaspace       used 22950K, capacity 23466K, committed 23936K, reserved 1071104K
  class space    used 2581K, capacity 2846K, committed 2944K, reserved 1048576K
}
Event: 208.284 GC heap before
{Heap before GC invocations=51 (full 4):
 def new generation   total 43520K, used 38720K [0x00000000f0800000, 0x00000000f3730000, 0x00000000f5aa0000)
  eden space 38720K, 100% used [0x00000000f0800000, 0x00000000f2dd0000, 0x00000000f2dd0000)
  from space 4800K,   0% used [0x00000000f2dd0000, 0x00000000f2dd0018, 0x00000000f3280000)
  to   space 4800K,   0% used [0x00000000f3280000, 0x00000000f3280000, 0x00000000f3730000)
 tenured generation   total 96488K, used 92747K [0x00000000f5aa0000, 0x00000000fb8da000, 0x0000000100000000)
   the space 96488K,  96% used [0x00000000f5aa0000, 0x00000000fb532e88, 0x00000000fb533000, 0x00000000fb8da000)
 Metaspace       used 22950K, capacity 23466K, committed 23936K, reserved 1071104K
  class space    used 2581K, capacity 2846K, committed 2944K, reserved 1048576K
}
Event: 208.565 GC heap after
{Heap after GC invocations=52 (full 4):
 def new generation   total 43520K, used 0K [0x00000000f0800000, 0x00000000f3730000, 0x00000000f5aa0000)
  eden space 38720K,   0% used [0x00000000f0800000, 0x00000000f0800000, 0x00000000f2dd0000)
  from space 4800K,   0% used [0x00000000f3280000, 0x00000000f3280148, 0x00000000f3730000)
  to   space 4800K,   0% used [0x00000000f2dd0000, 0x00000000f2dd0000, 0x00000000f3280000)
 tenured generation   total 96488K, used 92747K [0x00000000f5aa0000, 0x00000000fb8da000, 0x0000000100000000)
   the space 96488K,  96% used [0x00000000f5aa0000, 0x00000000fb532e88, 0x00000000fb533000, 0x00000000fb8da000)
 Metaspace       used 22950K, capacity 23466K, committed 23936K, reserved 1071104K
  class space    used 2581K, capacity 2846K, committed 2944K, reserved 1048576K
}
Event: 209.397 GC heap before
{Heap before GC invocations=52 (full 4):
 def new generation   total 43520K, used 38720K [0x00000000f0800000, 0x00000000f3730000, 0x00000000f5aa0000)
  eden space 38720K, 100% used [0x00000000f0800000, 0x00000000f2dd0000, 0x00000000f2dd0000)
  from space 4800K,   0% used [0x00000000f3280000, 0x00000000f3280148, 0x00000000f3730000)
  to   space 4800K,   0% used [0x00000000f2dd0000, 0x00000000f2dd0000, 0x00000000f3280000)
 tenured generation   total 96488K, used 92747K [0x00000000f5aa0000, 0x00000000fb8da000, 0x0000000100000000)
   the space 96488K,  96% used [0x00000000f5aa0000, 0x00000000fb532e88, 0x00000000fb533000, 0x00000000fb8da000)
 Metaspace       used 22950K, capacity 23466K, committed 23936K, reserved 1071104K
  class space    used 2581K, capacity 2846K, committed 2944K, reserved 1048576K
}
Event: 209.689 GC heap after
{Heap after GC invocations=53 (full 4):
 def new generation   total 43520K, used 0K [0x00000000f0800000, 0x00000000f3730000, 0x00000000f5aa0000)
  eden space 38720K,   0% used [0x00000000f0800000, 0x00000000f0800000, 0x00000000f2dd0000)
  from space 4800K,   0% used [0x00000000f2dd0000, 0x00000000f2dd0108, 0x00000000f3280000)
  to   space 4800K,   0% used [0x00000000f3280000, 0x00000000f3280000, 0x00000000f3730000)
 tenured generation   total 96488K, used 92747K [0x00000000f5aa0000, 0x00000000fb8da000, 0x0000000100000000)
   the space 96488K,  96% used [0x00000000f5aa0000, 0x00000000fb532e88, 0x00000000fb533000, 0x00000000fb8da000)
 Metaspace       used 22950K, capacity 23466K, committed 23936K, reserved 1071104K
  class space    used 2581K, capacity 2846K, committed 2944K, reserved 1048576K
}
Event: 210.373 GC heap before
{Heap before GC invocations=53 (full 4):
 def new generation   total 43520K, used 38720K [0x00000000f0800000, 0x00000000f3730000, 0x00000000f5aa0000)
  eden space 38720K, 100% used [0x00000000f0800000, 0x00000000f2dd0000, 0x00000000f2dd0000)
  from space 4800K,   0% used [0x00000000f2dd0000, 0x00000000f2dd0108, 0x00000000f3280000)
  to   space 4800K,   0% used [0x00000000f3280000, 0x00000000f3280000, 0x00000000f3730000)
 tenured generation   total 96488K, used 92747K [0x00000000f5aa0000, 0x00000000fb8da000, 0x0000000100000000)
   the space 96488K,  96% used [0x00000000f5aa0000, 0x00000000fb532e88, 0x00000000fb533000, 0x00000000fb8da000)
 Metaspace       used 22950K, capacity 23466K, committed 23936K, reserved 1071104K
  class space    used 2581K, capacity 2846K, committed 2944K, reserved 1048576K
}
Event: 210.576 GC heap after
{Heap after GC invocations=54 (full 4):
 def new generation   total 43520K, used 0K [0x00000000f0800000, 0x00000000f3730000, 0x00000000f5aa0000)
  eden space 38720K,   0% used [0x00000000f0800000, 0x00000000f0800000, 0x00000000f2dd0000)
  from space 4800K,   0% used [0x00000000f3280000, 0x00000000f3280088, 0x00000000f3730000)
  to   space 4800K,   0% used [0x00000000f2dd0000, 0x00000000f2dd0000, 0x00000000f3280000)
 tenured generation   total 96488K, used 92747K [0x00000000f5aa0000, 0x00000000fb8da000, 0x0000000100000000)
   the space 96488K,  96% used [0x00000000f5aa0000, 0x00000000fb532e88, 0x00000000fb533000, 0x00000000fb8da000)
 Metaspace       used 22950K, capacity 23466K, committed 23936K, reserved 1071104K
  class space    used 2581K, capacity 2846K, committed 2944K, reserved 1048576K
}
Event: 214.182 GC heap before
{Heap before GC invocations=54 (full 4):
 def new generation   total 43520K, used 38720K [0x00000000f0800000, 0x00000000f3730000, 0x00000000f5aa0000)
  eden space 38720K, 100% used [0x00000000f0800000, 0x00000000f2dd0000, 0x00000000f2dd0000)
  from space 4800K,   0% used [0x00000000f3280000, 0x00000000f3280088, 0x00000000f3730000)
  to   space 4800K,   0% used [0x00000000f2dd0000, 0x00000000f2dd0000, 0x00000000f3280000)
 tenured generation   total 96488K, used 92747K [0x00000000f5aa0000, 0x00000000fb8da000, 0x0000000100000000)
   the space 96488K,  96% used [0x00000000f5aa0000, 0x00000000fb532e88, 0x00000000fb533000, 0x00000000fb8da000)
 Metaspace       used 22953K, capacity 23466K, committed 23936K, reserved 1071104K
  class space    used 2581K, capacity 2846K, committed 2944K, reserved 1048576K
}

Deoptimization events (20 events):
Event: 20.177 Thread 0x00007fd6bc5b8800 Uncommon trap: trap_request=0xffffffde fr.pc=0x00007fd6ac3f0dd4 relative=0x0000000000000114
Event: 20.177 Thread 0x00007fd6bc5b8800 Uncommon trap: reason=class_check action=maybe_recompile pc=0x00007fd6ac3f0dd4 method=java.nio.DirectByteBuffer.<init>(Lsun/nio/ch/DirectBuffer;IIIII)V @ 12 c2
Event: 20.177 Thread 0x00007fd6bc5b8800 DEOPT PACKING pc=0x00007fd6ac3f0dd4 sp=0x00007fd69e07e0b0
Event: 20.177 Thread 0x00007fd6bc5b8800 DEOPT UNPACKING pc=0x00007fd6a48bf1a5 sp=0x00007fd69e07e0a8 mode 2
Event: 202.467 Thread 0x00007fd6bc5b1800 Uncommon trap: trap_request=0xffffff4d fr.pc=0x00007fd6ac3b3b98 relative=0x0000000000000458
Event: 202.467 Thread 0x00007fd6bc5b1800 Uncommon trap: reason=unstable_if action=reinterpret pc=0x00007fd6ac3b3b98 method=java.lang.ThreadLocal$ThreadLocalMap.getEntry(Ljava/lang/ThreadLocal;)Ljava/lang/ThreadLocal$ThreadLocalMap$Entry; @ 21 c2
Event: 202.467 Thread 0x00007fd6bc5b1800 DEOPT PACKING pc=0x00007fd6ac3b3b98 sp=0x00007fd69e4814e0
Event: 202.467 Thread 0x00007fd6bc5b1800 DEOPT UNPACKING pc=0x00007fd6a48bf1a5 sp=0x00007fd69e4813b8 mode 2
Event: 202.520 Thread 0x00007fd6bc5b1800 DEOPT PACKING pc=0x00007fd6a52a04af sp=0x00007fd69e480d30
Event: 202.520 Thread 0x00007fd6bc5b1800 DEOPT UNPACKING pc=0x00007fd6a48befba sp=0x00007fd69e4802d8 mode 0
Event: 202.521 Thread 0x00007fd6bc5b1800 Uncommon trap: trap_request=0xffffff4d fr.pc=0x00007fd6ac46deb8 relative=0x0000000000002f98
Event: 202.521 Thread 0x00007fd6bc5b1800 Uncommon trap: reason=unstable_if action=reinterpret pc=0x00007fd6ac46deb8 method=org.apache.pdfbox.pdfparser.BaseParser.isEndOfName(I)Z @ 27 c2
Event: 202.521 Thread 0x00007fd6bc5b1800 DEOPT PACKING pc=0x00007fd6ac46deb8 sp=0x00007fd69e481110
Event: 202.523 Thread 0x00007fd6bc5b1800 DEOPT UNPACKING pc=0x00007fd6a48bf1a5 sp=0x00007fd69e480fe8 mode 2
Event: 202.557 Thread 0x00007fd6bc5b1800 DEOPT PACKING pc=0x00007fd6a4fc816f sp=0x00007fd69e4814e0
Event: 202.557 Thread 0x00007fd6bc5b1800 DEOPT UNPACKING pc=0x00007fd6a48befba sp=0x00007fd69e4809b0 mode 0
Event: 202.567 Thread 0x00007fd6bc5b1800 Uncommon trap: trap_request=0xffffff4d fr.pc=0x00007fd6ac419474 relative=0x0000000000000cb4
Event: 202.568 Thread 0x00007fd6bc5b1800 Uncommon trap: reason=unstable_if action=reinterpret pc=0x00007fd6ac419474 method=java.io.BufferedReader.readLine(Z)Ljava/lang/String; @ 59 c2
Event: 202.568 Thread 0x00007fd6bc5b1800 DEOPT PACKING pc=0x00007fd6ac419474 sp=0x00007fd69e4815b0
Event: 202.568 Thread 0x00007fd6bc5b1800 DEOPT UNPACKING pc=0x00007fd6a48bf1a5 sp=0x00007fd69e481568 mode 2

Classes redefined (0 events):
No events

Internal exceptions (20 events):
Event: 2.841 Thread 0x00007fd6bc016000 Exception <a 'java/lang/NoClassDefFoundError'{0x00000000f09aa760}: org/apache/cxf/ws/policy/builder/jaxb/JaxbAssertionBuilder> (0x00000000f09aa760) thrown at [./src/hotspot/share/classfile/systemDictionary.cpp, line 220]
Event: 2.842 Thread 0x00007fd6bc016000 Exception <a 'java/lang/NoClassDefFoundError'{0x00000000f09ad0c0}: org/apache/cxf/ws/policy/builder/jaxb/JaxbAssertionBuilder> (0x00000000f09ad0c0) thrown at [./src/hotspot/share/classfile/systemDictionary.cpp, line 220]
Event: 2.842 Thread 0x00007fd6bc016000 Exception <a 'java/lang/NoClassDefFoundError'{0x00000000f09af6a0}: org/apache/cxf/ws/policy/AbstractPolicyInterceptorProvider> (0x00000000f09af6a0) thrown at [./src/hotspot/share/classfile/systemDictionary.cpp, line 220]
Event: 2.842 Thread 0x00007fd6bc016000 Exception <a 'java/lang/NoClassDefFoundError'{0x00000000f09b1c00}: org/apache/cxf/ws/policy/AbstractPolicyInterceptorProvider> (0x00000000f09b1c00) thrown at [./src/hotspot/share/classfile/systemDictionary.cpp, line 220]
Event: 2.842 Thread 0x00007fd6bc016000 Exception <a 'java/lang/NoClassDefFoundError'{0x00000000f09b4160}: org/apache/cxf/ws/policy/AbstractPolicyInterceptorProvider> (0x00000000f09b4160) thrown at [./src/hotspot/share/classfile/systemDictionary.cpp, line 220]
Event: 2.877 Thread 0x00007fd6bc016000 Exception <a 'java/lang/reflect/InvocationTargetException'{0x00000000f0a741d0}> (0x00000000f0a741d0) thrown at [./src/hotspot/share/runtime/reflection.cpp, line 1247]
Event: 3.373 Thread 0x00007fd6bc016000 Exception <a 'java/lang/NoSuchMethodError'{0x00000000f0bb3e10}: 'java.lang.Object java.lang.invoke.DirectMethodHandle$Holder.invokeStaticInit(java.lang.Object, java.lang.Object, java.lang.Object)'> (0x00000000f0bb3e10) thrown at [./src/hotspot/share/interpreter/linkResolver.cpp, line 773]
Event: 3.405 Thread 0x00007fd6bc016000 Exception <a 'java/lang/NoSuchMethodError'{0x00000000f0c60d48}: 'void java.lang.invoke.DirectMethodHandle$Holder.invokeStaticInit(java.lang.Object)'> (0x00000000f0c60d48) thrown at [./src/hotspot/share/interpreter/linkResolver.cpp, line 773]
Event: 3.493 Thread 0x00007fd6bc016000 Exception <a 'java/lang/NoSuchMethodError'{0x00000000f0e99ea0}: 'int java.lang.invoke.DirectMethodHandle$Holder.invokeInterface(java.lang.Object, java.lang.Object)'> (0x00000000f0e99ea0) thrown at [./src/hotspot/share/interpreter/linkResolver.cpp, line 773]
Event: 3.558 Thread 0x00007fd6bc016000 Exception <a 'java/lang/NoSuchMethodError'{0x00000000f081aea0}: 'void java.lang.invoke.DirectMethodHandle$Holder.invokeInterface(java.lang.Object, java.lang.Object)'> (0x00000000f081aea0) thrown at [./src/hotspot/share/interpreter/linkResolver.cpp, line 773]
Event: 3.561 Thread 0x00007fd6bc5b1800 Implicit null exception at 0x00007fd6ac3eca9b to 0x00007fd6ac3ecb5c
Event: 3.604 Thread 0x00007fd6bc016000 Exception <a 'java/lang/NoSuchMethodError'{0x00000000f08feed0}: 'void java.lang.invoke.DirectMethodHandle$Holder.invokeStaticInit(java.lang.Object, java.lang.Object, java.lang.Object)'> (0x00000000f08feed0) thrown at [./src/hotspot/share/interpreter/linkResolver.cpp, line 773]
Event: 14.999 Thread 0x00007fd6bc5b5000 Exception <a 'java/lang/NoSuchMethodError'{0x00000000f097b2d8}: 'void java.lang.invoke.DirectMethodHandle$Holder.invokeSpecial(java.lang.Object, java.lang.Object)'> (0x00000000f097b2d8) thrown at [./src/hotspot/share/interpreter/linkResolver.cpp, line 773]
Event: 15.054 Thread 0x00007fd6bc5b5000 Implicit null exception at 0x00007fd6ac3b64e2 to 0x00007fd6ac3b6908
Event: 15.124 Thread 0x00007fd6bc5b8800 Implicit null exception at 0x00007fd6ac3b5a7a to 0x00007fd6ac3b5db8
Event: 15.180 Thread 0x00007fd6bc5b8800 Exception <a 'java/lang/NoSuchMethodError'{0x00000000f0ce4188}: 'void java.lang.invoke.DirectMethodHandle$Holder.invokeSpecial(java.lang.Object, java.lang.Object, int)'> (0x00000000f0ce4188) thrown at [./src/hotspot/share/interpreter/linkResolver.cpp, line 773]
Event: 15.505 Thread 0x00007fd6bc5b8800 Exception <a 'java/lang/ClassNotFoundException'{0x00000000f12ec3d0}: sun/awt/resources/spi/awtProvider> (0x00000000f12ec3d0) thrown at [./src/hotspot/share/classfile/systemDictionary.cpp, line 231]
Event: 15.518 Thread 0x00007fd6bc5b8800 Exception <a 'java/io/FileNotFoundException'{0x00000000f132bdf8}> (0x00000000f132bdf8) thrown at [./src/hotspot/share/prims/jni.cpp, line 615]
Event: 20.186 Thread 0x00007fd6bc5b8800 Exception <a 'java/lang/NoSuchMethodError'{0x00000000f2780f78}: 'void java.lang.invoke.DirectMethodHandle$Holder.invokeVirtual(java.lang.Object, java.lang.Object)'> (0x00000000f2780f78) thrown at [./src/hotspot/share/interpreter/linkResolver.cpp, line 773]
Event: 202.467 Thread 0x00007fd6bc5b1800 Implicit null exception at 0x00007fd6ac3b385c to 0x00007fd6ac3b3b70

Events (20 events):
Event: 202.812 Executing VM operation: GenCollectForAllocation done
Event: 203.040 Executing VM operation: GenCollectForAllocation
Event: 203.134 Executing VM operation: GenCollectForAllocation done
Event: 203.794 Executing VM operation: GenCollectForAllocation
Event: 204.387 Executing VM operation: GenCollectForAllocation done
Event: 204.893 Executing VM operation: GenCollectForAllocation
Event: 205.223 Executing VM operation: GenCollectForAllocation done
Event: 205.745 Executing VM operation: GenCollectForAllocation
Event: 206.001 Executing VM operation: GenCollectForAllocation done
Event: 206.353 Executing VM operation: GenCollectForAllocation
Event: 206.725 Executing VM operation: GenCollectForAllocation done
Event: 207.286 Executing VM operation: GenCollectForAllocation
Event: 207.593 Executing VM operation: GenCollectForAllocation done
Event: 208.234 Executing VM operation: GenCollectForAllocation
Event: 208.605 Executing VM operation: GenCollectForAllocation done
Event: 209.327 Executing VM operation: GenCollectForAllocation
Event: 209.730 Executing VM operation: GenCollectForAllocation done
Event: 210.321 Executing VM operation: GenCollectForAllocation
Event: 210.619 Executing VM operation: GenCollectForAllocation done
Event: 214.125 Executing VM operation: GenCollectForAllocation


Dynamic libraries:
f0800000-f3730000 rw-p 00000000 00:00 0 
f3730000-f5aa0000 ---p 00000000 00:00 0 
f5aa0000-fbb1a000 rw-p 00000000 00:00 0 
fd8c6000-100000000 ---p 00000000 00:00 0 
800000000-800002000 rwxp 00001000 fc:01 1548298                          /usr/lib/jvm/java-11-openjdk-amd64/lib/server/classes.jsa
800002000-8003b9000 rw-p 00003000 fc:01 1548298                          /usr/lib/jvm/java-11-openjdk-amd64/lib/server/classes.jsa
8003b9000-800a82000 r--p 003ba000 fc:01 1548298                          /usr/lib/jvm/java-11-openjdk-amd64/lib/server/classes.jsa
800a82000-800a83000 rw-p 00a83000 fc:01 1548298                          /usr/lib/jvm/java-11-openjdk-amd64/lib/server/classes.jsa
800a83000-801091000 r--p 00a84000 fc:01 1548298                          /usr/lib/jvm/java-11-openjdk-amd64/lib/server/classes.jsa
840000000-8402e0000 rw-p 00000000 00:00 0 
8402e0000-880000000 ---p 00000000 00:00 0 
5594021eb000-5594021ec000 r-xp 00000000 fc:01 1036289                    /usr/lib/jvm/java-11-openjdk-amd64/bin/java
5594023ec000-5594023ed000 r--p 00001000 fc:01 1036289                    /usr/lib/jvm/java-11-openjdk-amd64/bin/java
5594023ed000-5594023ee000 rw-p 00002000 fc:01 1036289                    /usr/lib/jvm/java-11-openjdk-amd64/bin/java
5594040b5000-5594040d6000 rw-p 00000000 00:00 0                          [heap]
7fd684000000-7fd68454d000 rw-p 00000000 00:00 0 
7fd68454d000-7fd688000000 ---p 00000000 00:00 0 
7fd688000000-7fd688021000 rw-p 00000000 00:00 0 
7fd688021000-7fd68c000000 ---p 00000000 00:00 0 
7fd68c000000-7fd68c021000 rw-p 00000000 00:00 0 
7fd68c021000-7fd690000000 ---p 00000000 00:00 0 
7fd690000000-7fd691216000 rw-p 00000000 00:00 0 
7fd691216000-7fd694000000 ---p 00000000 00:00 0 
7fd694000000-7fd69403d000 rw-p 00000000 00:00 0 
7fd69403d000-7fd698000000 ---p 00000000 00:00 0 
7fd698000000-7fd698021000 rw-p 00000000 00:00 0 
7fd698021000-7fd69c000000 ---p 00000000 00:00 0 
7fd69c743000-7fd69c7c3000 rw-p 00000000 00:00 0 
7fd69c7c3000-7fd69c943000 ---p 00000000 00:00 0 
7fd69c943000-7fd69cb43000 rw-p 00000000 00:00 0 
7fd69cb43000-7fd69cb47000 ---p 00000000 00:00 0 
7fd69cb47000-7fd69cc44000 rw-p 00000000 00:00 0 
7fd69cc44000-7fd69cc96000 r-xp 00000000 fc:01 69369                      /usr/lib/x86_64-linux-gnu/liblcms2.so.2.0.8
7fd69cc96000-7fd69ce96000 ---p 00052000 fc:01 69369                      /usr/lib/x86_64-linux-gnu/liblcms2.so.2.0.8
7fd69ce96000-7fd69ce98000 r--p 00052000 fc:01 69369                      /usr/lib/x86_64-linux-gnu/liblcms2.so.2.0.8
7fd69ce98000-7fd69ce9b000 rw-p 00054000 fc:01 69369                      /usr/lib/x86_64-linux-gnu/liblcms2.so.2.0.8
7fd69ce9b000-7fd69ce9c000 rw-p 00000000 00:00 0 
7fd69ce9c000-7fd69cea0000 r-xp 00000000 fc:01 1559621                    /usr/lib/jvm/java-11-openjdk-amd64/lib/liblcms.so
7fd69cea0000-7fd69d09f000 ---p 00004000 fc:01 1559621                    /usr/lib/jvm/java-11-openjdk-amd64/lib/liblcms.so
7fd69d09f000-7fd69d0a0000 r--p 00003000 fc:01 1559621                    /usr/lib/jvm/java-11-openjdk-amd64/lib/liblcms.so
7fd69d0a0000-7fd69d0a1000 rw-p 00004000 fc:01 1559621                    /usr/lib/jvm/java-11-openjdk-amd64/lib/liblcms.so
7fd69d0a1000-7fd69d0a9000 r-xp 00000000 fc:01 1559604                    /usr/lib/jvm/java-11-openjdk-amd64/lib/libawt_headless.so
7fd69d0a9000-7fd69d2a8000 ---p 00008000 fc:01 1559604                    /usr/lib/jvm/java-11-openjdk-amd64/lib/libawt_headless.so
7fd69d2a8000-7fd69d2a9000 r--p 00007000 fc:01 1559604                    /usr/lib/jvm/java-11-openjdk-amd64/lib/libawt_headless.so
7fd69d2a9000-7fd69d2aa000 rw-p 00008000 fc:01 1559604                    /usr/lib/jvm/java-11-openjdk-amd64/lib/libawt_headless.so
7fd69d2aa000-7fd69d348000 r-xp 00000000 fc:01 1559603                    /usr/lib/jvm/java-11-openjdk-amd64/lib/libawt.so
7fd69d348000-7fd69d548000 ---p 0009e000 fc:01 1559603                    /usr/lib/jvm/java-11-openjdk-amd64/lib/libawt.so
7fd69d548000-7fd69d549000 r--p 0009e000 fc:01 1559603                    /usr/lib/jvm/java-11-openjdk-amd64/lib/libawt.so
7fd69d549000-7fd69d554000 rw-p 0009f000 fc:01 1559603                    /usr/lib/jvm/java-11-openjdk-amd64/lib/libawt.so
7fd69d554000-7fd69d779000 rw-p 00000000 00:00 0 
7fd69d779000-7fd69d77d000 ---p 00000000 00:00 0 
7fd69d77d000-7fd69da7a000 rw-p 00000000 00:00 0 
7fd69da7a000-7fd69da7c000 r-xp 00000000 fc:01 1559607                    /usr/lib/jvm/java-11-openjdk-amd64/lib/libextnet.so
7fd69da7c000-7fd69dc7b000 ---p 00002000 fc:01 1559607                    /usr/lib/jvm/java-11-openjdk-amd64/lib/libextnet.so
7fd69dc7b000-7fd69dc7c000 r--p 00001000 fc:01 1559607                    /usr/lib/jvm/java-11-openjdk-amd64/lib/libextnet.so
7fd69dc7c000-7fd69dc7d000 rw-p 00002000 fc:01 1559607                    /usr/lib/jvm/java-11-openjdk-amd64/lib/libextnet.so
7fd69dc7d000-7fd69dc81000 ---p 00000000 00:00 0 
7fd69dc81000-7fd69dd7e000 rw-p 00000000 00:00 0 
7fd69dd7e000-7fd69dd82000 ---p 00000000 00:00 0 
7fd69dd82000-7fd69de7f000 rw-p 00000000 00:00 0 
7fd69de7f000-7fd69de83000 ---p 00000000 00:00 0 
7fd69de83000-7fd69df80000 rw-p 00000000 00:00 0 
7fd69df80000-7fd69df84000 ---p 00000000 00:00 0 
7fd69df84000-7fd69e081000 rw-p 00000000 00:00 0 
7fd69e081000-7fd69e085000 ---p 00000000 00:00 0 
7fd69e085000-7fd69e182000 rw-p 00000000 00:00 0 
7fd69e182000-7fd69e186000 ---p 00000000 00:00 0 
7fd69e186000-7fd69e283000 rw-p 00000000 00:00 0 
7fd69e283000-7fd69e287000 ---p 00000000 00:00 0 
7fd69e287000-7fd69e384000 rw-p 00000000 00:00 0 
7fd69e384000-7fd69e388000 ---p 00000000 00:00 0 
7fd69e388000-7fd69e485000 rw-p 00000000 00:00 0 
7fd69e485000-7fd69e48a000 r-xp 00000000 fc:01 1559624                    /usr/lib/jvm/java-11-openjdk-amd64/lib/libmanagement_ext.so
7fd69e48a000-7fd69e68a000 ---p 00005000 fc:01 1559624                    /usr/lib/jvm/java-11-openjdk-amd64/lib/libmanagement_ext.so
7fd69e68a000-7fd69e68b000 r--p 00005000 fc:01 1559624                    /usr/lib/jvm/java-11-openjdk-amd64/lib/libmanagement_ext.so
7fd69e68b000-7fd69e68c000 rw-p 00006000 fc:01 1559624                    /usr/lib/jvm/java-11-openjdk-amd64/lib/libmanagement_ext.so
7fd69e68c000-7fd69e690000 r-xp 00000000 fc:01 1559622                    /usr/lib/jvm/java-11-openjdk-amd64/lib/libmanagement.so
7fd69e690000-7fd69e890000 ---p 00004000 fc:01 1559622                    /usr/lib/jvm/java-11-openjdk-amd64/lib/libmanagement.so
7fd69e890000-7fd69e891000 r--p 00004000 fc:01 1559622                    /usr/lib/jvm/java-11-openjdk-amd64/lib/libmanagement.so
7fd69e891000-7fd69e892000 rw-p 00005000 fc:01 1559622                    /usr/lib/jvm/java-11-openjdk-amd64/lib/libmanagement.so
7fd69e892000-7fd69ea92000 rw-p 00000000 00:00 0 
7fd69ea92000-7fd69ec92000 rw-p 00000000 00:00 0 
7fd69ec92000-7fd69ecbc000 r-xp 00000000 fc:01 1559632                    /usr/lib/jvm/java-11-openjdk-amd64/lib/libsunec.so
7fd69ecbc000-7fd69eebb000 ---p 0002a000 fc:01 1559632                    /usr/lib/jvm/java-11-openjdk-amd64/lib/libsunec.so
7fd69eebb000-7fd69eebf000 r--p 00029000 fc:01 1559632                    /usr/lib/jvm/java-11-openjdk-amd64/lib/libsunec.so
7fd69eebf000-7fd69eec1000 rw-p 0002d000 fc:01 1559632                    /usr/lib/jvm/java-11-openjdk-amd64/lib/libsunec.so
7fd69eec1000-7fd69f0c1000 rw-p 00000000 00:00 0 
7fd69f0c1000-7fd69f0d7000 r-xp 00000000 fc:01 1559626                    /usr/lib/jvm/java-11-openjdk-amd64/lib/libnet.so
7fd69f0d7000-7fd69f2d6000 ---p 00016000 fc:01 1559626                    /usr/lib/jvm/java-11-openjdk-amd64/lib/libnet.so
7fd69f2d6000-7fd69f2d7000 r--p 00015000 fc:01 1559626                    /usr/lib/jvm/java-11-openjdk-amd64/lib/libnet.so
7fd69f2d7000-7fd69f2d8000 rw-p 00016000 fc:01 1559626                    /usr/lib/jvm/java-11-openjdk-amd64/lib/libnet.so
7fd69f2d8000-7fd69f2e8000 r-xp 00000000 fc:01 1559627                    /usr/lib/jvm/java-11-openjdk-amd64/lib/libnio.so
7fd69f2e8000-7fd69f4e7000 ---p 00010000 fc:01 1559627                    /usr/lib/jvm/java-11-openjdk-amd64/lib/libnio.so
7fd69f4e7000-7fd69f4e8000 r--p 0000f000 fc:01 1559627                    /usr/lib/jvm/java-11-openjdk-amd64/lib/libnio.so
7fd69f4e8000-7fd69f4e9000 rw-p 00010000 fc:01 1559627                    /usr/lib/jvm/java-11-openjdk-amd64/lib/libnio.so
7fd69f4e9000-7fd69f4ed000 ---p 00000000 00:00 0 
7fd69f4ed000-7fd69f5ea000 rw-p 00000000 00:00 0 
7fd69f5ea000-7fd69f5eb000 ---p 00000000 00:00 0 
7fd69f5eb000-7fd69f6ec000 rw-p 00000000 00:00 0 
7fd69f6ec000-7fd69f6f0000 ---p 00000000 00:00 0 
7fd69f6f0000-7fd69f7ed000 rw-p 00000000 00:00 0 
7fd69f7ed000-7fd69f7f1000 ---p 00000000 00:00 0 
7fd69f7f1000-7fd69f8ee000 rw-p 00000000 00:00 0 
7fd69f8ee000-7fd69f8f2000 ---p 00000000 00:00 0 
7fd69f8f2000-7fd69f9ef000 rw-p 00000000 00:00 0 
7fd69f9ef000-7fd69f9f3000 ---p 00000000 00:00 0 
7fd69f9f3000-7fd69faf0000 rw-p 00000000 00:00 0 
7fd69faf0000-7fd69faf4000 ---p 00000000 00:00 0 
7fd69faf4000-7fd69fbf1000 rw-p 00000000 00:00 0 
7fd69fbf1000-7fd69fd64000 r--p 00000000 fc:01 28812                      /usr/lib/locale/C.UTF-8/LC_COLLATE
7fd69fd64000-7fd69feff000 r--p 00000000 fc:01 4118                       /usr/lib/locale/locale-archive
7fd69feff000-7fd69ff03000 ---p 00000000 00:00 0 
7fd69ff03000-7fd6a0000000 rw-p 00000000 00:00 0 
7fd6a0000000-7fd6a027b000 rw-p 00000000 00:00 0 
7fd6a027b000-7fd6a4000000 ---p 00000000 00:00 0 
7fd6a4037000-7fd6a4068000 rw-p 00000000 00:00 0 
7fd6a4068000-7fd6a4099000 r--p 00000000 fc:01 28813                      /usr/lib/locale/C.UTF-8/LC_CTYPE
7fd6a4099000-7fd6a4899000 rw-p 00000000 00:00 0 
7fd6a4899000-7fd6a4b09000 rwxp 00000000 00:00 0 
7fd6a4b09000-7fd6a4e28000 ---p 00000000 00:00 0 
7fd6a4e28000-7fd6a54e8000 rwxp 00000000 00:00 0 
7fd6a54e8000-7fd6ac360000 ---p 00000000 00:00 0 
7fd6ac360000-7fd6ac5d0000 rwxp 00000000 00:00 0 
7fd6ac5d0000-7fd6b3899000 ---p 00000000 00:00 0 
7fd6b3899000-7fd6bc000000 r--s 00000000 fc:01 1559636                    /usr/lib/jvm/java-11-openjdk-amd64/lib/modules
7fd6bc000000-7fd6bc5e6000 rw-p 00000000 00:00 0 
7fd6bc5e6000-7fd6c0000000 ---p 00000000 00:00 0 
7fd6c0002000-7fd6c0006000 ---p 00000000 00:00 0 
7fd6c0006000-7fd6c0103000 rw-p 00000000 00:00 0 
7fd6c0103000-7fd6c0104000 ---p 00000000 00:00 0 
7fd6c0104000-7fd6c0350000 rw-p 00000000 00:00 0 
7fd6c0350000-7fd6c0436000 ---p 00000000 00:00 0 
7fd6c0436000-7fd6c0444000 rw-p 00000000 00:00 0 
7fd6c0444000-7fd6c0521000 ---p 00000000 00:00 0 
7fd6c0521000-7fd6c0528000 r-xp 00000000 fc:01 1559635                    /usr/lib/jvm/java-11-openjdk-amd64/lib/libzip.so
7fd6c0528000-7fd6c0727000 ---p 00007000 fc:01 1559635                    /usr/lib/jvm/java-11-openjdk-amd64/lib/libzip.so
7fd6c0727000-7fd6c0728000 r--p 00006000 fc:01 1559635                    /usr/lib/jvm/java-11-openjdk-amd64/lib/libzip.so
7fd6c0728000-7fd6c0729000 rw-p 00007000 fc:01 1559635                    /usr/lib/jvm/java-11-openjdk-amd64/lib/libzip.so
7fd6c0729000-7fd6c0734000 r-xp 00000000 fc:01 12716                      /lib/x86_64-linux-gnu/libnss_files-2.27.so
7fd6c0734000-7fd6c0933000 ---p 0000b000 fc:01 12716                      /lib/x86_64-linux-gnu/libnss_files-2.27.so
7fd6c0933000-7fd6c0934000 r--p 0000a000 fc:01 12716                      /lib/x86_64-linux-gnu/libnss_files-2.27.so
7fd6c0934000-7fd6c0935000 rw-p 0000b000 fc:01 12716                      /lib/x86_64-linux-gnu/libnss_files-2.27.so
7fd6c0935000-7fd6c093b000 rw-p 00000000 00:00 0 
7fd6c093b000-7fd6c0952000 r-xp 00000000 fc:01 12713                      /lib/x86_64-linux-gnu/libnsl-2.27.so
7fd6c0952000-7fd6c0b51000 ---p 00017000 fc:01 12713                      /lib/x86_64-linux-gnu/libnsl-2.27.so
7fd6c0b51000-7fd6c0b52000 r--p 00016000 fc:01 12713                      /lib/x86_64-linux-gnu/libnsl-2.27.so
7fd6c0b52000-7fd6c0b53000 rw-p 00017000 fc:01 12713                      /lib/x86_64-linux-gnu/libnsl-2.27.so
7fd6c0b53000-7fd6c0b55000 rw-p 00000000 00:00 0 
7fd6c0b55000-7fd6c0b60000 r-xp 00000000 fc:01 12718                      /lib/x86_64-linux-gnu/libnss_nis-2.27.so
7fd6c0b60000-7fd6c0d5f000 ---p 0000b000 fc:01 12718                      /lib/x86_64-linux-gnu/libnss_nis-2.27.so
7fd6c0d5f000-7fd6c0d60000 r--p 0000a000 fc:01 12718                      /lib/x86_64-linux-gnu/libnss_nis-2.27.so
7fd6c0d60000-7fd6c0d61000 rw-p 0000b000 fc:01 12718                      /lib/x86_64-linux-gnu/libnss_nis-2.27.so
7fd6c0d61000-7fd6c0d69000 r-xp 00000000 fc:01 12714                      /lib/x86_64-linux-gnu/libnss_compat-2.27.so
7fd6c0d69000-7fd6c0f69000 ---p 00008000 fc:01 12714                      /lib/x86_64-linux-gnu/libnss_compat-2.27.so
7fd6c0f69000-7fd6c0f6a000 r--p 00008000 fc:01 12714                      /lib/x86_64-linux-gnu/libnss_compat-2.27.so
7fd6c0f6a000-7fd6c0f6b000 rw-p 00009000 fc:01 12714                      /lib/x86_64-linux-gnu/libnss_compat-2.27.so
7fd6c0f6b000-7fd6c0f70000 r-xp 00000000 fc:01 1559618                    /usr/lib/jvm/java-11-openjdk-amd64/lib/libjimage.so
7fd6c0f70000-7fd6c116f000 ---p 00005000 fc:01 1559618                    /usr/lib/jvm/java-11-openjdk-amd64/lib/libjimage.so
7fd6c116f000-7fd6c1170000 r--p 00004000 fc:01 1559618                    /usr/lib/jvm/java-11-openjdk-amd64/lib/libjimage.so
7fd6c1170000-7fd6c1171000 rw-p 00005000 fc:01 1559618                    /usr/lib/jvm/java-11-openjdk-amd64/lib/libjimage.so
7fd6c1171000-7fd6c119a000 r-xp 00000000 fc:01 1559614                    /usr/lib/jvm/java-11-openjdk-amd64/lib/libjava.so
7fd6c119a000-7fd6c139a000 ---p 00029000 fc:01 1559614                    /usr/lib/jvm/java-11-openjdk-amd64/lib/libjava.so
7fd6c139a000-7fd6c139b000 r--p 00029000 fc:01 1559614                    /usr/lib/jvm/java-11-openjdk-amd64/lib/libjava.so
7fd6c139b000-7fd6c139c000 rw-p 0002a000 fc:01 1559614                    /usr/lib/jvm/java-11-openjdk-amd64/lib/libjava.so
7fd6c139c000-7fd6c139d000 rw-p 00000000 00:00 0 
7fd6c139d000-7fd6c13aa000 r-xp 00000000 fc:01 1559634                    /usr/lib/jvm/java-11-openjdk-amd64/lib/libverify.so
7fd6c13aa000-7fd6c15a9000 ---p 0000d000 fc:01 1559634                    /usr/lib/jvm/java-11-openjdk-amd64/lib/libverify.so
7fd6c15a9000-7fd6c15ab000 r--p 0000c000 fc:01 1559634                    /usr/lib/jvm/java-11-openjdk-amd64/lib/libverify.so
7fd6c15ab000-7fd6c15ac000 rw-p 0000e000 fc:01 1559634                    /usr/lib/jvm/java-11-openjdk-amd64/lib/libverify.so
7fd6c15ac000-7fd6c15b3000 r-xp 00000000 fc:01 12728                      /lib/x86_64-linux-gnu/librt-2.27.so
7fd6c15b3000-7fd6c17b2000 ---p 00007000 fc:01 12728                      /lib/x86_64-linux-gnu/librt-2.27.so
7fd6c17b2000-7fd6c17b3000 r--p 00006000 fc:01 12728                      /lib/x86_64-linux-gnu/librt-2.27.so
7fd6c17b3000-7fd6c17b4000 rw-p 00007000 fc:01 12728                      /lib/x86_64-linux-gnu/librt-2.27.so
7fd6c17b4000-7fd6c17cb000 r-xp 00000000 fc:01 89                         /lib/x86_64-linux-gnu/libgcc_s.so.1
7fd6c17cb000-7fd6c19ca000 ---p 00017000 fc:01 89                         /lib/x86_64-linux-gnu/libgcc_s.so.1
7fd6c19ca000-7fd6c19cb000 r--p 00016000 fc:01 89                         /lib/x86_64-linux-gnu/libgcc_s.so.1
7fd6c19cb000-7fd6c19cc000 rw-p 00017000 fc:01 89                         /lib/x86_64-linux-gnu/libgcc_s.so.1
7fd6c19cc000-7fd6c1b69000 r-xp 00000000 fc:01 12710                      /lib/x86_64-linux-gnu/libm-2.27.so
7fd6c1b69000-7fd6c1d68000 ---p 0019d000 fc:01 12710                      /lib/x86_64-linux-gnu/libm-2.27.so
7fd6c1d68000-7fd6c1d69000 r--p 0019c000 fc:01 12710                      /lib/x86_64-linux-gnu/libm-2.27.so
7fd6c1d69000-7fd6c1d6a000 rw-p 0019d000 fc:01 12710                      /lib/x86_64-linux-gnu/libm-2.27.so
7fd6c1d6a000-7fd6c1ee3000 r-xp 00000000 fc:01 104                        /usr/lib/x86_64-linux-gnu/libstdc++.so.6.0.25
7fd6c1ee3000-7fd6c20e3000 ---p 00179000 fc:01 104                        /usr/lib/x86_64-linux-gnu/libstdc++.so.6.0.25
7fd6c20e3000-7fd6c20ed000 r--p 00179000 fc:01 104                        /usr/lib/x86_64-linux-gnu/libstdc++.so.6.0.25
7fd6c20ed000-7fd6c20ef000 rw-p 00183000 fc:01 104                        /usr/lib/x86_64-linux-gnu/libstdc++.so.6.0.25
7fd6c20ef000-7fd6c20f3000 rw-p 00000000 00:00 0 
7fd6c20f3000-7fd6c31f7000 r-xp 00000000 fc:01 1559639                    /usr/lib/jvm/java-11-openjdk-amd64/lib/server/libjvm.so
7fd6c31f7000-7fd6c33f6000 ---p 01104000 fc:01 1559639                    /usr/lib/jvm/java-11-openjdk-amd64/lib/server/libjvm.so
7fd6c33f6000-7fd6c34b3000 r--p 01103000 fc:01 1559639                    /usr/lib/jvm/java-11-openjdk-amd64/lib/server/libjvm.so
7fd6c34b3000-7fd6c34ec000 rw-p 011c0000 fc:01 1559639                    /usr/lib/jvm/java-11-openjdk-amd64/lib/server/libjvm.so
7fd6c34ec000-7fd6c3543000 rw-p 00000000 00:00 0 
7fd6c3543000-7fd6c355d000 r-xp 00000000 fc:01 12726                      /lib/x86_64-linux-gnu/libpthread-2.27.so
7fd6c355d000-7fd6c375c000 ---p 0001a000 fc:01 12726                      /lib/x86_64-linux-gnu/libpthread-2.27.so
7fd6c375c000-7fd6c375d000 r--p 00019000 fc:01 12726                      /lib/x86_64-linux-gnu/libpthread-2.27.so
7fd6c375d000-7fd6c375e000 rw-p 0001a000 fc:01 12726                      /lib/x86_64-linux-gnu/libpthread-2.27.so
7fd6c375e000-7fd6c3762000 rw-p 00000000 00:00 0 
7fd6c3762000-7fd6c3765000 r-xp 00000000 fc:01 12709                      /lib/x86_64-linux-gnu/libdl-2.27.so
7fd6c3765000-7fd6c3964000 ---p 00003000 fc:01 12709                      /lib/x86_64-linux-gnu/libdl-2.27.so
7fd6c3964000-7fd6c3965000 r--p 00002000 fc:01 12709                      /lib/x86_64-linux-gnu/libdl-2.27.so
7fd6c3965000-7fd6c3966000 rw-p 00003000 fc:01 12709                      /lib/x86_64-linux-gnu/libdl-2.27.so
7fd6c3966000-7fd6c3982000 r-xp 00000000 fc:01 2183                       /lib/x86_64-linux-gnu/libz.so.1.2.11
7fd6c3982000-7fd6c3b81000 ---p 0001c000 fc:01 2183                       /lib/x86_64-linux-gnu/libz.so.1.2.11
7fd6c3b81000-7fd6c3b82000 r--p 0001b000 fc:01 2183                       /lib/x86_64-linux-gnu/libz.so.1.2.11
7fd6c3b82000-7fd6c3b83000 rw-p 0001c000 fc:01 2183                       /lib/x86_64-linux-gnu/libz.so.1.2.11
7fd6c3b83000-7fd6c3d6a000 r-xp 00000000 fc:01 12706                      /lib/x86_64-linux-gnu/libc-2.27.so
7fd6c3d6a000-7fd6c3f6a000 ---p 001e7000 fc:01 12706                      /lib/x86_64-linux-gnu/libc-2.27.so
7fd6c3f6a000-7fd6c3f6e000 r--p 001e7000 fc:01 12706                      /lib/x86_64-linux-gnu/libc-2.27.so
7fd6c3f6e000-7fd6c3f70000 rw-p 001eb000 fc:01 12706                      /lib/x86_64-linux-gnu/libc-2.27.so
7fd6c3f70000-7fd6c3f74000 rw-p 00000000 00:00 0 
7fd6c3f74000-7fd6c3f84000 r-xp 00000000 fc:01 1559598                    /usr/lib/jvm/java-11-openjdk-amd64/lib/jli/libjli.so
7fd6c3f84000-7fd6c4183000 ---p 00010000 fc:01 1559598                    /usr/lib/jvm/java-11-openjdk-amd64/lib/jli/libjli.so
7fd6c4183000-7fd6c4184000 r--p 0000f000 fc:01 1559598                    /usr/lib/jvm/java-11-openjdk-amd64/lib/jli/libjli.so
7fd6c4184000-7fd6c4185000 rw-p 00010000 fc:01 1559598                    /usr/lib/jvm/java-11-openjdk-amd64/lib/jli/libjli.so
7fd6c4185000-7fd6c41ac000 r-xp 00000000 fc:01 12678                      /lib/x86_64-linux-gnu/ld-2.27.so
7fd6c41ad000-7fd6c41ae000 r--p 00000000 00:00 0 
7fd6c41ae000-7fd6c41af000 r--p 00000000 fc:01 28843                      /usr/lib/locale/C.UTF-8/LC_NUMERIC
7fd6c41af000-7fd6c41b0000 r--p 00000000 fc:01 28846                      /usr/lib/locale/C.UTF-8/LC_TIME
7fd6c41b0000-7fd6c41b1000 r--p 00000000 fc:01 28839                      /usr/lib/locale/C.UTF-8/LC_MONETARY
7fd6c41b1000-7fd6c41b2000 r--p 00000000 fc:01 28833                      /usr/lib/locale/C.UTF-8/LC_MESSAGES/SYS_LC_MESSAGES
7fd6c41b2000-7fd6c41b3000 r--p 00000000 fc:01 28844                      /usr/lib/locale/C.UTF-8/LC_PAPER
7fd6c41b3000-7fd6c41b4000 r--p 00000000 fc:01 28841                      /usr/lib/locale/C.UTF-8/LC_NAME
7fd6c41b4000-7fd6c41b5000 r--p 00000000 fc:01 28811                      /usr/lib/locale/C.UTF-8/LC_ADDRESS
7fd6c41b5000-7fd6c41b6000 r--p 00000000 fc:01 28845                      /usr/lib/locale/C.UTF-8/LC_TELEPHONE
7fd6c41b6000-7fd6c41b7000 r--p 00000000 fc:01 28819                      /usr/lib/locale/C.UTF-8/LC_MEASUREMENT
7fd6c41b7000-7fd6c41be000 r--s 00000000 fc:01 26096                      /usr/lib/x86_64-linux-gnu/gconv/gconv-modules.cache
7fd6c41be000-7fd6c41bf000 r--p 00000000 fc:01 28818                      /usr/lib/locale/C.UTF-8/LC_IDENTIFICATION
7fd6c41bf000-7fd6c41f0000 rw-p 00000000 00:00 0 
7fd6c41f0000-7fd6c4212000 ---p 00000000 00:00 0 
7fd6c4212000-7fd6c422a000 rw-p 00000000 00:00 0 
7fd6c422a000-7fd6c423b000 ---p 00000000 00:00 0 
7fd6c423b000-7fd6c426c000 rw-p 00000000 00:00 0 
7fd6c426c000-7fd6c428e000 ---p 00000000 00:00 0 
7fd6c428e000-7fd6c4294000 rw-p 00000000 00:00 0 
7fd6c4294000-7fd6c429b000 ---p 00000000 00:00 0 
7fd6c429b000-7fd6c429d000 r--s 00007000 fc:01 25405                      /usr/share/java/java-atk-wrapper.jar
7fd6c429d000-7fd6c42a1000 ---p 00000000 00:00 0 
7fd6c42a1000-7fd6c43a0000 rw-p 00000000 00:00 0 
7fd6c43a0000-7fd6c43a8000 rw-s 00000000 fc:01 1055223                    /tmp/hsperfdata_root/2578
7fd6c43a8000-7fd6c43a9000 ---p 00000000 00:00 0 
7fd6c43a9000-7fd6c43aa000 r--p 00000000 00:00 0 
7fd6c43aa000-7fd6c43ac000 rw-p 00000000 00:00 0 
7fd6c43ac000-7fd6c43ad000 r--p 00027000 fc:01 12678                      /lib/x86_64-linux-gnu/ld-2.27.so
7fd6c43ad000-7fd6c43ae000 rw-p 00028000 fc:01 12678                      /lib/x86_64-linux-gnu/ld-2.27.so
7fd6c43ae000-7fd6c43af000 rw-p 00000000 00:00 0 
7fff1512d000-7fff1514e000 rw-p 00000000 00:00 0                          [stack]
7fff151af000-7fff151b2000 r--p 00000000 00:00 0                          [vvar]
7fff151b2000-7fff151b4000 r-xp 00000000 00:00 0                          [vdso]
ffffffffff600000-ffffffffff601000 r-xp 00000000 00:00 0                  [vsyscall]


VM Arguments:
java_command: org.apache.tika.server.TikaServerCli --port 9998 --host localhost
java_class_path (initial): /tmp/tika-server.jar
Launcher Type: SUN_STANDARD

[Global flags]
     intx CICompilerCount                          = 2                                         {product} {ergonomic}
   size_t InitialHeapSize                          = 16777216                                  {product} {ergonomic}
   size_t MaxHeapSize                              = 260046848                                 {product} {ergonomic}
   size_t MaxNewSize                               = 86638592                                  {product} {ergonomic}
   size_t MinHeapDeltaBytes                        = 196608                                    {product} {ergonomic}
   size_t NewSize                                  = 5570560                                   {product} {ergonomic}
    uintx NonNMethodCodeHeapSize                   = 5825164                                {pd product} {ergonomic}
    uintx NonProfiledCodeHeapSize                  = 122916538                              {pd product} {ergonomic}
   size_t OldSize                                  = 11206656                                  {product} {ergonomic}
    uintx ProfiledCodeHeapSize                     = 122916538                              {pd product} {ergonomic}
    uintx ReservedCodeCacheSize                    = 251658240                              {pd product} {ergonomic}
     bool SegmentedCodeCache                       = true                                      {product} {ergonomic}
     bool UseCompressedClassPointers               = true                                 {lp64_product} {ergonomic}
     bool UseCompressedOops                        = true                                 {lp64_product} {ergonomic}
     bool UseSerialGC                              = true                                      {product} {ergonomic}

Logging:
Log output configuration:
 #0: stdout all=warning uptime,level,tags
 #1: stderr all=off uptime,level,tags

Environment Variables:
PATH=/usr/bin:/bin
SHELL=/bin/sh
LANG=C.UTF-8

Signal Handlers:
SIGSEGV: [libjvm.so+0xe1c340], sa_mask[0]=11111111011111111101111111111110, sa_flags=SA_RESTART|SA_SIGINFO
SIGBUS: [libjvm.so+0xe1c340], sa_mask[0]=11111111011111111101111111111110, sa_flags=SA_RESTART|SA_SIGINFO
SIGFPE: [libjvm.so+0xe1c340], sa_mask[0]=11111111011111111101111111111110, sa_flags=SA_RESTART|SA_SIGINFO
SIGPIPE: [libjvm.so+0xbec180], sa_mask[0]=11111111011111111101111111111110, sa_flags=SA_RESTART|SA_SIGINFO
SIGXFSZ: [libjvm.so+0xbec180], sa_mask[0]=11111111011111111101111111111110, sa_flags=SA_RESTART|SA_SIGINFO
SIGILL: [libjvm.so+0xe1c340], sa_mask[0]=11111111011111111101111111111110, sa_flags=SA_RESTART|SA_SIGINFO
SIGUSR2: [libjvm.so+0xbec020], sa_mask[0]=00000000000000000000000000000000, sa_flags=SA_RESTART|SA_SIGINFO
SIGHUP: [libjvm.so+0xbec380], sa_mask[0]=11111111011111111101111111111110, sa_flags=SA_RESTART|SA_SIGINFO
SIGINT: SIG_IGN, sa_mask[0]=00000000000000000000000000000000, sa_flags=none
SIGTERM: [libjvm.so+0xbec380], sa_mask[0]=11111111011111111101111111111110, sa_flags=SA_RESTART|SA_SIGINFO
SIGQUIT: [libjvm.so+0xbec380], sa_mask[0]=11111111011111111101111111111110, sa_flags=SA_RESTART|SA_SIGINFO


---------------  S Y S T E M  ---------------

OS:DISTRIB_ID=Ubuntu
DISTRIB_RELEASE=18.04
DISTRIB_CODENAME=bionic
DISTRIB_DESCRIPTION="Ubuntu 18.04.4 LTS"
uname:Linux 4.15.0-121-generic #123-Ubuntu SMP Mon Oct 5 16:16:40 UTC 2020 x86_64
OS uptime: 23 days 0:12 hours
libc:glibc 2.27 NPTL 2.27 
rlimit (soft/hard): STACK 8192k/infinity , CORE 0k/infinity , NPROC 3838/3838 , NOFILE 1048576/1048576 , AS infinity/infinity , CPU infinity/infinity , DATA infinity/infinity , FSIZE infinity/infinity , MEMLOCK 16384k/16384k
load average:0.62 0.37 0.52

/proc/meminfo:
MemTotal:        1008828 kB
MemFree:           58444 kB
MemAvailable:          0 kB
Buffers:             252 kB
Cached:             2012 kB
SwapCached:            0 kB
Active:           864496 kB
Inactive:           1120 kB
Active(anon):     863744 kB
Inactive(anon):      216 kB
Active(file):        752 kB
Inactive(file):      904 kB
Unevictable:           0 kB
Mlocked:               0 kB
SwapTotal:             0 kB
SwapFree:              0 kB
Dirty:                 0 kB
Writeback:             8 kB
AnonPages:        863384 kB
Mapped:             1244 kB
Shmem:               576 kB
Slab:              51552 kB
SReclaimable:      22640 kB
SUnreclaim:        28912 kB
KernelStack:        2528 kB
PageTables:        11436 kB
NFS_Unstable:          0 kB
Bounce:                0 kB
WritebackTmp:          0 kB
CommitLimit:      504412 kB
Committed_AS:    1112328 kB
VmallocTotal:   34359738367 kB
VmallocUsed:           0 kB
VmallocChunk:          0 kB
HardwareCorrupted:     0 kB
AnonHugePages:         0 kB
ShmemHugePages:        0 kB
ShmemPmdMapped:        0 kB
CmaTotal:              0 kB
CmaFree:               0 kB
HugePages_Total:       0
HugePages_Free:        0
HugePages_Rsvd:        0
HugePages_Surp:        0
Hugepagesize:       2048 kB
DirectMap4k:      235500 kB
DirectMap2M:      813056 kB

/sys/kernel/mm/transparent_hugepage/enabled:
always [madvise] never
/sys/kernel/mm/transparent_hugepage/defrag (defrag/compaction efforts parameter):
always defer defer+madvise [madvise] never

/proc/sys/kernel/threads-max (system-wide limit on the number of threads):
7677
/proc/sys/vm/max_map_count (maximum number of memory map areas a process may have):
65530
/proc/sys/kernel/pid_max (system-wide limit on number of process identifiers):
32768

container (cgroup) information:
container_type: cgroupv1
cpu_cpuset_cpus: 0
cpu_memory_nodes: 0
active_processor_count: 1
cpu_quota: -1
cpu_period: 100000
cpu_shares: -1
memory_limit_in_bytes: -1
memory_and_swap_limit_in_bytes: -2
memory_soft_limit_in_bytes: -1
memory_usage_in_bytes: 853528576
memory_max_usage_in_bytes: 869949440

KVM virtualization detected
Steal ticks since vm start: 9
Steal ticks percentage since vm start:  0.000

CPU:total 1 (initial active 1) (1 cores per cpu, 1 threads per core) family 6 model 79 stepping 1, cmov, cx8, fxsr, mmx, sse, sse2, sse3, ssse3, sse4.1, sse4.2, popcnt, avx, avx2, aes, clmul, erms, 3dnowpref, lzcnt, tsc, bmi1, bmi2, adx, fma
CPU Model and flags from /proc/cpuinfo:
model name	: Intel(R) Xeon(R) CPU E5-2650 v4 @ 2.20GHz
flags		: fpu vme de pse tsc msr pae mce cx8 apic sep mtrr pge mca cmov pat pse36 clflush mmx fxsr sse sse2 ss syscall nx rdtscp lm constant_tsc arch_perfmon rep_good nopl cpuid tsc_known_freq pni pclmulqdq vmx ssse3 fma cx16 pcid sse4_1 sse4_2 x2apic movbe popcnt tsc_deadline_timer aes xsave avx f16c rdrand hypervisor lahf_lm abm 3dnowprefetch cpuid_fault invpcid_single pti ssbd ibrs ibpb tpr_shadow vnmi flexpriority ept vpid fsgsbase tsc_adjust bmi1 avx2 smep bmi2 erms invpcid rdseed adx smap xsaveopt md_clear
Online cpus:
0
Offline cpus:

BIOS frequency limitation:
<Not Available>
Frequency switch latency (ns):
<Not Available>
Available cpu frequencies:
<Not Available>
Current governor:
<Not Available>
Core performance/turbo boost:
<Not Available>

Memory: 4k page, physical 1008828k(58708k free), swap 0k(0k free)

vm_info: OpenJDK 64-Bit Server VM (11.0.9+11-Ubuntu-0ubuntu1.18.04.1) for linux-amd64 JRE (11.0.9+11-Ubuntu-0ubuntu1.18.04.1), built on Oct 22 2020 05:32:59 by "unknown" with gcc 7.5.0

END.
