#
# There is insufficient memory for the Java Runtime Environment to continue.
# Native memory allocation (mmap) failed to map 25989120 bytes for committing reserved memory.
# Possible reasons:
#   The system is out of physical RAM or swap space
#   The process is running with CompressedOops enabled, and the Java Heap may be blocking the growth of the native heap
# Possible solutions:
#   Reduce memory load on the system
#   Increase physical memory or swap space
#   Check if swap backing store is full
#   Decrease Java heap size (-Xmx/-Xms)
#   Decrease number of Java threads
#   Decrease Java thread stack sizes (-Xss)
#   Set larger code cache with -XX:ReservedCodeCacheSize=
#   JVM is running with Unscaled Compressed Oops mode in which the Java heap is
#     placed in the first 4GB address space. The Java Heap base address is the
#     maximum limit for the native heap growth. Please use -XX:HeapBaseMinAddress
#     to set the Java Heap base and to place the Java Heap above 4GB virtual address.
# This output file may be truncated or incomplete.
#
#  Out of Memory Error (os_linux.cpp:2886), pid=16270, tid=16273
#
# JRE version: OpenJDK Runtime Environment (11.0.8+10) (build 11.0.8+10-post-Ubuntu-0ubuntu118.04.1)
# Java VM: OpenJDK 64-Bit Server VM (11.0.8+10-post-Ubuntu-0ubuntu118.04.1, mixed mode, sharing, tiered, compressed oops, serial gc, linux-amd64)
# Core dump will be written. Default location: Core dumps may be processed with "/usr/share/apport/apport %p %s %c %d %P %E" (or dumping to /root/AUTO_GIT/open-data/COVID-19/core.16270)
#

---------------  S U M M A R Y ------------

Command Line: org.apache.tika.server.TikaServerCli --port 9998 --host localhost

Host: Intel(R) Xeon(R) CPU E5-2650 v4 @ 2.20GHz, 1 cores, 985M, Ubuntu 18.04.4 LTS
Time: Sun Sep 27 18:37:46 2020 EEST elapsed time: 18 seconds (0d 0h 0m 18s)

---------------  T H R E A D  ---------------

Current thread (0x00007fda7404e800):  VMThread "VM Thread" [stack: 0x00007fda5be13000,0x00007fda5bf13000] [id=16273]

Stack: [0x00007fda5be13000,0x00007fda5bf13000],  sp=0x00007fda5bf10ff0,  free space=1015k
Native frames: (J=compiled Java code, A=aot compiled Java code, j=interpreted, Vv=VM code, C=native code)
V  [libjvm.so+0xdf8919]
V  [libjvm.so+0xdf95ab]
V  [libjvm.so+0x651835]
V  [libjvm.so+0xbd0542]
V  [libjvm.so+0xbc77ff]
V  [libjvm.so+0xdf0037]
V  [libjvm.so+0x5160c1]
V  [libjvm.so+0x5162c5]
V  [libjvm.so+0xd7de47]
V  [libjvm.so+0x516a09]
V  [libjvm.so+0x7b13d0]
V  [libjvm.so+0x7b2048]
V  [libjvm.so+0xdf9bef]
V  [libjvm.so+0xdfb1e8]
V  [libjvm.so+0xe01396]
V  [libjvm.so+0xe018a0]
V  [libjvm.so+0xe01d23]
V  [libjvm.so+0xd860bf]
V  [libjvm.so+0xbd632e]

VM_Operation (0x00007fda5a130b10): GenCollectForAllocation, mode: safepoint, requested by thread 0x00007fda745a9800


---------------  P R O C E S S  ---------------

Threads class SMR info:
_java_thread_list=0x00007fda500538c0, length=19, elements={
0x00007fda74051800, 0x00007fda74053800, 0x00007fda7405c000, 0x00007fda7405e800,
0x00007fda74060800, 0x00007fda74062800, 0x00007fda7409d000, 0x00007fda740a7000,
0x00007fda745a9800, 0x00007fda745ab800, 0x00007fda745ad000, 0x00007fda745af000,
0x00007fda745b0800, 0x00007fda745b2800, 0x00007fda745b4800, 0x00007fda745b6000,
0x00007fda74016000, 0x00007fda4c002800, 0x00007fda50052800
}

Java Threads: ( => current thread )
  0x00007fda74051800 JavaThread "Reference Handler" daemon [_thread_blocked, id=16276, stack(0x00007fda5bd10000,0x00007fda5be11000)]
  0x00007fda74053800 JavaThread "Finalizer" daemon [_thread_blocked, id=16278, stack(0x00007fda5bc0f000,0x00007fda5bd10000)]
  0x00007fda7405c000 JavaThread "Signal Dispatcher" daemon [_thread_blocked, id=16280, stack(0x00007fda5b7cf000,0x00007fda5b8d0000)]
  0x00007fda7405e800 JavaThread "C2 CompilerThread0" daemon [_thread_blocked, id=16282, stack(0x00007fda5b6ce000,0x00007fda5b7cf000)]
  0x00007fda74060800 JavaThread "C1 CompilerThread0" daemon [_thread_blocked, id=16284, stack(0x00007fda5b5cd000,0x00007fda5b6ce000)]
  0x00007fda74062800 JavaThread "Sweeper thread" daemon [_thread_blocked, id=16286, stack(0x00007fda5b4cc000,0x00007fda5b5cd000)]
  0x00007fda7409d000 JavaThread "Service Thread" daemon [_thread_blocked, id=16289, stack(0x00007fda5b3cb000,0x00007fda5b4cc000)]
  0x00007fda740a7000 JavaThread "Common-Cleaner" daemon [_thread_blocked, id=16291, stack(0x00007fda5b1c8000,0x00007fda5b2c9000)]
  0x00007fda745a9800 JavaThread "qtp1118430673-11" [_thread_blocked, id=16301, stack(0x00007fda5a034000,0x00007fda5a135000)]
  0x00007fda745ab800 JavaThread "qtp1118430673-12-acceptor-0@277c645e-ServerConnector@fd0e5b6{HTTP/1.1,[http/1.1]}{localhost:9998}" [_thread_in_native, id=16302, stack(0x00007fda59f33000,0x00007fda5a034000)]
  0x00007fda745ad000 JavaThread "qtp1118430673-13" [_thread_blocked, id=16303, stack(0x00007fda59e32000,0x00007fda59f33000)]
  0x00007fda745af000 JavaThread "qtp1118430673-14" [_thread_in_native, id=16304, stack(0x00007fda59d31000,0x00007fda59e32000)]
  0x00007fda745b0800 JavaThread "qtp1118430673-15" [_thread_blocked, id=16305, stack(0x00007fda59c30000,0x00007fda59d31000)]
  0x00007fda745b2800 JavaThread "qtp1118430673-16" [_thread_blocked, id=16306, stack(0x00007fda59b2f000,0x00007fda59c30000)]
  0x00007fda745b4800 JavaThread "qtp1118430673-17" [_thread_blocked, id=16307, stack(0x00007fda59a2e000,0x00007fda59b2f000)]
  0x00007fda745b6000 JavaThread "qtp1118430673-18" [_thread_blocked, id=16308, stack(0x00007fda5992d000,0x00007fda59a2e000)]
  0x00007fda74016000 JavaThread "DestroyJavaVM" [_thread_blocked, id=16271, stack(0x00007fda7be8d000,0x00007fda7bf8e000)]
  0x00007fda4c002800 JavaThread "Connector-Scheduler-fd0e5b6-1" [_thread_blocked, id=16309, stack(0x00007fda59429000,0x00007fda5952a000)]
  0x00007fda50052800 JavaThread "Java2D Disposer" daemon [_thread_blocked, id=16310, stack(0x00007fda587f3000,0x00007fda588f4000)]

Other Threads:
=>0x00007fda7404e800 VMThread "VM Thread" [stack: 0x00007fda5be13000,0x00007fda5bf13000] [id=16273]
  0x00007fda7409f800 WatcherThread [stack: 0x00007fda5b2cb000,0x00007fda5b3cb000] [id=16290]

Threads with active compile tasks:
C2 CompilerThread0  19068 3141       4       java.lang.String::hashCode (49 bytes)

VM state:at safepoint (normal execution)

VM Mutex/Monitor currently owned by a thread:  ([mutex/lock_event])
[0x00007fda740125b0] Threads_lock - owner thread: 0x00007fda7404e800
[0x00007fda74012d90] Heap_lock - owner thread: 0x00007fda745a9800

Heap address: 0x00000000f0800000, size: 248 MB, Compressed Oops mode: 32-bit
Narrow klass base: 0x0000000800000000, Narrow klass shift: 3
Compressed class space size: 1073741824 Address: 0x0000000840000000

Heap:
 def new generation   total 57216K, used 2644K [0x00000000f0800000, 0x00000000f4610000, 0x00000000f5aa0000)
  eden space 50880K,   5% used [0x00000000f0800000, 0x00000000f0a95068, 0x00000000f39b0000)
  from space 6336K,   0% used [0x00000000f39b0000, 0x00000000f39b0000, 0x00000000f3fe0000)
  to   space 6336K,   0% used [0x00000000f3fe0000, 0x00000000f3fe0000, 0x00000000f4610000)
 tenured generation   total 143964K, used 143962K [0x00000000f5aa0000, 0x00000000fe737000, 0x0000000100000000)
   the space 143964K,  99% used [0x00000000f5aa0000, 0x00000000fe7368f8, 0x00000000fe736a00, 0x00000000fe737000)
 Metaspace       used 22180K, capacity 22711K, committed 23040K, reserved 1069056K
  class space    used 2493K, capacity 2745K, committed 2816K, reserved 1048576K

Card table byte_map: [0x00007fda7be02000,0x00007fda7be7f000] _byte_map_base: 0x00007fda7b67e000

Polling page: 0x00007fda7bf98000

Metaspace:

Usage:
  Non-class:     19.50 MB capacity,    19.23 MB ( 99%) used,   223.57 KB (  1%) free+waste,    54.62 KB ( <1%) overhead. 
      Class:      2.68 MB capacity,     2.43 MB ( 91%) used,   221.35 KB (  8%) free+waste,    30.62 KB (  1%) overhead. 
       Both:     22.18 MB capacity,    21.66 MB ( 98%) used,   444.92 KB (  2%) free+waste,    85.25 KB ( <1%) overhead. 

Virtual space:
  Non-class space:       20.00 MB reserved,      19.75 MB ( 99%) committed 
      Class space:        1.00 GB reserved,       2.75 MB ( <1%) committed 
             Both:        1.02 GB reserved,      22.50 MB (  2%) committed 

Chunk freelists:
   Non-Class:  118.00 KB
       Class:  7.00 KB
        Both:  125.00 KB

MaxMetaspaceSize: unlimited
CompressedClassSpaceSize: 1.00 GB

CodeHeap 'non-profiled nmethods': size=120036Kb used=927Kb max_used=927Kb free=119108Kb
 bounds [0x00007fda643c9000, 0x00007fda64639000, 0x00007fda6b902000]
CodeHeap 'profiled nmethods': size=120032Kb used=6273Kb max_used=6273Kb free=113758Kb
 bounds [0x00007fda5ce91000, 0x00007fda5d4c1000, 0x00007fda643c9000]
CodeHeap 'non-nmethods': size=5692Kb used=1170Kb max_used=1213Kb free=4521Kb
 bounds [0x00007fda5c902000, 0x00007fda5cb72000, 0x00007fda5ce91000]
 total_blobs=3395 nmethods=2869 adapters=440
 compilation: enabled
              stopped_count=0, restarted_count=0
 full_count=0

Compilation events (20 events):
Event: 15.896 Thread 0x00007fda74060800 3134       2       org.apache.pdfbox.cos.COSDictionary::getItem (14 bytes)
Event: 15.896 Thread 0x00007fda74060800 nmethod 3134 0x00007fda5d4aaa10 code [0x00007fda5d4aabc0, 0x00007fda5d4aad40]
Event: 15.896 Thread 0x00007fda74060800 3130       2       java.lang.Long::toString (55 bytes)
Event: 15.896 Thread 0x00007fda74060800 nmethod 3130 0x00007fda5d4aae10 code [0x00007fda5d4aafe0, 0x00007fda5d4ab230]
Event: 15.896 Thread 0x00007fda74060800 3133       2       org.apache.pdfbox.pdmodel.PDResources::getIndirect (41 bytes)
Event: 15.897 Thread 0x00007fda74060800 nmethod 3133 0x00007fda5d4ab310 code [0x00007fda5d4ab4e0, 0x00007fda5d4ab7b0]
Event: 15.930 Thread 0x00007fda74060800 3136 % !   3       org.apache.pdfbox.filter.FlateFilter::decompress @ 55 (168 bytes)
Event: 15.932 Thread 0x00007fda74060800 nmethod 3136% 0x00007fda5d4ab910 code [0x00007fda5d4abc40, 0x00007fda5d4ad390]
Event: 15.932 Thread 0x00007fda74060800 3137   !   3       org.apache.pdfbox.filter.FlateFilter::decompress (168 bytes)
Event: 15.933 Thread 0x00007fda74060800 nmethod 3137 0x00007fda5d4adb90 code [0x00007fda5d4adec0, 0x00007fda5d4af4b0]
Event: 15.946 Thread 0x00007fda74060800 3138       2       java.io.OutputStream::flush (1 bytes)
Event: 15.947 Thread 0x00007fda74060800 nmethod 3138 0x00007fda5d4afc10 code [0x00007fda5d4afdc0, 0x00007fda5d4afed0]
Event: 15.947 Thread 0x00007fda74060800 3139       3       org.apache.pdfbox.contentstream.PDFStreamEngine::processStreamOperators (105 bytes)
Event: 15.947 Thread 0x00007fda74060800 nmethod 3139 0x00007fda5d4aff90 code [0x00007fda5d4b0240, 0x00007fda5d4b11f0]
Event: 16.045 Thread 0x00007fda7405e800 nmethod 2493 0x00007fda644a2690 code [0x00007fda644a3440, 0x00007fda644aafb0]
Event: 16.046 Thread 0x00007fda7405e800 2833       4       org.eclipse.jetty.server.HttpInput::nextInterceptedContent (186 bytes)
Event: 16.183 Thread 0x00007fda7405e800 nmethod 2833 0x00007fda644aed90 code [0x00007fda644aefe0, 0x00007fda644afaf8]
Event: 16.183 Thread 0x00007fda7405e800 2498       4       java.lang.String::equals (65 bytes)
Event: 16.720 Thread 0x00007fda7405e800 nmethod 2498 0x00007fda644b0810 code [0x00007fda644b09a0, 0x00007fda644b0c18]
Event: 16.777 Thread 0x00007fda7405e800 3141       4       java.lang.String::hashCode (49 bytes)

GC Heap History (20 events):
Event: 12.776 GC heap after
{Heap after GC invocations=14 (full 2):
 def new generation   total 15104K, used 0K [0x00000000f0800000, 0x00000000f1860000, 0x00000000f5aa0000)
  eden space 13440K,   0% used [0x00000000f0800000, 0x00000000f0800000, 0x00000000f1520000)
  from space 1664K,   0% used [0x00000000f1520000, 0x00000000f1520000, 0x00000000f16c0000)
  to   space 1664K,   0% used [0x00000000f16c0000, 0x00000000f16c0000, 0x00000000f1860000)
 tenured generation   total 33308K, used 19984K [0x00000000f5aa0000, 0x00000000f7b27000, 0x0000000100000000)
   the space 33308K,  59% used [0x00000000f5aa0000, 0x00000000f6e241e8, 0x00000000f6e24200, 0x00000000f7b27000)
 Metaspace       used 17669K, capacity 18163K, committed 18304K, reserved 1064960K
  class space    used 2098K, capacity 2339K, committed 2432K, reserved 1048576K
}
Event: 12.830 GC heap before
{Heap before GC invocations=14 (full 2):
 def new generation   total 15104K, used 8387K [0x00000000f0800000, 0x00000000f1860000, 0x00000000f5aa0000)
  eden space 13440K,  62% used [0x00000000f0800000, 0x00000000f1030f40, 0x00000000f1520000)
  from space 1664K,   0% used [0x00000000f1520000, 0x00000000f1520000, 0x00000000f16c0000)
  to   space 1664K,   0% used [0x00000000f16c0000, 0x00000000f16c0000, 0x00000000f1860000)
 tenured generation   total 33308K, used 19984K [0x00000000f5aa0000, 0x00000000f7b27000, 0x0000000100000000)
   the space 33308K,  59% used [0x00000000f5aa0000, 0x00000000f6e241e8, 0x00000000f6e24200, 0x00000000f7b27000)
 Metaspace       used 17673K, capacity 18163K, committed 18304K, reserved 1064960K
  class space    used 2098K, capacity 2339K, committed 2432K, reserved 1048576K
}
Event: 12.835 GC heap after
{Heap after GC invocations=15 (full 2):
 def new generation   total 15104K, used 63K [0x00000000f0800000, 0x00000000f1860000, 0x00000000f5aa0000)
  eden space 13440K,   0% used [0x00000000f0800000, 0x00000000f0800000, 0x00000000f1520000)
  from space 1664K,   3% used [0x00000000f16c0000, 0x00000000f16cfca8, 0x00000000f1860000)
  to   space 1664K,   0% used [0x00000000f1520000, 0x00000000f1520000, 0x00000000f16c0000)
 tenured generation   total 33308K, used 25928K [0x00000000f5aa0000, 0x00000000f7b27000, 0x0000000100000000)
   the space 33308K,  77% used [0x00000000f5aa0000, 0x00000000f73f2108, 0x00000000f73f2200, 0x00000000f7b27000)
 Metaspace       used 17673K, capacity 18163K, committed 18304K, reserved 1064960K
  class space    used 2098K, capacity 2339K, committed 2432K, reserved 1048576K
}
Event: 12.855 GC heap before
{Heap before GC invocations=15 (full 2):
 def new generation   total 15104K, used 8653K [0x00000000f0800000, 0x00000000f1860000, 0x00000000f5aa0000)
  eden space 13440K,  63% used [0x00000000f0800000, 0x00000000f1063818, 0x00000000f1520000)
  from space 1664K,   3% used [0x00000000f16c0000, 0x00000000f16cfca8, 0x00000000f1860000)
  to   space 1664K,   0% used [0x00000000f1520000, 0x00000000f1520000, 0x00000000f16c0000)
 tenured generation   total 33308K, used 25928K [0x00000000f5aa0000, 0x00000000f7b27000, 0x0000000100000000)
   the space 33308K,  77% used [0x00000000f5aa0000, 0x00000000f73f2108, 0x00000000f73f2200, 0x00000000f7b27000)
 Metaspace       used 17679K, capacity 18163K, committed 18304K, reserved 1064960K
  class space    used 2098K, capacity 2339K, committed 2432K, reserved 1048576K
}
Event: 12.887 GC heap after
{Heap after GC invocations=16 (full 3):
 def new generation   total 21184K, used 0K [0x00000000f0800000, 0x00000000f1ef0000, 0x00000000f5aa0000)
  eden space 18880K,   0% used [0x00000000f0800000, 0x00000000f0800000, 0x00000000f1a70000)
  from space 2304K,   0% used [0x00000000f1a70000, 0x00000000f1a70000, 0x00000000f1cb0000)
  to   space 2304K,   0% used [0x00000000f1cb0000, 0x00000000f1cb0000, 0x00000000f1ef0000)
 tenured generation   total 46840K, used 28103K [0x00000000f5aa0000, 0x00000000f885e000, 0x0000000100000000)
   the space 46840K,  59% used [0x00000000f5aa0000, 0x00000000f7611cd0, 0x00000000f7611e00, 0x00000000f885e000)
 Metaspace       used 17679K, capacity 18163K, committed 18304K, reserved 1064960K
  class space    used 2098K, capacity 2339K, committed 2432K, reserved 1048576K
}
Event: 12.941 GC heap before
{Heap before GC invocations=16 (full 3):
 def new generation   total 21184K, used 12256K [0x00000000f0800000, 0x00000000f1ef0000, 0x00000000f5aa0000)
  eden space 18880K,  64% used [0x00000000f0800000, 0x00000000f13f8078, 0x00000000f1a70000)
  from space 2304K,   0% used [0x00000000f1a70000, 0x00000000f1a70000, 0x00000000f1cb0000)
  to   space 2304K,   0% used [0x00000000f1cb0000, 0x00000000f1cb0000, 0x00000000f1ef0000)
 tenured generation   total 46840K, used 28103K [0x00000000f5aa0000, 0x00000000f885e000, 0x0000000100000000)
   the space 46840K,  59% used [0x00000000f5aa0000, 0x00000000f7611cd0, 0x00000000f7611e00, 0x00000000f885e000)
 Metaspace       used 17755K, capacity 18227K, committed 18560K, reserved 1064960K
  class space    used 2106K, capacity 2339K, committed 2432K, reserved 1048576K
}
Event: 12.947 GC heap after
{Heap after GC invocations=17 (full 3):
 def new generation   total 21184K, used 13K [0x00000000f0800000, 0x00000000f1ef0000, 0x00000000f5aa0000)
  eden space 18880K,   0% used [0x00000000f0800000, 0x00000000f0800000, 0x00000000f1a70000)
  from space 2304K,   0% used [0x00000000f1cb0000, 0x00000000f1cb3520, 0x00000000f1ef0000)
  to   space 2304K,   0% used [0x00000000f1a70000, 0x00000000f1a70000, 0x00000000f1cb0000)
 tenured generation   total 46840K, used 39990K [0x00000000f5aa0000, 0x00000000f885e000, 0x0000000100000000)
   the space 46840K,  85% used [0x00000000f5aa0000, 0x00000000f81adaf0, 0x00000000f81adc00, 0x00000000f885e000)
 Metaspace       used 17755K, capacity 18227K, committed 18560K, reserved 1064960K
  class space    used 2106K, capacity 2339K, committed 2432K, reserved 1048576K
}
Event: 13.225 GC heap before
{Heap before GC invocations=17 (full 3):
 def new generation   total 21184K, used 18893K [0x00000000f0800000, 0x00000000f1ef0000, 0x00000000f5aa0000)
  eden space 18880K, 100% used [0x00000000f0800000, 0x00000000f1a70000, 0x00000000f1a70000)
  from space 2304K,   0% used [0x00000000f1cb0000, 0x00000000f1cb3520, 0x00000000f1ef0000)
  to   space 2304K,   0% used [0x00000000f1a70000, 0x00000000f1a70000, 0x00000000f1cb0000)
 tenured generation   total 46840K, used 39990K [0x00000000f5aa0000, 0x00000000f885e000, 0x0000000100000000)
   the space 46840K,  85% used [0x00000000f5aa0000, 0x00000000f81adaf0, 0x00000000f81adc00, 0x00000000f885e000)
 Metaspace       used 19587K, capacity 20119K, committed 20224K, reserved 1067008K
  class space    used 2289K, capacity 2521K, committed 2560K, reserved 1048576K
}
Event: 13.288 GC heap after
{Heap after GC invocations=18 (full 4):
 def new generation   total 32640K, used 0K [0x00000000f0800000, 0x00000000f2b60000, 0x00000000f5aa0000)
  eden space 29056K,   0% used [0x00000000f0800000, 0x00000000f0800000, 0x00000000f2460000)
  from space 3584K,   0% used [0x00000000f2460000, 0x00000000f2460000, 0x00000000f27e0000)
  to   space 3584K,   0% used [0x00000000f27e0000, 0x00000000f27e0000, 0x00000000f2b60000)
 tenured generation   total 72284K, used 43368K [0x00000000f5aa0000, 0x00000000fa137000, 0x0000000100000000)
   the space 72284K,  59% used [0x00000000f5aa0000, 0x00000000f84fa0f0, 0x00000000f84fa200, 0x00000000fa137000)
 Metaspace       used 19587K, capacity 20119K, committed 20224K, reserved 1067008K
  class space    used 2289K, capacity 2521K, committed 2560K, reserved 1048576K
}
Event: 13.521 GC heap before
{Heap before GC invocations=18 (full 4):
 def new generation   total 32640K, used 29056K [0x00000000f0800000, 0x00000000f2b60000, 0x00000000f5aa0000)
  eden space 29056K, 100% used [0x00000000f0800000, 0x00000000f2460000, 0x00000000f2460000)
  from space 3584K,   0% used [0x00000000f2460000, 0x00000000f2460000, 0x00000000f27e0000)
  to   space 3584K,   0% used [0x00000000f27e0000, 0x00000000f27e0000, 0x00000000f2b60000)
 tenured generation   total 72284K, used 43368K [0x00000000f5aa0000, 0x00000000fa137000, 0x0000000100000000)
   the space 72284K,  59% used [0x00000000f5aa0000, 0x00000000f84fa0f0, 0x00000000f84fa200, 0x00000000fa137000)
 Metaspace       used 20042K, capacity 20567K, committed 20864K, reserved 1067008K
  class space    used 2328K, capacity 2585K, committed 2688K, reserved 1048576K
}
Event: 13.558 GC heap after
{Heap after GC invocations=19 (full 4):
 def new generation   total 32640K, used 3584K [0x00000000f0800000, 0x00000000f2b60000, 0x00000000f5aa0000)
  eden space 29056K,   0% used [0x00000000f0800000, 0x00000000f0800000, 0x00000000f2460000)
  from space 3584K, 100% used [0x00000000f27e0000, 0x00000000f2b60000, 0x00000000f2b60000)
  to   space 3584K,   0% used [0x00000000f2460000, 0x00000000f2460000, 0x00000000f27e0000)
 tenured generation   total 72284K, used 65100K [0x00000000f5aa0000, 0x00000000fa137000, 0x0000000100000000)
   the space 72284K,  90% used [0x00000000f5aa0000, 0x00000000f9a331f8, 0x00000000f9a33200, 0x00000000fa137000)
 Metaspace       used 20042K, capacity 20567K, committed 20864K, reserved 1067008K
  class space    used 2328K, capacity 2585K, committed 2688K, reserved 1048576K
}
Event: 14.205 GC heap before
{Heap before GC invocations=19 (full 4):
 def new generation   total 32640K, used 32640K [0x00000000f0800000, 0x00000000f2b60000, 0x00000000f5aa0000)
  eden space 29056K, 100% used [0x00000000f0800000, 0x00000000f2460000, 0x00000000f2460000)
  from space 3584K, 100% used [0x00000000f27e0000, 0x00000000f2b60000, 0x00000000f2b60000)
  to   space 3584K,   0% used [0x00000000f2460000, 0x00000000f2460000, 0x00000000f27e0000)
 tenured generation   total 72284K, used 65100K [0x00000000f5aa0000, 0x00000000fa137000, 0x0000000100000000)
   the space 72284K,  90% used [0x00000000f5aa0000, 0x00000000f9a331f8, 0x00000000f9a33200, 0x00000000fa137000)
 Metaspace       used 21264K, capacity 21751K, committed 21888K, reserved 1069056K
  class space    used 2437K, capacity 2681K, committed 2688K, reserved 1048576K
}
Event: 14.274 GC heap after
{Heap after GC invocations=20 (full 5):
 def new generation   total 57216K, used 3576K [0x00000000f0800000, 0x00000000f4610000, 0x00000000f5aa0000)
  eden space 50880K,   7% used [0x00000000f0800000, 0x00000000f0b7e3b8, 0x00000000f39b0000)
  from space 6336K,   0% used [0x00000000f39b0000, 0x00000000f39b0000, 0x00000000f3fe0000)
  to   space 6336K,   0% used [0x00000000f3fe0000, 0x00000000f3fe0000, 0x00000000f4610000)
 tenured generation   total 126876K, used 76123K [0x00000000f5aa0000, 0x00000000fd687000, 0x0000000100000000)
   the space 126876K,  59% used [0x00000000f5aa0000, 0x00000000fa4f6fe8, 0x00000000fa4f7000, 0x00000000fd687000)
 Metaspace       used 21264K, capacity 21751K, committed 21888K, reserved 1069056K
  class space    used 2437K, capacity 2681K, committed 2688K, reserved 1048576K
}
Event: 15.123 GC heap before
{Heap before GC invocations=20 (full 5):
 def new generation   total 57216K, used 50879K [0x00000000f0800000, 0x00000000f4610000, 0x00000000f5aa0000)
  eden space 50880K,  99% used [0x00000000f0800000, 0x00000000f39afdb8, 0x00000000f39b0000)
  from space 6336K,   0% used [0x00000000f39b0000, 0x00000000f39b0000, 0x00000000f3fe0000)
  to   space 6336K,   0% used [0x00000000f3fe0000, 0x00000000f3fe0000, 0x00000000f4610000)
 tenured generation   total 126876K, used 76123K [0x00000000f5aa0000, 0x00000000fd687000, 0x0000000100000000)
   the space 126876K,  59% used [0x00000000f5aa0000, 0x00000000fa4f6fe8, 0x00000000fa4f7000, 0x00000000fd687000)
 Metaspace       used 22027K, capacity 22519K, committed 22784K, reserved 1069056K
  class space    used 2493K, capacity 2745K, committed 2816K, reserved 1048576K
}
Event: 15.185 GC heap after
{Heap after GC invocations=21 (full 5):
 def new generation   total 57216K, used 6218K [0x00000000f0800000, 0x00000000f4610000, 0x00000000f5aa0000)
  eden space 50880K,   0% used [0x00000000f0800000, 0x00000000f0800000, 0x00000000f39b0000)
  from space 6336K,  98% used [0x00000000f3fe0000, 0x00000000f45f2b10, 0x00000000f4610000)
  to   space 6336K,   0% used [0x00000000f39b0000, 0x00000000f39b0000, 0x00000000f3fe0000)
 tenured generation   total 126876K, used 84330K [0x00000000f5aa0000, 0x00000000fd687000, 0x0000000100000000)
   the space 126876K,  66% used [0x00000000f5aa0000, 0x00000000facfabb0, 0x00000000facfac00, 0x00000000fd687000)
 Metaspace       used 22027K, capacity 22519K, committed 22784K, reserved 1069056K
  class space    used 2493K, capacity 2745K, committed 2816K, reserved 1048576K
}
Event: 15.646 GC heap before
{Heap before GC invocations=21 (full 5):
 def new generation   total 57216K, used 57098K [0x00000000f0800000, 0x00000000f4610000, 0x00000000f5aa0000)
  eden space 50880K, 100% used [0x00000000f0800000, 0x00000000f39b0000, 0x00000000f39b0000)
  from space 6336K,  98% used [0x00000000f3fe0000, 0x00000000f45f2b60, 0x00000000f4610000)
  to   space 6336K,   0% used [0x00000000f39b0000, 0x00000000f39b0000, 0x00000000f3fe0000)
 tenured generation   total 126876K, used 84330K [0x00000000f5aa0000, 0x00000000fd687000, 0x0000000100000000)
   the space 126876K,  66% used [0x00000000f5aa0000, 0x00000000facfabb0, 0x00000000facfac00, 0x00000000fd687000)
 Metaspace       used 22141K, capacity 22647K, committed 23040K, reserved 1069056K
  class space    used 2493K, capacity 2745K, committed 2816K, reserved 1048576K
}
Event: 15.755 GC heap after
{Heap after GC invocations=22 (full 5):
 def new generation   total 57216K, used 6336K [0x00000000f0800000, 0x00000000f4610000, 0x00000000f5aa0000)
  eden space 50880K,   0% used [0x00000000f0800000, 0x00000000f0800000, 0x00000000f39b0000)
  from space 6336K, 100% used [0x00000000f39b0000, 0x00000000f3fe0000, 0x00000000f3fe0000)
  to   space 6336K,   0% used [0x00000000f3fe0000, 0x00000000f3fe0000, 0x00000000f4610000)
 tenured generation   total 126876K, used 115209K [0x00000000f5aa0000, 0x00000000fd687000, 0x0000000100000000)
   the space 126876K,  90% used [0x00000000f5aa0000, 0x00000000fcb227c0, 0x00000000fcb22800, 0x00000000fd687000)
 Metaspace       used 22141K, capacity 22647K, committed 23040K, reserved 1069056K
  class space    used 2493K, capacity 2745K, committed 2816K, reserved 1048576K
}
Event: 16.184 GC heap before
{Heap before GC invocations=22 (full 5):
 def new generation   total 57216K, used 57216K [0x00000000f0800000, 0x00000000f4610000, 0x00000000f5aa0000)
  eden space 50880K, 100% used [0x00000000f0800000, 0x00000000f39b0000, 0x00000000f39b0000)
  from space 6336K, 100% used [0x00000000f39b0000, 0x00000000f3fe0000, 0x00000000f3fe0000)
  to   space 6336K,   0% used [0x00000000f3fe0000, 0x00000000f3fe0000, 0x00000000f4610000)
 tenured generation   total 126876K, used 115209K [0x00000000f5aa0000, 0x00000000fd687000, 0x0000000100000000)
   the space 126876K,  90% used [0x00000000f5aa0000, 0x00000000fcb227d8, 0x00000000fcb22800, 0x00000000fd687000)
 Metaspace       used 22180K, capacity 22711K, committed 23040K, reserved 1069056K
  class space    used 2493K, capacity 2745K, committed 2816K, reserved 1048576K
}
Event: 16.223 GC heap after
{Heap after GC invocations=23 (full 5):
 def new generation   total 57216K, used 6336K [0x00000000f0800000, 0x00000000f4610000, 0x00000000f5aa0000)
  eden space 50880K,   0% used [0x00000000f0800000, 0x00000000f0800000, 0x00000000f39b0000)
  from space 6336K, 100% used [0x00000000f3fe0000, 0x00000000f4610000, 0x00000000f4610000)
  to   space 6336K,   0% used [0x00000000f39b0000, 0x00000000f39b0000, 0x00000000f3fe0000)
 tenured generation   total 137628K, used 137456K [0x00000000f5aa0000, 0x00000000fe107000, 0x0000000100000000)
   the space 137628K,  99% used [0x00000000f5aa0000, 0x00000000fe0dc260, 0x00000000fe0dc400, 0x00000000fe107000)
 Metaspace       used 22180K, capacity 22711K, committed 23040K, reserved 1069056K
  class space    used 2493K, capacity 2745K, committed 2816K, reserved 1048576K
}
Event: 17.164 GC heap before
{Heap before GC invocations=23 (full 5):
 def new generation   total 57216K, used 57216K [0x00000000f0800000, 0x00000000f4610000, 0x00000000f5aa0000)
  eden space 50880K, 100% used [0x00000000f0800000, 0x00000000f39b0000, 0x00000000f39b0000)
  from space 6336K, 100% used [0x00000000f3fe0000, 0x00000000f4610000, 0x00000000f4610000)
  to   space 6336K,   0% used [0x00000000f39b0000, 0x00000000f39b0000, 0x00000000f3fe0000)
 tenured generation   total 137628K, used 137456K [0x00000000f5aa0000, 0x00000000fe107000, 0x0000000100000000)
   the space 137628K,  99% used [0x00000000f5aa0000, 0x00000000fe0dc260, 0x00000000fe0dc400, 0x00000000fe107000)
 Metaspace       used 22180K, capacity 22711K, committed 23040K, reserved 1069056K
  class space    used 2493K, capacity 2745K, committed 2816K, reserved 1048576K
}

Deoptimization events (20 events):
Event: 15.104 Thread 0x00007fda745b2800 DEOPT PACKING pc=0x00007fda5d404a4f sp=0x00007fda59c2bfb0
Event: 15.104 Thread 0x00007fda745b2800 DEOPT UNPACKING pc=0x00007fda5c927fba sp=0x00007fda59c2b5a8 mode 0
Event: 15.186 Thread 0x00007fda745a9800 DEOPT PACKING pc=0x00007fda5d404a4f sp=0x00007fda5a130d50
Event: 15.186 Thread 0x00007fda745a9800 DEOPT UNPACKING pc=0x00007fda5c927fba sp=0x00007fda5a130348 mode 0
Event: 15.195 Thread 0x00007fda745ad000 DEOPT PACKING pc=0x00007fda5d404a4f sp=0x00007fda59f2efb0
Event: 15.195 Thread 0x00007fda745ad000 DEOPT UNPACKING pc=0x00007fda5c927fba sp=0x00007fda59f2e5a8 mode 0
Event: 15.267 Thread 0x00007fda745b4800 DEOPT PACKING pc=0x00007fda5d3192af sp=0x00007fda59b2ac30
Event: 15.267 Thread 0x00007fda745b4800 DEOPT UNPACKING pc=0x00007fda5c927fba sp=0x00007fda59b2a1d8 mode 0
Event: 15.270 Thread 0x00007fda745b4800 DEOPT PACKING pc=0x00007fda5d31de29 sp=0x00007fda59b2b060
Event: 15.270 Thread 0x00007fda745b4800 DEOPT UNPACKING pc=0x00007fda5c927fba sp=0x00007fda59b2a648 mode 0
Event: 15.575 Thread 0x00007fda745a9800 DEOPT PACKING pc=0x00007fda5d32e025 sp=0x00007fda5a130ce0
Event: 15.575 Thread 0x00007fda745a9800 DEOPT UNPACKING pc=0x00007fda5c927fba sp=0x00007fda5a130208 mode 0
Event: 15.760 Thread 0x00007fda745b4800 DEOPT PACKING pc=0x00007fda5d412581 sp=0x00007fda59b2b0c0
Event: 15.760 Thread 0x00007fda745b4800 DEOPT UNPACKING pc=0x00007fda5c927fba sp=0x00007fda59b2a608 mode 0
Event: 15.836 Thread 0x00007fda745b4800 DEOPT PACKING pc=0x00007fda5d45463c sp=0x00007fda59b2b070
Event: 15.836 Thread 0x00007fda745b4800 DEOPT UNPACKING pc=0x00007fda5c927fba sp=0x00007fda59b2a5c8 mode 0
Event: 15.869 Thread 0x00007fda745b4800 DEOPT PACKING pc=0x00007fda5d457a10 sp=0x00007fda59b2b650
Event: 15.869 Thread 0x00007fda745b4800 DEOPT UNPACKING pc=0x00007fda5c927fba sp=0x00007fda59b2ab00 mode 0
Event: 15.933 Thread 0x00007fda745b4800 DEOPT PACKING pc=0x00007fda5d47da3b sp=0x00007fda59b2aec0
Event: 15.933 Thread 0x00007fda745b4800 DEOPT UNPACKING pc=0x00007fda5c927fba sp=0x00007fda59b2a410 mode 0

Classes redefined (0 events):
No events

Internal exceptions (20 events):
Event: 3.612 Thread 0x00007fda74016000 Exception <a 'java/lang/NoClassDefFoundError'{0x00000000f09c6170}: org/apache/cxf/ws/policy/builder/jaxb/JaxbAssertionBuilder> (0x00000000f09c6170) thrown at [./src/hotspot/share/classfile/systemDictionary.cpp, line 220]
Event: 3.613 Thread 0x00007fda74016000 Exception <a 'java/lang/NoClassDefFoundError'{0x00000000f09c8ad0}: org/apache/cxf/ws/policy/builder/jaxb/JaxbAssertionBuilder> (0x00000000f09c8ad0) thrown at [./src/hotspot/share/classfile/systemDictionary.cpp, line 220]
Event: 3.613 Thread 0x00007fda74016000 Exception <a 'java/lang/NoClassDefFoundError'{0x00000000f09cb430}: org/apache/cxf/ws/policy/builder/jaxb/JaxbAssertionBuilder> (0x00000000f09cb430) thrown at [./src/hotspot/share/classfile/systemDictionary.cpp, line 220]
Event: 3.613 Thread 0x00007fda74016000 Exception <a 'java/lang/NoClassDefFoundError'{0x00000000f09cda10}: org/apache/cxf/ws/policy/AbstractPolicyInterceptorProvider> (0x00000000f09cda10) thrown at [./src/hotspot/share/classfile/systemDictionary.cpp, line 220]
Event: 3.613 Thread 0x00007fda74016000 Exception <a 'java/lang/NoClassDefFoundError'{0x00000000f09cff70}: org/apache/cxf/ws/policy/AbstractPolicyInterceptorProvider> (0x00000000f09cff70) thrown at [./src/hotspot/share/classfile/systemDictionary.cpp, line 220]
Event: 3.613 Thread 0x00007fda74016000 Exception <a 'java/lang/NoClassDefFoundError'{0x00000000f09d24d0}: org/apache/cxf/ws/policy/AbstractPolicyInterceptorProvider> (0x00000000f09d24d0) thrown at [./src/hotspot/share/classfile/systemDictionary.cpp, line 220]
Event: 3.645 Thread 0x00007fda74016000 Exception <a 'java/lang/reflect/InvocationTargetException'{0x00000000f0a93788}> (0x00000000f0a93788) thrown at [./src/hotspot/share/runtime/reflection.cpp, line 1247]
Event: 4.258 Thread 0x00007fda74016000 Exception <a 'java/lang/NoSuchMethodError'{0x00000000f0bcb290}: 'java.lang.Object java.lang.invoke.DirectMethodHandle$Holder.invokeStaticInit(java.lang.Object, java.lang.Object, java.lang.Object)'> (0x00000000f0bcb290) thrown at [./src/hotspot/share/interpreter/linkResolver.cpp, line 773]
Event: 4.292 Thread 0x00007fda74016000 Exception <a 'java/lang/NoSuchMethodError'{0x00000000f0c785a0}: 'void java.lang.invoke.DirectMethodHandle$Holder.invokeStaticInit(java.lang.Object)'> (0x00000000f0c785a0) thrown at [./src/hotspot/share/interpreter/linkResolver.cpp, line 773]
Event: 4.451 Thread 0x00007fda74016000 Exception <a 'java/lang/NoSuchMethodError'{0x00000000f0eb2a68}: 'int java.lang.invoke.DirectMethodHandle$Holder.invokeInterface(java.lang.Object, java.lang.Object)'> (0x00000000f0eb2a68) thrown at [./src/hotspot/share/interpreter/linkResolver.cpp, line 773]
Event: 4.548 Thread 0x00007fda74016000 Exception <a 'java/lang/NoSuchMethodError'{0x00000000f082e008}: 'void java.lang.invoke.DirectMethodHandle$Holder.invokeInterface(java.lang.Object, java.lang.Object)'> (0x00000000f082e008) thrown at [./src/hotspot/share/interpreter/linkResolver.cpp, line 773]
Event: 4.551 Thread 0x00007fda745a9800 Implicit null exception at 0x00007fda6445071b to 0x00007fda644507dc
Event: 4.592 Thread 0x00007fda74016000 Exception <a 'java/lang/NoSuchMethodError'{0x00000000f0911160}: 'void java.lang.invoke.DirectMethodHandle$Holder.invokeStaticInit(java.lang.Object, java.lang.Object, java.lang.Object)'> (0x00000000f0911160) thrown at [./src/hotspot/share/interpreter/linkResolver.cpp, line 773]
Event: 12.331 Thread 0x00007fda745af000 Exception <a 'java/lang/NoSuchMethodError'{0x00000000f098a890}: 'void java.lang.invoke.DirectMethodHandle$Holder.invokeSpecial(java.lang.Object, java.lang.Object)'> (0x00000000f098a890) thrown at [./src/hotspot/share/interpreter/linkResolver.cpp, line 773]
Event: 12.381 Thread 0x00007fda745ad000 Implicit null exception at 0x00007fda6441fde2 to 0x00007fda64420208
Event: 12.419 Thread 0x00007fda745b4800 Exception <a 'java/lang/NoSuchMethodError'{0x00000000f0b49128}: 'void java.lang.invoke.DirectMethodHandle$Holder.invokeSpecial(java.lang.Object, java.lang.Object, int)'> (0x00000000f0b49128) thrown at [./src/hotspot/share/interpreter/linkResolver.cpp, line 773]
Event: 12.458 Thread 0x00007fda745b2800 Implicit null exception at 0x00007fda6441f0fa to 0x00007fda6441f438
Event: 13.002 Thread 0x00007fda745a9800 Implicit null exception at 0x00007fda6441e75c to 0x00007fda6441ea70
Event: 13.142 Thread 0x00007fda745ad000 Exception <a 'java/lang/ClassNotFoundException'{0x00000000f13c1a80}: sun/awt/resources/spi/awtProvider> (0x00000000f13c1a80) thrown at [./src/hotspot/share/classfile/systemDictionary.cpp, line 231]
Event: 13.148 Thread 0x00007fda745ad000 Exception <a 'java/io/FileNotFoundException'{0x00000000f1401300}> (0x00000000f1401300) thrown at [./src/hotspot/share/prims/jni.cpp, line 615]

Events (20 events):
Event: 14.859 loading class sun/text/normalizer/Trie2$1 done
Event: 14.859 loading class sun/text/normalizer/Trie2$UTrie2Header
Event: 14.859 loading class sun/text/normalizer/Trie2$UTrie2Header done
Event: 14.881 loading class sun/text/normalizer/UTF16
Event: 14.882 loading class sun/text/normalizer/UTF16 done
Event: 15.001 loading class org/apache/pdfbox/pdmodel/PDPage$1
Event: 15.001 loading class org/apache/pdfbox/pdmodel/PDPage$1 done
Event: 15.001 loading class org/apache/pdfbox/pdmodel/interactive/action/PDPageAdditionalActions
Event: 15.001 loading class org/apache/pdfbox/pdmodel/interactive/action/PDPageAdditionalActions done
Event: 15.113 Executing VM operation: GenCollectForAllocation
Event: 15.206 Executing VM operation: GenCollectForAllocation done
Event: 15.636 Executing VM operation: GenCollectForAllocation
Event: 15.644 Executing VM operation: GenCollectForAllocation done
Event: 15.646 Executing VM operation: GenCollectFull
Event: 15.763 Executing VM operation: GenCollectFull done
Event: 16.176 Executing VM operation: GenCollectForAllocation
Event: 16.181 Executing VM operation: GenCollectForAllocation done
Event: 16.184 Executing VM operation: GenCollectFull
Event: 16.240 Executing VM operation: GenCollectFull done
Event: 17.104 Executing VM operation: GenCollectForAllocation


Dynamic libraries:
f0800000-f4610000 rw-p 00000000 00:00 0 
f4610000-f5aa0000 ---p 00000000 00:00 0 
f5aa0000-fe737000 rw-p 00000000 00:00 0 
800000000-800002000 rwxp 00001000 fc:01 1548346                          /usr/lib/jvm/java-11-openjdk-amd64/lib/server/classes.jsa
800002000-8003b9000 rw-p 00003000 fc:01 1548346                          /usr/lib/jvm/java-11-openjdk-amd64/lib/server/classes.jsa
8003b9000-800a81000 r--p 003ba000 fc:01 1548346                          /usr/lib/jvm/java-11-openjdk-amd64/lib/server/classes.jsa
800a81000-800a82000 rw-p 00a82000 fc:01 1548346                          /usr/lib/jvm/java-11-openjdk-amd64/lib/server/classes.jsa
800a82000-80108f000 r--p 00a83000 fc:01 1548346                          /usr/lib/jvm/java-11-openjdk-amd64/lib/server/classes.jsa
840000000-8402c0000 rw-p 00000000 00:00 0 
8402c0000-880000000 ---p 00000000 00:00 0 
55606a71f000-55606a720000 r-xp 00000000 fc:01 1036267                    /usr/lib/jvm/java-11-openjdk-amd64/bin/java
55606a920000-55606a921000 r--p 00001000 fc:01 1036267                    /usr/lib/jvm/java-11-openjdk-amd64/bin/java
55606a921000-55606a922000 rw-p 00002000 fc:01 1036267                    /usr/lib/jvm/java-11-openjdk-amd64/bin/java
55606c43c000-55606c484000 rw-p 00000000 00:00 0                          [heap]
7fda3c000000-7fda3c5ab000 rw-p 00000000 00:00 0 
7fda3c5ab000-7fda40000000 ---p 00000000 00:00 0 
7fda40000000-7fda40021000 rw-p 00000000 00:00 0 
7fda40021000-7fda44000000 ---p 00000000 00:00 0 
7fda44000000-7fda44021000 rw-p 00000000 00:00 0 
7fda44021000-7fda48000000 ---p 00000000 00:00 0 
7fda48000000-7fda4932e000 rw-p 00000000 00:00 0 
7fda4932e000-7fda4c000000 ---p 00000000 00:00 0 
7fda4c000000-7fda4c040000 rw-p 00000000 00:00 0 
7fda4c040000-7fda50000000 ---p 00000000 00:00 0 
7fda50000000-7fda500a6000 rw-p 00000000 00:00 0 
7fda500a6000-7fda54000000 ---p 00000000 00:00 0 
7fda54000000-7fda542c5000 rw-p 00000000 00:00 0 
7fda542c5000-7fda58000000 ---p 00000000 00:00 0 
7fda585f3000-7fda587b3000 rw-p 00000000 00:00 0 
7fda587b3000-7fda587f3000 ---p 00000000 00:00 0 
7fda587f3000-7fda587f7000 ---p 00000000 00:00 0 
7fda587f7000-7fda588f4000 rw-p 00000000 00:00 0 
7fda588f4000-7fda58946000 r-xp 00000000 fc:01 69369                      /usr/lib/x86_64-linux-gnu/liblcms2.so.2.0.8
7fda58946000-7fda58b46000 ---p 00052000 fc:01 69369                      /usr/lib/x86_64-linux-gnu/liblcms2.so.2.0.8
7fda58b46000-7fda58b48000 r--p 00052000 fc:01 69369                      /usr/lib/x86_64-linux-gnu/liblcms2.so.2.0.8
7fda58b48000-7fda58b4b000 rw-p 00054000 fc:01 69369                      /usr/lib/x86_64-linux-gnu/liblcms2.so.2.0.8
7fda58b4b000-7fda58b4c000 rw-p 00000000 00:00 0 
7fda58b4c000-7fda58b50000 r-xp 00000000 fc:01 1548325                    /usr/lib/jvm/java-11-openjdk-amd64/lib/liblcms.so
7fda58b50000-7fda58d4f000 ---p 00004000 fc:01 1548325                    /usr/lib/jvm/java-11-openjdk-amd64/lib/liblcms.so
7fda58d4f000-7fda58d50000 r--p 00003000 fc:01 1548325                    /usr/lib/jvm/java-11-openjdk-amd64/lib/liblcms.so
7fda58d50000-7fda58d51000 rw-p 00004000 fc:01 1548325                    /usr/lib/jvm/java-11-openjdk-amd64/lib/liblcms.so
7fda58d51000-7fda58d59000 r-xp 00000000 fc:01 1548308                    /usr/lib/jvm/java-11-openjdk-amd64/lib/libawt_headless.so
7fda58d59000-7fda58f58000 ---p 00008000 fc:01 1548308                    /usr/lib/jvm/java-11-openjdk-amd64/lib/libawt_headless.so
7fda58f58000-7fda58f59000 r--p 00007000 fc:01 1548308                    /usr/lib/jvm/java-11-openjdk-amd64/lib/libawt_headless.so
7fda58f59000-7fda58f5a000 rw-p 00008000 fc:01 1548308                    /usr/lib/jvm/java-11-openjdk-amd64/lib/libawt_headless.so
7fda58f5a000-7fda58ff8000 r-xp 00000000 fc:01 1548307                    /usr/lib/jvm/java-11-openjdk-amd64/lib/libawt.so
7fda58ff8000-7fda591f8000 ---p 0009e000 fc:01 1548307                    /usr/lib/jvm/java-11-openjdk-amd64/lib/libawt.so
7fda591f8000-7fda591f9000 r--p 0009e000 fc:01 1548307                    /usr/lib/jvm/java-11-openjdk-amd64/lib/libawt.so
7fda591f9000-7fda59204000 rw-p 0009f000 fc:01 1548307                    /usr/lib/jvm/java-11-openjdk-amd64/lib/libawt.so
7fda59204000-7fda59429000 rw-p 00000000 00:00 0 
7fda59429000-7fda5942d000 ---p 00000000 00:00 0 
7fda5942d000-7fda5972a000 rw-p 00000000 00:00 0 
7fda5972a000-7fda5972c000 r-xp 00000000 fc:01 1548311                    /usr/lib/jvm/java-11-openjdk-amd64/lib/libextnet.so
7fda5972c000-7fda5992b000 ---p 00002000 fc:01 1548311                    /usr/lib/jvm/java-11-openjdk-amd64/lib/libextnet.so
7fda5992b000-7fda5992c000 r--p 00001000 fc:01 1548311                    /usr/lib/jvm/java-11-openjdk-amd64/lib/libextnet.so
7fda5992c000-7fda5992d000 rw-p 00002000 fc:01 1548311                    /usr/lib/jvm/java-11-openjdk-amd64/lib/libextnet.so
7fda5992d000-7fda59931000 ---p 00000000 00:00 0 
7fda59931000-7fda59a2e000 rw-p 00000000 00:00 0 
7fda59a2e000-7fda59a32000 ---p 00000000 00:00 0 
7fda59a32000-7fda59b2f000 rw-p 00000000 00:00 0 
7fda59b2f000-7fda59b33000 ---p 00000000 00:00 0 
7fda59b33000-7fda59c30000 rw-p 00000000 00:00 0 
7fda59c30000-7fda59c34000 ---p 00000000 00:00 0 
7fda59c34000-7fda59d31000 rw-p 00000000 00:00 0 
7fda59d31000-7fda59d35000 ---p 00000000 00:00 0 
7fda59d35000-7fda59e32000 rw-p 00000000 00:00 0 
7fda59e32000-7fda59e36000 ---p 00000000 00:00 0 
7fda59e36000-7fda59f33000 rw-p 00000000 00:00 0 
7fda59f33000-7fda59f37000 ---p 00000000 00:00 0 
7fda59f37000-7fda5a034000 rw-p 00000000 00:00 0 
7fda5a034000-7fda5a038000 ---p 00000000 00:00 0 
7fda5a038000-7fda5a135000 rw-p 00000000 00:00 0 
7fda5a135000-7fda5a13a000 r-xp 00000000 fc:01 1548328                    /usr/lib/jvm/java-11-openjdk-amd64/lib/libmanagement_ext.so
7fda5a13a000-7fda5a339000 ---p 00005000 fc:01 1548328                    /usr/lib/jvm/java-11-openjdk-amd64/lib/libmanagement_ext.so
7fda5a339000-7fda5a33a000 r--p 00004000 fc:01 1548328                    /usr/lib/jvm/java-11-openjdk-amd64/lib/libmanagement_ext.so
7fda5a33a000-7fda5a33b000 rw-p 00005000 fc:01 1548328                    /usr/lib/jvm/java-11-openjdk-amd64/lib/libmanagement_ext.so
7fda5a33b000-7fda5a33f000 r-xp 00000000 fc:01 1548326                    /usr/lib/jvm/java-11-openjdk-amd64/lib/libmanagement.so
7fda5a33f000-7fda5a53e000 ---p 00004000 fc:01 1548326                    /usr/lib/jvm/java-11-openjdk-amd64/lib/libmanagement.so
7fda5a53e000-7fda5a53f000 r--p 00003000 fc:01 1548326                    /usr/lib/jvm/java-11-openjdk-amd64/lib/libmanagement.so
7fda5a53f000-7fda5a540000 rw-p 00004000 fc:01 1548326                    /usr/lib/jvm/java-11-openjdk-amd64/lib/libmanagement.so
7fda5a540000-7fda5a740000 rw-p 00000000 00:00 0 
7fda5a740000-7fda5a940000 rw-p 00000000 00:00 0 
7fda5a940000-7fda5a96a000 r-xp 00000000 fc:01 1548336                    /usr/lib/jvm/java-11-openjdk-amd64/lib/libsunec.so
7fda5a96a000-7fda5ab69000 ---p 0002a000 fc:01 1548336                    /usr/lib/jvm/java-11-openjdk-amd64/lib/libsunec.so
7fda5ab69000-7fda5ab6d000 r--p 00029000 fc:01 1548336                    /usr/lib/jvm/java-11-openjdk-amd64/lib/libsunec.so
7fda5ab6d000-7fda5ab6f000 rw-p 0002d000 fc:01 1548336                    /usr/lib/jvm/java-11-openjdk-amd64/lib/libsunec.so
7fda5ab6f000-7fda5ad6f000 rw-p 00000000 00:00 0 
7fda5ad6f000-7fda5ada0000 rw-p 00000000 00:00 0 
7fda5ada0000-7fda5adb6000 r-xp 00000000 fc:01 1548330                    /usr/lib/jvm/java-11-openjdk-amd64/lib/libnet.so
7fda5adb6000-7fda5afb5000 ---p 00016000 fc:01 1548330                    /usr/lib/jvm/java-11-openjdk-amd64/lib/libnet.so
7fda5afb5000-7fda5afb6000 r--p 00015000 fc:01 1548330                    /usr/lib/jvm/java-11-openjdk-amd64/lib/libnet.so
7fda5afb6000-7fda5afb7000 rw-p 00016000 fc:01 1548330                    /usr/lib/jvm/java-11-openjdk-amd64/lib/libnet.so
7fda5afb7000-7fda5afc7000 r-xp 00000000 fc:01 1548331                    /usr/lib/jvm/java-11-openjdk-amd64/lib/libnio.so
7fda5afc7000-7fda5b1c6000 ---p 00010000 fc:01 1548331                    /usr/lib/jvm/java-11-openjdk-amd64/lib/libnio.so
7fda5b1c6000-7fda5b1c7000 r--p 0000f000 fc:01 1548331                    /usr/lib/jvm/java-11-openjdk-amd64/lib/libnio.so
7fda5b1c7000-7fda5b1c8000 rw-p 00010000 fc:01 1548331                    /usr/lib/jvm/java-11-openjdk-amd64/lib/libnio.so
7fda5b1c8000-7fda5b1cc000 ---p 00000000 00:00 0 
7fda5b1cc000-7fda5b2c9000 rw-p 00000000 00:00 0 
7fda5b2c9000-7fda5b2ca000 ---p 00000000 00:00 0 
7fda5b2ca000-7fda5b3cb000 rw-p 00000000 00:00 0 
7fda5b3cb000-7fda5b3cf000 ---p 00000000 00:00 0 
7fda5b3cf000-7fda5b4cc000 rw-p 00000000 00:00 0 
7fda5b4cc000-7fda5b4d0000 ---p 00000000 00:00 0 
7fda5b4d0000-7fda5b5cd000 rw-p 00000000 00:00 0 
7fda5b5cd000-7fda5b5d1000 ---p 00000000 00:00 0 
7fda5b5d1000-7fda5b6ce000 rw-p 00000000 00:00 0 
7fda5b6ce000-7fda5b6d2000 ---p 00000000 00:00 0 
7fda5b6d2000-7fda5b7cf000 rw-p 00000000 00:00 0 
7fda5b7cf000-7fda5b7d3000 ---p 00000000 00:00 0 
7fda5b7d3000-7fda5b8d0000 rw-p 00000000 00:00 0 
7fda5b8d0000-7fda5b901000 r--p 00000000 fc:01 28813                      /usr/lib/locale/C.UTF-8/LC_CTYPE
7fda5b901000-7fda5ba74000 r--p 00000000 fc:01 28812                      /usr/lib/locale/C.UTF-8/LC_COLLATE
7fda5ba74000-7fda5bc0f000 r--p 00000000 fc:01 4118                       /usr/lib/locale/locale-archive
7fda5bc0f000-7fda5bc13000 ---p 00000000 00:00 0 
7fda5bc13000-7fda5bd10000 rw-p 00000000 00:00 0 
7fda5bd10000-7fda5bd14000 ---p 00000000 00:00 0 
7fda5bd14000-7fda5be11000 rw-p 00000000 00:00 0 
7fda5be11000-7fda5be12000 ---p 00000000 00:00 0 
7fda5be12000-7fda5c817000 rw-p 00000000 00:00 0 
7fda5c817000-7fda5c81c000 rw-p 00000000 00:00 0 
7fda5c81c000-7fda5c902000 ---p 00000000 00:00 0 
7fda5c902000-7fda5cb72000 rwxp 00000000 00:00 0 
7fda5cb72000-7fda5ce91000 ---p 00000000 00:00 0 
7fda5ce91000-7fda5d4c1000 rwxp 00000000 00:00 0 
7fda5d4c1000-7fda643c9000 ---p 00000000 00:00 0 
7fda643c9000-7fda64639000 rwxp 00000000 00:00 0 
7fda64639000-7fda6b902000 ---p 00000000 00:00 0 
7fda6b902000-7fda74000000 r--s 00000000 fc:01 1548340                    /usr/lib/jvm/java-11-openjdk-amd64/lib/modules
7fda74000000-7fda7464e000 rw-p 00000000 00:00 0 
7fda7464e000-7fda78000000 ---p 00000000 00:00 0 
7fda7800a000-7fda78059000 rw-p 00000000 00:00 0 
7fda78059000-7fda78137000 ---p 00000000 00:00 0 
7fda78137000-7fda7813e000 r-xp 00000000 fc:01 1548339                    /usr/lib/jvm/java-11-openjdk-amd64/lib/libzip.so
7fda7813e000-7fda7833d000 ---p 00007000 fc:01 1548339                    /usr/lib/jvm/java-11-openjdk-amd64/lib/libzip.so
7fda7833d000-7fda7833e000 r--p 00006000 fc:01 1548339                    /usr/lib/jvm/java-11-openjdk-amd64/lib/libzip.so
7fda7833e000-7fda7833f000 rw-p 00007000 fc:01 1548339                    /usr/lib/jvm/java-11-openjdk-amd64/lib/libzip.so
7fda7833f000-7fda7834a000 r-xp 00000000 fc:01 12716                      /lib/x86_64-linux-gnu/libnss_files-2.27.so
7fda7834a000-7fda78549000 ---p 0000b000 fc:01 12716                      /lib/x86_64-linux-gnu/libnss_files-2.27.so
7fda78549000-7fda7854a000 r--p 0000a000 fc:01 12716                      /lib/x86_64-linux-gnu/libnss_files-2.27.so
7fda7854a000-7fda7854b000 rw-p 0000b000 fc:01 12716                      /lib/x86_64-linux-gnu/libnss_files-2.27.so
7fda7854b000-7fda78551000 rw-p 00000000 00:00 0 
7fda78551000-7fda78568000 r-xp 00000000 fc:01 12713                      /lib/x86_64-linux-gnu/libnsl-2.27.so
7fda78568000-7fda78767000 ---p 00017000 fc:01 12713                      /lib/x86_64-linux-gnu/libnsl-2.27.so
7fda78767000-7fda78768000 r--p 00016000 fc:01 12713                      /lib/x86_64-linux-gnu/libnsl-2.27.so
7fda78768000-7fda78769000 rw-p 00017000 fc:01 12713                      /lib/x86_64-linux-gnu/libnsl-2.27.so
7fda78769000-7fda7876b000 rw-p 00000000 00:00 0 
7fda7876b000-7fda78776000 r-xp 00000000 fc:01 12718                      /lib/x86_64-linux-gnu/libnss_nis-2.27.so
7fda78776000-7fda78975000 ---p 0000b000 fc:01 12718                      /lib/x86_64-linux-gnu/libnss_nis-2.27.so
7fda78975000-7fda78976000 r--p 0000a000 fc:01 12718                      /lib/x86_64-linux-gnu/libnss_nis-2.27.so
7fda78976000-7fda78977000 rw-p 0000b000 fc:01 12718                      /lib/x86_64-linux-gnu/libnss_nis-2.27.so
7fda78977000-7fda7897f000 r-xp 00000000 fc:01 12714                      /lib/x86_64-linux-gnu/libnss_compat-2.27.so
7fda7897f000-7fda78b7f000 ---p 00008000 fc:01 12714                      /lib/x86_64-linux-gnu/libnss_compat-2.27.so
7fda78b7f000-7fda78b80000 r--p 00008000 fc:01 12714                      /lib/x86_64-linux-gnu/libnss_compat-2.27.so
7fda78b80000-7fda78b81000 rw-p 00009000 fc:01 12714                      /lib/x86_64-linux-gnu/libnss_compat-2.27.so
7fda78b81000-7fda78b86000 r-xp 00000000 fc:01 1548322                    /usr/lib/jvm/java-11-openjdk-amd64/lib/libjimage.so
7fda78b86000-7fda78d85000 ---p 00005000 fc:01 1548322                    /usr/lib/jvm/java-11-openjdk-amd64/lib/libjimage.so
7fda78d85000-7fda78d86000 r--p 00004000 fc:01 1548322                    /usr/lib/jvm/java-11-openjdk-amd64/lib/libjimage.so
7fda78d86000-7fda78d87000 rw-p 00005000 fc:01 1548322                    /usr/lib/jvm/java-11-openjdk-amd64/lib/libjimage.so
7fda78d87000-7fda78db0000 r-xp 00000000 fc:01 1548318                    /usr/lib/jvm/java-11-openjdk-amd64/lib/libjava.so
7fda78db0000-7fda78fb0000 ---p 00029000 fc:01 1548318                    /usr/lib/jvm/java-11-openjdk-amd64/lib/libjava.so
7fda78fb0000-7fda78fb1000 r--p 00029000 fc:01 1548318                    /usr/lib/jvm/java-11-openjdk-amd64/lib/libjava.so
7fda78fb1000-7fda78fb2000 rw-p 0002a000 fc:01 1548318                    /usr/lib/jvm/java-11-openjdk-amd64/lib/libjava.so
7fda78fb2000-7fda78fb3000 rw-p 00000000 00:00 0 
7fda78fb3000-7fda78fc0000 r-xp 00000000 fc:01 1548338                    /usr/lib/jvm/java-11-openjdk-amd64/lib/libverify.so
7fda78fc0000-7fda791bf000 ---p 0000d000 fc:01 1548338                    /usr/lib/jvm/java-11-openjdk-amd64/lib/libverify.so
7fda791bf000-7fda791c1000 r--p 0000c000 fc:01 1548338                    /usr/lib/jvm/java-11-openjdk-amd64/lib/libverify.so
7fda791c1000-7fda791c2000 rw-p 0000e000 fc:01 1548338                    /usr/lib/jvm/java-11-openjdk-amd64/lib/libverify.so
7fda791c2000-7fda791c9000 r-xp 00000000 fc:01 12728                      /lib/x86_64-linux-gnu/librt-2.27.so
7fda791c9000-7fda793c8000 ---p 00007000 fc:01 12728                      /lib/x86_64-linux-gnu/librt-2.27.so
7fda793c8000-7fda793c9000 r--p 00006000 fc:01 12728                      /lib/x86_64-linux-gnu/librt-2.27.so
7fda793c9000-7fda793ca000 rw-p 00007000 fc:01 12728                      /lib/x86_64-linux-gnu/librt-2.27.so
7fda793ca000-7fda793e1000 r-xp 00000000 fc:01 89                         /lib/x86_64-linux-gnu/libgcc_s.so.1
7fda793e1000-7fda795e0000 ---p 00017000 fc:01 89                         /lib/x86_64-linux-gnu/libgcc_s.so.1
7fda795e0000-7fda795e1000 r--p 00016000 fc:01 89                         /lib/x86_64-linux-gnu/libgcc_s.so.1
7fda795e1000-7fda795e2000 rw-p 00017000 fc:01 89                         /lib/x86_64-linux-gnu/libgcc_s.so.1
7fda795e2000-7fda7977f000 r-xp 00000000 fc:01 12710                      /lib/x86_64-linux-gnu/libm-2.27.so
7fda7977f000-7fda7997e000 ---p 0019d000 fc:01 12710                      /lib/x86_64-linux-gnu/libm-2.27.so
7fda7997e000-7fda7997f000 r--p 0019c000 fc:01 12710                      /lib/x86_64-linux-gnu/libm-2.27.so
7fda7997f000-7fda79980000 rw-p 0019d000 fc:01 12710                      /lib/x86_64-linux-gnu/libm-2.27.so
7fda79980000-7fda79af9000 r-xp 00000000 fc:01 104                        /usr/lib/x86_64-linux-gnu/libstdc++.so.6.0.25
7fda79af9000-7fda79cf9000 ---p 00179000 fc:01 104                        /usr/lib/x86_64-linux-gnu/libstdc++.so.6.0.25
7fda79cf9000-7fda79d03000 r--p 00179000 fc:01 104                        /usr/lib/x86_64-linux-gnu/libstdc++.so.6.0.25
7fda79d03000-7fda79d05000 rw-p 00183000 fc:01 104                        /usr/lib/x86_64-linux-gnu/libstdc++.so.6.0.25
7fda79d05000-7fda79d09000 rw-p 00000000 00:00 0 
7fda79d09000-7fda7ade7000 r-xp 00000000 fc:01 1548343                    /usr/lib/jvm/java-11-openjdk-amd64/lib/server/libjvm.so
7fda7ade7000-7fda7afe6000 ---p 010de000 fc:01 1548343                    /usr/lib/jvm/java-11-openjdk-amd64/lib/server/libjvm.so
7fda7afe6000-7fda7b0a3000 r--p 010dd000 fc:01 1548343                    /usr/lib/jvm/java-11-openjdk-amd64/lib/server/libjvm.so
7fda7b0a3000-7fda7b0dc000 rw-p 0119a000 fc:01 1548343                    /usr/lib/jvm/java-11-openjdk-amd64/lib/server/libjvm.so
7fda7b0dc000-7fda7b133000 rw-p 00000000 00:00 0 
7fda7b133000-7fda7b14d000 r-xp 00000000 fc:01 12726                      /lib/x86_64-linux-gnu/libpthread-2.27.so
7fda7b14d000-7fda7b34c000 ---p 0001a000 fc:01 12726                      /lib/x86_64-linux-gnu/libpthread-2.27.so
7fda7b34c000-7fda7b34d000 r--p 00019000 fc:01 12726                      /lib/x86_64-linux-gnu/libpthread-2.27.so
7fda7b34d000-7fda7b34e000 rw-p 0001a000 fc:01 12726                      /lib/x86_64-linux-gnu/libpthread-2.27.so
7fda7b34e000-7fda7b352000 rw-p 00000000 00:00 0 
7fda7b352000-7fda7b355000 r-xp 00000000 fc:01 12709                      /lib/x86_64-linux-gnu/libdl-2.27.so
7fda7b355000-7fda7b554000 ---p 00003000 fc:01 12709                      /lib/x86_64-linux-gnu/libdl-2.27.so
7fda7b554000-7fda7b555000 r--p 00002000 fc:01 12709                      /lib/x86_64-linux-gnu/libdl-2.27.so
7fda7b555000-7fda7b556000 rw-p 00003000 fc:01 12709                      /lib/x86_64-linux-gnu/libdl-2.27.so
7fda7b556000-7fda7b572000 r-xp 00000000 fc:01 2183                       /lib/x86_64-linux-gnu/libz.so.1.2.11
7fda7b572000-7fda7b771000 ---p 0001c000 fc:01 2183                       /lib/x86_64-linux-gnu/libz.so.1.2.11
7fda7b771000-7fda7b772000 r--p 0001b000 fc:01 2183                       /lib/x86_64-linux-gnu/libz.so.1.2.11
7fda7b772000-7fda7b773000 rw-p 0001c000 fc:01 2183                       /lib/x86_64-linux-gnu/libz.so.1.2.11
7fda7b773000-7fda7b95a000 r-xp 00000000 fc:01 12706                      /lib/x86_64-linux-gnu/libc-2.27.so
7fda7b95a000-7fda7bb5a000 ---p 001e7000 fc:01 12706                      /lib/x86_64-linux-gnu/libc-2.27.so
7fda7bb5a000-7fda7bb5e000 r--p 001e7000 fc:01 12706                      /lib/x86_64-linux-gnu/libc-2.27.so
7fda7bb5e000-7fda7bb60000 rw-p 001eb000 fc:01 12706                      /lib/x86_64-linux-gnu/libc-2.27.so
7fda7bb60000-7fda7bb64000 rw-p 00000000 00:00 0 
7fda7bb64000-7fda7bb74000 r-xp 00000000 fc:01 1548302                    /usr/lib/jvm/java-11-openjdk-amd64/lib/jli/libjli.so
7fda7bb74000-7fda7bd73000 ---p 00010000 fc:01 1548302                    /usr/lib/jvm/java-11-openjdk-amd64/lib/jli/libjli.so
7fda7bd73000-7fda7bd74000 r--p 0000f000 fc:01 1548302                    /usr/lib/jvm/java-11-openjdk-amd64/lib/jli/libjli.so
7fda7bd74000-7fda7bd75000 rw-p 00010000 fc:01 1548302                    /usr/lib/jvm/java-11-openjdk-amd64/lib/jli/libjli.so
7fda7bd75000-7fda7bd9c000 r-xp 00000000 fc:01 12678                      /lib/x86_64-linux-gnu/ld-2.27.so
7fda7bd9d000-7fda7bd9e000 r--p 00000000 00:00 0 
7fda7bd9e000-7fda7bd9f000 r--p 00000000 fc:01 28843                      /usr/lib/locale/C.UTF-8/LC_NUMERIC
7fda7bd9f000-7fda7bda0000 r--p 00000000 fc:01 28846                      /usr/lib/locale/C.UTF-8/LC_TIME
7fda7bda0000-7fda7bda1000 r--p 00000000 fc:01 28839                      /usr/lib/locale/C.UTF-8/LC_MONETARY
7fda7bda1000-7fda7bda2000 r--p 00000000 fc:01 28833                      /usr/lib/locale/C.UTF-8/LC_MESSAGES/SYS_LC_MESSAGES
7fda7bda2000-7fda7bda3000 r--p 00000000 fc:01 28844                      /usr/lib/locale/C.UTF-8/LC_PAPER
7fda7bda3000-7fda7bda4000 r--p 00000000 fc:01 28841                      /usr/lib/locale/C.UTF-8/LC_NAME
7fda7bda4000-7fda7bda5000 r--p 00000000 fc:01 28811                      /usr/lib/locale/C.UTF-8/LC_ADDRESS
7fda7bda5000-7fda7bda6000 r--p 00000000 fc:01 28845                      /usr/lib/locale/C.UTF-8/LC_TELEPHONE
7fda7bda6000-7fda7bda7000 r--p 00000000 fc:01 28819                      /usr/lib/locale/C.UTF-8/LC_MEASUREMENT
7fda7bda7000-7fda7bdae000 r--s 00000000 fc:01 26096                      /usr/lib/x86_64-linux-gnu/gconv/gconv-modules.cache
7fda7bdae000-7fda7bdaf000 r--p 00000000 fc:01 28818                      /usr/lib/locale/C.UTF-8/LC_IDENTIFICATION
7fda7bdaf000-7fda7bdf6000 rw-p 00000000 00:00 0 
7fda7bdf6000-7fda7be02000 ---p 00000000 00:00 0 
7fda7be02000-7fda7be22000 rw-p 00000000 00:00 0 
7fda7be22000-7fda7be2b000 ---p 00000000 00:00 0 
7fda7be2b000-7fda7be72000 rw-p 00000000 00:00 0 
7fda7be72000-7fda7be7e000 ---p 00000000 00:00 0 
7fda7be7e000-7fda7be84000 rw-p 00000000 00:00 0 
7fda7be84000-7fda7be8b000 ---p 00000000 00:00 0 
7fda7be8b000-7fda7be8d000 r--s 00007000 fc:01 25405                      /usr/share/java/java-atk-wrapper.jar
7fda7be8d000-7fda7be91000 ---p 00000000 00:00 0 
7fda7be91000-7fda7bf90000 rw-p 00000000 00:00 0 
7fda7bf90000-7fda7bf98000 rw-s 00000000 fc:01 1296192                    /tmp/hsperfdata_root/16270
7fda7bf98000-7fda7bf99000 ---p 00000000 00:00 0 
7fda7bf99000-7fda7bf9a000 r--p 00000000 00:00 0 
7fda7bf9a000-7fda7bf9c000 rw-p 00000000 00:00 0 
7fda7bf9c000-7fda7bf9d000 r--p 00027000 fc:01 12678                      /lib/x86_64-linux-gnu/ld-2.27.so
7fda7bf9d000-7fda7bf9e000 rw-p 00028000 fc:01 12678                      /lib/x86_64-linux-gnu/ld-2.27.so
7fda7bf9e000-7fda7bf9f000 rw-p 00000000 00:00 0 
7ffd5179e000-7ffd517bf000 rw-p 00000000 00:00 0                          [stack]
7ffd517dc000-7ffd517df000 r--p 00000000 00:00 0                          [vvar]
7ffd517df000-7ffd517e1000 r-xp 00000000 00:00 0                          [vdso]
ffffffffff600000-ffffffffff601000 r-xp 00000000 00:00 0                  [vsyscall]


VM Arguments:
java_command: org.apache.tika.server.TikaServerCli --port 9998 --host localhost
java_class_path (initial): /tmp/tika-server.jar
Launcher Type: SUN_STANDARD

[Global flags]
     intx CICompilerCount                          = 2                                         {product} {ergonomic}
   size_t InitialHeapSize                          = 16777216                                  {product} {ergonomic}
   size_t MaxHeapSize                              = 260046848                                 {product} {ergonomic}
   size_t MaxNewSize                               = 86638592                                  {product} {ergonomic}
   size_t MinHeapDeltaBytes                        = 196608                                    {product} {ergonomic}
   size_t NewSize                                  = 5570560                                   {product} {ergonomic}
    uintx NonNMethodCodeHeapSize                   = 5825164                                {pd product} {ergonomic}
    uintx NonProfiledCodeHeapSize                  = 122916538                              {pd product} {ergonomic}
   size_t OldSize                                  = 11206656                                  {product} {ergonomic}
    uintx ProfiledCodeHeapSize                     = 122916538                              {pd product} {ergonomic}
    uintx ReservedCodeCacheSize                    = 251658240                              {pd product} {ergonomic}
     bool SegmentedCodeCache                       = true                                      {product} {ergonomic}
     bool UseCompressedClassPointers               = true                                 {lp64_product} {ergonomic}
     bool UseCompressedOops                        = true                                 {lp64_product} {ergonomic}
     bool UseSerialGC                              = true                                      {product} {ergonomic}

Logging:
Log output configuration:
 #0: stdout all=warning uptime,level,tags
 #1: stderr all=off uptime,level,tags

Environment Variables:
PATH=/usr/bin:/bin
SHELL=/bin/sh
LANG=C.UTF-8

Signal Handlers:
SIGSEGV: [libjvm.so+0xdf9610], sa_mask[0]=11111111011111111101111111111110, sa_flags=SA_RESTART|SA_SIGINFO
SIGBUS: [libjvm.so+0xdf9610], sa_mask[0]=11111111011111111101111111111110, sa_flags=SA_RESTART|SA_SIGINFO
SIGFPE: [libjvm.so+0xdf9610], sa_mask[0]=11111111011111111101111111111110, sa_flags=SA_RESTART|SA_SIGINFO
SIGPIPE: [libjvm.so+0xbcc360], sa_mask[0]=11111111011111111101111111111110, sa_flags=SA_RESTART|SA_SIGINFO
SIGXFSZ: [libjvm.so+0xbcc360], sa_mask[0]=11111111011111111101111111111110, sa_flags=SA_RESTART|SA_SIGINFO
SIGILL: [libjvm.so+0xdf9610], sa_mask[0]=11111111011111111101111111111110, sa_flags=SA_RESTART|SA_SIGINFO
SIGUSR2: [libjvm.so+0xbcc200], sa_mask[0]=00000000000000000000000000000000, sa_flags=SA_RESTART|SA_SIGINFO
SIGHUP: [libjvm.so+0xbcc560], sa_mask[0]=11111111011111111101111111111110, sa_flags=SA_RESTART|SA_SIGINFO
SIGINT: SIG_IGN, sa_mask[0]=00000000000000000000000000000000, sa_flags=none
SIGTERM: [libjvm.so+0xbcc560], sa_mask[0]=11111111011111111101111111111110, sa_flags=SA_RESTART|SA_SIGINFO
SIGQUIT: [libjvm.so+0xbcc560], sa_mask[0]=11111111011111111101111111111110, sa_flags=SA_RESTART|SA_SIGINFO


---------------  S Y S T E M  ---------------

OS:DISTRIB_ID=Ubuntu
DISTRIB_RELEASE=18.04
DISTRIB_CODENAME=bionic
DISTRIB_DESCRIPTION="Ubuntu 18.04.4 LTS"
uname:Linux 4.15.0-112-generic #113-Ubuntu SMP Thu Jul 9 23:41:39 UTC 2020 x86_64
OS uptime: 41 days 8:10 hours
libc:glibc 2.27 NPTL 2.27 
rlimit (soft/hard): STACK 8192k/infinity , CORE 0k/infinity , NPROC 3838/3838 , NOFILE 1048576/1048576 , AS infinity/infinity , CPU infinity/infinity , DATA infinity/infinity , FSIZE infinity/infinity , MEMLOCK 16384k/16384k
load average:4.97 2.57 1.04

/proc/meminfo:
MemTotal:        1008832 kB
MemFree:           64536 kB
MemAvailable:       4908 kB
Buffers:             192 kB
Cached:             1828 kB
SwapCached:            0 kB
Active:           859744 kB
Inactive:           1012 kB
Active(anon):     859092 kB
Inactive(anon):      216 kB
Active(file):        652 kB
Inactive(file):      796 kB
Unevictable:           0 kB
Mlocked:               0 kB
SwapTotal:             0 kB
SwapFree:              0 kB
Dirty:                36 kB
Writeback:             0 kB
AnonPages:        858728 kB
Mapped:              968 kB
Shmem:               580 kB
Slab:              51816 kB
SReclaimable:      21964 kB
SUnreclaim:        29852 kB
KernelStack:        2432 kB
PageTables:        10496 kB
NFS_Unstable:          0 kB
Bounce:                0 kB
WritebackTmp:          0 kB
CommitLimit:      504416 kB
Committed_AS:    1098812 kB
VmallocTotal:   34359738367 kB
VmallocUsed:           0 kB
VmallocChunk:          0 kB
HardwareCorrupted:     0 kB
AnonHugePages:         0 kB
ShmemHugePages:        0 kB
ShmemPmdMapped:        0 kB
CmaTotal:              0 kB
CmaFree:               0 kB
HugePages_Total:       0
HugePages_Free:        0
HugePages_Rsvd:        0
HugePages_Surp:        0
Hugepagesize:       2048 kB
DirectMap4k:      217068 kB
DirectMap2M:      831488 kB

/sys/kernel/mm/transparent_hugepage/enabled:
always [madvise] never

/sys/kernel/mm/transparent_hugepage/defrag (defrag/compaction efforts parameter):
always defer defer+madvise [madvise] never


/proc/sys/kernel/threads-max (system-wide limit on the number of threads):
7677


/proc/sys/vm/max_map_count (maximum number of memory map areas a process may have):
65530


/proc/sys/kernel/pid_max (system-wide limit on number of process identifiers):
32768



container (cgroup) information:
container_type: cgroupv1
cpu_cpuset_cpus: 0
cpu_memory_nodes: 0
active_processor_count: 1
cpu_quota: -1
cpu_period: 100000
cpu_shares: -1
memory_limit_in_bytes: -1
memory_and_swap_limit_in_bytes: -2
memory_soft_limit_in_bytes: -1
memory_usage_in_bytes: 848408576
memory_max_usage_in_bytes: 865095680

KVM virtualization detected
Steal ticks since vm start: 0
Steal ticks percentage since vm start:  0.000

CPU:total 1 (initial active 1) (1 cores per cpu, 1 threads per core) family 6 model 79 stepping 1, cmov, cx8, fxsr, mmx, sse, sse2, sse3, ssse3, sse4.1, sse4.2, popcnt, avx, avx2, aes, clmul, erms, 3dnowpref, lzcnt, tsc, bmi1, bmi2, adx, fma
CPU Model and flags from /proc/cpuinfo:
model name	: Intel(R) Xeon(R) CPU E5-2650 v4 @ 2.20GHz
flags		: fpu vme de pse tsc msr pae mce cx8 apic sep mtrr pge mca cmov pat pse36 clflush mmx fxsr sse sse2 ss syscall nx rdtscp lm constant_tsc arch_perfmon rep_good nopl cpuid tsc_known_freq pni pclmulqdq vmx ssse3 fma cx16 pcid sse4_1 sse4_2 x2apic movbe popcnt tsc_deadline_timer aes xsave avx f16c rdrand hypervisor lahf_lm abm 3dnowprefetch cpuid_fault invpcid_single pti ssbd ibrs ibpb tpr_shadow vnmi flexpriority ept vpid fsgsbase tsc_adjust bmi1 avx2 smep bmi2 erms invpcid rdseed adx smap xsaveopt md_clear

Memory: 4k page, physical 1008832k(64536k free), swap 0k(0k free)

vm_info: OpenJDK 64-Bit Server VM (11.0.8+10-post-Ubuntu-0ubuntu118.04.1) for linux-amd64 JRE (11.0.8+10-post-Ubuntu-0ubuntu118.04.1), built on Jul 15 2020 20:45:24 by "unknown" with gcc 7.5.0

END.
